0 info it worked if it ends with ok
1 verbose cli [
1 verbose cli   '/usr/local/bin/node',
1 verbose cli   '/usr/local/bin/npm',
1 verbose cli   'install',
1 verbose cli   '--ignore-scripts',
1 verbose cli   '@types/lodash.uniq@ts3.6',
1 verbose cli   '@types/media-typer@ts3.6',
1 verbose cli   '@types/memory-fs@ts3.6',
1 verbose cli   '@types/memorystream@ts3.6',
1 verbose cli   '@types/merge-descriptors@ts3.6',
1 verbose cli   '@types/merge-stream@ts3.6',
1 verbose cli   '@types/merge2@ts3.6',
1 verbose cli   '@types/methods@ts3.6',
1 verbose cli   '@types/micromatch@ts3.6',
1 verbose cli   '@types/mime@ts3.6',
1 verbose cli   '@types/mime-db@ts3.6',
1 verbose cli   '@types/mime-types@ts3.6',
1 verbose cli   '@types/min-indent@ts3.6',
1 verbose cli   '@types/minimalistic-assert@ts3.6',
1 verbose cli   '@types/minimist@ts3.6',
1 verbose cli   '@types/minizlib@ts3.6',
1 verbose cli   '@types/move-concurrently@ts3.6',
1 verbose cli   '@types/ms@ts3.6',
1 verbose cli   '@types/multicast-dns@ts3.6',
1 verbose cli   '@types/natural-compare@ts3.6',
1 verbose cli   '@types/negotiator@ts3.6',
1 verbose cli   '@types/neo-async@ts3.6',
1 verbose cli   '@types/next-tick@ts3.6',
1 verbose cli   '@types/nice-try@ts3.6',
1 verbose cli   '@types/node-forge@ts3.6',
1 verbose cli   '@types/node-int64@ts3.6',
1 verbose cli   '@types/node-notifier@ts3.6',
1 verbose cli   '@types/normalize-package-data@ts3.6',
1 verbose cli   '@types/normalize-path@ts3.6',
1 verbose cli   '@types/num2fraction@ts3.6',
1 verbose cli   '@types/nwsapi@ts3.6',
1 verbose cli   '@types/object-assign@ts3.6',
1 verbose cli   '@types/object-inspect@ts3.6',
1 verbose cli   '@types/object-keys@ts3.6',
1 verbose cli   '@types/object.fromentries@ts3.6',
1 verbose cli   '@types/object.getownpropertydescriptors@ts3.6',
1 verbose cli   '@types/object.pick@ts3.6',
1 verbose cli   '@types/on-finished@ts3.6',
1 verbose cli   '@types/on-headers@ts3.6',
1 verbose cli   '@types/once@ts3.6',
1 verbose cli   '@types/optimize-css-assets-webpack-plugin@ts3.6',
1 verbose cli   '@types/pako@ts3.6',
1 verbose cli   '@types/parallel-transform@ts3.6',
1 verbose cli   '@types/parse-json@ts3.6',
1 verbose cli   '@types/parseurl@ts3.6',
1 verbose cli   '@types/pascalcase@ts3.6',
1 verbose cli   '@types/path-browserify@ts3.6',
1 verbose cli   '@types/path-is-absolute@ts3.6',
1 verbose cli   '@types/path-is-inside@ts3.6',
1 verbose cli   '@types/path-parse@ts3.6',
1 verbose cli   '@types/pbkdf2@ts3.6',
1 verbose cli   '@types/picomatch@ts3.6',
1 verbose cli   '@types/pify@ts3.6',
1 verbose cli   '@types/postcss-flexbugs-fixes@ts3.6',
1 verbose cli   '@types/postcss-gap-properties@ts3.6',
1 verbose cli   '@types/postcss-modules-extract-imports@ts3.6',
1 verbose cli   '@types/postcss-modules-local-by-default@ts3.6',
1 verbose cli   '@types/postcss-modules-scope@ts3.6',
1 verbose cli   '@types/postcss-modules-values@ts3.6',
1 verbose cli   '@types/postcss-normalize@ts3.6',
1 verbose cli   '@types/postcss-safe-parser@ts3.6',
1 verbose cli   '@types/prelude-ls@ts3.6',
1 verbose cli   '@types/prettier-linter-helpers@ts3.6',
1 verbose cli   '@types/progress@ts3.6',
1 verbose cli   '@types/promise-inflight@ts3.6',
1 verbose cli   '@types/prompts@ts3.6',
1 verbose cli   '@types/prop-types@ts3.6',
1 verbose cli   '@types/proxy-addr@ts3.6',
1 verbose cli   '@types/psl@ts3.6',
1 verbose cli   '@types/pump@ts3.6',
1 verbose cli   '@types/pumpify@ts3.6',
1 verbose cli   '@types/punycode@ts3.6',
1 verbose cli   '@types/q@ts3.6',
1 verbose cli   '@types/qs@ts3.6',
1 verbose cli   '@types/querystringify@ts3.6',
1 verbose cli   '@types/raf@ts3.6',
1 verbose cli   '@types/randombytes@ts3.6',
1 verbose cli   '@types/range-parser@ts3.6',
1 verbose cli   '@types/react-dev-utils@ts3.6',
1 verbose cli   '@types/react-is@ts3.6',
1 verbose cli   '@types/react-refresh@ts3.6',
1 verbose cli   '@types/readable-stream@ts3.6',
1 verbose cli   '@types/recursive-readdir@ts3.6',
1 verbose cli   '@types/regenerate@ts3.6',
1 verbose cli   '@types/regenerator-runtime@ts3.6',
1 verbose cli   '@types/regex-not@ts3.6',
1 verbose cli   '@types/relateurl@ts3.6',
1 verbose cli   '@types/repeat-element@ts3.6',
1 verbose cli   '@types/repeat-string@ts3.6',
1 verbose cli   '@types/require-directory@ts3.6',
1 verbose cli   '@types/require-from-string@ts3.6',
1 verbose cli   '@types/requires-port@ts3.6',
1 verbose cli   '@types/resolve@ts3.6',
1 verbose cli   '@types/retry@ts3.6',
1 verbose cli   '@types/ripemd160@ts3.6',
1 verbose cli   '@types/rsvp@ts3.6',
1 verbose cli   ... 100 more items
1 verbose cli ]
2 info using npm@6.14.6
3 info using node@v12.18.3
4 verbose npm-session 55d0375189372e10
5 silly install loadCurrentTree
6 silly install readLocalPackageData
7 http fetch GET 200 https://registry.npmjs.org/@types%2flodash.uniq 225ms (from cache)
8 http fetch GET 200 https://registry.npmjs.org/@types%2fmemory-fs 236ms (from cache)
9 http fetch GET 200 https://registry.npmjs.org/@types%2fmedia-typer 238ms (from cache)
10 http fetch GET 200 https://registry.npmjs.org/@types%2fmerge-descriptors 233ms (from cache)
11 http fetch GET 200 https://registry.npmjs.org/@types%2fmemorystream 248ms (from cache)
12 http fetch GET 200 https://registry.npmjs.org/@types%2fmerge-stream 246ms (from cache)
13 http fetch GET 200 https://registry.npmjs.org/@types%2fmime 267ms (from cache)
14 http fetch GET 200 https://registry.npmjs.org/@types%2fmerge2 275ms (from cache)
15 http fetch GET 200 https://registry.npmjs.org/@types%2fmicromatch 285ms (from cache)
16 http fetch GET 200 https://registry.npmjs.org/@types%2fmethods 288ms (from cache)
17 silly pacote tag manifest for @types/media-typer@ts3.6 fetched in 318ms
18 silly pacote tag manifest for @types/merge-descriptors@ts3.6 fetched in 315ms
19 silly pacote tag manifest for @types/memory-fs@ts3.6 fetched in 320ms
20 silly pacote tag manifest for @types/lodash.uniq@ts3.6 fetched in 335ms
21 silly pacote tag manifest for @types/merge-stream@ts3.6 fetched in 319ms
22 silly pacote tag manifest for @types/memorystream@ts3.6 fetched in 324ms
23 silly pacote tag manifest for @types/mime@ts3.6 fetched in 317ms
24 silly pacote tag manifest for @types/merge2@ts3.6 fetched in 324ms
25 silly pacote tag manifest for @types/micromatch@ts3.6 fetched in 322ms
26 silly pacote tag manifest for @types/methods@ts3.6 fetched in 325ms
27 http fetch GET 200 https://registry.npmjs.org/@types%2fmime-types 135ms (from cache)
28 http fetch GET 200 https://registry.npmjs.org/@types%2fmin-indent 135ms (from cache)
29 http fetch GET 200 https://registry.npmjs.org/@types%2fmime-db 144ms (from cache)
30 http fetch GET 200 https://registry.npmjs.org/@types%2fminimalistic-assert 152ms (from cache)
31 http fetch GET 200 https://registry.npmjs.org/@types%2fminizlib 152ms (from cache)
32 http fetch GET 200 https://registry.npmjs.org/@types%2fmulticast-dns 159ms (from cache)
33 http fetch GET 200 https://registry.npmjs.org/@types%2fms 163ms (from cache)
34 http fetch GET 200 https://registry.npmjs.org/@types%2fnatural-compare 163ms (from cache)
35 http fetch GET 200 https://registry.npmjs.org/@types%2fmove-concurrently 176ms (from cache)
36 silly pacote tag manifest for @types/mime-types@ts3.6 fetched in 205ms
37 silly pacote tag manifest for @types/min-indent@ts3.6 fetched in 206ms
38 silly pacote tag manifest for @types/mime-db@ts3.6 fetched in 223ms
39 silly pacote tag manifest for @types/minimalistic-assert@ts3.6 fetched in 224ms
40 silly pacote tag manifest for @types/minizlib@ts3.6 fetched in 235ms
41 silly pacote tag manifest for @types/multicast-dns@ts3.6 fetched in 257ms
42 silly pacote tag manifest for @types/ms@ts3.6 fetched in 262ms
43 silly pacote tag manifest for @types/move-concurrently@ts3.6 fetched in 274ms
44 silly pacote tag manifest for @types/natural-compare@ts3.6 fetched in 273ms
45 http fetch GET 200 https://registry.npmjs.org/@types%2fneo-async 158ms (from cache)
46 http fetch GET 200 https://registry.npmjs.org/@types%2fnice-try 124ms (from cache)
47 http fetch GET 200 https://registry.npmjs.org/@types%2fnegotiator 170ms (from cache)
48 http fetch GET 200 https://registry.npmjs.org/@types%2fnext-tick 126ms (from cache)
49 silly registry:manifest no matching version for @types/neo-async@ts3.6 in the cache. Forcing revalidation.
50 http fetch GET 200 https://registry.npmjs.org/@types%2fnode-forge 129ms (from cache)
51 http fetch GET 200 https://registry.npmjs.org/@types%2fnode-int64 121ms (from cache)
52 http fetch GET 200 https://registry.npmjs.org/@types%2fnode-notifier 105ms (from cache)
53 http fetch GET 200 https://registry.npmjs.org/@types%2fnormalize-path 96ms (from cache)
54 silly pacote tag manifest for @types/negotiator@ts3.6 fetched in 191ms
55 silly pacote tag manifest for @types/nice-try@ts3.6 fetched in 145ms
56 silly pacote tag manifest for @types/next-tick@ts3.6 fetched in 151ms
57 silly pacote tag manifest for @types/node-forge@ts3.6 fetched in 152ms
58 silly pacote tag manifest for @types/node-notifier@ts3.6 fetched in 128ms
59 silly pacote tag manifest for @types/node-int64@ts3.6 fetched in 145ms
60 silly pacote tag manifest for @types/normalize-path@ts3.6 fetched in 137ms
61 http fetch GET 200 https://registry.npmjs.org/@types%2fnum2fraction 77ms (from cache)
62 http fetch GET 200 https://registry.npmjs.org/@types%2fnwsapi 84ms (from cache)
63 http fetch GET 200 https://registry.npmjs.org/@types%2fobject-inspect 76ms (from cache)
64 http fetch GET 200 https://registry.npmjs.org/@types%2fobject-assign 79ms (from cache)
65 http fetch GET 200 https://registry.npmjs.org/@types%2fobject.fromentries 79ms (from cache)
66 http fetch GET 200 https://registry.npmjs.org/@types%2fobject-keys 95ms (from cache)
67 silly pacote tag manifest for @types/num2fraction@ts3.6 fetched in 120ms
68 http fetch GET 200 https://registry.npmjs.org/@types%2fobject.getownpropertydescriptors 94ms (from cache)
69 silly pacote tag manifest for @types/object-inspect@ts3.6 fetched in 127ms
70 silly pacote tag manifest for @types/nwsapi@ts3.6 fetched in 139ms
71 silly pacote tag manifest for @types/object-assign@ts3.6 fetched in 139ms
72 silly pacote tag manifest for @types/object.fromentries@ts3.6 fetched in 137ms
73 silly pacote tag manifest for @types/object-keys@ts3.6 fetched in 140ms
74 http fetch GET 304 https://registry.npmjs.org/@types%2fminimist 579ms (from cache)
75 silly pacote tag manifest for @types/object.getownpropertydescriptors@ts3.6 fetched in 153ms
76 silly pacote tag manifest for @types/minimist@ts3.6 fetched in 684ms
77 http fetch GET 200 https://registry.npmjs.org/@types%2fobject.pick 177ms (from cache)
78 http fetch GET 200 https://registry.npmjs.org/@types%2fon-finished 163ms (from cache)
79 http fetch GET 200 https://registry.npmjs.org/@types%2fon-headers 162ms (from cache)
80 http fetch GET 200 https://registry.npmjs.org/@types%2fonce 164ms (from cache)
81 http fetch GET 200 https://registry.npmjs.org/@types%2foptimize-css-assets-webpack-plugin 171ms (from cache)
82 http fetch GET 200 https://registry.npmjs.org/@types%2fpako 173ms (from cache)
83 silly pacote tag manifest for @types/on-finished@ts3.6 fetched in 198ms
84 silly pacote tag manifest for @types/on-headers@ts3.6 fetched in 199ms
85 http fetch GET 200 https://registry.npmjs.org/@types%2fparallel-transform 168ms (from cache)
86 silly pacote tag manifest for @types/object.pick@ts3.6 fetched in 233ms
87 silly pacote tag manifest for @types/once@ts3.6 fetched in 208ms
88 silly pacote tag manifest for @types/optimize-css-assets-webpack-plugin@ts3.6 fetched in 205ms
89 http fetch GET 304 https://registry.npmjs.org/@types%2fnormalize-package-data 480ms (from cache)
90 silly pacote tag manifest for @types/pako@ts3.6 fetched in 206ms
91 silly pacote tag manifest for @types/parallel-transform@ts3.6 fetched in 188ms
92 silly pacote tag manifest for @types/normalize-package-data@ts3.6 fetched in 506ms
93 http fetch GET 200 https://registry.npmjs.org/@types%2fpascalcase 49ms (from cache)
94 http fetch GET 200 https://registry.npmjs.org/@types%2fparseurl 58ms (from cache)
95 http fetch GET 200 https://registry.npmjs.org/@types%2fpath-browserify 49ms (from cache)
96 silly registry:manifest no matching version for @types/path-browserify@ts3.6 in the cache. Forcing revalidation.
97 http fetch GET 200 https://registry.npmjs.org/@types%2fpath-is-absolute 49ms (from cache)
98 http fetch GET 200 https://registry.npmjs.org/@types%2fpath-is-inside 51ms (from cache)
99 silly pacote tag manifest for @types/pascalcase@ts3.6 fetched in 75ms
100 http fetch GET 200 https://registry.npmjs.org/@types%2fpbkdf2 54ms (from cache)
101 http fetch GET 200 https://registry.npmjs.org/@types%2fpath-parse 58ms (from cache)
102 silly pacote tag manifest for @types/parseurl@ts3.6 fetched in 89ms
103 silly pacote tag manifest for @types/path-is-absolute@ts3.6 fetched in 94ms
104 silly pacote tag manifest for @types/path-is-inside@ts3.6 fetched in 102ms
105 silly pacote tag manifest for @types/pbkdf2@ts3.6 fetched in 102ms
106 http fetch GET 200 https://registry.npmjs.org/@types%2fpicomatch 94ms (from cache)
107 silly pacote tag manifest for @types/path-parse@ts3.6 fetched in 120ms
108 silly pacote tag manifest for @types/picomatch@ts3.6 fetched in 191ms
109 http fetch GET 200 https://registry.npmjs.org/@types%2fpostcss-flexbugs-fixes 163ms (from cache)
110 http fetch GET 200 https://registry.npmjs.org/@types%2fpify 185ms (from cache)
111 http fetch GET 200 https://registry.npmjs.org/@types%2fpostcss-gap-properties 161ms (from cache)
112 http fetch GET 200 https://registry.npmjs.org/@types%2fpostcss-modules-local-by-default 151ms (from cache)
113 http fetch GET 200 https://registry.npmjs.org/@types%2fpostcss-modules-extract-imports 153ms (from cache)
114 silly pacote tag manifest for @types/postcss-flexbugs-fixes@ts3.6 fetched in 178ms
115 http fetch GET 200 https://registry.npmjs.org/@types%2fpostcss-modules-scope 122ms (from cache)
116 silly pacote tag manifest for @types/pify@ts3.6 fetched in 201ms
117 silly pacote tag manifest for @types/postcss-gap-properties@ts3.6 fetched in 180ms
118 http fetch GET 200 https://registry.npmjs.org/@types%2fpostcss-modules-values 53ms (from cache)
119 silly pacote tag manifest for @types/postcss-modules-local-by-default@ts3.6 fetched in 168ms
120 silly pacote tag manifest for @types/postcss-modules-extract-imports@ts3.6 fetched in 169ms
121 silly pacote tag manifest for @types/postcss-modules-scope@ts3.6 fetched in 136ms
122 http fetch GET 304 https://registry.npmjs.org/@types%2fparse-json 365ms (from cache)
123 silly pacote tag manifest for @types/postcss-modules-values@ts3.6 fetched in 75ms
124 http fetch GET 200 https://registry.npmjs.org/@types%2fpostcss-normalize 53ms (from cache)
125 http fetch GET 200 https://registry.npmjs.org/@types%2fpostcss-safe-parser 53ms (from cache)
126 silly pacote tag manifest for @types/parse-json@ts3.6 fetched in 402ms
127 http fetch GET 200 https://registry.npmjs.org/@types%2fprelude-ls 52ms (from cache)
128 http fetch GET 200 https://registry.npmjs.org/@types%2fpromise-inflight 51ms (from cache)
129 http fetch GET 200 https://registry.npmjs.org/@types%2fprettier-linter-helpers 52ms (from cache)
130 http fetch GET 200 https://registry.npmjs.org/@types%2fprogress 53ms (from cache)
131 silly pacote tag manifest for @types/postcss-normalize@ts3.6 fetched in 69ms
132 silly pacote tag manifest for @types/postcss-safe-parser@ts3.6 fetched in 71ms
133 silly pacote tag manifest for @types/prelude-ls@ts3.6 fetched in 69ms
134 silly pacote tag manifest for @types/promise-inflight@ts3.6 fetched in 69ms
135 http fetch GET 200 https://registry.npmjs.org/@types%2fprompts 54ms (from cache)
136 silly pacote tag manifest for @types/prettier-linter-helpers@ts3.6 fetched in 79ms
137 silly pacote tag manifest for @types/progress@ts3.6 fetched in 79ms
138 silly pacote tag manifest for @types/prompts@ts3.6 fetched in 83ms
139 http fetch GET 200 https://registry.npmjs.org/@types%2fpsl 56ms (from cache)
140 http fetch GET 200 https://registry.npmjs.org/@types%2fproxy-addr 58ms (from cache)
141 http fetch GET 200 https://registry.npmjs.org/@types%2fpump 65ms (from cache)
142 http fetch GET 200 https://registry.npmjs.org/@types%2fpumpify 75ms (from cache)
143 http fetch GET 200 https://registry.npmjs.org/@types%2fpunycode 67ms (from cache)
144 silly pacote tag manifest for @types/psl@ts3.6 fetched in 92ms
145 silly pacote tag manifest for @types/proxy-addr@ts3.6 fetched in 109ms
146 silly pacote tag manifest for @types/pump@ts3.6 fetched in 109ms
147 silly pacote tag manifest for @types/pumpify@ts3.6 fetched in 105ms
148 silly pacote tag manifest for @types/punycode@ts3.6 fetched in 107ms
149 http fetch GET 200 https://registry.npmjs.org/@types%2fquerystringify 183ms (from cache)
150 http fetch GET 200 https://registry.npmjs.org/@types%2frandombytes 184ms (from cache)
151 http fetch GET 200 https://registry.npmjs.org/@types%2freact-dev-utils 169ms (from cache)
152 silly pacote tag manifest for @types/querystringify@ts3.6 fetched in 235ms
153 silly pacote tag manifest for @types/randombytes@ts3.6 fetched in 234ms
154 silly pacote tag manifest for @types/react-dev-utils@ts3.6 fetched in 222ms
155 http fetch GET 200 https://registry.npmjs.org/@types%2freact-refresh 37ms (from cache)
156 silly registry:manifest no matching version for @types/react-refresh@ts3.6 in the cache. Forcing revalidation.
157 http fetch GET 200 https://registry.npmjs.org/@types%2freadable-stream 34ms (from cache)
158 http fetch GET 304 https://registry.npmjs.org/@types%2fprop-types 405ms (from cache)
159 silly pacote tag manifest for @types/readable-stream@ts3.6 fetched in 42ms
160 silly pacote tag manifest for @types/prop-types@ts3.6 fetched in 416ms
161 http fetch GET 304 https://registry.npmjs.org/@types%2fq 378ms (from cache)
162 silly pacote tag manifest for @types/q@ts3.6 fetched in 389ms
163 http fetch GET 304 https://registry.npmjs.org/@types%2fqs 372ms (from cache)
164 http fetch GET 200 https://registry.npmjs.org/@types%2frecursive-readdir 32ms (from cache)
165 http fetch GET 304 https://registry.npmjs.org/@types%2frange-parser 303ms (from cache)
166 http fetch GET 200 https://registry.npmjs.org/@types%2fregenerate 42ms (from cache)
167 silly pacote tag manifest for @types/qs@ts3.6 fetched in 406ms
168 silly registry:manifest no matching version for @types/regenerate@ts3.6 in the cache. Forcing revalidation.
169 silly pacote tag manifest for @types/range-parser@ts3.6 fetched in 367ms
170 silly pacote tag manifest for @types/recursive-readdir@ts3.6 fetched in 131ms
171 http fetch GET 200 https://registry.npmjs.org/@types%2fregenerator-runtime 130ms (from cache)
172 http fetch GET 200 https://registry.npmjs.org/@types%2fregex-not 114ms (from cache)
173 silly registry:manifest no matching version for @types/regex-not@ts3.6 in the cache. Forcing revalidation.
174 silly pacote tag manifest for @types/regenerator-runtime@ts3.6 fetched in 189ms
175 http fetch GET 200 https://registry.npmjs.org/@types%2frepeat-element 92ms (from cache)
176 http fetch GET 200 https://registry.npmjs.org/@types%2frelateurl 139ms (from cache)
177 silly pacote tag manifest for @types/relateurl@ts3.6 fetched in 171ms
178 silly pacote tag manifest for @types/repeat-element@ts3.6 fetched in 143ms
179 http fetch GET 200 https://registry.npmjs.org/@types%2frepeat-string 79ms (from cache)
180 silly pacote tag manifest for @types/repeat-string@ts3.6 fetched in 111ms
181 http fetch GET 200 https://registry.npmjs.org/@types%2frequire-from-string 61ms (from cache)
182 http fetch GET 304 https://registry.npmjs.org/@types%2freact-is 418ms (from cache)
183 http fetch GET 200 https://registry.npmjs.org/@types%2frequire-directory 82ms (from cache)
184 silly pacote tag manifest for @types/require-from-string@ts3.6 fetched in 93ms
185 silly pacote tag manifest for @types/react-is@ts3.6 fetched in 439ms
186 silly pacote tag manifest for @types/require-directory@ts3.6 fetched in 111ms
187 http fetch GET 200 https://registry.npmjs.org/@types%2frequires-port 63ms (from cache)
188 silly pacote tag manifest for @types/requires-port@ts3.6 fetched in 114ms
189 http fetch GET 200 https://registry.npmjs.org/@types%2fretry 112ms (from cache)
190 http fetch GET 200 https://registry.npmjs.org/@types%2fripemd160 115ms (from cache)
191 http fetch GET 200 https://registry.npmjs.org/@types%2frsvp 75ms (from cache)
192 silly pacote tag manifest for @types/retry@ts3.6 fetched in 128ms
193 silly pacote tag manifest for @types/ripemd160@ts3.6 fetched in 130ms
194 silly pacote tag manifest for @types/rsvp@ts3.6 fetched in 95ms
195 http fetch GET 200 https://registry.npmjs.org/@types%2frun-parallel 60ms (from cache)
196 http fetch GET 200 https://registry.npmjs.org/@types%2fsafe-regex 49ms (from cache)
197 silly pacote tag manifest for @types/run-parallel@ts3.6 fetched in 64ms
198 silly pacote tag manifest for @types/safe-regex@ts3.6 fetched in 64ms
199 http fetch GET 200 https://registry.npmjs.org/@types%2fsafer-buffer 62ms (from cache)
200 http fetch GET 200 https://registry.npmjs.org/@types%2fsane 59ms (from cache)
201 silly pacote tag manifest for @types/safer-buffer@ts3.6 fetched in 78ms
202 silly pacote tag manifest for @types/sane@ts3.6 fetched in 65ms
203 http fetch GET 200 https://registry.npmjs.org/@types%2fsax 48ms (from cache)
204 silly pacote tag manifest for @types/sax@ts3.6 fetched in 51ms
205 http fetch GET 200 https://registry.npmjs.org/@types%2fsafe-regex-test 301ms
206 silly fetchPackageMetaData error for @types/safe-regex-test@ts3.6 No matching version found for @types/safe-regex-test@ts3.6.
207 http fetch GET 200 https://registry.npmjs.org/@types%2fselfsigned 46ms (from cache)
208 silly registry:manifest no matching version for @types/selfsigned@ts3.6 in the cache. Forcing revalidation.
209 http fetch GET 304 https://registry.npmjs.org/@types%2fscheduler 251ms (from cache)
210 silly pacote tag manifest for @types/scheduler@ts3.6 fetched in 265ms
211 http fetch GET 304 https://registry.npmjs.org/@types%2fsemver 102ms (from cache)
212 silly pacote tag manifest for @types/semver@ts3.6 fetched in 120ms
213 http fetch GET 200 https://registry.npmjs.org/@types%2fsemver-compare 27ms (from cache)
214 silly pacote tag manifest for @types/semver-compare@ts3.6 fetched in 30ms
215 http fetch GET 200 https://registry.npmjs.org/@types%2fsend 10ms (from cache)
216 silly pacote tag manifest for @types/send@ts3.6 fetched in 19ms
217 http fetch GET 200 https://registry.npmjs.org/@types%2fserialize-javascript 29ms (from cache)
218 silly pacote tag manifest for @types/serialize-javascript@ts3.6 fetched in 32ms
219 http fetch GET 200 https://registry.npmjs.org/@types%2fserve-index 19ms (from cache)
220 silly pacote tag manifest for @types/serve-index@ts3.6 fetched in 30ms
221 http fetch GET 200 https://registry.npmjs.org/@types%2fserve-static 31ms (from cache)
222 silly pacote tag manifest for @types/serve-static@ts3.6 fetched in 35ms
223 http fetch GET 200 https://registry.npmjs.org/@types%2fset-blocking 22ms (from cache)
224 silly registry:manifest no matching version for @types/set-blocking@ts3.6 in the cache. Forcing revalidation.
225 http fetch GET 200 https://registry.npmjs.org/@types%2fset-blocking 127ms
226 silly fetchPackageMetaData error for @types/set-blocking@ts3.6 No matching version found for @types/set-blocking@ts3.6.
227 http fetch GET 200 https://registry.npmjs.org/@types%2fneo-async 2575ms
228 silly fetchPackageMetaData error for @types/neo-async@ts3.6 No matching version found for @types/neo-async@ts3.6.
229 http fetch GET 200 https://registry.npmjs.org/@types%2fset-value 32ms (from cache)
230 silly pacote tag manifest for @types/set-value@ts3.6 fetched in 36ms
231 http fetch GET 200 https://registry.npmjs.org/@types%2fsetimmediate 63ms (from cache)
232 http fetch GET 200 https://registry.npmjs.org/@types%2fsha.js 44ms (from cache)
233 silly pacote tag manifest for @types/setimmediate@ts3.6 fetched in 66ms
234 silly pacote tag manifest for @types/sha.js@ts3.6 fetched in 60ms
235 http fetch GET 200 https://registry.npmjs.org/@types%2fshebang-command 47ms (from cache)
236 http fetch GET 200 https://registry.npmjs.org/@types%2fshell-quote 47ms (from cache)
237 silly pacote tag manifest for @types/shell-quote@ts3.6 fetched in 50ms
238 silly pacote tag manifest for @types/shebang-command@ts3.6 fetched in 75ms
239 http fetch GET 200 https://registry.npmjs.org/@types%2fsimple-swizzle 36ms (from cache)
240 silly registry:manifest no matching version for @types/simple-swizzle@ts3.6 in the cache. Forcing revalidation.
241 http fetch GET 200 https://registry.npmjs.org/@types%2fsignal-exit 59ms (from cache)
242 silly pacote tag manifest for @types/signal-exit@ts3.6 fetched in 75ms
243 http fetch GET 200 https://registry.npmjs.org/@types%2fslice-ansi 20ms (from cache)
244 silly pacote tag manifest for @types/slice-ansi@ts3.6 fetched in 40ms
245 http fetch GET 200 https://registry.npmjs.org/@types%2fsockjs 13ms (from cache)
246 silly pacote tag manifest for @types/sockjs@ts3.6 fetched in 16ms
247 http fetch GET 200 https://registry.npmjs.org/@types%2fsockjs-client 69ms (from cache)
248 silly pacote tag manifest for @types/sockjs-client@ts3.6 fetched in 73ms
249 http fetch GET 200 https://registry.npmjs.org/@types%2fsimple-swizzle 180ms
250 silly fetchPackageMetaData error for @types/simple-swizzle@ts3.6 No matching version found for @types/simple-swizzle@ts3.6.
251 http fetch GET 200 https://registry.npmjs.org/@types%2fsource-map-support 28ms (from cache)
252 silly pacote tag manifest for @types/source-map-support@ts3.6 fetched in 32ms
253 http fetch GET 200 https://registry.npmjs.org/@types%2fspdx-correct 37ms (from cache)
254 silly pacote tag manifest for @types/spdx-correct@ts3.6 fetched in 52ms
255 http fetch GET 200 https://registry.npmjs.org/@types%2fpath-browserify 2645ms
256 silly fetchPackageMetaData error for @types/path-browserify@ts3.6 No matching version found for @types/path-browserify@ts3.6.
257 http fetch GET 200 https://registry.npmjs.org/@types%2fspdx-expression-parse 82ms (from cache)
258 silly pacote tag manifest for @types/spdx-expression-parse@ts3.6 fetched in 132ms
259 http fetch GET 200 https://registry.npmjs.org/@types%2fspdy 72ms (from cache)
260 silly pacote tag manifest for @types/spdy@ts3.6 fetched in 87ms
261 http fetch GET 304 https://registry.npmjs.org/@types%2fresolve 1732ms (from cache)
262 http fetch GET 200 https://registry.npmjs.org/@types%2fsprintf 54ms (from cache)
263 http fetch GET 304 https://registry.npmjs.org/@types%2fsource-list-map 300ms (from cache)
264 silly pacote tag manifest for @types/resolve@ts3.6 fetched in 1739ms
265 http fetch GET 200 https://registry.npmjs.org/@types%2fsprintf-js 41ms (from cache)
266 silly pacote tag manifest for @types/sprintf@ts3.6 fetched in 74ms
267 silly pacote tag manifest for @types/source-list-map@ts3.6 fetched in 331ms
268 silly pacote tag manifest for @types/sprintf-js@ts3.6 fetched in 101ms
269 http fetch GET 200 https://registry.npmjs.org/@types%2fssri 82ms (from cache)
270 http fetch GET 200 https://registry.npmjs.org/@types%2fstatuses 98ms (from cache)
271 http fetch GET 200 https://registry.npmjs.org/@types%2fstream-each 77ms (from cache)
272 silly pacote tag manifest for @types/ssri@ts3.6 fetched in 130ms
273 silly pacote tag manifest for @types/statuses@ts3.6 fetched in 131ms
274 silly pacote tag manifest for @types/stream-each@ts3.6 fetched in 112ms
275 http fetch GET 200 https://registry.npmjs.org/@types%2fstream-shift 98ms (from cache)
276 http fetch GET 200 https://registry.npmjs.org/@types%2fstring-natural-compare 79ms (from cache)
277 http fetch GET 200 https://registry.npmjs.org/@types%2fstrict-uri-encode 84ms (from cache)
278 silly pacote tag manifest for @types/stream-shift@ts3.6 fetched in 130ms
279 silly pacote tag manifest for @types/string-natural-compare@ts3.6 fetched in 111ms
280 silly pacote tag manifest for @types/strict-uri-encode@ts3.6 fetched in 116ms
281 http fetch GET 304 https://registry.npmjs.org/@types%2fraf 2754ms (from cache)
282 http fetch GET 304 https://registry.npmjs.org/@types%2fstack-utils 350ms (from cache)
283 http fetch GET 200 https://registry.npmjs.org/@types%2fstringify-object 78ms (from cache)
284 http fetch GET 200 https://registry.npmjs.org/@types%2fstring.prototype.matchall 84ms (from cache)
285 http fetch GET 200 https://registry.npmjs.org/@types%2fstrip-comments 81ms (from cache)
286 silly pacote tag manifest for @types/raf@ts3.6 fetched in 2790ms
287 silly pacote tag manifest for @types/stack-utils@ts3.6 fetched in 383ms
288 silly pacote tag manifest for @types/string.prototype.matchall@ts3.6 fetched in 115ms
289 silly pacote tag manifest for @types/strip-comments@ts3.6 fetched in 101ms
290 silly pacote tag manifest for @types/stringify-object@ts3.6 fetched in 127ms
291 http fetch GET 200 https://registry.npmjs.org/@types%2fstrip-final-newline 90ms (from cache)
292 http fetch GET 200 https://registry.npmjs.org/@types%2fsvg-parser 77ms (from cache)
293 http fetch GET 200 https://registry.npmjs.org/@types%2fsymbol-tree 77ms (from cache)
294 http fetch GET 200 https://registry.npmjs.org/@types%2freact-refresh 2627ms
295 http fetch GET 200 https://registry.npmjs.org/@types%2fsupports-color 105ms (from cache)
296 silly fetchPackageMetaData error for @types/react-refresh@ts3.6 No matching version found for @types/react-refresh@ts3.6.
297 silly pacote tag manifest for @types/strip-final-newline@ts3.6 fetched in 138ms
298 silly pacote tag manifest for @types/symbol-tree@ts3.6 fetched in 139ms
299 silly pacote tag manifest for @types/svg-parser@ts3.6 fetched in 143ms
300 silly pacote tag manifest for @types/supports-color@ts3.6 fetched in 181ms
301 http fetch GET 200 https://registry.npmjs.org/@types%2ftar 128ms (from cache)
302 http fetch GET 200 https://registry.npmjs.org/@types%2ftext-table 129ms (from cache)
303 http fetch GET 200 https://registry.npmjs.org/@types%2fthrough2 114ms (from cache)
304 http fetch GET 200 https://registry.npmjs.org/@types%2fthunky 112ms (from cache)
305 silly pacote tag manifest for @types/tar@ts3.6 fetched in 161ms
306 silly pacote tag manifest for @types/text-table@ts3.6 fetched in 172ms
307 http fetch GET 200 https://registry.npmjs.org/@types%2fregenerate 2754ms
308 silly fetchPackageMetaData error for @types/regenerate@ts3.6 No matching version found for @types/regenerate@ts3.6.
309 silly pacote tag manifest for @types/through2@ts3.6 fetched in 151ms
310 silly pacote tag manifest for @types/thunky@ts3.6 fetched in 147ms
311 http fetch GET 200 https://registry.npmjs.org/@types%2ftimsort 97ms (from cache)
312 http fetch GET 200 https://registry.npmjs.org/@types%2ftmpl 90ms (from cache)
313 http fetch GET 200 https://registry.npmjs.org/@types%2fto-regex 87ms (from cache)
314 silly registry:manifest no matching version for @types/tmpl@ts3.6 in the cache. Forcing revalidation.
315 silly registry:manifest no matching version for @types/to-regex@ts3.6 in the cache. Forcing revalidation.
316 http fetch GET 200 https://registry.npmjs.org/@types%2fto-regex-range 82ms (from cache)
317 http fetch GET 200 https://registry.npmjs.org/@types%2ftoidentifier 82ms (from cache)
318 silly registry:manifest no matching version for @types/to-regex-range@ts3.6 in the cache. Forcing revalidation.
319 silly registry:manifest no matching version for @types/toidentifier@ts3.6 in the cache. Forcing revalidation.
320 silly pacote tag manifest for @types/timsort@ts3.6 fetched in 121ms
321 http fetch GET 200 https://registry.npmjs.org/@types%2fregex-not 2746ms
322 silly fetchPackageMetaData error for @types/regex-not@ts3.6 No matching version found for @types/regex-not@ts3.6.
323 http fetch GET 200 https://registry.npmjs.org/@types%2ftough-cookie 33ms (from cache)
324 silly pacote tag manifest for @types/tough-cookie@ts3.6 fetched in 35ms
325 http fetch GET 200 https://registry.npmjs.org/@types%2ftr46 20ms (from cache)
326 http fetch GET 304 https://registry.npmjs.org/@types%2fthrough 298ms (from cache)
327 silly registry:manifest no matching version for @types/tr46@ts3.6 in the cache. Forcing revalidation.
328 silly pacote tag manifest for @types/through@ts3.6 fetched in 303ms
329 http fetch GET 200 https://registry.npmjs.org/@types%2ftryer 25ms (from cache)
330 silly pacote tag manifest for @types/tryer@ts3.6 fetched in 35ms
331 http fetch GET 200 https://registry.npmjs.org/@types%2ftype-check 22ms (from cache)
332 silly pacote tag manifest for @types/type-check@ts3.6 fetched in 26ms
333 http fetch GET 200 https://registry.npmjs.org/@types%2ftoidentifier 91ms
334 silly fetchPackageMetaData error for @types/toidentifier@ts3.6 No matching version found for @types/toidentifier@ts3.6.
335 http fetch GET 200 https://registry.npmjs.org/@types%2ftype-detect 19ms (from cache)
336 http fetch GET 200 https://registry.npmjs.org/@types%2fto-regex-range 107ms
337 silly fetchPackageMetaData error for @types/to-regex-range@ts3.6 No matching version found for @types/to-regex-range@ts3.6.
338 http fetch GET 200 https://registry.npmjs.org/@types%2ftype-is 28ms (from cache)
339 silly pacote tag manifest for @types/type-detect@ts3.6 fetched in 36ms
340 silly pacote tag manifest for @types/type-is@ts3.6 fetched in 49ms
341 http fetch GET 200 https://registry.npmjs.org/@types%2ftypedarray-to-buffer 35ms (from cache)
342 silly registry:manifest no matching version for @types/typedarray-to-buffer@ts3.6 in the cache. Forcing revalidation.
343 http fetch GET 200 https://registry.npmjs.org/@types%2funbox-primitive 36ms (from cache)
344 silly registry:manifest no matching version for @types/unbox-primitive@ts3.6 in the cache. Forcing revalidation.
345 http fetch GET 200 https://registry.npmjs.org/@types%2funiq 33ms (from cache)
346 http fetch GET 200 https://registry.npmjs.org/@types%2ftmpl 177ms
347 silly fetchPackageMetaData error for @types/tmpl@ts3.6 No matching version found for @types/tmpl@ts3.6.
348 http fetch GET 200 https://registry.npmjs.org/@types%2ftr46 123ms
349 http fetch GET 200 https://registry.npmjs.org/@types%2funiversalify 39ms (from cache)
350 silly fetchPackageMetaData error for @types/tr46@ts3.6 No matching version found for @types/tr46@ts3.6.
351 silly pacote tag manifest for @types/uniq@ts3.6 fetched in 53ms
352 silly pacote tag manifest for @types/universalify@ts3.6 fetched in 55ms
353 http fetch GET 200 https://registry.npmjs.org/@types%2furix 27ms (from cache)
354 silly pacote tag manifest for @types/urix@ts3.6 fetched in 45ms
355 http fetch GET 200 https://registry.npmjs.org/@types%2futil-deprecate 37ms (from cache)
356 http fetch GET 200 https://registry.npmjs.org/@types%2futil.promisify 39ms (from cache)
357 http fetch GET 200 https://registry.npmjs.org/@types%2furl-parse 54ms (from cache)
358 silly pacote tag manifest for @types/util-deprecate@ts3.6 fetched in 71ms
359 silly pacote tag manifest for @types/util.promisify@ts3.6 fetched in 65ms
360 silly pacote tag manifest for @types/url-parse@ts3.6 fetched in 79ms
361 http fetch GET 200 https://registry.npmjs.org/@types%2ftypedarray-to-buffer 140ms
362 silly fetchPackageMetaData error for @types/typedarray-to-buffer@ts3.6 No matching version found for @types/typedarray-to-buffer@ts3.6.
363 http fetch GET 200 https://registry.npmjs.org/@types%2futils-merge 79ms (from cache)
364 http fetch GET 200 https://registry.npmjs.org/@types%2fvalidate-npm-package-license 56ms (from cache)
365 http fetch GET 200 https://registry.npmjs.org/@types%2fuuid 66ms (from cache)
366 silly pacote tag manifest for @types/utils-merge@ts3.6 fetched in 106ms
367 http fetch GET 200 https://registry.npmjs.org/@types%2fvary 65ms (from cache)
368 silly pacote tag manifest for @types/validate-npm-package-license@ts3.6 fetched in 70ms
369 silly pacote tag manifest for @types/uuid@ts3.6 fetched in 90ms
370 http fetch GET 200 https://registry.npmjs.org/@types%2fw3c-hr-time 54ms (from cache)
371 silly pacote tag manifest for @types/vary@ts3.6 fetched in 96ms
372 silly pacote tag manifest for @types/w3c-hr-time@ts3.6 fetched in 91ms
373 http fetch GET 200 https://registry.npmjs.org/@types%2fw3c-xmlserializer 75ms (from cache)
374 http fetch GET 200 https://registry.npmjs.org/@types%2fwatchpack 63ms (from cache)
375 silly pacote tag manifest for @types/w3c-xmlserializer@ts3.6 fetched in 85ms
376 silly pacote tag manifest for @types/watchpack@ts3.6 fetched in 73ms
377 http fetch GET 200 https://registry.npmjs.org/@types%2fwebpack-manifest-plugin 21ms (from cache)
378 silly pacote tag manifest for @types/webpack-manifest-plugin@ts3.6 fetched in 28ms
379 http fetch GET 200 https://registry.npmjs.org/@types%2fwhatwg-encoding 29ms (from cache)
380 http fetch GET 304 https://registry.npmjs.org/@types%2fsass-loader 2724ms (from cache)
381 silly pacote tag manifest for @types/whatwg-encoding@ts3.6 fetched in 46ms
382 http fetch GET 200 https://registry.npmjs.org/@types%2fwhatwg-mimetype 37ms (from cache)
383 silly pacote tag manifest for @types/sass-loader@ts3.6 fetched in 2734ms
384 silly pacote tag manifest for @types/whatwg-mimetype@ts3.6 fetched in 52ms
385 http fetch GET 200 https://registry.npmjs.org/@types%2fselfsigned 2524ms
386 silly fetchPackageMetaData error for @types/selfsigned@ts3.6 No matching version found for @types/selfsigned@ts3.6.
387 http fetch GET 200 https://registry.npmjs.org/@types%2fwhich 26ms (from cache)
388 http fetch GET 200 https://registry.npmjs.org/@types%2fwhich-boxed-primitive 26ms (from cache)
389 silly registry:manifest no matching version for @types/which-boxed-primitive@ts3.6 in the cache. Forcing revalidation.
390 silly pacote tag manifest for @types/which@ts3.6 fetched in 41ms
391 http fetch GET 304 https://registry.npmjs.org/@types%2fwebidl-conversions 175ms (from cache)
392 http fetch GET 200 https://registry.npmjs.org/@types%2fwhich-pm-runs 30ms (from cache)
393 silly pacote tag manifest for @types/webidl-conversions@ts3.6 fetched in 189ms
394 http fetch GET 304 https://registry.npmjs.org/@types%2fwebpack-sources 125ms (from cache)
395 silly pacote tag manifest for @types/which-pm-runs@ts3.6 fetched in 42ms
396 http fetch GET 200 https://registry.npmjs.org/@types%2fworkbox-sw 36ms (from cache)
397 silly pacote tag manifest for @types/webpack-sources@ts3.6 fetched in 149ms
398 silly pacote tag manifest for @types/workbox-sw@ts3.6 fetched in 60ms
399 http fetch GET 200 https://registry.npmjs.org/@types%2fwrap-ansi 45ms (from cache)
400 http fetch GET 304 https://registry.npmjs.org/@types%2fwebpack 250ms (from cache)
401 http fetch GET 200 https://registry.npmjs.org/@types%2fwrite-file-atomic 84ms (from cache)
402 silly pacote tag manifest for @types/wrap-ansi@ts3.6 fetched in 106ms
403 silly pacote tag manifest for @types/webpack@ts3.6 fetched in 286ms
404 silly pacote tag manifest for @types/write-file-atomic@ts3.6 fetched in 107ms
405 http fetch GET 200 https://registry.npmjs.org/@types%2fxml-name-validator 72ms (from cache)
406 silly registry:manifest no matching version for @types/xml-name-validator@ts3.6 in the cache. Forcing revalidation.
407 http fetch GET 304 https://registry.npmjs.org/@types%2fwhatwg-url 230ms (from cache)
408 http fetch GET 200 https://registry.npmjs.org/@types%2fxtend 59ms (from cache)
409 http fetch GET 200 https://registry.npmjs.org/@types%2fyallist 57ms (from cache)
410 silly pacote tag manifest for @types/whatwg-url@ts3.6 fetched in 245ms
411 silly pacote tag manifest for @types/xtend@ts3.6 fetched in 66ms
412 silly pacote tag manifest for @types/yallist@ts3.6 fetched in 65ms
413 http fetch GET 200 https://registry.npmjs.org/@types%2fwhich-boxed-primitive 199ms
414 silly fetchPackageMetaData error for @types/which-boxed-primitive@ts3.6 No matching version found for @types/which-boxed-primitive@ts3.6.
415 http fetch GET 304 https://registry.npmjs.org/@types%2fws 162ms (from cache)
416 silly pacote tag manifest for @types/ws@ts3.6 fetched in 165ms
417 http fetch GET 304 https://registry.npmjs.org/@types%2fyargs 129ms (from cache)
418 silly pacote tag manifest for @types/yargs@ts3.6 fetched in 133ms
419 http fetch GET 200 https://registry.npmjs.org/@types%2fxml-name-validator 138ms
420 silly fetchPackageMetaData error for @types/xml-name-validator@ts3.6 No matching version found for @types/xml-name-validator@ts3.6.
421 http fetch GET 304 https://registry.npmjs.org/@types%2fyargs-parser 103ms (from cache)
422 silly pacote tag manifest for @types/yargs-parser@ts3.6 fetched in 105ms
423 http fetch GET 304 https://registry.npmjs.org/@types%2ftapable 2485ms (from cache)
424 silly pacote tag manifest for @types/tapable@ts3.6 fetched in 2492ms
425 http fetch GET 200 https://registry.npmjs.org/@types%2fto-regex 2469ms
426 silly fetchPackageMetaData error for @types/to-regex@ts3.6 No matching version found for @types/to-regex@ts3.6.
427 http fetch GET 200 https://registry.npmjs.org/@types%2funbox-primitive 2498ms
428 silly fetchPackageMetaData error for @types/unbox-primitive@ts3.6 No matching version found for @types/unbox-primitive@ts3.6.
429 timing stage:rollbackFailedOptional Completed in 1ms
430 timing stage:runTopLevelLifecycles Completed in 7903ms
431 verbose type tag
432 verbose stack @types/safe-regex-test: No matching version found for @types/safe-regex-test@ts3.6.
432 verbose stack     at pickManifest (/usr/local/lib/node_modules/npm/node_modules/npm-pick-manifest/index.js:122:13)
432 verbose stack     at /usr/local/lib/node_modules/npm/node_modules/pacote/lib/fetchers/registry/manifest.js:24:14
432 verbose stack     at tryCatcher (/usr/local/lib/node_modules/npm/node_modules/bluebird/js/release/util.js:16:23)
432 verbose stack     at Promise._settlePromiseFromHandler (/usr/local/lib/node_modules/npm/node_modules/bluebird/js/release/promise.js:517:31)
432 verbose stack     at Promise._settlePromise (/usr/local/lib/node_modules/npm/node_modules/bluebird/js/release/promise.js:574:18)
432 verbose stack     at Promise._settlePromise0 (/usr/local/lib/node_modules/npm/node_modules/bluebird/js/release/promise.js:619:10)
432 verbose stack     at Promise._settlePromises (/usr/local/lib/node_modules/npm/node_modules/bluebird/js/release/promise.js:699:18)
432 verbose stack     at _drainQueueStep (/usr/local/lib/node_modules/npm/node_modules/bluebird/js/release/async.js:138:12)
432 verbose stack     at _drainQueue (/usr/local/lib/node_modules/npm/node_modules/bluebird/js/release/async.js:131:9)
432 verbose stack     at Async._drainQueues (/usr/local/lib/node_modules/npm/node_modules/bluebird/js/release/async.js:147:5)
432 verbose stack     at Immediate.Async.drainQueues [as _onImmediate] (/usr/local/lib/node_modules/npm/node_modules/bluebird/js/release/async.js:17:14)
432 verbose stack     at processImmediate (internal/timers.js:456:21)
433 verbose cwd /home/theia/.cache/typescript/3.6
434 verbose Linux 5.10.16.3-microsoft-standard-WSL2
435 verbose argv "/usr/local/bin/node" "/usr/local/bin/npm" "install" "--ignore-scripts" "@types/lodash.uniq@ts3.6" "@types/media-typer@ts3.6" "@types/memory-fs@ts3.6" "@types/memorystream@ts3.6" "@types/merge-descriptors@ts3.6" "@types/merge-stream@ts3.6" "@types/merge2@ts3.6" "@types/methods@ts3.6" "@types/micromatch@ts3.6" "@types/mime@ts3.6" "@types/mime-db@ts3.6" "@types/mime-types@ts3.6" "@types/min-indent@ts3.6" "@types/minimalistic-assert@ts3.6" "@types/minimist@ts3.6" "@types/minizlib@ts3.6" "@types/move-concurrently@ts3.6" "@types/ms@ts3.6" "@types/multicast-dns@ts3.6" "@types/natural-compare@ts3.6" "@types/negotiator@ts3.6" "@types/neo-async@ts3.6" "@types/next-tick@ts3.6" "@types/nice-try@ts3.6" "@types/node-forge@ts3.6" "@types/node-int64@ts3.6" "@types/node-notifier@ts3.6" "@types/normalize-package-data@ts3.6" "@types/normalize-path@ts3.6" "@types/num2fraction@ts3.6" "@types/nwsapi@ts3.6" "@types/object-assign@ts3.6" "@types/object-inspect@ts3.6" "@types/object-keys@ts3.6" "@types/object.fromentries@ts3.6" "@types/object.getownpropertydescriptors@ts3.6" "@types/object.pick@ts3.6" "@types/on-finished@ts3.6" "@types/on-headers@ts3.6" "@types/once@ts3.6" "@types/optimize-css-assets-webpack-plugin@ts3.6" "@types/pako@ts3.6" "@types/parallel-transform@ts3.6" "@types/parse-json@ts3.6" "@types/parseurl@ts3.6" "@types/pascalcase@ts3.6" "@types/path-browserify@ts3.6" "@types/path-is-absolute@ts3.6" "@types/path-is-inside@ts3.6" "@types/path-parse@ts3.6" "@types/pbkdf2@ts3.6" "@types/picomatch@ts3.6" "@types/pify@ts3.6" "@types/postcss-flexbugs-fixes@ts3.6" "@types/postcss-gap-properties@ts3.6" "@types/postcss-modules-extract-imports@ts3.6" "@types/postcss-modules-local-by-default@ts3.6" "@types/postcss-modules-scope@ts3.6" "@types/postcss-modules-values@ts3.6" "@types/postcss-normalize@ts3.6" "@types/postcss-safe-parser@ts3.6" "@types/prelude-ls@ts3.6" "@types/prettier-linter-helpers@ts3.6" "@types/progress@ts3.6" "@types/promise-inflight@ts3.6" "@types/prompts@ts3.6" "@types/prop-types@ts3.6" "@types/proxy-addr@ts3.6" "@types/psl@ts3.6" "@types/pump@ts3.6" "@types/pumpify@ts3.6" "@types/punycode@ts3.6" "@types/q@ts3.6" "@types/qs@ts3.6" "@types/querystringify@ts3.6" "@types/raf@ts3.6" "@types/randombytes@ts3.6" "@types/range-parser@ts3.6" "@types/react-dev-utils@ts3.6" "@types/react-is@ts3.6" "@types/react-refresh@ts3.6" "@types/readable-stream@ts3.6" "@types/recursive-readdir@ts3.6" "@types/regenerate@ts3.6" "@types/regenerator-runtime@ts3.6" "@types/regex-not@ts3.6" "@types/relateurl@ts3.6" "@types/repeat-element@ts3.6" "@types/repeat-string@ts3.6" "@types/require-directory@ts3.6" "@types/require-from-string@ts3.6" "@types/requires-port@ts3.6" "@types/resolve@ts3.6" "@types/retry@ts3.6" "@types/ripemd160@ts3.6" "@types/rsvp@ts3.6" "@types/run-parallel@ts3.6" "@types/safe-regex@ts3.6" "@types/safe-regex-test@ts3.6" "@types/safer-buffer@ts3.6" "@types/sane@ts3.6" "@types/sass-loader@ts3.6" "@types/sax@ts3.6" "@types/scheduler@ts3.6" "@types/selfsigned@ts3.6" "@types/semver@ts3.6" "@types/semver-compare@ts3.6" "@types/send@ts3.6" "@types/serialize-javascript@ts3.6" "@types/serve-index@ts3.6" "@types/serve-static@ts3.6" "@types/set-blocking@ts3.6" "@types/set-value@ts3.6" "@types/setimmediate@ts3.6" "@types/sha.js@ts3.6" "@types/shebang-command@ts3.6" "@types/shell-quote@ts3.6" "@types/signal-exit@ts3.6" "@types/simple-swizzle@ts3.6" "@types/slice-ansi@ts3.6" "@types/sockjs@ts3.6" "@types/sockjs-client@ts3.6" "@types/source-list-map@ts3.6" "@types/source-map-support@ts3.6" "@types/spdx-correct@ts3.6" "@types/spdx-expression-parse@ts3.6" "@types/spdy@ts3.6" "@types/sprintf@ts3.6" "@types/sprintf-js@ts3.6" "@types/ssri@ts3.6" "@types/stack-utils@ts3.6" "@types/statuses@ts3.6" "@types/stream-each@ts3.6" "@types/stream-shift@ts3.6" "@types/strict-uri-encode@ts3.6" "@types/string-natural-compare@ts3.6" "@types/string.prototype.matchall@ts3.6" "@types/stringify-object@ts3.6" "@types/strip-comments@ts3.6" "@types/strip-final-newline@ts3.6" "@types/supports-color@ts3.6" "@types/svg-parser@ts3.6" "@types/symbol-tree@ts3.6" "@types/tapable@ts3.6" "@types/tar@ts3.6" "@types/text-table@ts3.6" "@types/through@ts3.6" "@types/through2@ts3.6" "@types/thunky@ts3.6" "@types/timsort@ts3.6" "@types/tmpl@ts3.6" "@types/to-regex@ts3.6" "@types/to-regex-range@ts3.6" "@types/toidentifier@ts3.6" "@types/tough-cookie@ts3.6" "@types/tr46@ts3.6" "@types/tryer@ts3.6" "@types/type-check@ts3.6" "@types/type-detect@ts3.6" "@types/type-is@ts3.6" "@types/typedarray-to-buffer@ts3.6" "@types/unbox-primitive@ts3.6" "@types/uniq@ts3.6" "@types/universalify@ts3.6" "@types/urix@ts3.6" "@types/url-parse@ts3.6" "@types/util-deprecate@ts3.6" "@types/util.promisify@ts3.6" "@types/utils-merge@ts3.6" "@types/uuid@ts3.6" "@types/validate-npm-package-license@ts3.6" "@types/vary@ts3.6" "@types/w3c-hr-time@ts3.6" "@types/w3c-xmlserializer@ts3.6" "@types/watchpack@ts3.6" "@types/webidl-conversions@ts3.6" "@types/webpack@ts3.6" "@types/webpack-manifest-plugin@ts3.6" "@types/webpack-sources@ts3.6" "@types/whatwg-encoding@ts3.6" "@types/whatwg-mimetype@ts3.6" "@types/whatwg-url@ts3.6" "@types/which@ts3.6" "@types/which-boxed-primitive@ts3.6" "@types/which-pm-runs@ts3.6" "@types/workbox-sw@ts3.6" "@types/wrap-ansi@ts3.6" "@types/write-file-atomic@ts3.6" "@types/ws@ts3.6" "@types/xml-name-validator@ts3.6" "@types/xtend@ts3.6" "@types/yallist@ts3.6" "@types/yargs@ts3.6" "@types/yargs-parser@ts3.6" "--save-dev" "--user-agent=typesInstaller/3.6.3"
436 verbose node v12.18.3
437 verbose npm  v6.14.6
438 error code ETARGET
439 error notarget No matching version found for @types/safe-regex-test@ts3.6.
440 error notarget In most cases you or one of your dependencies are requesting
440 error notarget a package version that doesn't exist.
441 verbose exit [ 1, true ]
