0 info it worked if it ends with ok
1 verbose cli [
1 verbose cli   '/usr/local/bin/node',
1 verbose cli   '/usr/local/bin/npm',
1 verbose cli   'install',
1 verbose cli   '--ignore-scripts',
1 verbose cli   '@types/accepts@ts3.6',
1 verbose cli   '@types/argparse@ts3.6',
1 verbose cli   '@types/aria-query@ts3.6',
1 verbose cli   '@types/arr-diff@ts3.6',
1 verbose cli   '@types/arr-union@ts3.6',
1 verbose cli   '@types/array-unique@ts3.6',
1 verbose cli   '@types/array.prototype.flat@ts3.6',
1 verbose cli   '@types/array.prototype.flatmap@ts3.6',
1 verbose cli   '@types/asap@ts3.6',
1 verbose cli   '@types/assert@ts3.6',
1 verbose cli   '@types/async@ts3.6',
1 verbose cli   '@types/atob@ts3.6',
1 verbose cli   '@types/babel-plugin-macros@ts3.6',
1 verbose cli   '@types/babylon@ts3.6',
1 verbose cli   '@types/balanced-match@ts3.6',
1 verbose cli   '@types/big.js@ts3.6',
1 verbose cli   '@types/bluebird@ts3.6',
1 verbose cli   '@types/bn.js@ts3.6',
1 verbose cli   '@types/body-parser@ts3.6',
1 verbose cli   '@types/bonjour@ts3.6',
1 verbose cli   '@types/boolbase@ts3.6',
1 verbose cli   '@types/brace-expansion@ts3.6',
1 verbose cli   '@types/braces@ts3.6',
1 verbose cli   '@types/brorand@ts3.6',
1 verbose cli   '@types/bser@ts3.6',
1 verbose cli   '@types/buffer-from@ts3.6',
1 verbose cli   '@types/buffer-xor@ts3.6',
1 verbose cli   '@types/bytes@ts3.6',
1 verbose cli   '@types/cacache@ts3.6',
1 verbose cli   '@types/call-bind@ts3.6',
1 verbose cli   '@types/caniuse-api@ts3.6',
1 verbose cli   '@types/caniuse-lite@ts3.6',
1 verbose cli   '@types/case-sensitive-paths-webpack-plugin@ts3.6',
1 verbose cli   '@types/check-types@ts3.6',
1 verbose cli   '@types/chownr@ts3.6',
1 verbose cli   '@types/cipher-base@ts3.6',
1 verbose cli   '@types/clean-css@ts3.6',
1 verbose cli   '@types/co@ts3.6',
1 verbose cli   '@types/color@ts3.6',
1 verbose cli   '@types/color-convert@ts3.6',
1 verbose cli   '@types/color-name@ts3.6',
1 verbose cli   '@types/color-string@ts3.6',
1 verbose cli   '@types/combined-stream@ts3.6',
1 verbose cli   '@types/common-tags@ts3.6',
1 verbose cli   '@types/commondir@ts3.6',
1 verbose cli   '@types/component-emitter@ts3.6',
1 verbose cli   '@types/compose-function@ts3.6',
1 verbose cli   '@types/compressible@ts3.6',
1 verbose cli   '@types/compression@ts3.6',
1 verbose cli   '@types/concat-map@ts3.6',
1 verbose cli   '@types/concat-stream@ts3.6',
1 verbose cli   '@types/confusing-browser-globals@ts3.6',
1 verbose cli   '@types/connect-history-api-fallback@ts3.6',
1 verbose cli   '@types/content-disposition@ts3.6',
1 verbose cli   '@types/content-type@ts3.6',
1 verbose cli   '@types/convert-source-map@ts3.6',
1 verbose cli   '@types/cookie@ts3.6',
1 verbose cli   '@types/cookie-signature@ts3.6',
1 verbose cli   '@types/core-js@ts3.6',
1 verbose cli   '@types/create-hash@ts3.6',
1 verbose cli   '@types/create-hmac@ts3.6',
1 verbose cli   '@types/cross-spawn@ts3.6',
1 verbose cli   '@types/css@ts3.6',
1 verbose cli   '@types/css-declaration-sorter@ts3.6',
1 verbose cli   '@types/css-tree@ts3.6',
1 verbose cli   '@types/css.escape@ts3.6',
1 verbose cli   '@types/cssesc@ts3.6',
1 verbose cli   '@types/csso@ts3.6',
1 verbose cli   '@types/cssom@ts3.6',
1 verbose cli   '@types/cssstyle@ts3.6',
1 verbose cli   '@types/damerau-levenshtein@ts3.6',
1 verbose cli   '@types/data-urls@ts3.6',
1 verbose cli   '@types/debug@ts3.6',
1 verbose cli   '@types/decode-uri-component@ts3.6',
1 verbose cli   '@types/dedent@ts3.6',
1 verbose cli   '@types/deep-equal@ts3.6',
1 verbose cli   '@types/default-gateway@ts3.6',
1 verbose cli   '@types/define-properties@ts3.6',
1 verbose cli   '@types/depd@ts3.6',
1 verbose cli   '@types/destroy@ts3.6',
1 verbose cli   '@types/detect-node@ts3.6',
1 verbose cli   '@types/diffie-hellman@ts3.6',
1 verbose cli   '@types/dir-glob@ts3.6',
1 verbose cli   '@types/dns-packet@ts3.6',
1 verbose cli   '@types/dns-txt@ts3.6',
1 verbose cli   '@types/doctrine@ts3.6',
1 verbose cli   '@types/domexception@ts3.6',
1 verbose cli   '@types/domutils@ts3.6',
1 verbose cli   '@types/duplexify@ts3.6',
1 verbose cli   '@types/ee-first@ts3.6',
1 verbose cli   '@types/ejs@ts3.6',
1 verbose cli   '@types/elliptic@ts3.6',
1 verbose cli   '@types/encodeurl@ts3.6',
1 verbose cli   '@types/end-of-stream@ts3.6',
1 verbose cli   '@types/es-abstract@ts3.6',
1 verbose cli   '@types/es-get-iterator@ts3.6',
1 verbose cli   ... 101 more items
1 verbose cli ]
2 info using npm@6.14.6
3 info using node@v12.18.3
4 verbose npm-session ae399fd0fae9327a
5 silly install loadCurrentTree
6 silly install readLocalPackageData
7 http fetch GET 200 https://registry.npmjs.org/@types%2faria-query 227ms (from cache)
8 silly pacote tag manifest for @types/aria-query@ts3.6 fetched in 251ms
9 http fetch GET 304 https://registry.npmjs.org/@types%2farr-diff 652ms (from cache)
10 http fetch GET 304 https://registry.npmjs.org/@types%2farr-union 649ms (from cache)
11 http fetch GET 304 https://registry.npmjs.org/@types%2fargparse 658ms (from cache)
12 http fetch GET 304 https://registry.npmjs.org/@types%2farray-unique 643ms (from cache)
13 http fetch GET 304 https://registry.npmjs.org/@types%2faccepts 665ms (from cache)
14 http fetch GET 304 https://registry.npmjs.org/@types%2farray.prototype.flatmap 645ms (from cache)
15 http fetch GET 304 https://registry.npmjs.org/@types%2fassert 643ms (from cache)
16 http fetch GET 304 https://registry.npmjs.org/@types%2farray.prototype.flat 648ms (from cache)
17 http fetch GET 304 https://registry.npmjs.org/@types%2fasap 648ms (from cache)
18 silly pacote tag manifest for @types/arr-diff@ts3.6 fetched in 665ms
19 silly pacote tag manifest for @types/arr-union@ts3.6 fetched in 661ms
20 silly pacote tag manifest for @types/argparse@ts3.6 fetched in 669ms
21 silly pacote tag manifest for @types/array-unique@ts3.6 fetched in 658ms
22 silly pacote tag manifest for @types/accepts@ts3.6 fetched in 685ms
23 silly pacote tag manifest for @types/array.prototype.flatmap@ts3.6 fetched in 659ms
24 silly pacote tag manifest for @types/assert@ts3.6 fetched in 656ms
25 silly pacote tag manifest for @types/array.prototype.flat@ts3.6 fetched in 661ms
26 http fetch GET 304 https://registry.npmjs.org/@types%2fasync 416ms (from cache)
27 silly pacote tag manifest for @types/asap@ts3.6 fetched in 671ms
28 silly pacote tag manifest for @types/async@ts3.6 fetched in 475ms
29 http fetch GET 304 https://registry.npmjs.org/@types%2fatob 172ms (from cache)
30 http fetch GET 304 https://registry.npmjs.org/@types%2fbabel-plugin-macros 172ms (from cache)
31 http fetch GET 304 https://registry.npmjs.org/@types%2fbabylon 172ms (from cache)
32 http fetch GET 304 https://registry.npmjs.org/@types%2fbalanced-match 175ms (from cache)
33 http fetch GET 304 https://registry.npmjs.org/@types%2fbn.js 171ms (from cache)
34 silly pacote tag manifest for @types/atob@ts3.6 fetched in 180ms
35 silly pacote tag manifest for @types/babel-plugin-macros@ts3.6 fetched in 180ms
36 silly pacote tag manifest for @types/babylon@ts3.6 fetched in 181ms
37 http fetch GET 304 https://registry.npmjs.org/@types%2fbig.js 179ms (from cache)
38 http fetch GET 304 https://registry.npmjs.org/@types%2fbody-parser 181ms (from cache)
39 silly pacote tag manifest for @types/balanced-match@ts3.6 fetched in 189ms
40 http fetch GET 304 https://registry.npmjs.org/@types%2fbluebird 186ms (from cache)
41 silly pacote tag manifest for @types/bn.js@ts3.6 fetched in 193ms
42 http fetch GET 304 https://registry.npmjs.org/@types%2fbonjour 191ms (from cache)
43 silly pacote tag manifest for @types/big.js@ts3.6 fetched in 206ms
44 http fetch GET 304 https://registry.npmjs.org/@types%2fboolbase 153ms (from cache)
45 silly pacote tag manifest for @types/body-parser@ts3.6 fetched in 209ms
46 silly pacote tag manifest for @types/bluebird@ts3.6 fetched in 215ms
47 silly pacote tag manifest for @types/bonjour@ts3.6 fetched in 211ms
48 silly pacote tag manifest for @types/boolbase@ts3.6 fetched in 182ms
49 http fetch GET 304 https://registry.npmjs.org/@types%2fbrace-expansion 171ms (from cache)
50 http fetch GET 304 https://registry.npmjs.org/@types%2fbraces 175ms (from cache)
51 http fetch GET 304 https://registry.npmjs.org/@types%2fbser 166ms (from cache)
52 http fetch GET 304 https://registry.npmjs.org/@types%2fbuffer-from 155ms (from cache)
53 http fetch GET 304 https://registry.npmjs.org/@types%2fbrorand 175ms (from cache)
54 http fetch GET 304 https://registry.npmjs.org/@types%2fbuffer-xor 149ms (from cache)
55 silly pacote tag manifest for @types/brace-expansion@ts3.6 fetched in 181ms
56 silly pacote tag manifest for @types/braces@ts3.6 fetched in 185ms
57 silly pacote tag manifest for @types/bser@ts3.6 fetched in 177ms
58 silly pacote tag manifest for @types/buffer-from@ts3.6 fetched in 165ms
59 silly pacote tag manifest for @types/brorand@ts3.6 fetched in 187ms
60 http fetch GET 304 https://registry.npmjs.org/@types%2fbytes 155ms (from cache)
61 http fetch GET 304 https://registry.npmjs.org/@types%2fcacache 148ms (from cache)
62 http fetch GET 304 https://registry.npmjs.org/@types%2fcaniuse-api 129ms (from cache)
63 http fetch GET 304 https://registry.npmjs.org/@types%2fcall-bind 140ms (from cache)
64 silly pacote tag manifest for @types/buffer-xor@ts3.6 fetched in 164ms
65 silly registry:manifest no matching version for @types/call-bind@ts3.6 in the cache. Forcing revalidation.
66 silly pacote tag manifest for @types/bytes@ts3.6 fetched in 197ms
67 silly pacote tag manifest for @types/cacache@ts3.6 fetched in 190ms
68 silly pacote tag manifest for @types/caniuse-api@ts3.6 fetched in 174ms
69 http fetch GET 200 https://registry.npmjs.org/@types%2fclean-css 59ms (from cache)
70 silly pacote tag manifest for @types/clean-css@ts3.6 fetched in 65ms
71 http fetch GET 200 https://registry.npmjs.org/@types%2fcall-bind 166ms
72 silly fetchPackageMetaData error for @types/call-bind@ts3.6 No matching version found for @types/call-bind@ts3.6.
73 http fetch GET 304 https://registry.npmjs.org/@types%2fcaniuse-lite 188ms (from cache)
74 silly pacote tag manifest for @types/caniuse-lite@ts3.6 fetched in 196ms
75 http fetch GET 304 https://registry.npmjs.org/@types%2fchownr 194ms (from cache)
76 http fetch GET 304 https://registry.npmjs.org/@types%2fcheck-types 196ms (from cache)
77 http fetch GET 304 https://registry.npmjs.org/@types%2fcolor 150ms (from cache)
78 http fetch GET 304 https://registry.npmjs.org/@types%2fcase-sensitive-paths-webpack-plugin 197ms (from cache)
79 http fetch GET 304 https://registry.npmjs.org/@types%2fcolor-convert 143ms (from cache)
80 http fetch GET 304 https://registry.npmjs.org/@types%2fcolor-name 124ms (from cache)
81 http fetch GET 304 https://registry.npmjs.org/@types%2fco 153ms (from cache)
82 http fetch GET 304 https://registry.npmjs.org/@types%2fcipher-base 198ms (from cache)
83 silly pacote tag manifest for @types/chownr@ts3.6 fetched in 205ms
84 silly pacote tag manifest for @types/check-types@ts3.6 fetched in 208ms
85 silly pacote tag manifest for @types/color@ts3.6 fetched in 162ms
86 silly pacote tag manifest for @types/case-sensitive-paths-webpack-plugin@ts3.6 fetched in 211ms
87 silly pacote tag manifest for @types/color-convert@ts3.6 fetched in 156ms
88 silly pacote tag manifest for @types/color-name@ts3.6 fetched in 137ms
89 silly pacote tag manifest for @types/co@ts3.6 fetched in 175ms
90 silly pacote tag manifest for @types/cipher-base@ts3.6 fetched in 221ms
91 http fetch GET 200 https://registry.npmjs.org/@types%2fconcat-stream 144ms (from cache)
92 silly pacote tag manifest for @types/concat-stream@ts3.6 fetched in 245ms
93 http fetch GET 304 https://registry.npmjs.org/@types%2fcolor-string 424ms (from cache)
94 http fetch GET 304 https://registry.npmjs.org/@types%2fcombined-stream 441ms (from cache)
95 silly pacote tag manifest for @types/color-string@ts3.6 fetched in 469ms
96 silly pacote tag manifest for @types/combined-stream@ts3.6 fetched in 486ms
97 http fetch GET 304 https://registry.npmjs.org/@types%2fcommon-tags 471ms (from cache)
98 http fetch GET 304 https://registry.npmjs.org/@types%2fcomponent-emitter 478ms (from cache)
99 http fetch GET 304 https://registry.npmjs.org/@types%2fcompose-function 478ms (from cache)
100 http fetch GET 304 https://registry.npmjs.org/@types%2fcommondir 485ms (from cache)
101 http fetch GET 304 https://registry.npmjs.org/@types%2fcompressible 481ms (from cache)
102 http fetch GET 304 https://registry.npmjs.org/@types%2fcompression 502ms (from cache)
103 http fetch GET 304 https://registry.npmjs.org/@types%2fconcat-map 508ms (from cache)
104 silly pacote tag manifest for @types/common-tags@ts3.6 fetched in 529ms
105 silly pacote tag manifest for @types/component-emitter@ts3.6 fetched in 525ms
106 silly pacote tag manifest for @types/compose-function@ts3.6 fetched in 530ms
107 silly pacote tag manifest for @types/commondir@ts3.6 fetched in 536ms
108 silly pacote tag manifest for @types/compressible@ts3.6 fetched in 531ms
109 silly pacote tag manifest for @types/compression@ts3.6 fetched in 536ms
110 silly pacote tag manifest for @types/concat-map@ts3.6 fetched in 537ms
111 http fetch GET 304 https://registry.npmjs.org/@types%2fconfusing-browser-globals 331ms (from cache)
112 silly pacote tag manifest for @types/confusing-browser-globals@ts3.6 fetched in 334ms
113 http fetch GET 304 https://registry.npmjs.org/@types%2fconnect-history-api-fallback 193ms (from cache)
114 http fetch GET 304 https://registry.npmjs.org/@types%2fcontent-disposition 175ms (from cache)
115 silly pacote tag manifest for @types/connect-history-api-fallback@ts3.6 fetched in 207ms
116 silly pacote tag manifest for @types/content-disposition@ts3.6 fetched in 186ms
117 http fetch GET 304 https://registry.npmjs.org/@types%2fcookie 152ms (from cache)
118 http fetch GET 304 https://registry.npmjs.org/@types%2fconvert-source-map 154ms (from cache)
119 http fetch GET 304 https://registry.npmjs.org/@types%2fcookie-signature 153ms (from cache)
120 http fetch GET 304 https://registry.npmjs.org/@types%2fcontent-type 156ms (from cache)
121 http fetch GET 304 https://registry.npmjs.org/@types%2fcore-js 155ms (from cache)
122 silly pacote tag manifest for @types/cookie@ts3.6 fetched in 165ms
123 silly pacote tag manifest for @types/convert-source-map@ts3.6 fetched in 166ms
124 silly pacote tag manifest for @types/cookie-signature@ts3.6 fetched in 166ms
125 http fetch GET 304 https://registry.npmjs.org/@types%2fcreate-hash 165ms (from cache)
126 http fetch GET 304 https://registry.npmjs.org/@types%2fcreate-hmac 162ms (from cache)
127 silly pacote tag manifest for @types/content-type@ts3.6 fetched in 172ms
128 silly pacote tag manifest for @types/core-js@ts3.6 fetched in 174ms
129 silly pacote tag manifest for @types/create-hash@ts3.6 fetched in 188ms
130 silly pacote tag manifest for @types/create-hmac@ts3.6 fetched in 188ms
131 http fetch GET 304 https://registry.npmjs.org/@types%2fcross-spawn 160ms (from cache)
132 silly pacote tag manifest for @types/cross-spawn@ts3.6 fetched in 185ms
133 http fetch GET 304 https://registry.npmjs.org/@types%2fcss 179ms (from cache)
134 http fetch GET 304 https://registry.npmjs.org/@types%2fcss-declaration-sorter 170ms (from cache)
135 silly pacote tag manifest for @types/css@ts3.6 fetched in 185ms
136 silly pacote tag manifest for @types/css-declaration-sorter@ts3.6 fetched in 177ms
137 http fetch GET 304 https://registry.npmjs.org/@types%2fcss-tree 136ms (from cache)
138 http fetch GET 304 https://registry.npmjs.org/@types%2fcssesc 136ms (from cache)
139 http fetch GET 304 https://registry.npmjs.org/@types%2fcss.escape 146ms (from cache)
140 silly pacote tag manifest for @types/css-tree@ts3.6 fetched in 148ms
141 silly pacote tag manifest for @types/cssesc@ts3.6 fetched in 146ms
142 silly registry:manifest no matching version for @types/css.escape@ts3.6 in the cache. Forcing revalidation.
143 http fetch GET 304 https://registry.npmjs.org/@types%2fcssom 147ms (from cache)
144 http fetch GET 304 https://registry.npmjs.org/@types%2fcsso 149ms (from cache)
145 silly pacote tag manifest for @types/csso@ts3.6 fetched in 170ms
146 silly pacote tag manifest for @types/cssom@ts3.6 fetched in 169ms
147 http fetch GET 304 https://registry.npmjs.org/@types%2fdamerau-levenshtein 152ms (from cache)
148 http fetch GET 304 https://registry.npmjs.org/@types%2fcssstyle 164ms (from cache)
149 silly pacote tag manifest for @types/damerau-levenshtein@ts3.6 fetched in 167ms
150 silly pacote tag manifest for @types/cssstyle@ts3.6 fetched in 180ms
151 http fetch GET 304 https://registry.npmjs.org/@types%2fdata-urls 165ms (from cache)
152 silly pacote tag manifest for @types/data-urls@ts3.6 fetched in 175ms
153 http fetch GET 304 https://registry.npmjs.org/@types%2fdebug 149ms (from cache)
154 http fetch GET 200 https://registry.npmjs.org/@types%2fcss.escape 126ms
155 silly fetchPackageMetaData error for @types/css.escape@ts3.6 No matching version found for @types/css.escape@ts3.6.
156 http fetch GET 304 https://registry.npmjs.org/@types%2fdecode-uri-component 152ms (from cache)
157 silly pacote tag manifest for @types/debug@ts3.6 fetched in 161ms
158 silly pacote tag manifest for @types/decode-uri-component@ts3.6 fetched in 161ms
159 http fetch GET 304 https://registry.npmjs.org/@types%2fdedent 158ms (from cache)
160 http fetch GET 304 https://registry.npmjs.org/@types%2fdeep-equal 157ms (from cache)
161 http fetch GET 304 https://registry.npmjs.org/@types%2fdefine-properties 146ms (from cache)
162 http fetch GET 304 https://registry.npmjs.org/@types%2fdefault-gateway 150ms (from cache)
163 silly pacote tag manifest for @types/dedent@ts3.6 fetched in 185ms
164 silly pacote tag manifest for @types/deep-equal@ts3.6 fetched in 184ms
165 silly pacote tag manifest for @types/define-properties@ts3.6 fetched in 203ms
166 silly pacote tag manifest for @types/default-gateway@ts3.6 fetched in 208ms
167 http fetch GET 304 https://registry.npmjs.org/@types%2fdepd 247ms (from cache)
168 http fetch GET 200 https://registry.npmjs.org/@types%2fdoctrine 158ms (from cache)
169 silly pacote tag manifest for @types/depd@ts3.6 fetched in 306ms
170 http fetch GET 304 https://registry.npmjs.org/@types%2fdestroy 318ms (from cache)
171 silly pacote tag manifest for @types/doctrine@ts3.6 fetched in 196ms
172 silly pacote tag manifest for @types/destroy@ts3.6 fetched in 331ms
173 http fetch GET 304 https://registry.npmjs.org/@types%2fdetect-node 308ms (from cache)
174 http fetch GET 304 https://registry.npmjs.org/@types%2fdiffie-hellman 289ms (from cache)
175 http fetch GET 304 https://registry.npmjs.org/@types%2fdir-glob 285ms (from cache)
176 silly pacote tag manifest for @types/detect-node@ts3.6 fetched in 313ms
177 http fetch GET 304 https://registry.npmjs.org/@types%2fdns-packet 284ms (from cache)
178 silly pacote tag manifest for @types/diffie-hellman@ts3.6 fetched in 296ms
179 silly pacote tag manifest for @types/dir-glob@ts3.6 fetched in 294ms
180 http fetch GET 304 https://registry.npmjs.org/@types%2fdns-txt 249ms (from cache)
181 silly pacote tag manifest for @types/dns-packet@ts3.6 fetched in 293ms
182 silly registry:manifest no matching version for @types/dns-txt@ts3.6 in the cache. Forcing revalidation.
183 http fetch GET 304 https://registry.npmjs.org/@types%2fdomexception 230ms (from cache)
184 http fetch GET 304 https://registry.npmjs.org/@types%2fdomutils 215ms (from cache)
185 silly pacote tag manifest for @types/domexception@ts3.6 fetched in 236ms
186 silly pacote tag manifest for @types/domutils@ts3.6 fetched in 223ms
187 http fetch GET 304 https://registry.npmjs.org/@types%2fduplexify 167ms (from cache)
188 http fetch GET 304 https://registry.npmjs.org/@types%2fee-first 138ms (from cache)
189 http fetch GET 304 https://registry.npmjs.org/@types%2fejs 135ms (from cache)
190 silly pacote tag manifest for @types/duplexify@ts3.6 fetched in 179ms
191 silly pacote tag manifest for @types/ee-first@ts3.6 fetched in 150ms
192 silly pacote tag manifest for @types/ejs@ts3.6 fetched in 147ms
193 http fetch GET 200 https://registry.npmjs.org/@types%2fdns-txt 111ms
194 silly fetchPackageMetaData error for @types/dns-txt@ts3.6 No matching version found for @types/dns-txt@ts3.6.
195 http fetch GET 304 https://registry.npmjs.org/@types%2felliptic 148ms (from cache)
196 http fetch GET 304 https://registry.npmjs.org/@types%2fencodeurl 147ms (from cache)
197 http fetch GET 304 https://registry.npmjs.org/@types%2fend-of-stream 146ms (from cache)
198 silly pacote tag manifest for @types/elliptic@ts3.6 fetched in 162ms
199 http fetch GET 304 https://registry.npmjs.org/@types%2fes-abstract 151ms (from cache)
200 silly pacote tag manifest for @types/encodeurl@ts3.6 fetched in 160ms
201 silly pacote tag manifest for @types/end-of-stream@ts3.6 fetched in 159ms
202 http fetch GET 200 https://registry.npmjs.org/@types%2feslint-scope 42ms (from cache)
203 silly pacote tag manifest for @types/es-abstract@ts3.6 fetched in 184ms
204 silly pacote tag manifest for @types/eslint-scope@ts3.6 fetched in 76ms
205 http fetch GET 304 https://registry.npmjs.org/@types%2fes-get-iterator 168ms (from cache)
206 http fetch GET 304 https://registry.npmjs.org/@types%2fes-to-primitive 178ms (from cache)
207 silly pacote tag manifest for @types/es-get-iterator@ts3.6 fetched in 186ms
208 silly pacote tag manifest for @types/es-to-primitive@ts3.6 fetched in 192ms
209 http fetch GET 304 https://registry.npmjs.org/@types%2feslint 175ms (from cache)
210 http fetch GET 304 https://registry.npmjs.org/@types%2fescape-html 201ms (from cache)
211 http fetch GET 304 https://registry.npmjs.org/@types%2fescodegen 195ms (from cache)
212 silly pacote tag manifest for @types/eslint@ts3.6 fetched in 210ms
213 silly pacote tag manifest for @types/escape-html@ts3.6 fetched in 227ms
214 silly pacote tag manifest for @types/escodegen@ts3.6 fetched in 225ms
215 http fetch GET 304 https://registry.npmjs.org/@types%2fesquery 209ms (from cache)
216 http fetch GET 304 https://registry.npmjs.org/@types%2feslint-utils 228ms (from cache)
217 http fetch GET 304 https://registry.npmjs.org/@types%2fesprima 226ms (from cache)
218 silly pacote tag manifest for @types/esquery@ts3.6 fetched in 242ms
219 silly pacote tag manifest for @types/eslint-utils@ts3.6 fetched in 248ms
220 silly pacote tag manifest for @types/esprima@ts3.6 fetched in 256ms
221 http fetch GET 304 https://registry.npmjs.org/@types%2festraverse 220ms (from cache)
222 http fetch GET 304 https://registry.npmjs.org/@types%2fesutils 217ms (from cache)
223 silly pacote tag manifest for @types/estraverse@ts3.6 fetched in 258ms
224 silly pacote tag manifest for @types/esutils@ts3.6 fetched in 264ms
225 http fetch GET 304 https://registry.npmjs.org/@types%2fetag 345ms (from cache)
226 http fetch GET 304 https://registry.npmjs.org/@types%2fevents 345ms (from cache)
227 silly pacote tag manifest for @types/etag@ts3.6 fetched in 420ms
228 silly pacote tag manifest for @types/events@ts3.6 fetched in 411ms
229 http fetch GET 304 https://registry.npmjs.org/@types%2feventsource 470ms (from cache)
230 http fetch GET 304 https://registry.npmjs.org/@types%2ffast-levenshtein 472ms (from cache)
231 silly pacote tag manifest for @types/eventsource@ts3.6 fetched in 501ms
232 http fetch GET 304 https://registry.npmjs.org/@types%2fexit 500ms (from cache)
233 http fetch GET 304 https://registry.npmjs.org/@types%2ffb-watchman 431ms (from cache)
234 silly pacote tag manifest for @types/fast-levenshtein@ts3.6 fetched in 517ms
235 http fetch GET 304 https://registry.npmjs.org/@types%2ffile-entry-cache 466ms (from cache)
236 silly pacote tag manifest for @types/exit@ts3.6 fetched in 548ms
237 http fetch GET 304 https://registry.npmjs.org/@types%2ffile-loader 474ms (from cache)
238 silly pacote tag manifest for @types/fb-watchman@ts3.6 fetched in 492ms
239 http fetch GET 304 https://registry.npmjs.org/@types%2ffill-range 435ms (from cache)
240 silly registry:manifest no matching version for @types/fill-range@ts3.6 in the cache. Forcing revalidation.
241 http fetch GET 304 https://registry.npmjs.org/@types%2ffinalhandler 462ms (from cache)
242 silly pacote tag manifest for @types/file-entry-cache@ts3.6 fetched in 527ms
243 silly pacote tag manifest for @types/file-loader@ts3.6 fetched in 540ms
244 silly pacote tag manifest for @types/finalhandler@ts3.6 fetched in 529ms
245 http fetch GET 304 https://registry.npmjs.org/@types%2ffind-cache-dir 392ms (from cache)
246 silly pacote tag manifest for @types/find-cache-dir@ts3.6 fetched in 411ms
247 http fetch GET 304 https://registry.npmjs.org/@types%2fflat-cache 402ms (from cache)
248 silly pacote tag manifest for @types/flat-cache@ts3.6 fetched in 430ms
249 http fetch GET 200 https://registry.npmjs.org/@types%2ffill-range 177ms
250 silly fetchPackageMetaData error for @types/fill-range@ts3.6 No matching version found for @types/fill-range@ts3.6.
251 http fetch GET 304 https://registry.npmjs.org/@types%2fflush-write-stream 274ms (from cache)
252 http fetch GET 304 https://registry.npmjs.org/@types%2ffollow-redirects 248ms (from cache)
253 http fetch GET 304 https://registry.npmjs.org/@types%2fforwarded 218ms (from cache)
254 silly pacote tag manifest for @types/flush-write-stream@ts3.6 fetched in 284ms
255 silly pacote tag manifest for @types/follow-redirects@ts3.6 fetched in 258ms
256 silly pacote tag manifest for @types/forwarded@ts3.6 fetched in 229ms
257 http fetch GET 304 https://registry.npmjs.org/@types%2ffresh 219ms (from cache)
258 http fetch GET 304 https://registry.npmjs.org/@types%2ffrom2 193ms (from cache)
259 silly pacote tag manifest for @types/fresh@ts3.6 fetched in 245ms
260 silly pacote tag manifest for @types/from2@ts3.6 fetched in 213ms
261 http fetch GET 304 https://registry.npmjs.org/@types%2ffs-minipass 190ms (from cache)
262 silly registry:manifest no matching version for @types/fs-minipass@ts3.6 in the cache. Forcing revalidation.
263 http fetch GET 304 https://registry.npmjs.org/@types%2ffunction-bind 180ms (from cache)
264 silly pacote tag manifest for @types/function-bind@ts3.6 fetched in 196ms
265 http fetch GET 304 https://registry.npmjs.org/@types%2fgensync 131ms (from cache)
266 silly registry:manifest no matching version for @types/gensync@ts3.6 in the cache. Forcing revalidation.
267 http fetch GET 304 https://registry.npmjs.org/@types%2ffunctional-red-black-tree 163ms (from cache)
268 http fetch GET 304 https://registry.npmjs.org/@types%2fget-intrinsic 125ms (from cache)
269 silly registry:manifest no matching version for @types/get-intrinsic@ts3.6 in the cache. Forcing revalidation.
270 silly pacote tag manifest for @types/functional-red-black-tree@ts3.6 fetched in 173ms
271 http fetch GET 304 https://registry.npmjs.org/@types%2fglob 125ms (from cache)
272 http fetch GET 304 https://registry.npmjs.org/@types%2fget-value 133ms (from cache)
273 http fetch GET 304 https://registry.npmjs.org/@types%2fglob-parent 132ms (from cache)
274 silly pacote tag manifest for @types/glob@ts3.6 fetched in 136ms
275 silly pacote tag manifest for @types/get-value@ts3.6 fetched in 145ms
276 silly pacote tag manifest for @types/glob-parent@ts3.6 fetched in 139ms
277 http fetch GET 304 https://registry.npmjs.org/@types%2fglobal-modules 109ms (from cache)
278 silly pacote tag manifest for @types/global-modules@ts3.6 fetched in 134ms
279 http fetch GET 304 https://registry.npmjs.org/@types%2fglobal-prefix 135ms (from cache)
280 silly pacote tag manifest for @types/global-prefix@ts3.6 fetched in 143ms
281 http fetch GET 304 https://registry.npmjs.org/@types%2fglobalthis 111ms (from cache)
282 http fetch GET 200 https://registry.npmjs.org/@types%2fgopd 80ms
283 silly fetchPackageMetaData error for @types/gopd@ts3.6 No matching version found for @types/gopd@ts3.6.
284 http fetch GET 200 https://registry.npmjs.org/@types%2fgensync 102ms
285 http fetch GET 200 https://registry.npmjs.org/@types%2fget-intrinsic 94ms
286 silly pacote tag manifest for @types/globalthis@ts3.6 fetched in 130ms
287 silly fetchPackageMetaData error for @types/gensync@ts3.6 No matching version found for @types/gensync@ts3.6.
288 silly fetchPackageMetaData error for @types/get-intrinsic@ts3.6 No matching version found for @types/get-intrinsic@ts3.6.
289 http fetch GET 304 https://registry.npmjs.org/@types%2fhas 148ms (from cache)
290 silly pacote tag manifest for @types/has@ts3.6 fetched in 172ms
291 http fetch GET 304 https://registry.npmjs.org/@types%2fhas-bigints 175ms (from cache)
292 silly registry:manifest no matching version for @types/has-bigints@ts3.6 in the cache. Forcing revalidation.
293 http fetch GET 304 https://registry.npmjs.org/@types%2fhas-values 155ms (from cache)
294 http fetch GET 304 https://registry.npmjs.org/@types%2fhas-symbols 167ms (from cache)
295 silly registry:manifest no matching version for @types/has-values@ts3.6 in the cache. Forcing revalidation.
296 silly pacote tag manifest for @types/has-symbols@ts3.6 fetched in 192ms
297 http fetch GET 304 https://registry.npmjs.org/@types%2fhex-color-regex 171ms (from cache)
298 http fetch GET 200 https://registry.npmjs.org/@types%2fhtml-minifier-terser 27ms (from cache)
299 http fetch GET 304 https://registry.npmjs.org/@types%2fhe 178ms (from cache)
300 silly pacote tag manifest for @types/hex-color-regex@ts3.6 fetched in 184ms
301 silly pacote tag manifest for @types/html-minifier-terser@ts3.6 fetched in 41ms
302 silly pacote tag manifest for @types/he@ts3.6 fetched in 190ms
303 http fetch GET 304 https://registry.npmjs.org/@types%2fhosted-git-info 172ms (from cache)
304 http fetch GET 304 https://registry.npmjs.org/@types%2fhtml-encoding-sniffer 173ms (from cache)
305 silly pacote tag manifest for @types/hosted-git-info@ts3.6 fetched in 188ms
306 silly pacote tag manifest for @types/html-encoding-sniffer@ts3.6 fetched in 190ms
307 http fetch GET 200 https://registry.npmjs.org/@types%2fhas-bigints 115ms
308 silly fetchPackageMetaData error for @types/has-bigints@ts3.6 No matching version found for @types/has-bigints@ts3.6.
309 http fetch GET 304 https://registry.npmjs.org/@types%2fhtml-escaper 159ms (from cache)
310 http fetch GET 200 https://registry.npmjs.org/@types%2fhas-values 135ms
311 silly fetchPackageMetaData error for @types/has-values@ts3.6 No matching version found for @types/has-values@ts3.6.
312 silly pacote tag manifest for @types/html-escaper@ts3.6 fetched in 175ms
313 http fetch GET 304 https://registry.npmjs.org/@types%2fhttp-proxy 227ms (from cache)
314 http fetch GET 304 https://registry.npmjs.org/@types%2ficss-utils 226ms (from cache)
315 http fetch GET 304 https://registry.npmjs.org/@types%2fhttp-errors 243ms (from cache)
316 http fetch GET 304 https://registry.npmjs.org/@types%2fiferr 226ms (from cache)
317 silly pacote tag manifest for @types/http-proxy@ts3.6 fetched in 248ms
318 silly pacote tag manifest for @types/icss-utils@ts3.6 fetched in 247ms
319 silly pacote tag manifest for @types/http-errors@ts3.6 fetched in 265ms
320 http fetch GET 304 https://registry.npmjs.org/@types%2fimurmurhash 224ms (from cache)
321 silly pacote tag manifest for @types/iferr@ts3.6 fetched in 273ms
322 http fetch GET 304 https://registry.npmjs.org/@types%2fimport-local 301ms (from cache)
323 silly registry:manifest no matching version for @types/import-local@ts3.6 in the cache. Forcing revalidation.
324 silly pacote tag manifest for @types/imurmurhash@ts3.6 fetched in 287ms
325 http fetch GET 304 https://registry.npmjs.org/@types%2finherits 281ms (from cache)
326 http fetch GET 304 https://registry.npmjs.org/@types%2fini 335ms (from cache)
327 silly pacote tag manifest for @types/inherits@ts3.6 fetched in 347ms
328 silly pacote tag manifest for @types/ini@ts3.6 fetched in 401ms
329 http fetch GET 200 https://registry.npmjs.org/@types%2fimport-local 288ms
330 silly fetchPackageMetaData error for @types/import-local@ts3.6 No matching version found for @types/import-local@ts3.6.
331 http fetch GET 304 https://registry.npmjs.org/@types%2fip 384ms (from cache)
332 http fetch GET 304 https://registry.npmjs.org/@types%2finternal-slot 385ms (from cache)
333 http fetch GET 304 https://registry.npmjs.org/@types%2fis-arguments 382ms (from cache)
334 http fetch GET 304 https://registry.npmjs.org/@types%2fis-bigint 364ms (from cache)
335 silly registry:manifest no matching version for @types/is-bigint@ts3.6 in the cache. Forcing revalidation.
336 silly pacote tag manifest for @types/ip@ts3.6 fetched in 419ms
337 silly pacote tag manifest for @types/internal-slot@ts3.6 fetched in 433ms
338 http fetch GET 304 https://registry.npmjs.org/@types%2fis-boolean-object 352ms (from cache)
339 silly pacote tag manifest for @types/is-arguments@ts3.6 fetched in 430ms
340 silly registry:manifest no matching version for @types/is-boolean-object@ts3.6 in the cache. Forcing revalidation.
341 http fetch GET 304 https://registry.npmjs.org/@types%2fis-buffer 317ms (from cache)
342 http fetch GET 304 https://registry.npmjs.org/@types%2fis-callable 261ms (from cache)
343 silly pacote tag manifest for @types/is-buffer@ts3.6 fetched in 328ms
344 silly pacote tag manifest for @types/is-callable@ts3.6 fetched in 269ms
345 http fetch GET 200 https://registry.npmjs.org/@types%2fis-bigint 113ms
346 silly fetchPackageMetaData error for @types/is-bigint@ts3.6 No matching version found for @types/is-bigint@ts3.6.
347 http fetch GET 304 https://registry.npmjs.org/@types%2fis-ci 164ms (from cache)
348 silly pacote tag manifest for @types/is-ci@ts3.6 fetched in 181ms
349 http fetch GET 200 https://registry.npmjs.org/@types%2fis-boolean-object 128ms
350 silly fetchPackageMetaData error for @types/is-boolean-object@ts3.6 No matching version found for @types/is-boolean-object@ts3.6.
351 http fetch GET 200 https://registry.npmjs.org/@types%2fis-map 75ms
352 silly fetchPackageMetaData error for @types/is-map@ts3.6 No matching version found for @types/is-map@ts3.6.
353 http fetch GET 304 https://registry.npmjs.org/@types%2fis-date-object 148ms (from cache)
354 http fetch GET 304 https://registry.npmjs.org/@types%2fis-core-module 170ms (from cache)
355 http fetch GET 304 https://registry.npmjs.org/@types%2fis-data-descriptor 154ms (from cache)
356 silly registry:manifest no matching version for @types/is-data-descriptor@ts3.6 in the cache. Forcing revalidation.
357 silly pacote tag manifest for @types/is-date-object@ts3.6 fetched in 160ms
358 silly pacote tag manifest for @types/is-core-module@ts3.6 fetched in 189ms
359 http fetch GET 304 https://registry.npmjs.org/@types%2fis-glob 120ms (from cache)
360 silly pacote tag manifest for @types/is-glob@ts3.6 fetched in 139ms
361 http fetch GET 304 https://registry.npmjs.org/@types%2fis-number 142ms (from cache)
362 silly pacote tag manifest for @types/is-number@ts3.6 fetched in 151ms
363 http fetch GET 304 https://registry.npmjs.org/@types%2fis-regex 146ms (from cache)
364 silly pacote tag manifest for @types/is-regex@ts3.6 fetched in 161ms
365 http fetch GET 304 https://registry.npmjs.org/@types%2fis-string 138ms (from cache)
366 silly registry:manifest no matching version for @types/is-string@ts3.6 in the cache. Forcing revalidation.
367 http fetch GET 200 https://registry.npmjs.org/@types%2fis-data-descriptor 121ms
368 silly fetchPackageMetaData error for @types/is-data-descriptor@ts3.6 No matching version found for @types/is-data-descriptor@ts3.6.
369 http fetch GET 304 https://registry.npmjs.org/@types%2fis-symbol 145ms (from cache)
370 silly registry:manifest no matching version for @types/is-symbol@ts3.6 in the cache. Forcing revalidation.
371 http fetch GET 200 https://registry.npmjs.org/@types%2fistanbul-lib-coverage 57ms (from cache)
372 http fetch GET 304 https://registry.npmjs.org/@types%2fis-typedarray 168ms (from cache)
373 silly pacote tag manifest for @types/istanbul-lib-coverage@ts3.6 fetched in 63ms
374 silly pacote tag manifest for @types/is-typedarray@ts3.6 fetched in 177ms
375 http fetch GET 304 https://registry.npmjs.org/@types%2fis-windows 184ms (from cache)
376 http fetch GET 200 https://registry.npmjs.org/@types%2fistanbul-lib-report 29ms (from cache)
377 silly pacote tag manifest for @types/is-windows@ts3.6 fetched in 211ms
378 silly pacote tag manifest for @types/istanbul-lib-report@ts3.6 fetched in 52ms
379 http fetch GET 304 https://registry.npmjs.org/@types%2fisarray 194ms (from cache)
380 http fetch GET 304 https://registry.npmjs.org/@types%2fisexe 156ms (from cache)
381 http fetch GET 200 https://registry.npmjs.org/@types%2fistanbul-reports 21ms (from cache)
382 http fetch GET 200 https://registry.npmjs.org/@types%2fjs-yaml 21ms (from cache)
383 silly pacote tag manifest for @types/isarray@ts3.6 fetched in 203ms
384 silly pacote tag manifest for @types/isexe@ts3.6 fetched in 177ms
385 http fetch GET 200 https://registry.npmjs.org/@types%2fis-string 140ms
386 http fetch GET 304 https://registry.npmjs.org/@types%2fgraceful-fs 1388ms (from cache)
387 silly fetchPackageMetaData error for @types/is-string@ts3.6 No matching version found for @types/is-string@ts3.6.
388 silly pacote tag manifest for @types/istanbul-reports@ts3.6 fetched in 34ms
389 silly pacote tag manifest for @types/js-yaml@ts3.6 fetched in 34ms
390 http fetch GET 200 https://registry.npmjs.org/@types%2fis-symbol 128ms
391 silly fetchPackageMetaData error for @types/is-symbol@ts3.6 No matching version found for @types/is-symbol@ts3.6.
392 silly pacote tag manifest for @types/graceful-fs@ts3.6 fetched in 1405ms
393 http fetch GET 304 https://registry.npmjs.org/@types%2fistanbul-lib-instrument 164ms (from cache)
394 silly pacote tag manifest for @types/istanbul-lib-instrument@ts3.6 fetched in 167ms
395 http fetch GET 304 https://registry.npmjs.org/@types%2fistanbul-lib-source-maps 116ms (from cache)
396 silly pacote tag manifest for @types/istanbul-lib-source-maps@ts3.6 fetched in 118ms
397 http fetch GET 304 https://registry.npmjs.org/@types%2fjsdom 109ms (from cache)
398 http fetch GET 304 https://registry.npmjs.org/@types%2fjsesc 114ms (from cache)
399 silly pacote tag manifest for @types/jsdom@ts3.6 fetched in 122ms
400 silly pacote tag manifest for @types/jsesc@ts3.6 fetched in 139ms
401 http fetch GET 304 https://registry.npmjs.org/@types%2fjson-parse-better-errors 181ms (from cache)
402 http fetch GET 304 https://registry.npmjs.org/@types%2fjsonfile 181ms (from cache)
403 http fetch GET 304 https://registry.npmjs.org/@types%2fjson-stable-stringify-without-jsonify 182ms (from cache)
404 http fetch GET 304 https://registry.npmjs.org/@types%2fkind-of 171ms (from cache)
405 http fetch GET 304 https://registry.npmjs.org/@types%2floader-utils 139ms (from cache)
406 silly registry:manifest no matching version for @types/json-stable-stringify-without-jsonify@ts3.6 in the cache. Forcing revalidation.
407 http fetch GET 304 https://registry.npmjs.org/@types%2flanguage-tags 175ms (from cache)
408 silly registry:manifest no matching version for @types/language-tags@ts3.6 in the cache. Forcing revalidation.
409 http fetch GET 304 https://registry.npmjs.org/@types%2floader-runner 154ms (from cache)
410 silly pacote tag manifest for @types/json-parse-better-errors@ts3.6 fetched in 195ms
411 silly pacote tag manifest for @types/jsonfile@ts3.6 fetched in 194ms
412 silly pacote tag manifest for @types/loader-utils@ts3.6 fetched in 153ms
413 silly pacote tag manifest for @types/kind-of@ts3.6 fetched in 187ms
414 silly pacote tag manifest for @types/loader-runner@ts3.6 fetched in 170ms
415 http fetch GET 304 https://registry.npmjs.org/@types%2flodash.memoize 92ms (from cache)
416 http fetch GET 304 https://registry.npmjs.org/@types%2flodash.debounce 113ms (from cache)
417 silly pacote tag manifest for @types/lodash.memoize@ts3.6 fetched in 96ms
418 silly pacote tag manifest for @types/lodash.debounce@ts3.6 fetched in 116ms
419 http fetch GET 200 https://registry.npmjs.org/@types%2fjson-stable-stringify-without-jsonify 66ms
420 silly fetchPackageMetaData error for @types/json-stable-stringify-without-jsonify@ts3.6 No matching version found for @types/json-stable-stringify-without-jsonify@ts3.6.
421 http fetch GET 200 https://registry.npmjs.org/@types%2flanguage-tags 65ms
422 silly fetchPackageMetaData error for @types/language-tags@ts3.6 No matching version found for @types/language-tags@ts3.6.
423 http fetch GET 304 https://registry.npmjs.org/@types%2flodash.merge 70ms (from cache)
424 silly pacote tag manifest for @types/lodash.merge@ts3.6 fetched in 74ms
425 http fetch GET 304 https://registry.npmjs.org/@types%2flodash.template 67ms (from cache)
426 silly pacote tag manifest for @types/lodash.template@ts3.6 fetched in 69ms
427 http fetch GET 304 https://registry.npmjs.org/@types%2flodash.truncate 70ms (from cache)
428 silly pacote tag manifest for @types/lodash.truncate@ts3.6 fetched in 71ms
429 http fetch GET 200 https://registry.npmjs.org/@types%2ffs-minipass 2514ms
430 silly fetchPackageMetaData error for @types/fs-minipass@ts3.6 No matching version found for @types/fs-minipass@ts3.6.
431 timing stage:rollbackFailedOptional Completed in 1ms
432 timing stage:runTopLevelLifecycles Completed in 6726ms
433 verbose type tag
434 verbose stack @types/call-bind: No matching version found for @types/call-bind@ts3.6.
434 verbose stack     at pickManifest (/usr/local/lib/node_modules/npm/node_modules/npm-pick-manifest/index.js:122:13)
434 verbose stack     at /usr/local/lib/node_modules/npm/node_modules/pacote/lib/fetchers/registry/manifest.js:43:18
434 verbose stack     at tryCatcher (/usr/local/lib/node_modules/npm/node_modules/bluebird/js/release/util.js:16:23)
434 verbose stack     at Promise._settlePromiseFromHandler (/usr/local/lib/node_modules/npm/node_modules/bluebird/js/release/promise.js:517:31)
434 verbose stack     at Promise._settlePromise (/usr/local/lib/node_modules/npm/node_modules/bluebird/js/release/promise.js:574:18)
434 verbose stack     at Promise._settlePromise0 (/usr/local/lib/node_modules/npm/node_modules/bluebird/js/release/promise.js:619:10)
434 verbose stack     at Promise._settlePromises (/usr/local/lib/node_modules/npm/node_modules/bluebird/js/release/promise.js:699:18)
434 verbose stack     at _drainQueueStep (/usr/local/lib/node_modules/npm/node_modules/bluebird/js/release/async.js:138:12)
434 verbose stack     at _drainQueue (/usr/local/lib/node_modules/npm/node_modules/bluebird/js/release/async.js:131:9)
434 verbose stack     at Async._drainQueues (/usr/local/lib/node_modules/npm/node_modules/bluebird/js/release/async.js:147:5)
434 verbose stack     at Immediate.Async.drainQueues [as _onImmediate] (/usr/local/lib/node_modules/npm/node_modules/bluebird/js/release/async.js:17:14)
434 verbose stack     at processImmediate (internal/timers.js:456:21)
435 verbose cwd /home/theia/.cache/typescript/3.6
436 verbose Linux 5.10.16.3-microsoft-standard-WSL2
437 verbose argv "/usr/local/bin/node" "/usr/local/bin/npm" "install" "--ignore-scripts" "@types/accepts@ts3.6" "@types/argparse@ts3.6" "@types/aria-query@ts3.6" "@types/arr-diff@ts3.6" "@types/arr-union@ts3.6" "@types/array-unique@ts3.6" "@types/array.prototype.flat@ts3.6" "@types/array.prototype.flatmap@ts3.6" "@types/asap@ts3.6" "@types/assert@ts3.6" "@types/async@ts3.6" "@types/atob@ts3.6" "@types/babel-plugin-macros@ts3.6" "@types/babylon@ts3.6" "@types/balanced-match@ts3.6" "@types/big.js@ts3.6" "@types/bluebird@ts3.6" "@types/bn.js@ts3.6" "@types/body-parser@ts3.6" "@types/bonjour@ts3.6" "@types/boolbase@ts3.6" "@types/brace-expansion@ts3.6" "@types/braces@ts3.6" "@types/brorand@ts3.6" "@types/bser@ts3.6" "@types/buffer-from@ts3.6" "@types/buffer-xor@ts3.6" "@types/bytes@ts3.6" "@types/cacache@ts3.6" "@types/call-bind@ts3.6" "@types/caniuse-api@ts3.6" "@types/caniuse-lite@ts3.6" "@types/case-sensitive-paths-webpack-plugin@ts3.6" "@types/check-types@ts3.6" "@types/chownr@ts3.6" "@types/cipher-base@ts3.6" "@types/clean-css@ts3.6" "@types/co@ts3.6" "@types/color@ts3.6" "@types/color-convert@ts3.6" "@types/color-name@ts3.6" "@types/color-string@ts3.6" "@types/combined-stream@ts3.6" "@types/common-tags@ts3.6" "@types/commondir@ts3.6" "@types/component-emitter@ts3.6" "@types/compose-function@ts3.6" "@types/compressible@ts3.6" "@types/compression@ts3.6" "@types/concat-map@ts3.6" "@types/concat-stream@ts3.6" "@types/confusing-browser-globals@ts3.6" "@types/connect-history-api-fallback@ts3.6" "@types/content-disposition@ts3.6" "@types/content-type@ts3.6" "@types/convert-source-map@ts3.6" "@types/cookie@ts3.6" "@types/cookie-signature@ts3.6" "@types/core-js@ts3.6" "@types/create-hash@ts3.6" "@types/create-hmac@ts3.6" "@types/cross-spawn@ts3.6" "@types/css@ts3.6" "@types/css-declaration-sorter@ts3.6" "@types/css-tree@ts3.6" "@types/css.escape@ts3.6" "@types/cssesc@ts3.6" "@types/csso@ts3.6" "@types/cssom@ts3.6" "@types/cssstyle@ts3.6" "@types/damerau-levenshtein@ts3.6" "@types/data-urls@ts3.6" "@types/debug@ts3.6" "@types/decode-uri-component@ts3.6" "@types/dedent@ts3.6" "@types/deep-equal@ts3.6" "@types/default-gateway@ts3.6" "@types/define-properties@ts3.6" "@types/depd@ts3.6" "@types/destroy@ts3.6" "@types/detect-node@ts3.6" "@types/diffie-hellman@ts3.6" "@types/dir-glob@ts3.6" "@types/dns-packet@ts3.6" "@types/dns-txt@ts3.6" "@types/doctrine@ts3.6" "@types/domexception@ts3.6" "@types/domutils@ts3.6" "@types/duplexify@ts3.6" "@types/ee-first@ts3.6" "@types/ejs@ts3.6" "@types/elliptic@ts3.6" "@types/encodeurl@ts3.6" "@types/end-of-stream@ts3.6" "@types/es-abstract@ts3.6" "@types/es-get-iterator@ts3.6" "@types/es-to-primitive@ts3.6" "@types/escape-html@ts3.6" "@types/escodegen@ts3.6" "@types/eslint@ts3.6" "@types/eslint-scope@ts3.6" "@types/eslint-utils@ts3.6" "@types/esprima@ts3.6" "@types/esquery@ts3.6" "@types/estraverse@ts3.6" "@types/esutils@ts3.6" "@types/etag@ts3.6" "@types/events@ts3.6" "@types/eventsource@ts3.6" "@types/exit@ts3.6" "@types/fast-levenshtein@ts3.6" "@types/fb-watchman@ts3.6" "@types/file-entry-cache@ts3.6" "@types/file-loader@ts3.6" "@types/fill-range@ts3.6" "@types/finalhandler@ts3.6" "@types/find-cache-dir@ts3.6" "@types/flat-cache@ts3.6" "@types/flush-write-stream@ts3.6" "@types/follow-redirects@ts3.6" "@types/forwarded@ts3.6" "@types/fresh@ts3.6" "@types/from2@ts3.6" "@types/fs-minipass@ts3.6" "@types/function-bind@ts3.6" "@types/functional-red-black-tree@ts3.6" "@types/gensync@ts3.6" "@types/get-intrinsic@ts3.6" "@types/get-value@ts3.6" "@types/glob@ts3.6" "@types/glob-parent@ts3.6" "@types/global-modules@ts3.6" "@types/global-prefix@ts3.6" "@types/globalthis@ts3.6" "@types/gopd@ts3.6" "@types/graceful-fs@ts3.6" "@types/has@ts3.6" "@types/has-bigints@ts3.6" "@types/has-symbols@ts3.6" "@types/has-values@ts3.6" "@types/he@ts3.6" "@types/hex-color-regex@ts3.6" "@types/hosted-git-info@ts3.6" "@types/html-encoding-sniffer@ts3.6" "@types/html-escaper@ts3.6" "@types/html-minifier-terser@ts3.6" "@types/http-errors@ts3.6" "@types/http-proxy@ts3.6" "@types/icss-utils@ts3.6" "@types/iferr@ts3.6" "@types/import-local@ts3.6" "@types/imurmurhash@ts3.6" "@types/inherits@ts3.6" "@types/ini@ts3.6" "@types/internal-slot@ts3.6" "@types/ip@ts3.6" "@types/is-arguments@ts3.6" "@types/is-bigint@ts3.6" "@types/is-boolean-object@ts3.6" "@types/is-buffer@ts3.6" "@types/is-callable@ts3.6" "@types/is-ci@ts3.6" "@types/is-core-module@ts3.6" "@types/is-data-descriptor@ts3.6" "@types/is-date-object@ts3.6" "@types/is-glob@ts3.6" "@types/is-map@ts3.6" "@types/is-number@ts3.6" "@types/is-regex@ts3.6" "@types/is-string@ts3.6" "@types/is-symbol@ts3.6" "@types/is-typedarray@ts3.6" "@types/is-windows@ts3.6" "@types/isarray@ts3.6" "@types/isexe@ts3.6" "@types/istanbul-lib-coverage@ts3.6" "@types/istanbul-lib-instrument@ts3.6" "@types/istanbul-lib-report@ts3.6" "@types/istanbul-lib-source-maps@ts3.6" "@types/istanbul-reports@ts3.6" "@types/js-yaml@ts3.6" "@types/jsdom@ts3.6" "@types/jsesc@ts3.6" "@types/json-parse-better-errors@ts3.6" "@types/json-stable-stringify-without-jsonify@ts3.6" "@types/jsonfile@ts3.6" "@types/kind-of@ts3.6" "@types/language-tags@ts3.6" "@types/loader-runner@ts3.6" "@types/loader-utils@ts3.6" "@types/lodash.debounce@ts3.6" "@types/lodash.memoize@ts3.6" "@types/lodash.merge@ts3.6" "@types/lodash.template@ts3.6" "@types/lodash.truncate@ts3.6" "--save-dev" "--user-agent=typesInstaller/3.6.3"
438 verbose node v12.18.3
439 verbose npm  v6.14.6
440 error code ETARGET
441 error notarget No matching version found for @types/call-bind@ts3.6.
442 error notarget In most cases you or one of your dependencies are requesting
442 error notarget a package version that doesn't exist.
443 verbose exit [ 1, true ]
