0 info it worked if it ends with ok
1 verbose cli [
1 verbose cli   '/usr/local/bin/node',
1 verbose cli   '/usr/local/bin/npm',
1 verbose cli   'install',
1 verbose cli   '--ignore-scripts',
1 verbose cli   '@types/lodash.uniq@ts3.6',
1 verbose cli   '@types/media-typer@ts3.6',
1 verbose cli   '@types/memory-fs@ts3.6',
1 verbose cli   '@types/memorystream@ts3.6',
1 verbose cli   '@types/merge-descriptors@ts3.6',
1 verbose cli   '@types/merge-stream@ts3.6',
1 verbose cli   '@types/merge2@ts3.6',
1 verbose cli   '@types/methods@ts3.6',
1 verbose cli   '@types/micromatch@ts3.6',
1 verbose cli   '@types/mime@ts3.6',
1 verbose cli   '@types/mime-db@ts3.6',
1 verbose cli   '@types/mime-types@ts3.6',
1 verbose cli   '@types/min-indent@ts3.6',
1 verbose cli   '@types/minimalistic-assert@ts3.6',
1 verbose cli   '@types/minimist@ts3.6',
1 verbose cli   '@types/minizlib@ts3.6',
1 verbose cli   '@types/move-concurrently@ts3.6',
1 verbose cli   '@types/ms@ts3.6',
1 verbose cli   '@types/multicast-dns@ts3.6',
1 verbose cli   '@types/natural-compare@ts3.6',
1 verbose cli   '@types/negotiator@ts3.6',
1 verbose cli   '@types/neo-async@ts3.6',
1 verbose cli   '@types/next-tick@ts3.6',
1 verbose cli   '@types/nice-try@ts3.6',
1 verbose cli   '@types/node-forge@ts3.6',
1 verbose cli   '@types/node-int64@ts3.6',
1 verbose cli   '@types/node-notifier@ts3.6',
1 verbose cli   '@types/normalize-package-data@ts3.6',
1 verbose cli   '@types/normalize-path@ts3.6',
1 verbose cli   '@types/num2fraction@ts3.6',
1 verbose cli   '@types/nwsapi@ts3.6',
1 verbose cli   '@types/object-assign@ts3.6',
1 verbose cli   '@types/object-inspect@ts3.6',
1 verbose cli   '@types/object-keys@ts3.6',
1 verbose cli   '@types/object.fromentries@ts3.6',
1 verbose cli   '@types/object.getownpropertydescriptors@ts3.6',
1 verbose cli   '@types/object.pick@ts3.6',
1 verbose cli   '@types/on-finished@ts3.6',
1 verbose cli   '@types/on-headers@ts3.6',
1 verbose cli   '@types/once@ts3.6',
1 verbose cli   '@types/optimize-css-assets-webpack-plugin@ts3.6',
1 verbose cli   '@types/pako@ts3.6',
1 verbose cli   '@types/parallel-transform@ts3.6',
1 verbose cli   '@types/parse-json@ts3.6',
1 verbose cli   '@types/parseurl@ts3.6',
1 verbose cli   '@types/pascalcase@ts3.6',
1 verbose cli   '@types/path-browserify@ts3.6',
1 verbose cli   '@types/path-is-absolute@ts3.6',
1 verbose cli   '@types/path-is-inside@ts3.6',
1 verbose cli   '@types/path-parse@ts3.6',
1 verbose cli   '@types/pbkdf2@ts3.6',
1 verbose cli   '@types/picomatch@ts3.6',
1 verbose cli   '@types/pify@ts3.6',
1 verbose cli   '@types/postcss-flexbugs-fixes@ts3.6',
1 verbose cli   '@types/postcss-gap-properties@ts3.6',
1 verbose cli   '@types/postcss-modules-extract-imports@ts3.6',
1 verbose cli   '@types/postcss-modules-local-by-default@ts3.6',
1 verbose cli   '@types/postcss-modules-scope@ts3.6',
1 verbose cli   '@types/postcss-modules-values@ts3.6',
1 verbose cli   '@types/postcss-normalize@ts3.6',
1 verbose cli   '@types/postcss-safe-parser@ts3.6',
1 verbose cli   '@types/prelude-ls@ts3.6',
1 verbose cli   '@types/prettier-linter-helpers@ts3.6',
1 verbose cli   '@types/progress@ts3.6',
1 verbose cli   '@types/promise-inflight@ts3.6',
1 verbose cli   '@types/prompts@ts3.6',
1 verbose cli   '@types/prop-types@ts3.6',
1 verbose cli   '@types/proxy-addr@ts3.6',
1 verbose cli   '@types/psl@ts3.6',
1 verbose cli   '@types/pump@ts3.6',
1 verbose cli   '@types/pumpify@ts3.6',
1 verbose cli   '@types/punycode@ts3.6',
1 verbose cli   '@types/q@ts3.6',
1 verbose cli   '@types/qs@ts3.6',
1 verbose cli   '@types/querystringify@ts3.6',
1 verbose cli   '@types/raf@ts3.6',
1 verbose cli   '@types/randombytes@ts3.6',
1 verbose cli   '@types/range-parser@ts3.6',
1 verbose cli   '@types/react-dev-utils@ts3.6',
1 verbose cli   '@types/react-is@ts3.6',
1 verbose cli   '@types/react-refresh@ts3.6',
1 verbose cli   '@types/readable-stream@ts3.6',
1 verbose cli   '@types/recursive-readdir@ts3.6',
1 verbose cli   '@types/regenerate@ts3.6',
1 verbose cli   '@types/regenerator-runtime@ts3.6',
1 verbose cli   '@types/regex-not@ts3.6',
1 verbose cli   '@types/relateurl@ts3.6',
1 verbose cli   '@types/repeat-element@ts3.6',
1 verbose cli   '@types/repeat-string@ts3.6',
1 verbose cli   '@types/require-directory@ts3.6',
1 verbose cli   '@types/require-from-string@ts3.6',
1 verbose cli   '@types/requires-port@ts3.6',
1 verbose cli   '@types/resolve@ts3.6',
1 verbose cli   '@types/retry@ts3.6',
1 verbose cli   '@types/ripemd160@ts3.6',
1 verbose cli   '@types/rsvp@ts3.6',
1 verbose cli   ... 100 more items
1 verbose cli ]
2 info using npm@6.14.6
3 info using node@v12.18.3
4 verbose npm-session 46d86d598137aac8
5 silly install loadCurrentTree
6 silly install readLocalPackageData
7 http fetch GET 304 https://registry.npmjs.org/@types%2fmerge2 834ms (from cache)
8 http fetch GET 304 https://registry.npmjs.org/@types%2flodash.uniq 889ms (from cache)
9 http fetch GET 304 https://registry.npmjs.org/@types%2fmethods 836ms (from cache)
10 http fetch GET 304 https://registry.npmjs.org/@types%2fmicromatch 825ms (from cache)
11 http fetch GET 304 https://registry.npmjs.org/@types%2fmedia-typer 886ms (from cache)
12 http fetch GET 304 https://registry.npmjs.org/@types%2fmerge-stream 863ms (from cache)
13 http fetch GET 304 https://registry.npmjs.org/@types%2fmemorystream 888ms (from cache)
14 silly pacote tag manifest for @types/merge2@ts3.6 fetched in 863ms
15 silly pacote tag manifest for @types/lodash.uniq@ts3.6 fetched in 951ms
16 silly pacote tag manifest for @types/methods@ts3.6 fetched in 864ms
17 silly pacote tag manifest for @types/micromatch@ts3.6 fetched in 852ms
18 http fetch GET 304 https://registry.npmjs.org/@types%2fmime 867ms (from cache)
19 http fetch GET 304 https://registry.npmjs.org/@types%2fmerge-descriptors 900ms (from cache)
20 http fetch GET 304 https://registry.npmjs.org/@types%2fmemory-fs 919ms (from cache)
21 silly pacote tag manifest for @types/media-typer@ts3.6 fetched in 923ms
22 silly pacote tag manifest for @types/merge-stream@ts3.6 fetched in 900ms
23 silly pacote tag manifest for @types/memorystream@ts3.6 fetched in 930ms
24 silly pacote tag manifest for @types/mime@ts3.6 fetched in 940ms
25 silly pacote tag manifest for @types/merge-descriptors@ts3.6 fetched in 973ms
26 silly pacote tag manifest for @types/memory-fs@ts3.6 fetched in 994ms
27 http fetch GET 304 https://registry.npmjs.org/@types%2fmin-indent 395ms (from cache)
28 http fetch GET 304 https://registry.npmjs.org/@types%2fmime-db 403ms (from cache)
29 http fetch GET 304 https://registry.npmjs.org/@types%2fminizlib 381ms (from cache)
30 http fetch GET 304 https://registry.npmjs.org/@types%2fmime-types 398ms (from cache)
31 http fetch GET 304 https://registry.npmjs.org/@types%2fmove-concurrently 377ms (from cache)
32 http fetch GET 304 https://registry.npmjs.org/@types%2fminimalistic-assert 399ms (from cache)
33 http fetch GET 304 https://registry.npmjs.org/@types%2fminimist 386ms (from cache)
34 http fetch GET 304 https://registry.npmjs.org/@types%2fms 309ms (from cache)
35 http fetch GET 304 https://registry.npmjs.org/@types%2fmulticast-dns 308ms (from cache)
36 http fetch GET 304 https://registry.npmjs.org/@types%2fnatural-compare 310ms (from cache)
37 silly pacote tag manifest for @types/min-indent@ts3.6 fetched in 407ms
38 silly pacote tag manifest for @types/mime-db@ts3.6 fetched in 416ms
39 silly pacote tag manifest for @types/minizlib@ts3.6 fetched in 393ms
40 silly pacote tag manifest for @types/mime-types@ts3.6 fetched in 409ms
41 silly pacote tag manifest for @types/move-concurrently@ts3.6 fetched in 393ms
42 silly pacote tag manifest for @types/minimalistic-assert@ts3.6 fetched in 414ms
43 silly pacote tag manifest for @types/minimist@ts3.6 fetched in 403ms
44 silly pacote tag manifest for @types/ms@ts3.6 fetched in 325ms
45 silly pacote tag manifest for @types/multicast-dns@ts3.6 fetched in 328ms
46 silly pacote tag manifest for @types/natural-compare@ts3.6 fetched in 337ms
47 http fetch GET 200 https://registry.npmjs.org/@types%2fnormalize-package-data 64ms (from cache)
48 silly pacote tag manifest for @types/normalize-package-data@ts3.6 fetched in 66ms
49 http fetch GET 200 https://registry.npmjs.org/@types%2fneo-async 284ms
50 silly fetchPackageMetaData error for @types/neo-async@ts3.6 No matching version found for @types/neo-async@ts3.6.
51 http fetch GET 304 https://registry.npmjs.org/@types%2fnext-tick 352ms (from cache)
52 http fetch GET 304 https://registry.npmjs.org/@types%2fnegotiator 354ms (from cache)
53 http fetch GET 304 https://registry.npmjs.org/@types%2fnode-int64 351ms (from cache)
54 http fetch GET 304 https://registry.npmjs.org/@types%2fnice-try 357ms (from cache)
55 http fetch GET 304 https://registry.npmjs.org/@types%2fnode-forge 360ms (from cache)
56 http fetch GET 304 https://registry.npmjs.org/@types%2fnode-notifier 362ms (from cache)
57 http fetch GET 304 https://registry.npmjs.org/@types%2fnwsapi 299ms (from cache)
58 http fetch GET 304 https://registry.npmjs.org/@types%2fnum2fraction 350ms (from cache)
59 http fetch GET 304 https://registry.npmjs.org/@types%2fnormalize-path 365ms (from cache)
60 silly pacote tag manifest for @types/next-tick@ts3.6 fetched in 377ms
61 silly pacote tag manifest for @types/negotiator@ts3.6 fetched in 379ms
62 silly pacote tag manifest for @types/node-int64@ts3.6 fetched in 377ms
63 silly pacote tag manifest for @types/nice-try@ts3.6 fetched in 384ms
64 silly pacote tag manifest for @types/node-forge@ts3.6 fetched in 380ms
65 silly pacote tag manifest for @types/node-notifier@ts3.6 fetched in 380ms
66 silly pacote tag manifest for @types/nwsapi@ts3.6 fetched in 319ms
67 silly pacote tag manifest for @types/num2fraction@ts3.6 fetched in 370ms
68 silly pacote tag manifest for @types/normalize-path@ts3.6 fetched in 390ms
69 http fetch GET 304 https://registry.npmjs.org/@types%2fobject-assign 241ms (from cache)
70 http fetch GET 304 https://registry.npmjs.org/@types%2fobject-keys 163ms (from cache)
71 http fetch GET 304 https://registry.npmjs.org/@types%2fobject-inspect 167ms (from cache)
72 http fetch GET 304 https://registry.npmjs.org/@types%2fobject.fromentries 163ms (from cache)
73 http fetch GET 304 https://registry.npmjs.org/@types%2fobject.getownpropertydescriptors 159ms (from cache)
74 http fetch GET 304 https://registry.npmjs.org/@types%2fobject.pick 159ms (from cache)
75 http fetch GET 304 https://registry.npmjs.org/@types%2fon-finished 161ms (from cache)
76 silly pacote tag manifest for @types/object-assign@ts3.6 fetched in 250ms
77 silly pacote tag manifest for @types/object-keys@ts3.6 fetched in 173ms
78 http fetch GET 304 https://registry.npmjs.org/@types%2fon-headers 161ms (from cache)
79 silly pacote tag manifest for @types/object-inspect@ts3.6 fetched in 177ms
80 silly pacote tag manifest for @types/object.fromentries@ts3.6 fetched in 172ms
81 silly pacote tag manifest for @types/object.getownpropertydescriptors@ts3.6 fetched in 169ms
82 silly pacote tag manifest for @types/object.pick@ts3.6 fetched in 168ms
83 http fetch GET 304 https://registry.npmjs.org/@types%2fonce 167ms (from cache)
84 http fetch GET 304 https://registry.npmjs.org/@types%2foptimize-css-assets-webpack-plugin 159ms (from cache)
85 silly pacote tag manifest for @types/on-finished@ts3.6 fetched in 174ms
86 silly pacote tag manifest for @types/on-headers@ts3.6 fetched in 190ms
87 silly pacote tag manifest for @types/once@ts3.6 fetched in 198ms
88 silly pacote tag manifest for @types/optimize-css-assets-webpack-plugin@ts3.6 fetched in 198ms
89 http fetch GET 200 https://registry.npmjs.org/@types%2fpath-browserify 143ms
90 silly fetchPackageMetaData error for @types/path-browserify@ts3.6 No matching version found for @types/path-browserify@ts3.6.
91 http fetch GET 304 https://registry.npmjs.org/@types%2fparallel-transform 164ms (from cache)
92 http fetch GET 304 https://registry.npmjs.org/@types%2fpako 166ms (from cache)
93 http fetch GET 304 https://registry.npmjs.org/@types%2fparse-json 165ms (from cache)
94 http fetch GET 304 https://registry.npmjs.org/@types%2fpascalcase 164ms (from cache)
95 http fetch GET 304 https://registry.npmjs.org/@types%2fparseurl 165ms (from cache)
96 silly pacote tag manifest for @types/parallel-transform@ts3.6 fetched in 173ms
97 http fetch GET 304 https://registry.npmjs.org/@types%2fpath-is-absolute 165ms (from cache)
98 silly pacote tag manifest for @types/pako@ts3.6 fetched in 177ms
99 silly pacote tag manifest for @types/parse-json@ts3.6 fetched in 177ms
100 silly pacote tag manifest for @types/pascalcase@ts3.6 fetched in 176ms
101 silly pacote tag manifest for @types/parseurl@ts3.6 fetched in 177ms
102 http fetch GET 304 https://registry.npmjs.org/@types%2fpath-is-inside 154ms (from cache)
103 http fetch GET 304 https://registry.npmjs.org/@types%2fpath-parse 137ms (from cache)
104 silly pacote tag manifest for @types/path-is-absolute@ts3.6 fetched in 181ms
105 http fetch GET 304 https://registry.npmjs.org/@types%2fpbkdf2 155ms (from cache)
106 silly pacote tag manifest for @types/path-is-inside@ts3.6 fetched in 184ms
107 silly pacote tag manifest for @types/path-parse@ts3.6 fetched in 168ms
108 silly pacote tag manifest for @types/pbkdf2@ts3.6 fetched in 182ms
109 http fetch GET 304 https://registry.npmjs.org/@types%2fpicomatch 161ms (from cache)
110 http fetch GET 304 https://registry.npmjs.org/@types%2fpify 147ms (from cache)
111 silly pacote tag manifest for @types/picomatch@ts3.6 fetched in 170ms
112 http fetch GET 304 https://registry.npmjs.org/@types%2fpostcss-flexbugs-fixes 147ms (from cache)
113 http fetch GET 304 https://registry.npmjs.org/@types%2fpostcss-modules-extract-imports 145ms (from cache)
114 silly pacote tag manifest for @types/pify@ts3.6 fetched in 156ms
115 http fetch GET 304 https://registry.npmjs.org/@types%2fpostcss-modules-local-by-default 150ms (from cache)
116 http fetch GET 304 https://registry.npmjs.org/@types%2fpostcss-gap-properties 152ms (from cache)
117 http fetch GET 304 https://registry.npmjs.org/@types%2fpostcss-modules-scope 135ms (from cache)
118 silly pacote tag manifest for @types/postcss-flexbugs-fixes@ts3.6 fetched in 160ms
119 silly pacote tag manifest for @types/postcss-modules-extract-imports@ts3.6 fetched in 157ms
120 http fetch GET 304 https://registry.npmjs.org/@types%2fpostcss-modules-values 128ms (from cache)
121 silly pacote tag manifest for @types/postcss-modules-local-by-default@ts3.6 fetched in 163ms
122 silly pacote tag manifest for @types/postcss-gap-properties@ts3.6 fetched in 165ms
123 silly pacote tag manifest for @types/postcss-modules-scope@ts3.6 fetched in 152ms
124 http fetch GET 304 https://registry.npmjs.org/@types%2fpostcss-normalize 137ms (from cache)
125 silly pacote tag manifest for @types/postcss-modules-values@ts3.6 fetched in 152ms
126 http fetch GET 304 https://registry.npmjs.org/@types%2fpostcss-safe-parser 146ms (from cache)
127 silly pacote tag manifest for @types/postcss-normalize@ts3.6 fetched in 162ms
128 silly pacote tag manifest for @types/postcss-safe-parser@ts3.6 fetched in 158ms
129 http fetch GET 304 https://registry.npmjs.org/@types%2fprelude-ls 149ms (from cache)
130 http fetch GET 304 https://registry.npmjs.org/@types%2fprettier-linter-helpers 145ms (from cache)
131 silly pacote tag manifest for @types/prelude-ls@ts3.6 fetched in 155ms
132 http fetch GET 304 https://registry.npmjs.org/@types%2fpromise-inflight 137ms (from cache)
133 http fetch GET 304 https://registry.npmjs.org/@types%2fprogress 142ms (from cache)
134 silly pacote tag manifest for @types/prettier-linter-helpers@ts3.6 fetched in 155ms
135 http fetch GET 304 https://registry.npmjs.org/@types%2fprop-types 138ms (from cache)
136 http fetch GET 304 https://registry.npmjs.org/@types%2fproxy-addr 142ms (from cache)
137 silly pacote tag manifest for @types/promise-inflight@ts3.6 fetched in 152ms
138 silly pacote tag manifest for @types/progress@ts3.6 fetched in 157ms
139 http fetch GET 304 https://registry.npmjs.org/@types%2fprompts 149ms (from cache)
140 http fetch GET 304 https://registry.npmjs.org/@types%2fpsl 128ms (from cache)
141 silly pacote tag manifest for @types/prop-types@ts3.6 fetched in 154ms
142 silly pacote tag manifest for @types/proxy-addr@ts3.6 fetched in 164ms
143 http fetch GET 304 https://registry.npmjs.org/@types%2fpump 137ms (from cache)
144 silly pacote tag manifest for @types/prompts@ts3.6 fetched in 172ms
145 silly pacote tag manifest for @types/psl@ts3.6 fetched in 150ms
146 silly pacote tag manifest for @types/pump@ts3.6 fetched in 159ms
147 http fetch GET 304 https://registry.npmjs.org/@types%2fpumpify 184ms (from cache)
148 http fetch GET 200 https://registry.npmjs.org/@types%2fraf 73ms (from cache)
149 silly pacote tag manifest for @types/pumpify@ts3.6 fetched in 204ms
150 silly pacote tag manifest for @types/raf@ts3.6 fetched in 93ms
151 http fetch GET 200 https://registry.npmjs.org/@types%2freact-is 48ms (from cache)
152 silly pacote tag manifest for @types/react-is@ts3.6 fetched in 61ms
153 http fetch GET 304 https://registry.npmjs.org/@types%2fpunycode 157ms (from cache)
154 http fetch GET 304 https://registry.npmjs.org/@types%2fq 163ms (from cache)
155 http fetch GET 304 https://registry.npmjs.org/@types%2fquerystringify 153ms (from cache)
156 silly pacote tag manifest for @types/punycode@ts3.6 fetched in 171ms
157 silly pacote tag manifest for @types/q@ts3.6 fetched in 181ms
158 silly pacote tag manifest for @types/querystringify@ts3.6 fetched in 171ms
159 http fetch GET 304 https://registry.npmjs.org/@types%2frandombytes 158ms (from cache)
160 http fetch GET 304 https://registry.npmjs.org/@types%2freact-dev-utils 155ms (from cache)
161 silly pacote tag manifest for @types/randombytes@ts3.6 fetched in 175ms
162 silly pacote tag manifest for @types/react-dev-utils@ts3.6 fetched in 171ms
163 http fetch GET 200 https://registry.npmjs.org/@types%2freact-refresh 101ms
164 silly fetchPackageMetaData error for @types/react-refresh@ts3.6 No matching version found for @types/react-refresh@ts3.6.
165 http fetch GET 304 https://registry.npmjs.org/@types%2frange-parser 199ms (from cache)
166 silly pacote tag manifest for @types/range-parser@ts3.6 fetched in 209ms
167 http fetch GET 304 https://registry.npmjs.org/@types%2freadable-stream 150ms (from cache)
168 http fetch GET 304 https://registry.npmjs.org/@types%2frecursive-readdir 155ms (from cache)
169 silly pacote tag manifest for @types/readable-stream@ts3.6 fetched in 176ms
170 http fetch GET 200 https://registry.npmjs.org/@types%2fregenerate 137ms
171 silly fetchPackageMetaData error for @types/regenerate@ts3.6 No matching version found for @types/regenerate@ts3.6.
172 http fetch GET 200 https://registry.npmjs.org/@types%2fregex-not 135ms
173 silly fetchPackageMetaData error for @types/regex-not@ts3.6 No matching version found for @types/regex-not@ts3.6.
174 silly pacote tag manifest for @types/recursive-readdir@ts3.6 fetched in 249ms
175 http fetch GET 200 https://registry.npmjs.org/@types%2fresolve 75ms (from cache)
176 http fetch GET 304 https://registry.npmjs.org/@types%2fregenerator-runtime 279ms (from cache)
177 silly pacote tag manifest for @types/resolve@ts3.6 fetched in 84ms
178 silly pacote tag manifest for @types/regenerator-runtime@ts3.6 fetched in 288ms
179 http fetch GET 304 https://registry.npmjs.org/@types%2frepeat-element 275ms (from cache)
180 http fetch GET 304 https://registry.npmjs.org/@types%2frelateurl 282ms (from cache)
181 http fetch GET 304 https://registry.npmjs.org/@types%2frepeat-string 279ms (from cache)
182 silly pacote tag manifest for @types/repeat-element@ts3.6 fetched in 312ms
183 silly pacote tag manifest for @types/relateurl@ts3.6 fetched in 317ms
184 silly pacote tag manifest for @types/repeat-string@ts3.6 fetched in 325ms
185 http fetch GET 304 https://registry.npmjs.org/@types%2frequire-directory 304ms (from cache)
186 silly pacote tag manifest for @types/require-directory@ts3.6 fetched in 369ms
187 http fetch GET 304 https://registry.npmjs.org/@types%2frequire-from-string 350ms (from cache)
188 silly pacote tag manifest for @types/require-from-string@ts3.6 fetched in 413ms
189 http fetch GET 304 https://registry.npmjs.org/@types%2frequires-port 481ms (from cache)
190 http fetch GET 304 https://registry.npmjs.org/@types%2fretry 442ms (from cache)
191 silly pacote tag manifest for @types/requires-port@ts3.6 fetched in 498ms
192 silly pacote tag manifest for @types/retry@ts3.6 fetched in 459ms
193 http fetch GET 304 https://registry.npmjs.org/@types%2frsvp 383ms (from cache)
194 http fetch GET 304 https://registry.npmjs.org/@types%2fripemd160 391ms (from cache)
195 http fetch GET 200 https://registry.npmjs.org/@types%2fsass-loader 29ms (from cache)
196 http fetch GET 304 https://registry.npmjs.org/@types%2frun-parallel 345ms (from cache)
197 silly pacote tag manifest for @types/rsvp@ts3.6 fetched in 397ms
198 silly pacote tag manifest for @types/ripemd160@ts3.6 fetched in 404ms
199 http fetch GET 304 https://registry.npmjs.org/@types%2fsafe-regex 339ms (from cache)
200 http fetch GET 304 https://registry.npmjs.org/@types%2fsafe-regex-test 323ms (from cache)
201 silly registry:manifest no matching version for @types/safe-regex-test@ts3.6 in the cache. Forcing revalidation.
202 silly pacote tag manifest for @types/sass-loader@ts3.6 fetched in 44ms
203 silly pacote tag manifest for @types/run-parallel@ts3.6 fetched in 359ms
204 silly pacote tag manifest for @types/safe-regex@ts3.6 fetched in 371ms
205 http fetch GET 304 https://registry.npmjs.org/@types%2fsafer-buffer 319ms (from cache)
206 silly pacote tag manifest for @types/safer-buffer@ts3.6 fetched in 328ms
207 http fetch GET 304 https://registry.npmjs.org/@types%2fsane 251ms (from cache)
208 silly pacote tag manifest for @types/sane@ts3.6 fetched in 269ms
209 http fetch GET 200 https://registry.npmjs.org/@types%2fselfsigned 169ms
210 silly fetchPackageMetaData error for @types/selfsigned@ts3.6 No matching version found for @types/selfsigned@ts3.6.
211 http fetch GET 304 https://registry.npmjs.org/@types%2fsax 230ms (from cache)
212 silly pacote tag manifest for @types/sax@ts3.6 fetched in 282ms
213 http fetch GET 304 https://registry.npmjs.org/@types%2fscheduler 265ms (from cache)
214 silly pacote tag manifest for @types/scheduler@ts3.6 fetched in 321ms
215 http fetch GET 200 https://registry.npmjs.org/@types%2fsafe-regex-test 325ms
216 silly fetchPackageMetaData error for @types/safe-regex-test@ts3.6 No matching version found for @types/safe-regex-test@ts3.6.
217 http fetch GET 304 https://registry.npmjs.org/@types%2fsemver-compare 324ms (from cache)
218 silly pacote tag manifest for @types/semver-compare@ts3.6 fetched in 346ms
219 http fetch GET 304 https://registry.npmjs.org/@types%2fsend 334ms (from cache)
220 http fetch GET 304 https://registry.npmjs.org/@types%2fserialize-javascript 285ms (from cache)
221 silly pacote tag manifest for @types/send@ts3.6 fetched in 342ms
222 http fetch GET 304 https://registry.npmjs.org/@types%2fsemver 364ms (from cache)
223 http fetch GET 304 https://registry.npmjs.org/@types%2fserve-index 267ms (from cache)
224 silly pacote tag manifest for @types/serialize-javascript@ts3.6 fetched in 293ms
225 silly pacote tag manifest for @types/semver@ts3.6 fetched in 382ms
226 http fetch GET 200 https://registry.npmjs.org/@types%2fset-blocking 149ms
227 silly pacote tag manifest for @types/serve-index@ts3.6 fetched in 293ms
228 silly fetchPackageMetaData error for @types/set-blocking@ts3.6 No matching version found for @types/set-blocking@ts3.6.
229 http fetch GET 304 https://registry.npmjs.org/@types%2fserve-static 247ms (from cache)
230 silly pacote tag manifest for @types/serve-static@ts3.6 fetched in 275ms
231 http fetch GET 304 https://registry.npmjs.org/@types%2fset-value 180ms (from cache)
232 http fetch GET 304 https://registry.npmjs.org/@types%2fsetimmediate 168ms (from cache)
233 http fetch GET 304 https://registry.npmjs.org/@types%2fsha.js 150ms (from cache)
234 http fetch GET 200 https://registry.npmjs.org/@types%2fsimple-swizzle 100ms
235 silly fetchPackageMetaData error for @types/simple-swizzle@ts3.6 No matching version found for @types/simple-swizzle@ts3.6.
236 silly pacote tag manifest for @types/set-value@ts3.6 fetched in 195ms
237 silly pacote tag manifest for @types/setimmediate@ts3.6 fetched in 185ms
238 silly pacote tag manifest for @types/sha.js@ts3.6 fetched in 169ms
239 http fetch GET 304 https://registry.npmjs.org/@types%2fshebang-command 160ms (from cache)
240 http fetch GET 304 https://registry.npmjs.org/@types%2fqs 1413ms (from cache)
241 http fetch GET 304 https://registry.npmjs.org/@types%2fshell-quote 178ms (from cache)
242 http fetch GET 304 https://registry.npmjs.org/@types%2fsignal-exit 164ms (from cache)
243 silly pacote tag manifest for @types/shebang-command@ts3.6 fetched in 190ms
244 http fetch GET 200 https://registry.npmjs.org/@types%2fsource-list-map 49ms (from cache)
245 silly pacote tag manifest for @types/qs@ts3.6 fetched in 1431ms
246 silly pacote tag manifest for @types/shell-quote@ts3.6 fetched in 190ms
247 silly pacote tag manifest for @types/signal-exit@ts3.6 fetched in 174ms
248 http fetch GET 304 https://registry.npmjs.org/@types%2fslice-ansi 155ms (from cache)
249 silly pacote tag manifest for @types/source-list-map@ts3.6 fetched in 63ms
250 silly pacote tag manifest for @types/slice-ansi@ts3.6 fetched in 180ms
251 http fetch GET 304 https://registry.npmjs.org/@types%2fsockjs 161ms (from cache)
252 silly pacote tag manifest for @types/sockjs@ts3.6 fetched in 174ms
253 http fetch GET 304 https://registry.npmjs.org/@types%2fsockjs-client 161ms (from cache)
254 http fetch GET 304 https://registry.npmjs.org/@types%2fspdx-correct 148ms (from cache)
255 http fetch GET 304 https://registry.npmjs.org/@types%2fsource-map-support 154ms (from cache)
256 silly pacote tag manifest for @types/sockjs-client@ts3.6 fetched in 173ms
257 silly pacote tag manifest for @types/spdx-correct@ts3.6 fetched in 163ms
258 silly pacote tag manifest for @types/source-map-support@ts3.6 fetched in 171ms
259 http fetch GET 304 https://registry.npmjs.org/@types%2fsprintf 158ms (from cache)
260 http fetch GET 304 https://registry.npmjs.org/@types%2fspdy 164ms (from cache)
261 http fetch GET 304 https://registry.npmjs.org/@types%2fssri 164ms (from cache)
262 http fetch GET 304 https://registry.npmjs.org/@types%2fspdx-expression-parse 185ms (from cache)
263 silly pacote tag manifest for @types/sprintf@ts3.6 fetched in 196ms
264 silly pacote tag manifest for @types/spdy@ts3.6 fetched in 202ms
265 http fetch GET 304 https://registry.npmjs.org/@types%2fstack-utils 179ms (from cache)
266 silly pacote tag manifest for @types/ssri@ts3.6 fetched in 205ms
267 silly pacote tag manifest for @types/spdx-expression-parse@ts3.6 fetched in 226ms
268 http fetch GET 304 https://registry.npmjs.org/@types%2fsprintf-js 226ms (from cache)
269 silly pacote tag manifest for @types/stack-utils@ts3.6 fetched in 211ms
270 silly pacote tag manifest for @types/sprintf-js@ts3.6 fetched in 275ms
271 http fetch GET 304 https://registry.npmjs.org/@types%2fstatuses 294ms (from cache)
272 silly pacote tag manifest for @types/statuses@ts3.6 fetched in 323ms
273 http fetch GET 304 https://registry.npmjs.org/@types%2fstream-each 288ms (from cache)
274 http fetch GET 304 https://registry.npmjs.org/@types%2fstream-shift 286ms (from cache)
275 http fetch GET 304 https://registry.npmjs.org/@types%2fstrict-uri-encode 287ms (from cache)
276 silly pacote tag manifest for @types/stream-each@ts3.6 fetched in 296ms
277 silly pacote tag manifest for @types/stream-shift@ts3.6 fetched in 294ms
278 silly pacote tag manifest for @types/strict-uri-encode@ts3.6 fetched in 295ms
279 http fetch GET 304 https://registry.npmjs.org/@types%2fstring.prototype.matchall 211ms (from cache)
280 http fetch GET 304 https://registry.npmjs.org/@types%2fstring-natural-compare 222ms (from cache)
281 http fetch GET 304 https://registry.npmjs.org/@types%2fstringify-object 221ms (from cache)
282 silly pacote tag manifest for @types/string.prototype.matchall@ts3.6 fetched in 227ms
283 http fetch GET 304 https://registry.npmjs.org/@types%2fstrip-comments 213ms (from cache)
284 http fetch GET 200 https://registry.npmjs.org/@types%2ftapable 25ms (from cache)
285 silly pacote tag manifest for @types/string-natural-compare@ts3.6 fetched in 234ms
286 http fetch GET 304 https://registry.npmjs.org/@types%2fstrip-final-newline 199ms (from cache)
287 silly pacote tag manifest for @types/stringify-object@ts3.6 fetched in 241ms
288 silly pacote tag manifest for @types/strip-comments@ts3.6 fetched in 233ms
289 silly pacote tag manifest for @types/tapable@ts3.6 fetched in 48ms
290 silly pacote tag manifest for @types/strip-final-newline@ts3.6 fetched in 222ms
291 http fetch GET 304 https://registry.npmjs.org/@types%2fsupports-color 192ms (from cache)
292 http fetch GET 200 https://registry.npmjs.org/@types%2fthrough 51ms (from cache)
293 silly pacote tag manifest for @types/supports-color@ts3.6 fetched in 223ms
294 silly pacote tag manifest for @types/through@ts3.6 fetched in 69ms
295 http fetch GET 304 https://registry.npmjs.org/@types%2fsvg-parser 169ms (from cache)
296 silly pacote tag manifest for @types/svg-parser@ts3.6 fetched in 189ms
297 http fetch GET 304 https://registry.npmjs.org/@types%2fsymbol-tree 175ms (from cache)
298 http fetch GET 304 https://registry.npmjs.org/@types%2ftar 202ms (from cache)
299 http fetch GET 200 https://registry.npmjs.org/@types%2ftmpl 155ms
300 silly pacote tag manifest for @types/symbol-tree@ts3.6 fetched in 221ms
301 silly fetchPackageMetaData error for @types/tmpl@ts3.6 No matching version found for @types/tmpl@ts3.6.
302 silly pacote tag manifest for @types/tar@ts3.6 fetched in 237ms
303 http fetch GET 304 https://registry.npmjs.org/@types%2ftext-table 293ms (from cache)
304 http fetch GET 304 https://registry.npmjs.org/@types%2fthrough2 276ms (from cache)
305 http fetch GET 200 https://registry.npmjs.org/@types%2fto-regex 244ms
306 silly fetchPackageMetaData error for @types/to-regex@ts3.6 No matching version found for @types/to-regex@ts3.6.
307 http fetch GET 304 https://registry.npmjs.org/@types%2ftimsort 312ms (from cache)
308 http fetch GET 304 https://registry.npmjs.org/@types%2fthunky 314ms (from cache)
309 silly pacote tag manifest for @types/through2@ts3.6 fetched in 325ms
310 silly pacote tag manifest for @types/text-table@ts3.6 fetched in 344ms
311 silly pacote tag manifest for @types/timsort@ts3.6 fetched in 386ms
312 silly pacote tag manifest for @types/thunky@ts3.6 fetched in 396ms
313 http fetch GET 200 https://registry.npmjs.org/@types%2fto-regex-range 383ms
314 silly fetchPackageMetaData error for @types/to-regex-range@ts3.6 No matching version found for @types/to-regex-range@ts3.6.
315 http fetch GET 200 https://registry.npmjs.org/@types%2ftoidentifier 401ms
316 silly fetchPackageMetaData error for @types/toidentifier@ts3.6 No matching version found for @types/toidentifier@ts3.6.
317 http fetch GET 200 https://registry.npmjs.org/@types%2ftr46 323ms
318 silly fetchPackageMetaData error for @types/tr46@ts3.6 No matching version found for @types/tr46@ts3.6.
319 http fetch GET 304 https://registry.npmjs.org/@types%2ftough-cookie 470ms (from cache)
320 silly pacote tag manifest for @types/tough-cookie@ts3.6 fetched in 500ms
321 http fetch GET 304 https://registry.npmjs.org/@types%2ftryer 475ms (from cache)
322 silly pacote tag manifest for @types/tryer@ts3.6 fetched in 506ms
323 http fetch GET 200 https://registry.npmjs.org/@types%2ftypedarray-to-buffer 325ms
324 http fetch GET 200 https://registry.npmjs.org/@types%2funbox-primitive 324ms
325 silly fetchPackageMetaData error for @types/typedarray-to-buffer@ts3.6 No matching version found for @types/typedarray-to-buffer@ts3.6.
326 silly fetchPackageMetaData error for @types/unbox-primitive@ts3.6 No matching version found for @types/unbox-primitive@ts3.6.
327 http fetch GET 304 https://registry.npmjs.org/@types%2ftype-check 413ms (from cache)
328 silly pacote tag manifest for @types/type-check@ts3.6 fetched in 500ms
329 http fetch GET 304 https://registry.npmjs.org/@types%2ftype-detect 517ms (from cache)
330 http fetch GET 304 https://registry.npmjs.org/@types%2ftype-is 517ms (from cache)
331 silly pacote tag manifest for @types/type-detect@ts3.6 fetched in 563ms
332 silly pacote tag manifest for @types/type-is@ts3.6 fetched in 568ms
333 http fetch GET 304 https://registry.npmjs.org/@types%2funiq 492ms (from cache)
334 silly pacote tag manifest for @types/uniq@ts3.6 fetched in 542ms
335 http fetch GET 304 https://registry.npmjs.org/@types%2funiversalify 501ms (from cache)
336 http fetch GET 304 https://registry.npmjs.org/@types%2furix 483ms (from cache)
337 silly pacote tag manifest for @types/universalify@ts3.6 fetched in 550ms
338 silly pacote tag manifest for @types/urix@ts3.6 fetched in 510ms
339 http fetch GET 304 https://registry.npmjs.org/@types%2furl-parse 440ms (from cache)
340 silly pacote tag manifest for @types/url-parse@ts3.6 fetched in 475ms
341 http fetch GET 304 https://registry.npmjs.org/@types%2futil-deprecate 443ms (from cache)
342 http fetch GET 304 https://registry.npmjs.org/@types%2futil.promisify 426ms (from cache)
343 silly pacote tag manifest for @types/util-deprecate@ts3.6 fetched in 469ms
344 http fetch GET 304 https://registry.npmjs.org/@types%2futils-merge 448ms (from cache)
345 http fetch GET 304 https://registry.npmjs.org/@types%2fuuid 350ms (from cache)
346 silly pacote tag manifest for @types/util.promisify@ts3.6 fetched in 467ms
347 silly pacote tag manifest for @types/utils-merge@ts3.6 fetched in 480ms
348 silly pacote tag manifest for @types/uuid@ts3.6 fetched in 370ms
349 http fetch GET 304 https://registry.npmjs.org/@types%2fvalidate-npm-package-license 311ms (from cache)
350 http fetch GET 304 https://registry.npmjs.org/@types%2fvary 310ms (from cache)
351 http fetch GET 200 https://registry.npmjs.org/@types%2fwebpack 53ms (from cache)
352 silly pacote tag manifest for @types/validate-npm-package-license@ts3.6 fetched in 342ms
353 silly pacote tag manifest for @types/vary@ts3.6 fetched in 342ms
354 silly pacote tag manifest for @types/webpack@ts3.6 fetched in 81ms
355 http fetch GET 304 https://registry.npmjs.org/@types%2fw3c-hr-time 258ms (from cache)
356 silly pacote tag manifest for @types/w3c-hr-time@ts3.6 fetched in 277ms
357 http fetch GET 304 https://registry.npmjs.org/@types%2fw3c-xmlserializer 228ms (from cache)
358 silly pacote tag manifest for @types/w3c-xmlserializer@ts3.6 fetched in 246ms
359 http fetch GET 304 https://registry.npmjs.org/@types%2fwatchpack 232ms (from cache)
360 silly pacote tag manifest for @types/watchpack@ts3.6 fetched in 242ms
361 http fetch GET 304 https://registry.npmjs.org/@types%2fwebpack-manifest-plugin 153ms (from cache)
362 silly pacote tag manifest for @types/webpack-manifest-plugin@ts3.6 fetched in 158ms
363 http fetch GET 304 https://registry.npmjs.org/@types%2fwebpack-sources 148ms (from cache)
364 http fetch GET 304 https://registry.npmjs.org/@types%2fwhatwg-encoding 150ms (from cache)
365 silly pacote tag manifest for @types/webpack-sources@ts3.6 fetched in 158ms
366 http fetch GET 304 https://registry.npmjs.org/@types%2fwhatwg-mimetype 119ms (from cache)
367 silly pacote tag manifest for @types/whatwg-encoding@ts3.6 fetched in 163ms
368 http fetch GET 304 https://registry.npmjs.org/@types%2fwhich 121ms (from cache)
369 http fetch GET 200 https://registry.npmjs.org/@types%2fwhich-boxed-primitive 99ms
370 silly fetchPackageMetaData error for @types/which-boxed-primitive@ts3.6 No matching version found for @types/which-boxed-primitive@ts3.6.
371 silly pacote tag manifest for @types/whatwg-mimetype@ts3.6 fetched in 134ms
372 silly pacote tag manifest for @types/which@ts3.6 fetched in 136ms
373 http fetch GET 200 https://registry.npmjs.org/@types%2fws 27ms (from cache)
374 silly pacote tag manifest for @types/ws@ts3.6 fetched in 43ms
375 http fetch GET 304 https://registry.npmjs.org/@types%2fwhich-pm-runs 118ms (from cache)
376 http fetch GET 200 https://registry.npmjs.org/@types%2fyargs 17ms (from cache)
377 silly pacote tag manifest for @types/which-pm-runs@ts3.6 fetched in 127ms
378 silly pacote tag manifest for @types/yargs@ts3.6 fetched in 27ms
379 http fetch GET 304 https://registry.npmjs.org/@types%2fworkbox-sw 118ms (from cache)
380 silly pacote tag manifest for @types/workbox-sw@ts3.6 fetched in 123ms
381 http fetch GET 304 https://registry.npmjs.org/@types%2fwrap-ansi 105ms (from cache)
382 http fetch GET 200 https://registry.npmjs.org/@types%2fyargs-parser 13ms (from cache)
383 http fetch GET 200 https://registry.npmjs.org/@types%2fxml-name-validator 78ms
384 silly fetchPackageMetaData error for @types/xml-name-validator@ts3.6 No matching version found for @types/xml-name-validator@ts3.6.
385 http fetch GET 304 https://registry.npmjs.org/@types%2fwrite-file-atomic 92ms (from cache)
386 silly pacote tag manifest for @types/wrap-ansi@ts3.6 fetched in 110ms
387 silly pacote tag manifest for @types/yargs-parser@ts3.6 fetched in 18ms
388 silly pacote tag manifest for @types/write-file-atomic@ts3.6 fetched in 94ms
389 http fetch GET 304 https://registry.npmjs.org/@types%2fxtend 79ms (from cache)
390 silly pacote tag manifest for @types/xtend@ts3.6 fetched in 80ms
391 http fetch GET 304 https://registry.npmjs.org/@types%2fyallist 74ms (from cache)
392 silly pacote tag manifest for @types/yallist@ts3.6 fetched in 75ms
393 http fetch GET 304 https://registry.npmjs.org/@types%2fwebidl-conversions 2494ms (from cache)
394 silly pacote tag manifest for @types/webidl-conversions@ts3.6 fetched in 2496ms
395 http fetch GET 304 https://registry.npmjs.org/@types%2fwhatwg-url 2497ms (from cache)
396 silly pacote tag manifest for @types/whatwg-url@ts3.6 fetched in 2499ms
397 timing stage:rollbackFailedOptional Completed in 0ms
398 timing stage:runTopLevelLifecycles Completed in 8768ms
399 verbose type tag
400 verbose stack @types/neo-async: No matching version found for @types/neo-async@ts3.6.
400 verbose stack     at pickManifest (/usr/local/lib/node_modules/npm/node_modules/npm-pick-manifest/index.js:122:13)
400 verbose stack     at /usr/local/lib/node_modules/npm/node_modules/pacote/lib/fetchers/registry/manifest.js:24:14
400 verbose stack     at tryCatcher (/usr/local/lib/node_modules/npm/node_modules/bluebird/js/release/util.js:16:23)
400 verbose stack     at Promise._settlePromiseFromHandler (/usr/local/lib/node_modules/npm/node_modules/bluebird/js/release/promise.js:517:31)
400 verbose stack     at Promise._settlePromise (/usr/local/lib/node_modules/npm/node_modules/bluebird/js/release/promise.js:574:18)
400 verbose stack     at Promise._settlePromise0 (/usr/local/lib/node_modules/npm/node_modules/bluebird/js/release/promise.js:619:10)
400 verbose stack     at Promise._settlePromises (/usr/local/lib/node_modules/npm/node_modules/bluebird/js/release/promise.js:699:18)
400 verbose stack     at _drainQueueStep (/usr/local/lib/node_modules/npm/node_modules/bluebird/js/release/async.js:138:12)
400 verbose stack     at _drainQueue (/usr/local/lib/node_modules/npm/node_modules/bluebird/js/release/async.js:131:9)
400 verbose stack     at Async._drainQueues (/usr/local/lib/node_modules/npm/node_modules/bluebird/js/release/async.js:147:5)
400 verbose stack     at Immediate.Async.drainQueues [as _onImmediate] (/usr/local/lib/node_modules/npm/node_modules/bluebird/js/release/async.js:17:14)
400 verbose stack     at processImmediate (internal/timers.js:456:21)
401 verbose cwd /home/theia/.cache/typescript/3.6
402 verbose Linux 5.10.16.3-microsoft-standard-WSL2
403 verbose argv "/usr/local/bin/node" "/usr/local/bin/npm" "install" "--ignore-scripts" "@types/lodash.uniq@ts3.6" "@types/media-typer@ts3.6" "@types/memory-fs@ts3.6" "@types/memorystream@ts3.6" "@types/merge-descriptors@ts3.6" "@types/merge-stream@ts3.6" "@types/merge2@ts3.6" "@types/methods@ts3.6" "@types/micromatch@ts3.6" "@types/mime@ts3.6" "@types/mime-db@ts3.6" "@types/mime-types@ts3.6" "@types/min-indent@ts3.6" "@types/minimalistic-assert@ts3.6" "@types/minimist@ts3.6" "@types/minizlib@ts3.6" "@types/move-concurrently@ts3.6" "@types/ms@ts3.6" "@types/multicast-dns@ts3.6" "@types/natural-compare@ts3.6" "@types/negotiator@ts3.6" "@types/neo-async@ts3.6" "@types/next-tick@ts3.6" "@types/nice-try@ts3.6" "@types/node-forge@ts3.6" "@types/node-int64@ts3.6" "@types/node-notifier@ts3.6" "@types/normalize-package-data@ts3.6" "@types/normalize-path@ts3.6" "@types/num2fraction@ts3.6" "@types/nwsapi@ts3.6" "@types/object-assign@ts3.6" "@types/object-inspect@ts3.6" "@types/object-keys@ts3.6" "@types/object.fromentries@ts3.6" "@types/object.getownpropertydescriptors@ts3.6" "@types/object.pick@ts3.6" "@types/on-finished@ts3.6" "@types/on-headers@ts3.6" "@types/once@ts3.6" "@types/optimize-css-assets-webpack-plugin@ts3.6" "@types/pako@ts3.6" "@types/parallel-transform@ts3.6" "@types/parse-json@ts3.6" "@types/parseurl@ts3.6" "@types/pascalcase@ts3.6" "@types/path-browserify@ts3.6" "@types/path-is-absolute@ts3.6" "@types/path-is-inside@ts3.6" "@types/path-parse@ts3.6" "@types/pbkdf2@ts3.6" "@types/picomatch@ts3.6" "@types/pify@ts3.6" "@types/postcss-flexbugs-fixes@ts3.6" "@types/postcss-gap-properties@ts3.6" "@types/postcss-modules-extract-imports@ts3.6" "@types/postcss-modules-local-by-default@ts3.6" "@types/postcss-modules-scope@ts3.6" "@types/postcss-modules-values@ts3.6" "@types/postcss-normalize@ts3.6" "@types/postcss-safe-parser@ts3.6" "@types/prelude-ls@ts3.6" "@types/prettier-linter-helpers@ts3.6" "@types/progress@ts3.6" "@types/promise-inflight@ts3.6" "@types/prompts@ts3.6" "@types/prop-types@ts3.6" "@types/proxy-addr@ts3.6" "@types/psl@ts3.6" "@types/pump@ts3.6" "@types/pumpify@ts3.6" "@types/punycode@ts3.6" "@types/q@ts3.6" "@types/qs@ts3.6" "@types/querystringify@ts3.6" "@types/raf@ts3.6" "@types/randombytes@ts3.6" "@types/range-parser@ts3.6" "@types/react-dev-utils@ts3.6" "@types/react-is@ts3.6" "@types/react-refresh@ts3.6" "@types/readable-stream@ts3.6" "@types/recursive-readdir@ts3.6" "@types/regenerate@ts3.6" "@types/regenerator-runtime@ts3.6" "@types/regex-not@ts3.6" "@types/relateurl@ts3.6" "@types/repeat-element@ts3.6" "@types/repeat-string@ts3.6" "@types/require-directory@ts3.6" "@types/require-from-string@ts3.6" "@types/requires-port@ts3.6" "@types/resolve@ts3.6" "@types/retry@ts3.6" "@types/ripemd160@ts3.6" "@types/rsvp@ts3.6" "@types/run-parallel@ts3.6" "@types/safe-regex@ts3.6" "@types/safe-regex-test@ts3.6" "@types/safer-buffer@ts3.6" "@types/sane@ts3.6" "@types/sass-loader@ts3.6" "@types/sax@ts3.6" "@types/scheduler@ts3.6" "@types/selfsigned@ts3.6" "@types/semver@ts3.6" "@types/semver-compare@ts3.6" "@types/send@ts3.6" "@types/serialize-javascript@ts3.6" "@types/serve-index@ts3.6" "@types/serve-static@ts3.6" "@types/set-blocking@ts3.6" "@types/set-value@ts3.6" "@types/setimmediate@ts3.6" "@types/sha.js@ts3.6" "@types/shebang-command@ts3.6" "@types/shell-quote@ts3.6" "@types/signal-exit@ts3.6" "@types/simple-swizzle@ts3.6" "@types/slice-ansi@ts3.6" "@types/sockjs@ts3.6" "@types/sockjs-client@ts3.6" "@types/source-list-map@ts3.6" "@types/source-map-support@ts3.6" "@types/spdx-correct@ts3.6" "@types/spdx-expression-parse@ts3.6" "@types/spdy@ts3.6" "@types/sprintf@ts3.6" "@types/sprintf-js@ts3.6" "@types/ssri@ts3.6" "@types/stack-utils@ts3.6" "@types/statuses@ts3.6" "@types/stream-each@ts3.6" "@types/stream-shift@ts3.6" "@types/strict-uri-encode@ts3.6" "@types/string-natural-compare@ts3.6" "@types/string.prototype.matchall@ts3.6" "@types/stringify-object@ts3.6" "@types/strip-comments@ts3.6" "@types/strip-final-newline@ts3.6" "@types/supports-color@ts3.6" "@types/svg-parser@ts3.6" "@types/symbol-tree@ts3.6" "@types/tapable@ts3.6" "@types/tar@ts3.6" "@types/text-table@ts3.6" "@types/through@ts3.6" "@types/through2@ts3.6" "@types/thunky@ts3.6" "@types/timsort@ts3.6" "@types/tmpl@ts3.6" "@types/to-regex@ts3.6" "@types/to-regex-range@ts3.6" "@types/toidentifier@ts3.6" "@types/tough-cookie@ts3.6" "@types/tr46@ts3.6" "@types/tryer@ts3.6" "@types/type-check@ts3.6" "@types/type-detect@ts3.6" "@types/type-is@ts3.6" "@types/typedarray-to-buffer@ts3.6" "@types/unbox-primitive@ts3.6" "@types/uniq@ts3.6" "@types/universalify@ts3.6" "@types/urix@ts3.6" "@types/url-parse@ts3.6" "@types/util-deprecate@ts3.6" "@types/util.promisify@ts3.6" "@types/utils-merge@ts3.6" "@types/uuid@ts3.6" "@types/validate-npm-package-license@ts3.6" "@types/vary@ts3.6" "@types/w3c-hr-time@ts3.6" "@types/w3c-xmlserializer@ts3.6" "@types/watchpack@ts3.6" "@types/webidl-conversions@ts3.6" "@types/webpack@ts3.6" "@types/webpack-manifest-plugin@ts3.6" "@types/webpack-sources@ts3.6" "@types/whatwg-encoding@ts3.6" "@types/whatwg-mimetype@ts3.6" "@types/whatwg-url@ts3.6" "@types/which@ts3.6" "@types/which-boxed-primitive@ts3.6" "@types/which-pm-runs@ts3.6" "@types/workbox-sw@ts3.6" "@types/wrap-ansi@ts3.6" "@types/write-file-atomic@ts3.6" "@types/ws@ts3.6" "@types/xml-name-validator@ts3.6" "@types/xtend@ts3.6" "@types/yallist@ts3.6" "@types/yargs@ts3.6" "@types/yargs-parser@ts3.6" "--save-dev" "--user-agent=typesInstaller/3.6.3"
404 verbose node v12.18.3
405 verbose npm  v6.14.6
406 error code ETARGET
407 error notarget No matching version found for @types/neo-async@ts3.6.
408 error notarget In most cases you or one of your dependencies are requesting
408 error notarget a package version that doesn't exist.
409 verbose exit [ 1, true ]
