0 info it worked if it ends with ok
1 verbose cli [
1 verbose cli   '/usr/local/bin/node',
1 verbose cli   '/usr/local/bin/npm',
1 verbose cli   'install',
1 verbose cli   '--ignore-scripts',
1 verbose cli   '@types/lodash.debounce@ts3.6',
1 verbose cli   '@types/lodash.memoize@ts3.6',
1 verbose cli   '@types/lodash.template@ts3.6',
1 verbose cli   '@types/lodash.uniq@ts3.6',
1 verbose cli   '@types/lz-string@ts3.6',
1 verbose cli   '@types/media-typer@ts3.6',
1 verbose cli   '@types/memory-fs@ts3.6',
1 verbose cli   '@types/memorystream@ts3.6',
1 verbose cli   '@types/merge-descriptors@ts3.6',
1 verbose cli   '@types/merge-stream@ts3.6',
1 verbose cli   '@types/merge2@ts3.6',
1 verbose cli   '@types/methods@ts3.6',
1 verbose cli   '@types/micromatch@ts3.6',
1 verbose cli   '@types/mime@ts3.6',
1 verbose cli   '@types/mime-db@ts3.6',
1 verbose cli   '@types/mime-types@ts3.6',
1 verbose cli   '@types/min-indent@ts3.6',
1 verbose cli   '@types/minimalistic-assert@ts3.6',
1 verbose cli   '@types/minimist@ts3.6',
1 verbose cli   '@types/minizlib@ts3.6',
1 verbose cli   '@types/move-concurrently@ts3.6',
1 verbose cli   '@types/ms@ts3.6',
1 verbose cli   '@types/multicast-dns@ts3.6',
1 verbose cli   '@types/natural-compare@ts3.6',
1 verbose cli   '@types/negotiator@ts3.6',
1 verbose cli   '@types/neo-async@ts3.6',
1 verbose cli   '@types/next-tick@ts3.6',
1 verbose cli   '@types/nice-try@ts3.6',
1 verbose cli   '@types/node-forge@ts3.6',
1 verbose cli   '@types/node-int64@ts3.6',
1 verbose cli   '@types/node-notifier@ts3.6',
1 verbose cli   '@types/normalize-package-data@ts3.6',
1 verbose cli   '@types/normalize-path@ts3.6',
1 verbose cli   '@types/num2fraction@ts3.6',
1 verbose cli   '@types/nwsapi@ts3.6',
1 verbose cli   '@types/object-assign@ts3.6',
1 verbose cli   '@types/object-inspect@ts3.6',
1 verbose cli   '@types/object-keys@ts3.6',
1 verbose cli   '@types/object.fromentries@ts3.6',
1 verbose cli   '@types/object.getownpropertydescriptors@ts3.6',
1 verbose cli   '@types/object.pick@ts3.6',
1 verbose cli   '@types/on-finished@ts3.6',
1 verbose cli   '@types/on-headers@ts3.6',
1 verbose cli   '@types/once@ts3.6',
1 verbose cli   '@types/optimize-css-assets-webpack-plugin@ts3.6',
1 verbose cli   '@types/original@ts3.6',
1 verbose cli   '@types/pako@ts3.6',
1 verbose cli   '@types/parallel-transform@ts3.6',
1 verbose cli   '@types/parse-json@ts3.6',
1 verbose cli   '@types/parseurl@ts3.6',
1 verbose cli   '@types/pascalcase@ts3.6',
1 verbose cli   '@types/path-browserify@ts3.6',
1 verbose cli   '@types/path-is-absolute@ts3.6',
1 verbose cli   '@types/path-is-inside@ts3.6',
1 verbose cli   '@types/path-parse@ts3.6',
1 verbose cli   '@types/pbkdf2@ts3.6',
1 verbose cli   '@types/picomatch@ts3.6',
1 verbose cli   '@types/pify@ts3.6',
1 verbose cli   '@types/postcss-flexbugs-fixes@ts3.6',
1 verbose cli   '@types/postcss-gap-properties@ts3.6',
1 verbose cli   '@types/postcss-modules-extract-imports@ts3.6',
1 verbose cli   '@types/postcss-modules-local-by-default@ts3.6',
1 verbose cli   '@types/postcss-modules-scope@ts3.6',
1 verbose cli   '@types/postcss-modules-values@ts3.6',
1 verbose cli   '@types/postcss-normalize@ts3.6',
1 verbose cli   '@types/postcss-safe-parser@ts3.6',
1 verbose cli   '@types/prelude-ls@ts3.6',
1 verbose cli   '@types/prettier-linter-helpers@ts3.6',
1 verbose cli   '@types/progress@ts3.6',
1 verbose cli   '@types/promise-inflight@ts3.6',
1 verbose cli   '@types/prompts@ts3.6',
1 verbose cli   '@types/prop-types@ts3.6',
1 verbose cli   '@types/proxy-addr@ts3.6',
1 verbose cli   '@types/psl@ts3.6',
1 verbose cli   '@types/pump@ts3.6',
1 verbose cli   '@types/pumpify@ts3.6',
1 verbose cli   '@types/punycode@ts3.6',
1 verbose cli   '@types/q@ts3.6',
1 verbose cli   '@types/qs@ts3.6',
1 verbose cli   '@types/querystringify@ts3.6',
1 verbose cli   '@types/raf@ts3.6',
1 verbose cli   '@types/randombytes@ts3.6',
1 verbose cli   '@types/range-parser@ts3.6',
1 verbose cli   '@types/react-dev-utils@ts3.6',
1 verbose cli   '@types/react-is@ts3.6',
1 verbose cli   '@types/react-refresh@ts3.6',
1 verbose cli   '@types/readable-stream@ts3.6',
1 verbose cli   '@types/recursive-readdir@ts3.6',
1 verbose cli   '@types/regenerate@ts3.6',
1 verbose cli   '@types/regenerator-runtime@ts3.6',
1 verbose cli   '@types/regex-not@ts3.6',
1 verbose cli   '@types/relateurl@ts3.6',
1 verbose cli   '@types/repeat-element@ts3.6',
1 verbose cli   '@types/repeat-string@ts3.6',
1 verbose cli   '@types/request@ts3.6',
1 verbose cli   '@types/request-promise-native@ts3.6',
1 verbose cli   ... 108 more items
1 verbose cli ]
2 info using npm@6.14.6
3 info using node@v12.18.3
4 verbose npm-session 194670dec0f6e388
5 silly install loadCurrentTree
6 silly install readLocalPackageData
7 http fetch GET 304 https://registry.npmjs.org/@types%2flodash.memoize 563ms (from cache)
8 http fetch GET 304 https://registry.npmjs.org/@types%2flodash.debounce 569ms (from cache)
9 http fetch GET 304 https://registry.npmjs.org/@types%2flodash.template 568ms (from cache)
10 silly pacote tag manifest for @types/lodash.memoize@ts3.6 fetched in 579ms
11 silly pacote tag manifest for @types/lodash.debounce@ts3.6 fetched in 594ms
12 http fetch GET 304 https://registry.npmjs.org/@types%2fmemory-fs 570ms (from cache)
13 silly pacote tag manifest for @types/lodash.template@ts3.6 fetched in 588ms
14 silly pacote tag manifest for @types/memory-fs@ts3.6 fetched in 596ms
15 http fetch GET 304 https://registry.npmjs.org/@types%2fmemorystream 618ms (from cache)
16 http fetch GET 304 https://registry.npmjs.org/@types%2fmerge-descriptors 618ms (from cache)
17 http fetch GET 304 https://registry.npmjs.org/@types%2fmedia-typer 623ms (from cache)
18 silly pacote tag manifest for @types/memorystream@ts3.6 fetched in 626ms
19 silly pacote tag manifest for @types/merge-descriptors@ts3.6 fetched in 626ms
20 silly pacote tag manifest for @types/media-typer@ts3.6 fetched in 634ms
21 http fetch GET 304 https://registry.npmjs.org/@types%2fmime 72ms (from cache)
22 silly pacote tag manifest for @types/mime@ts3.6 fetched in 74ms
23 http fetch GET 304 https://registry.npmjs.org/@types%2fmime-db 107ms (from cache)
24 silly pacote tag manifest for @types/mime-db@ts3.6 fetched in 109ms
25 http fetch GET 200 https://registry.npmjs.org/@types%2fminimist 7ms (from cache)
26 silly pacote tag manifest for @types/minimist@ts3.6 fetched in 8ms
27 http fetch GET 304 https://registry.npmjs.org/@types%2fmerge2 1285ms (from cache)
28 silly pacote tag manifest for @types/merge2@ts3.6 fetched in 1287ms
29 http fetch GET 304 https://registry.npmjs.org/@types%2fminimalistic-assert 1286ms (from cache)
30 silly pacote tag manifest for @types/minimalistic-assert@ts3.6 fetched in 1289ms
31 http fetch GET 304 https://registry.npmjs.org/@types%2fms 106ms (from cache)
32 silly pacote tag manifest for @types/ms@ts3.6 fetched in 108ms
33 http fetch GET 304 https://registry.npmjs.org/@types%2flodash.uniq 2725ms (from cache)
34 silly pacote tag manifest for @types/lodash.uniq@ts3.6 fetched in 2729ms
35 http fetch GET 304 https://registry.npmjs.org/@types%2fnatural-compare 116ms (from cache)
36 silly pacote tag manifest for @types/natural-compare@ts3.6 fetched in 124ms
37 http fetch GET 304 https://registry.npmjs.org/@types%2fmerge-stream 2838ms (from cache)
38 silly pacote tag manifest for @types/merge-stream@ts3.6 fetched in 2849ms
39 http fetch GET 200 https://registry.npmjs.org/@types%2fneo-async 12ms (from cache)
40 silly registry:manifest no matching version for @types/neo-async@ts3.6 in the cache. Forcing revalidation.
41 http fetch GET 304 https://registry.npmjs.org/@types%2flz-string 2912ms (from cache)
42 silly pacote tag manifest for @types/lz-string@ts3.6 fetched in 2920ms
43 http fetch GET 304 https://registry.npmjs.org/@types%2fnext-tick 110ms (from cache)
44 silly pacote tag manifest for @types/next-tick@ts3.6 fetched in 112ms
45 http fetch GET 304 https://registry.npmjs.org/@types%2fmime-types 2419ms (from cache)
46 silly pacote tag manifest for @types/mime-types@ts3.6 fetched in 2421ms
47 http fetch GET 304 https://registry.npmjs.org/@types%2fmicromatch 2508ms (from cache)
48 silly pacote tag manifest for @types/micromatch@ts3.6 fetched in 2518ms
49 http fetch GET 304 https://registry.npmjs.org/@types%2fmin-indent 2509ms (from cache)
50 silly pacote tag manifest for @types/min-indent@ts3.6 fetched in 2514ms
51 http fetch GET 304 https://registry.npmjs.org/@types%2fmethods 2595ms (from cache)
52 silly pacote tag manifest for @types/methods@ts3.6 fetched in 2599ms
53 http fetch GET 304 https://registry.npmjs.org/@types%2fnode-forge 123ms (from cache)
54 silly pacote tag manifest for @types/node-forge@ts3.6 fetched in 127ms
55 http fetch GET 304 https://registry.npmjs.org/@types%2fminizlib 2504ms (from cache)
56 silly pacote tag manifest for @types/minizlib@ts3.6 fetched in 2506ms
57 http fetch GET 304 https://registry.npmjs.org/@types%2fnode-notifier 109ms (from cache)
58 silly pacote tag manifest for @types/node-notifier@ts3.6 fetched in 117ms
59 http fetch GET 304 https://registry.npmjs.org/@types%2fnormalize-package-data 127ms (from cache)
60 silly pacote tag manifest for @types/normalize-package-data@ts3.6 fetched in 129ms
61 http fetch GET 304 https://registry.npmjs.org/@types%2fobject-assign 96ms (from cache)
62 silly pacote tag manifest for @types/object-assign@ts3.6 fetched in 98ms
63 http fetch GET 304 https://registry.npmjs.org/@types%2fmove-concurrently 1567ms (from cache)
64 silly pacote tag manifest for @types/move-concurrently@ts3.6 fetched in 1569ms
65 http fetch GET 304 https://registry.npmjs.org/@types%2fobject-inspect 125ms (from cache)
66 silly pacote tag manifest for @types/object-inspect@ts3.6 fetched in 127ms
67 http fetch GET 304 https://registry.npmjs.org/@types%2fnegotiator 1680ms (from cache)
68 silly pacote tag manifest for @types/negotiator@ts3.6 fetched in 1683ms
69 http fetch GET 304 https://registry.npmjs.org/@types%2fmulticast-dns 2510ms (from cache)
70 silly pacote tag manifest for @types/multicast-dns@ts3.6 fetched in 2512ms
71 http fetch GET 304 https://registry.npmjs.org/@types%2fobject.pick 108ms (from cache)
72 silly pacote tag manifest for @types/object.pick@ts3.6 fetched in 115ms
73 http fetch GET 304 https://registry.npmjs.org/@types%2fon-finished 126ms (from cache)
74 silly pacote tag manifest for @types/on-finished@ts3.6 fetched in 127ms
75 http fetch GET 200 https://registry.npmjs.org/@types%2fneo-async 2422ms
76 silly fetchPackageMetaData error for @types/neo-async@ts3.6 No matching version found for @types/neo-async@ts3.6.
77 http fetch GET 304 https://registry.npmjs.org/@types%2fonce 196ms (from cache)
78 silly pacote tag manifest for @types/once@ts3.6 fetched in 199ms
79 http fetch GET 304 https://registry.npmjs.org/@types%2fnice-try 2510ms (from cache)
80 silly pacote tag manifest for @types/nice-try@ts3.6 fetched in 2512ms
81 http fetch GET 304 https://registry.npmjs.org/@types%2fnode-int64 2500ms (from cache)
82 silly pacote tag manifest for @types/node-int64@ts3.6 fetched in 2502ms
83 http fetch GET 304 https://registry.npmjs.org/@types%2fnormalize-path 2440ms (from cache)
84 silly pacote tag manifest for @types/normalize-path@ts3.6 fetched in 2442ms
85 http fetch GET 304 https://registry.npmjs.org/@types%2fnum2fraction 2536ms (from cache)
86 silly pacote tag manifest for @types/num2fraction@ts3.6 fetched in 2537ms
87 http fetch GET 304 https://registry.npmjs.org/@types%2fnwsapi 2528ms (from cache)
88 silly pacote tag manifest for @types/nwsapi@ts3.6 fetched in 2531ms
89 http fetch GET 200 https://registry.npmjs.org/@types%2fparse-json 6ms (from cache)
90 silly pacote tag manifest for @types/parse-json@ts3.6 fetched in 14ms
91 http fetch GET 304 https://registry.npmjs.org/@types%2fobject-keys 2434ms (from cache)
92 silly pacote tag manifest for @types/object-keys@ts3.6 fetched in 2438ms
93 http fetch GET 304 https://registry.npmjs.org/@types%2fpascalcase 115ms (from cache)
94 silly pacote tag manifest for @types/pascalcase@ts3.6 fetched in 127ms
95 http fetch GET 304 https://registry.npmjs.org/@types%2fobject.fromentries 2466ms (from cache)
96 silly pacote tag manifest for @types/object.fromentries@ts3.6 fetched in 2478ms
97 http fetch GET 304 https://registry.npmjs.org/@types%2fpath-is-absolute 218ms (from cache)
98 silly pacote tag manifest for @types/path-is-absolute@ts3.6 fetched in 240ms
99 http fetch GET 304 https://registry.npmjs.org/@types%2fpath-parse 144ms (from cache)
100 silly pacote tag manifest for @types/path-parse@ts3.6 fetched in 147ms
101 http fetch GET 304 https://registry.npmjs.org/@types%2fpbkdf2 152ms (from cache)
102 silly pacote tag manifest for @types/pbkdf2@ts3.6 fetched in 155ms
103 http fetch GET 304 https://registry.npmjs.org/@types%2fpicomatch 106ms (from cache)
104 silly pacote tag manifest for @types/picomatch@ts3.6 fetched in 112ms
105 http fetch GET 304 https://registry.npmjs.org/@types%2fpify 138ms (from cache)
106 silly pacote tag manifest for @types/pify@ts3.6 fetched in 142ms
107 http fetch GET 304 https://registry.npmjs.org/@types%2fpostcss-flexbugs-fixes 116ms (from cache)
108 silly pacote tag manifest for @types/postcss-flexbugs-fixes@ts3.6 fetched in 119ms
109 http fetch GET 304 https://registry.npmjs.org/@types%2fpostcss-gap-properties 190ms (from cache)
110 http fetch GET 304 https://registry.npmjs.org/@types%2fobject.getownpropertydescriptors 2518ms (from cache)
111 silly pacote tag manifest for @types/postcss-gap-properties@ts3.6 fetched in 193ms
112 silly pacote tag manifest for @types/object.getownpropertydescriptors@ts3.6 fetched in 2520ms
113 http fetch GET 304 https://registry.npmjs.org/@types%2fparseurl 1336ms (from cache)
114 http fetch GET 304 https://registry.npmjs.org/@types%2foriginal 1596ms (from cache)
115 silly pacote tag manifest for @types/parseurl@ts3.6 fetched in 1338ms
116 silly pacote tag manifest for @types/original@ts3.6 fetched in 1607ms
117 http fetch GET 304 https://registry.npmjs.org/@types%2fpostcss-modules-local-by-default 111ms (from cache)
118 silly pacote tag manifest for @types/postcss-modules-local-by-default@ts3.6 fetched in 112ms
119 http fetch GET 304 https://registry.npmjs.org/@types%2fpostcss-modules-extract-imports 128ms (from cache)
120 silly pacote tag manifest for @types/postcss-modules-extract-imports@ts3.6 fetched in 131ms
121 http fetch GET 304 https://registry.npmjs.org/@types%2fpostcss-modules-scope 146ms (from cache)
122 silly pacote tag manifest for @types/postcss-modules-scope@ts3.6 fetched in 150ms
123 http fetch GET 304 https://registry.npmjs.org/@types%2fpostcss-modules-values 153ms (from cache)
124 silly pacote tag manifest for @types/postcss-modules-values@ts3.6 fetched in 155ms
125 http fetch GET 304 https://registry.npmjs.org/@types%2fon-headers 2579ms (from cache)
126 silly pacote tag manifest for @types/on-headers@ts3.6 fetched in 2581ms
127 http fetch GET 304 https://registry.npmjs.org/@types%2foptimize-css-assets-webpack-plugin 2497ms (from cache)
128 silly pacote tag manifest for @types/optimize-css-assets-webpack-plugin@ts3.6 fetched in 2499ms
129 http fetch GET 304 https://registry.npmjs.org/@types%2fparallel-transform 2480ms (from cache)
130 silly pacote tag manifest for @types/parallel-transform@ts3.6 fetched in 2484ms
131 http fetch GET 304 https://registry.npmjs.org/@types%2fpromise-inflight 152ms (from cache)
132 silly pacote tag manifest for @types/promise-inflight@ts3.6 fetched in 154ms
133 http fetch GET 200 https://registry.npmjs.org/@types%2fprop-types 7ms (from cache)
134 silly pacote tag manifest for @types/prop-types@ts3.6 fetched in 9ms
135 http fetch GET 304 https://registry.npmjs.org/@types%2fprompts 99ms (from cache)
136 silly pacote tag manifest for @types/prompts@ts3.6 fetched in 102ms
137 http fetch GET 304 https://registry.npmjs.org/@types%2fproxy-addr 106ms (from cache)
138 silly pacote tag manifest for @types/proxy-addr@ts3.6 fetched in 108ms
139 http fetch GET 304 https://registry.npmjs.org/@types%2fpath-browserify 2466ms (from cache)
140 silly registry:manifest no matching version for @types/path-browserify@ts3.6 in the cache. Forcing revalidation.
141 http fetch GET 304 https://registry.npmjs.org/@types%2fpath-is-inside 2699ms (from cache)
142 silly pacote tag manifest for @types/path-is-inside@ts3.6 fetched in 2704ms
143 http fetch GET 304 https://registry.npmjs.org/@types%2fpostcss-normalize 1662ms (from cache)
144 http fetch GET 304 https://registry.npmjs.org/@types%2fpako 3227ms (from cache)
145 silly pacote tag manifest for @types/postcss-normalize@ts3.6 fetched in 1664ms
146 silly pacote tag manifest for @types/pako@ts3.6 fetched in 3230ms
147 http fetch GET 304 https://registry.npmjs.org/@types%2fq 120ms (from cache)
148 silly pacote tag manifest for @types/q@ts3.6 fetched in 123ms
149 http fetch GET 200 https://registry.npmjs.org/@types%2fqs 7ms (from cache)
150 silly pacote tag manifest for @types/qs@ts3.6 fetched in 12ms
151 http fetch GET 304 https://registry.npmjs.org/@types%2fprettier-linter-helpers 2960ms (from cache)
152 http fetch GET 304 https://registry.npmjs.org/@types%2fpostcss-safe-parser 3085ms (from cache)
153 http fetch GET 304 https://registry.npmjs.org/@types%2fprogress 2851ms (from cache)
154 http fetch GET 304 https://registry.npmjs.org/@types%2fprelude-ls 2980ms (from cache)
155 silly pacote tag manifest for @types/prettier-linter-helpers@ts3.6 fetched in 2964ms
156 silly pacote tag manifest for @types/postcss-safe-parser@ts3.6 fetched in 3091ms
157 silly pacote tag manifest for @types/progress@ts3.6 fetched in 2869ms
158 silly pacote tag manifest for @types/prelude-ls@ts3.6 fetched in 3003ms
159 http fetch GET 200 https://registry.npmjs.org/@types%2frange-parser 19ms (from cache)
160 silly pacote tag manifest for @types/range-parser@ts3.6 fetched in 21ms
161 http fetch GET 304 https://registry.npmjs.org/@types%2freact-dev-utils 309ms (from cache)
162 http fetch GET 304 https://registry.npmjs.org/@types%2fraf 332ms (from cache)
163 silly pacote tag manifest for @types/react-dev-utils@ts3.6 fetched in 313ms
164 silly pacote tag manifest for @types/raf@ts3.6 fetched in 338ms
165 http fetch GET 304 https://registry.npmjs.org/@types%2fpsl 2640ms (from cache)
166 http fetch GET 304 https://registry.npmjs.org/@types%2freact-is 546ms (from cache)
167 silly pacote tag manifest for @types/psl@ts3.6 fetched in 2644ms
168 http fetch GET 304 https://registry.npmjs.org/@types%2fpump 2593ms (from cache)
169 silly pacote tag manifest for @types/react-is@ts3.6 fetched in 556ms
170 http fetch GET 304 https://registry.npmjs.org/@types%2freadable-stream 264ms (from cache)
171 silly pacote tag manifest for @types/pump@ts3.6 fetched in 2615ms
172 silly pacote tag manifest for @types/readable-stream@ts3.6 fetched in 288ms
173 http fetch GET 200 https://registry.npmjs.org/@types%2fpath-browserify 2595ms
174 silly fetchPackageMetaData error for @types/path-browserify@ts3.6 No matching version found for @types/path-browserify@ts3.6.
175 http fetch GET 304 https://registry.npmjs.org/@types%2frelateurl 119ms (from cache)
176 silly pacote tag manifest for @types/relateurl@ts3.6 fetched in 123ms
177 http fetch GET 304 https://registry.npmjs.org/@types%2fregex-not 166ms (from cache)
178 silly registry:manifest no matching version for @types/regex-not@ts3.6 in the cache. Forcing revalidation.
179 http fetch GET 304 https://registry.npmjs.org/@types%2frepeat-element 82ms (from cache)
180 silly pacote tag manifest for @types/repeat-element@ts3.6 fetched in 85ms
181 http fetch GET 304 https://registry.npmjs.org/@types%2fpumpify 2450ms (from cache)
182 silly pacote tag manifest for @types/pumpify@ts3.6 fetched in 2452ms
183 http fetch GET 304 https://registry.npmjs.org/@types%2frepeat-string 84ms (from cache)
184 silly pacote tag manifest for @types/repeat-string@ts3.6 fetched in 89ms
185 http fetch GET 304 https://registry.npmjs.org/@types%2frequest 78ms (from cache)
186 silly pacote tag manifest for @types/request@ts3.6 fetched in 81ms
187 http fetch GET 304 https://registry.npmjs.org/@types%2frequest-promise-native 87ms (from cache)
188 silly pacote tag manifest for @types/request-promise-native@ts3.6 fetched in 91ms
189 http fetch GET 304 https://registry.npmjs.org/@types%2frequire-from-string 86ms (from cache)
190 silly pacote tag manifest for @types/require-from-string@ts3.6 fetched in 88ms
191 http fetch GET 304 https://registry.npmjs.org/@types%2fpunycode 2683ms (from cache)
192 silly pacote tag manifest for @types/punycode@ts3.6 fetched in 2685ms
193 http fetch GET 304 https://registry.npmjs.org/@types%2fquerystringify 2565ms (from cache)
194 silly pacote tag manifest for @types/querystringify@ts3.6 fetched in 2567ms
195 http fetch GET 304 https://registry.npmjs.org/@types%2fresolve 44ms (from cache)
196 silly pacote tag manifest for @types/resolve@ts3.6 fetched in 45ms
197 http fetch GET 304 https://registry.npmjs.org/@types%2fripemd160 83ms (from cache)
198 silly pacote tag manifest for @types/ripemd160@ts3.6 fetched in 85ms
199 http fetch GET 304 https://registry.npmjs.org/@types%2fregenerator-runtime 788ms (from cache)
200 silly pacote tag manifest for @types/regenerator-runtime@ts3.6 fetched in 791ms
201 http fetch GET 304 https://registry.npmjs.org/@types%2frandombytes 1572ms (from cache)
202 silly pacote tag manifest for @types/randombytes@ts3.6 fetched in 1574ms
203 http fetch GET 304 https://registry.npmjs.org/@types%2freact-refresh 1592ms (from cache)
204 silly registry:manifest no matching version for @types/react-refresh@ts3.6 in the cache. Forcing revalidation.
205 http fetch GET 304 https://registry.npmjs.org/@types%2frecursive-readdir 1668ms (from cache)
206 silly pacote tag manifest for @types/recursive-readdir@ts3.6 fetched in 1670ms
207 http fetch GET 304 https://registry.npmjs.org/@types%2fsafe-regex 1241ms (from cache)
208 silly pacote tag manifest for @types/safe-regex@ts3.6 fetched in 1243ms
209 http fetch GET 304 https://registry.npmjs.org/@types%2frun-parallel 1572ms (from cache)
210 silly pacote tag manifest for @types/run-parallel@ts3.6 fetched in 1574ms
211 http fetch GET 304 https://registry.npmjs.org/@types%2fsass-loader 82ms (from cache)
212 silly pacote tag manifest for @types/sass-loader@ts3.6 fetched in 85ms
213 http fetch GET 304 https://registry.npmjs.org/@types%2fsax 100ms (from cache)
214 silly pacote tag manifest for @types/sax@ts3.6 fetched in 101ms
215 http fetch GET 200 https://registry.npmjs.org/@types%2fscheduler 6ms (from cache)
216 silly pacote tag manifest for @types/scheduler@ts3.6 fetched in 12ms
217 http fetch GET 304 https://registry.npmjs.org/@types%2fregenerate 2601ms (from cache)
218 silly registry:manifest no matching version for @types/regenerate@ts3.6 in the cache. Forcing revalidation.
219 http fetch GET 200 https://registry.npmjs.org/@types%2fregex-not 2432ms
220 silly fetchPackageMetaData error for @types/regex-not@ts3.6 No matching version found for @types/regex-not@ts3.6.
221 http fetch GET 200 https://registry.npmjs.org/@types%2fsemver 6ms (from cache)
222 silly pacote tag manifest for @types/semver@ts3.6 fetched in 8ms
223 http fetch GET 200 https://registry.npmjs.org/@types%2fsemver-compare 4ms (from cache)
224 silly pacote tag manifest for @types/semver-compare@ts3.6 fetched in 6ms
225 http fetch GET 304 https://registry.npmjs.org/@types%2fsend 121ms (from cache)
226 silly pacote tag manifest for @types/send@ts3.6 fetched in 123ms
227 http fetch GET 304 https://registry.npmjs.org/@types%2frequire-directory 2452ms (from cache)
228 silly pacote tag manifest for @types/require-directory@ts3.6 fetched in 2454ms
229 http fetch GET 304 https://registry.npmjs.org/@types%2fserialize-javascript 83ms (from cache)
230 silly pacote tag manifest for @types/serialize-javascript@ts3.6 fetched in 84ms
231 http fetch GET 304 https://registry.npmjs.org/@types%2fserve-static 45ms (from cache)
232 silly pacote tag manifest for @types/serve-static@ts3.6 fetched in 48ms
233 http fetch GET 200 https://registry.npmjs.org/@types%2fset-blocking 5ms (from cache)
234 silly registry:manifest no matching version for @types/set-blocking@ts3.6 in the cache. Forcing revalidation.
235 http fetch GET 304 https://registry.npmjs.org/@types%2fserve-index 94ms (from cache)
236 silly pacote tag manifest for @types/serve-index@ts3.6 fetched in 95ms
237 http fetch GET 304 https://registry.npmjs.org/@types%2frequires-port 2630ms (from cache)
238 silly pacote tag manifest for @types/requires-port@ts3.6 fetched in 2633ms
239 http fetch GET 304 https://registry.npmjs.org/@types%2fset-value 251ms (from cache)
240 http fetch GET 304 https://registry.npmjs.org/@types%2fretry 2511ms (from cache)
241 silly pacote tag manifest for @types/set-value@ts3.6 fetched in 257ms
242 silly pacote tag manifest for @types/retry@ts3.6 fetched in 2524ms
243 http fetch GET 304 https://registry.npmjs.org/@types%2frsvp 2450ms (from cache)
244 http fetch GET 304 https://registry.npmjs.org/@types%2fsafer-buffer 1569ms (from cache)
245 silly pacote tag manifest for @types/rsvp@ts3.6 fetched in 2453ms
246 silly pacote tag manifest for @types/safer-buffer@ts3.6 fetched in 1571ms
247 http fetch GET 304 https://registry.npmjs.org/@types%2fshebang-command 189ms (from cache)
248 http fetch GET 304 https://registry.npmjs.org/@types%2fsignal-exit 147ms (from cache)
249 http fetch GET 304 https://registry.npmjs.org/@types%2fsha.js 199ms (from cache)
250 silly pacote tag manifest for @types/shebang-command@ts3.6 fetched in 193ms
251 silly pacote tag manifest for @types/signal-exit@ts3.6 fetched in 150ms
252 silly pacote tag manifest for @types/sha.js@ts3.6 fetched in 204ms
253 http fetch GET 304 https://registry.npmjs.org/@types%2fshell-quote 165ms (from cache)
254 silly pacote tag manifest for @types/shell-quote@ts3.6 fetched in 169ms
255 http fetch GET 304 https://registry.npmjs.org/@types%2fsimple-swizzle 206ms (from cache)
256 silly registry:manifest no matching version for @types/simple-swizzle@ts3.6 in the cache. Forcing revalidation.
257 http fetch GET 304 https://registry.npmjs.org/@types%2fslice-ansi 210ms (from cache)
258 silly pacote tag manifest for @types/slice-ansi@ts3.6 fetched in 217ms
259 http fetch GET 304 https://registry.npmjs.org/@types%2fsockjs-client 222ms (from cache)
260 silly pacote tag manifest for @types/sockjs-client@ts3.6 fetched in 226ms
261 http fetch GET 304 https://registry.npmjs.org/@types%2fsockjs 255ms (from cache)
262 silly pacote tag manifest for @types/sockjs@ts3.6 fetched in 275ms
263 http fetch GET 304 https://registry.npmjs.org/@types%2fsource-list-map 78ms (from cache)
264 silly pacote tag manifest for @types/source-list-map@ts3.6 fetched in 81ms
265 http fetch GET 304 https://registry.npmjs.org/@types%2fspdx-expression-parse 104ms (from cache)
266 silly pacote tag manifest for @types/spdx-expression-parse@ts3.6 fetched in 106ms
267 http fetch GET 200 https://registry.npmjs.org/@types%2freact-refresh 2506ms
268 silly fetchPackageMetaData error for @types/react-refresh@ts3.6 No matching version found for @types/react-refresh@ts3.6.
269 http fetch GET 304 https://registry.npmjs.org/@types%2fsane 1625ms (from cache)
270 silly pacote tag manifest for @types/sane@ts3.6 fetched in 1636ms
271 http fetch GET 304 https://registry.npmjs.org/@types%2fsprintf 115ms (from cache)
272 silly pacote tag manifest for @types/sprintf@ts3.6 fetched in 119ms
273 http fetch GET 304 https://registry.npmjs.org/@types%2fsprintf-js 123ms (from cache)
274 silly pacote tag manifest for @types/sprintf-js@ts3.6 fetched in 125ms
275 http fetch GET 304 https://registry.npmjs.org/@types%2fsshpk 101ms (from cache)
276 silly pacote tag manifest for @types/sshpk@ts3.6 fetched in 105ms
277 http fetch GET 304 https://registry.npmjs.org/@types%2fstack-utils 84ms (from cache)
278 silly pacote tag manifest for @types/stack-utils@ts3.6 fetched in 85ms
279 http fetch GET 304 https://registry.npmjs.org/@types%2fsetimmediate 1615ms (from cache)
280 silly pacote tag manifest for @types/setimmediate@ts3.6 fetched in 1617ms
281 http fetch GET 304 https://registry.npmjs.org/@types%2fstream-each 101ms (from cache)
282 silly pacote tag manifest for @types/stream-each@ts3.6 fetched in 103ms
283 http fetch GET 304 https://registry.npmjs.org/@types%2fstream-shift 110ms (from cache)
284 silly pacote tag manifest for @types/stream-shift@ts3.6 fetched in 120ms
285 http fetch GET 304 https://registry.npmjs.org/@types%2fselfsigned 2472ms (from cache)
286 silly registry:manifest no matching version for @types/selfsigned@ts3.6 in the cache. Forcing revalidation.
287 http fetch GET 200 https://registry.npmjs.org/@types%2fregenerate 2491ms
288 silly fetchPackageMetaData error for @types/regenerate@ts3.6 No matching version found for @types/regenerate@ts3.6.
289 http fetch GET 304 https://registry.npmjs.org/@types%2fsource-map-support 1629ms (from cache)
290 silly pacote tag manifest for @types/source-map-support@ts3.6 fetched in 1631ms
291 http fetch GET 200 https://registry.npmjs.org/@types%2fset-blocking 2465ms
292 silly fetchPackageMetaData error for @types/set-blocking@ts3.6 No matching version found for @types/set-blocking@ts3.6.
293 http fetch GET 304 https://registry.npmjs.org/@types%2fstatuses 1270ms (from cache)
294 http fetch GET 304 https://registry.npmjs.org/@types%2fspdy 1654ms (from cache)
295 silly pacote tag manifest for @types/statuses@ts3.6 fetched in 1293ms
296 silly pacote tag manifest for @types/spdy@ts3.6 fetched in 1671ms
297 http fetch GET 304 https://registry.npmjs.org/@types%2fssri 1585ms (from cache)
298 silly pacote tag manifest for @types/ssri@ts3.6 fetched in 1588ms
299 http fetch GET 304 https://registry.npmjs.org/@types%2fsupports-color 110ms (from cache)
300 silly pacote tag manifest for @types/supports-color@ts3.6 fetched in 113ms
301 http fetch GET 200 https://registry.npmjs.org/@types%2fsimple-swizzle 2412ms
302 silly fetchPackageMetaData error for @types/simple-swizzle@ts3.6 No matching version found for @types/simple-swizzle@ts3.6.
303 http fetch GET 304 https://registry.npmjs.org/@types%2fsymbol-tree 97ms (from cache)
304 silly pacote tag manifest for @types/symbol-tree@ts3.6 fetched in 99ms
305 http fetch GET 304 https://registry.npmjs.org/@types%2ftapable 58ms (from cache)
306 silly pacote tag manifest for @types/tapable@ts3.6 fetched in 61ms
307 http fetch GET 304 https://registry.npmjs.org/@types%2ftar 88ms (from cache)
308 silly pacote tag manifest for @types/tar@ts3.6 fetched in 90ms
309 http fetch GET 304 https://registry.npmjs.org/@types%2fspdx-correct 2704ms (from cache)
310 silly pacote tag manifest for @types/spdx-correct@ts3.6 fetched in 2705ms
311 http fetch GET 304 https://registry.npmjs.org/@types%2fsvg-parser 868ms (from cache)
312 silly pacote tag manifest for @types/svg-parser@ts3.6 fetched in 870ms
313 http fetch GET 200 https://registry.npmjs.org/@types%2fselfsigned 1562ms
314 silly fetchPackageMetaData error for @types/selfsigned@ts3.6 No matching version found for @types/selfsigned@ts3.6.
315 http fetch GET 304 https://registry.npmjs.org/@types%2fstrict-uri-encode 1666ms (from cache)
316 silly pacote tag manifest for @types/strict-uri-encode@ts3.6 fetched in 1678ms
317 http fetch GET 304 https://registry.npmjs.org/@types%2fthrough2 173ms (from cache)
318 silly pacote tag manifest for @types/through2@ts3.6 fetched in 188ms
319 http fetch GET 304 https://registry.npmjs.org/@types%2fstring-natural-compare 1682ms (from cache)
320 silly pacote tag manifest for @types/string-natural-compare@ts3.6 fetched in 1696ms
321 http fetch GET 304 https://registry.npmjs.org/@types%2ftmpl 153ms (from cache)
322 silly registry:manifest no matching version for @types/tmpl@ts3.6 in the cache. Forcing revalidation.
323 http fetch GET 304 https://registry.npmjs.org/@types%2fstrip-final-newline 1553ms (from cache)
324 silly pacote tag manifest for @types/strip-final-newline@ts3.6 fetched in 1556ms
325 http fetch GET 304 https://registry.npmjs.org/@types%2fto-regex-range 102ms (from cache)
326 silly registry:manifest no matching version for @types/to-regex-range@ts3.6 in the cache. Forcing revalidation.
327 http fetch GET 304 https://registry.npmjs.org/@types%2fstring.prototype.matchall 2441ms (from cache)
328 silly pacote tag manifest for @types/string.prototype.matchall@ts3.6 fetched in 2452ms
329 http fetch GET 200 https://registry.npmjs.org/@types%2ftoidentifier 27ms (from cache)
330 silly registry:manifest no matching version for @types/toidentifier@ts3.6 in the cache. Forcing revalidation.
331 http fetch GET 304 https://registry.npmjs.org/@types%2fstrip-comments 2441ms (from cache)
332 silly pacote tag manifest for @types/strip-comments@ts3.6 fetched in 2444ms
333 http fetch GET 304 https://registry.npmjs.org/@types%2fstringify-object 2527ms (from cache)
334 silly pacote tag manifest for @types/stringify-object@ts3.6 fetched in 2539ms
335 http fetch GET 200 https://registry.npmjs.org/@types%2ftr46 10ms (from cache)
336 silly registry:manifest no matching version for @types/tr46@ts3.6 in the cache. Forcing revalidation.
337 http fetch GET 304 https://registry.npmjs.org/@types%2ftough-cookie 107ms (from cache)
338 silly pacote tag manifest for @types/tough-cookie@ts3.6 fetched in 109ms
339 http fetch GET 304 https://registry.npmjs.org/@types%2fthrough 1681ms (from cache)
340 silly pacote tag manifest for @types/through@ts3.6 fetched in 1684ms
341 http fetch GET 304 https://registry.npmjs.org/@types%2ftryer 104ms (from cache)
342 silly pacote tag manifest for @types/tryer@ts3.6 fetched in 106ms
343 http fetch GET 304 https://registry.npmjs.org/@types%2ftype-detect 118ms (from cache)
344 silly pacote tag manifest for @types/type-detect@ts3.6 fetched in 123ms
345 http fetch GET 304 https://registry.npmjs.org/@types%2ftext-table 2442ms (from cache)
346 silly pacote tag manifest for @types/text-table@ts3.6 fetched in 2444ms
347 http fetch GET 304 https://registry.npmjs.org/@types%2ftimsort 2430ms (from cache)
348 silly pacote tag manifest for @types/timsort@ts3.6 fetched in 2433ms
349 http fetch GET 200 https://registry.npmjs.org/@types%2funbox-primitive 8ms (from cache)
350 silly registry:manifest no matching version for @types/unbox-primitive@ts3.6 in the cache. Forcing revalidation.
351 http fetch GET 304 https://registry.npmjs.org/@types%2fthunky 2516ms (from cache)
352 silly pacote tag manifest for @types/thunky@ts3.6 fetched in 2518ms
353 http fetch GET 304 https://registry.npmjs.org/@types%2fto-regex 2469ms (from cache)
354 silly registry:manifest no matching version for @types/to-regex@ts3.6 in the cache. Forcing revalidation.
355 http fetch GET 200 https://registry.npmjs.org/@types%2ftmpl 2410ms
356 silly fetchPackageMetaData error for @types/tmpl@ts3.6 No matching version found for @types/tmpl@ts3.6.
357 http fetch GET 304 https://registry.npmjs.org/@types%2funiversalify 116ms (from cache)
358 silly pacote tag manifest for @types/universalify@ts3.6 fetched in 117ms
359 http fetch GET 304 https://registry.npmjs.org/@types%2furix 84ms (from cache)
360 silly pacote tag manifest for @types/urix@ts3.6 fetched in 86ms
361 http fetch GET 200 https://registry.npmjs.org/@types%2fto-regex-range 2451ms
362 silly fetchPackageMetaData error for @types/to-regex-range@ts3.6 No matching version found for @types/to-regex-range@ts3.6.
363 http fetch GET 200 https://registry.npmjs.org/@types%2ftoidentifier 2462ms
364 silly fetchPackageMetaData error for @types/toidentifier@ts3.6 No matching version found for @types/toidentifier@ts3.6.
365 http fetch GET 200 https://registry.npmjs.org/@types%2ftr46 2391ms
366 silly fetchPackageMetaData error for @types/tr46@ts3.6 No matching version found for @types/tr46@ts3.6.
367 http fetch GET 304 https://registry.npmjs.org/@types%2futils-merge 87ms (from cache)
368 silly pacote tag manifest for @types/utils-merge@ts3.6 fetched in 89ms
369 http fetch GET 304 https://registry.npmjs.org/@types%2fuuid 75ms (from cache)
370 silly pacote tag manifest for @types/uuid@ts3.6 fetched in 78ms
371 http fetch GET 304 https://registry.npmjs.org/@types%2ftype-check 2485ms (from cache)
372 silly pacote tag manifest for @types/type-check@ts3.6 fetched in 2487ms
373 http fetch GET 304 https://registry.npmjs.org/@types%2fvalidate-npm-package-license 109ms (from cache)
374 silly pacote tag manifest for @types/validate-npm-package-license@ts3.6 fetched in 111ms
375 http fetch GET 304 https://registry.npmjs.org/@types%2ftype-is 2486ms (from cache)
376 silly pacote tag manifest for @types/type-is@ts3.6 fetched in 2492ms
377 http fetch GET 304 https://registry.npmjs.org/@types%2fverror 137ms (from cache)
378 silly pacote tag manifest for @types/verror@ts3.6 fetched in 140ms
379 http fetch GET 304 https://registry.npmjs.org/@types%2fw3c-hr-time 89ms (from cache)
380 silly pacote tag manifest for @types/w3c-hr-time@ts3.6 fetched in 92ms
381 http fetch GET 304 https://registry.npmjs.org/@types%2fw3c-xmlserializer 92ms (from cache)
382 silly pacote tag manifest for @types/w3c-xmlserializer@ts3.6 fetched in 94ms
383 http fetch GET 200 https://registry.npmjs.org/@types%2fwebidl-conversions 13ms (from cache)
384 silly pacote tag manifest for @types/webidl-conversions@ts3.6 fetched in 15ms
385 http fetch GET 304 https://registry.npmjs.org/@types%2fwatchpack 121ms (from cache)
386 silly pacote tag manifest for @types/watchpack@ts3.6 fetched in 123ms
387 http fetch GET 304 https://registry.npmjs.org/@types%2fwebpack 107ms (from cache)
388 silly pacote tag manifest for @types/webpack@ts3.6 fetched in 110ms
389 http fetch GET 200 https://registry.npmjs.org/@types%2fwebpack-sources 4ms (from cache)
390 silly pacote tag manifest for @types/webpack-sources@ts3.6 fetched in 8ms
391 http fetch GET 304 https://registry.npmjs.org/@types%2fwebpack-manifest-plugin 113ms (from cache)
392 silly pacote tag manifest for @types/webpack-manifest-plugin@ts3.6 fetched in 115ms
393 http fetch GET 304 https://registry.npmjs.org/@types%2ftypedarray-to-buffer 2398ms (from cache)
394 silly registry:manifest no matching version for @types/typedarray-to-buffer@ts3.6 in the cache. Forcing revalidation.
395 http fetch GET 304 https://registry.npmjs.org/@types%2fwhatwg-mimetype 72ms (from cache)
396 silly pacote tag manifest for @types/whatwg-mimetype@ts3.6 fetched in 74ms
397 http fetch GET 200 https://registry.npmjs.org/@types%2fwhatwg-url 4ms (from cache)
398 silly pacote tag manifest for @types/whatwg-url@ts3.6 fetched in 6ms
399 http fetch GET 200 https://registry.npmjs.org/@types%2funbox-primitive 2451ms
400 silly fetchPackageMetaData error for @types/unbox-primitive@ts3.6 No matching version found for @types/unbox-primitive@ts3.6.
401 http fetch GET 200 https://registry.npmjs.org/@types%2fwhich-boxed-primitive 16ms (from cache)
402 silly registry:manifest no matching version for @types/which-boxed-primitive@ts3.6 in the cache. Forcing revalidation.
403 http fetch GET 304 https://registry.npmjs.org/@types%2funiq 2478ms (from cache)
404 silly pacote tag manifest for @types/uniq@ts3.6 fetched in 2480ms
405 http fetch GET 200 https://registry.npmjs.org/@types%2fwhich-pm-runs 5ms (from cache)
406 silly pacote tag manifest for @types/which-pm-runs@ts3.6 fetched in 6ms
407 http fetch GET 200 https://registry.npmjs.org/@types%2fto-regex 2488ms
408 silly fetchPackageMetaData error for @types/to-regex@ts3.6 No matching version found for @types/to-regex@ts3.6.
409 http fetch GET 304 https://registry.npmjs.org/@types%2fwrap-ansi 98ms (from cache)
410 silly pacote tag manifest for @types/wrap-ansi@ts3.6 fetched in 101ms
411 http fetch GET 304 https://registry.npmjs.org/@types%2fwrite-file-atomic 109ms (from cache)
412 silly pacote tag manifest for @types/write-file-atomic@ts3.6 fetched in 111ms
413 http fetch GET 304 https://registry.npmjs.org/@types%2furl-parse 2459ms (from cache)
414 silly pacote tag manifest for @types/url-parse@ts3.6 fetched in 2466ms
415 http fetch GET 304 https://registry.npmjs.org/@types%2fws 59ms (from cache)
416 silly pacote tag manifest for @types/ws@ts3.6 fetched in 62ms
417 http fetch GET 304 https://registry.npmjs.org/@types%2futil-deprecate 2480ms (from cache)
418 silly pacote tag manifest for @types/util-deprecate@ts3.6 fetched in 2481ms
419 http fetch GET 304 https://registry.npmjs.org/@types%2fxml-name-validator 114ms (from cache)
420 silly registry:manifest no matching version for @types/xml-name-validator@ts3.6 in the cache. Forcing revalidation.
421 http fetch GET 304 https://registry.npmjs.org/@types%2fvary 1578ms (from cache)
422 silly pacote tag manifest for @types/vary@ts3.6 fetched in 1579ms
423 http fetch GET 304 https://registry.npmjs.org/@types%2fyargs 71ms (from cache)
424 silly pacote tag manifest for @types/yargs@ts3.6 fetched in 77ms
425 http fetch GET 200 https://registry.npmjs.org/@types%2fxml-name-validator 119ms
426 silly fetchPackageMetaData error for @types/xml-name-validator@ts3.6 No matching version found for @types/xml-name-validator@ts3.6.
427 http fetch GET 304 https://registry.npmjs.org/@types%2fyargs-parser 132ms (from cache)
428 silly pacote tag manifest for @types/yargs-parser@ts3.6 fetched in 134ms
429 http fetch GET 200 https://registry.npmjs.org/@types%2ftypedarray-to-buffer 1570ms
430 silly fetchPackageMetaData error for @types/typedarray-to-buffer@ts3.6 No matching version found for @types/typedarray-to-buffer@ts3.6.
431 http fetch GET 304 https://registry.npmjs.org/@types%2futil.promisify 2523ms (from cache)
432 silly pacote tag manifest for @types/util.promisify@ts3.6 fetched in 2526ms
433 http fetch GET 200 https://registry.npmjs.org/@types%2fwhich-boxed-primitive 1562ms
434 silly fetchPackageMetaData error for @types/which-boxed-primitive@ts3.6 No matching version found for @types/which-boxed-primitive@ts3.6.
435 http fetch GET 304 https://registry.npmjs.org/@types%2fwhatwg-encoding 2500ms (from cache)
436 silly pacote tag manifest for @types/whatwg-encoding@ts3.6 fetched in 2502ms
437 http fetch GET 304 https://registry.npmjs.org/@types%2fwhich 2427ms (from cache)
438 silly pacote tag manifest for @types/which@ts3.6 fetched in 2431ms
439 http fetch GET 304 https://registry.npmjs.org/@types%2fworkbox-sw 2414ms (from cache)
440 silly pacote tag manifest for @types/workbox-sw@ts3.6 fetched in 2416ms
441 http fetch GET 304 https://registry.npmjs.org/@types%2fxtend 2502ms (from cache)
442 http fetch GET 304 https://registry.npmjs.org/@types%2fyallist 2478ms (from cache)
443 silly pacote tag manifest for @types/xtend@ts3.6 fetched in 2507ms
444 silly pacote tag manifest for @types/yallist@ts3.6 fetched in 2483ms
445 timing stage:rollbackFailedOptional Completed in 1ms
446 timing stage:runTopLevelLifecycles Completed in 25882ms
447 verbose type tag
448 verbose stack @types/neo-async: No matching version found for @types/neo-async@ts3.6.
448 verbose stack     at pickManifest (/usr/local/lib/node_modules/npm/node_modules/npm-pick-manifest/index.js:122:13)
448 verbose stack     at /usr/local/lib/node_modules/npm/node_modules/pacote/lib/fetchers/registry/manifest.js:43:18
448 verbose stack     at tryCatcher (/usr/local/lib/node_modules/npm/node_modules/bluebird/js/release/util.js:16:23)
448 verbose stack     at Promise._settlePromiseFromHandler (/usr/local/lib/node_modules/npm/node_modules/bluebird/js/release/promise.js:517:31)
448 verbose stack     at Promise._settlePromise (/usr/local/lib/node_modules/npm/node_modules/bluebird/js/release/promise.js:574:18)
448 verbose stack     at Promise._settlePromise0 (/usr/local/lib/node_modules/npm/node_modules/bluebird/js/release/promise.js:619:10)
448 verbose stack     at Promise._settlePromises (/usr/local/lib/node_modules/npm/node_modules/bluebird/js/release/promise.js:699:18)
448 verbose stack     at _drainQueueStep (/usr/local/lib/node_modules/npm/node_modules/bluebird/js/release/async.js:138:12)
448 verbose stack     at _drainQueue (/usr/local/lib/node_modules/npm/node_modules/bluebird/js/release/async.js:131:9)
448 verbose stack     at Async._drainQueues (/usr/local/lib/node_modules/npm/node_modules/bluebird/js/release/async.js:147:5)
448 verbose stack     at Immediate.Async.drainQueues [as _onImmediate] (/usr/local/lib/node_modules/npm/node_modules/bluebird/js/release/async.js:17:14)
448 verbose stack     at processImmediate (internal/timers.js:456:21)
449 verbose cwd /home/theia/.cache/typescript/3.6
450 verbose Linux 5.10.16.3-microsoft-standard-WSL2
451 verbose argv "/usr/local/bin/node" "/usr/local/bin/npm" "install" "--ignore-scripts" "@types/lodash.debounce@ts3.6" "@types/lodash.memoize@ts3.6" "@types/lodash.template@ts3.6" "@types/lodash.uniq@ts3.6" "@types/lz-string@ts3.6" "@types/media-typer@ts3.6" "@types/memory-fs@ts3.6" "@types/memorystream@ts3.6" "@types/merge-descriptors@ts3.6" "@types/merge-stream@ts3.6" "@types/merge2@ts3.6" "@types/methods@ts3.6" "@types/micromatch@ts3.6" "@types/mime@ts3.6" "@types/mime-db@ts3.6" "@types/mime-types@ts3.6" "@types/min-indent@ts3.6" "@types/minimalistic-assert@ts3.6" "@types/minimist@ts3.6" "@types/minizlib@ts3.6" "@types/move-concurrently@ts3.6" "@types/ms@ts3.6" "@types/multicast-dns@ts3.6" "@types/natural-compare@ts3.6" "@types/negotiator@ts3.6" "@types/neo-async@ts3.6" "@types/next-tick@ts3.6" "@types/nice-try@ts3.6" "@types/node-forge@ts3.6" "@types/node-int64@ts3.6" "@types/node-notifier@ts3.6" "@types/normalize-package-data@ts3.6" "@types/normalize-path@ts3.6" "@types/num2fraction@ts3.6" "@types/nwsapi@ts3.6" "@types/object-assign@ts3.6" "@types/object-inspect@ts3.6" "@types/object-keys@ts3.6" "@types/object.fromentries@ts3.6" "@types/object.getownpropertydescriptors@ts3.6" "@types/object.pick@ts3.6" "@types/on-finished@ts3.6" "@types/on-headers@ts3.6" "@types/once@ts3.6" "@types/optimize-css-assets-webpack-plugin@ts3.6" "@types/original@ts3.6" "@types/pako@ts3.6" "@types/parallel-transform@ts3.6" "@types/parse-json@ts3.6" "@types/parseurl@ts3.6" "@types/pascalcase@ts3.6" "@types/path-browserify@ts3.6" "@types/path-is-absolute@ts3.6" "@types/path-is-inside@ts3.6" "@types/path-parse@ts3.6" "@types/pbkdf2@ts3.6" "@types/picomatch@ts3.6" "@types/pify@ts3.6" "@types/postcss-flexbugs-fixes@ts3.6" "@types/postcss-gap-properties@ts3.6" "@types/postcss-modules-extract-imports@ts3.6" "@types/postcss-modules-local-by-default@ts3.6" "@types/postcss-modules-scope@ts3.6" "@types/postcss-modules-values@ts3.6" "@types/postcss-normalize@ts3.6" "@types/postcss-safe-parser@ts3.6" "@types/prelude-ls@ts3.6" "@types/prettier-linter-helpers@ts3.6" "@types/progress@ts3.6" "@types/promise-inflight@ts3.6" "@types/prompts@ts3.6" "@types/prop-types@ts3.6" "@types/proxy-addr@ts3.6" "@types/psl@ts3.6" "@types/pump@ts3.6" "@types/pumpify@ts3.6" "@types/punycode@ts3.6" "@types/q@ts3.6" "@types/qs@ts3.6" "@types/querystringify@ts3.6" "@types/raf@ts3.6" "@types/randombytes@ts3.6" "@types/range-parser@ts3.6" "@types/react-dev-utils@ts3.6" "@types/react-is@ts3.6" "@types/react-refresh@ts3.6" "@types/readable-stream@ts3.6" "@types/recursive-readdir@ts3.6" "@types/regenerate@ts3.6" "@types/regenerator-runtime@ts3.6" "@types/regex-not@ts3.6" "@types/relateurl@ts3.6" "@types/repeat-element@ts3.6" "@types/repeat-string@ts3.6" "@types/request@ts3.6" "@types/request-promise-native@ts3.6" "@types/require-directory@ts3.6" "@types/require-from-string@ts3.6" "@types/requires-port@ts3.6" "@types/resolve@ts3.6" "@types/retry@ts3.6" "@types/ripemd160@ts3.6" "@types/rsvp@ts3.6" "@types/run-parallel@ts3.6" "@types/safe-regex@ts3.6" "@types/safer-buffer@ts3.6" "@types/sane@ts3.6" "@types/sass-loader@ts3.6" "@types/sax@ts3.6" "@types/scheduler@ts3.6" "@types/selfsigned@ts3.6" "@types/semver@ts3.6" "@types/semver-compare@ts3.6" "@types/send@ts3.6" "@types/serialize-javascript@ts3.6" "@types/serve-index@ts3.6" "@types/serve-static@ts3.6" "@types/set-blocking@ts3.6" "@types/set-value@ts3.6" "@types/setimmediate@ts3.6" "@types/sha.js@ts3.6" "@types/shebang-command@ts3.6" "@types/shell-quote@ts3.6" "@types/signal-exit@ts3.6" "@types/simple-swizzle@ts3.6" "@types/slice-ansi@ts3.6" "@types/sockjs@ts3.6" "@types/sockjs-client@ts3.6" "@types/source-list-map@ts3.6" "@types/source-map-support@ts3.6" "@types/spdx-correct@ts3.6" "@types/spdx-expression-parse@ts3.6" "@types/spdy@ts3.6" "@types/sprintf@ts3.6" "@types/sprintf-js@ts3.6" "@types/sshpk@ts3.6" "@types/ssri@ts3.6" "@types/stack-utils@ts3.6" "@types/statuses@ts3.6" "@types/stream-each@ts3.6" "@types/stream-shift@ts3.6" "@types/strict-uri-encode@ts3.6" "@types/string-natural-compare@ts3.6" "@types/string.prototype.matchall@ts3.6" "@types/stringify-object@ts3.6" "@types/strip-comments@ts3.6" "@types/strip-final-newline@ts3.6" "@types/supports-color@ts3.6" "@types/svg-parser@ts3.6" "@types/symbol-tree@ts3.6" "@types/tapable@ts3.6" "@types/tar@ts3.6" "@types/text-table@ts3.6" "@types/through@ts3.6" "@types/through2@ts3.6" "@types/thunky@ts3.6" "@types/timsort@ts3.6" "@types/tmpl@ts3.6" "@types/to-regex@ts3.6" "@types/to-regex-range@ts3.6" "@types/toidentifier@ts3.6" "@types/tough-cookie@ts3.6" "@types/tr46@ts3.6" "@types/tryer@ts3.6" "@types/type-check@ts3.6" "@types/type-detect@ts3.6" "@types/type-is@ts3.6" "@types/typedarray-to-buffer@ts3.6" "@types/unbox-primitive@ts3.6" "@types/uniq@ts3.6" "@types/universalify@ts3.6" "@types/urix@ts3.6" "@types/url-parse@ts3.6" "@types/util-deprecate@ts3.6" "@types/util.promisify@ts3.6" "@types/utils-merge@ts3.6" "@types/uuid@ts3.6" "@types/validate-npm-package-license@ts3.6" "@types/vary@ts3.6" "@types/verror@ts3.6" "@types/w3c-hr-time@ts3.6" "@types/w3c-xmlserializer@ts3.6" "@types/watchpack@ts3.6" "@types/webidl-conversions@ts3.6" "@types/webpack@ts3.6" "@types/webpack-manifest-plugin@ts3.6" "@types/webpack-sources@ts3.6" "@types/whatwg-encoding@ts3.6" "@types/whatwg-mimetype@ts3.6" "@types/whatwg-url@ts3.6" "@types/which@ts3.6" "@types/which-boxed-primitive@ts3.6" "@types/which-pm-runs@ts3.6" "@types/workbox-sw@ts3.6" "@types/wrap-ansi@ts3.6" "@types/write-file-atomic@ts3.6" "@types/ws@ts3.6" "@types/xml-name-validator@ts3.6" "@types/xtend@ts3.6" "@types/yallist@ts3.6" "@types/yargs@ts3.6" "@types/yargs-parser@ts3.6" "--save-dev" "--user-agent=typesInstaller/3.6.3"
452 verbose node v12.18.3
453 verbose npm  v6.14.6
454 error code ETARGET
455 error notarget No matching version found for @types/neo-async@ts3.6.
456 error notarget In most cases you or one of your dependencies are requesting
456 error notarget a package version that doesn't exist.
457 verbose exit [ 1, true ]
