0 info it worked if it ends with ok
1 verbose cli [
1 verbose cli   '/usr/local/bin/node',
1 verbose cli   '/usr/local/bin/npm',
1 verbose cli   'install',
1 verbose cli   '--ignore-scripts',
1 verbose cli   '@types/lodash.debounce@ts3.6',
1 verbose cli   '@types/lodash.memoize@ts3.6',
1 verbose cli   '@types/lodash.template@ts3.6',
1 verbose cli   '@types/lodash.uniq@ts3.6',
1 verbose cli   '@types/lz-string@ts3.6',
1 verbose cli   '@types/media-typer@ts3.6',
1 verbose cli   '@types/memory-fs@ts3.6',
1 verbose cli   '@types/memorystream@ts3.6',
1 verbose cli   '@types/merge-descriptors@ts3.6',
1 verbose cli   '@types/merge-stream@ts3.6',
1 verbose cli   '@types/merge2@ts3.6',
1 verbose cli   '@types/methods@ts3.6',
1 verbose cli   '@types/micromatch@ts3.6',
1 verbose cli   '@types/mime@ts3.6',
1 verbose cli   '@types/mime-db@ts3.6',
1 verbose cli   '@types/mime-types@ts3.6',
1 verbose cli   '@types/min-indent@ts3.6',
1 verbose cli   '@types/minimalistic-assert@ts3.6',
1 verbose cli   '@types/minimist@ts3.6',
1 verbose cli   '@types/minizlib@ts3.6',
1 verbose cli   '@types/move-concurrently@ts3.6',
1 verbose cli   '@types/ms@ts3.6',
1 verbose cli   '@types/multicast-dns@ts3.6',
1 verbose cli   '@types/natural-compare@ts3.6',
1 verbose cli   '@types/negotiator@ts3.6',
1 verbose cli   '@types/neo-async@ts3.6',
1 verbose cli   '@types/next-tick@ts3.6',
1 verbose cli   '@types/nice-try@ts3.6',
1 verbose cli   '@types/node-forge@ts3.6',
1 verbose cli   '@types/node-int64@ts3.6',
1 verbose cli   '@types/node-notifier@ts3.6',
1 verbose cli   '@types/normalize-package-data@ts3.6',
1 verbose cli   '@types/normalize-path@ts3.6',
1 verbose cli   '@types/num2fraction@ts3.6',
1 verbose cli   '@types/nwsapi@ts3.6',
1 verbose cli   '@types/object-assign@ts3.6',
1 verbose cli   '@types/object-inspect@ts3.6',
1 verbose cli   '@types/object-keys@ts3.6',
1 verbose cli   '@types/object.fromentries@ts3.6',
1 verbose cli   '@types/object.getownpropertydescriptors@ts3.6',
1 verbose cli   '@types/object.pick@ts3.6',
1 verbose cli   '@types/on-finished@ts3.6',
1 verbose cli   '@types/on-headers@ts3.6',
1 verbose cli   '@types/once@ts3.6',
1 verbose cli   '@types/optimize-css-assets-webpack-plugin@ts3.6',
1 verbose cli   '@types/original@ts3.6',
1 verbose cli   '@types/pako@ts3.6',
1 verbose cli   '@types/parallel-transform@ts3.6',
1 verbose cli   '@types/parse-json@ts3.6',
1 verbose cli   '@types/parseurl@ts3.6',
1 verbose cli   '@types/pascalcase@ts3.6',
1 verbose cli   '@types/path-browserify@ts3.6',
1 verbose cli   '@types/path-is-absolute@ts3.6',
1 verbose cli   '@types/path-is-inside@ts3.6',
1 verbose cli   '@types/path-parse@ts3.6',
1 verbose cli   '@types/pbkdf2@ts3.6',
1 verbose cli   '@types/picomatch@ts3.6',
1 verbose cli   '@types/pify@ts3.6',
1 verbose cli   '@types/postcss-flexbugs-fixes@ts3.6',
1 verbose cli   '@types/postcss-gap-properties@ts3.6',
1 verbose cli   '@types/postcss-modules-extract-imports@ts3.6',
1 verbose cli   '@types/postcss-modules-local-by-default@ts3.6',
1 verbose cli   '@types/postcss-modules-scope@ts3.6',
1 verbose cli   '@types/postcss-modules-values@ts3.6',
1 verbose cli   '@types/postcss-normalize@ts3.6',
1 verbose cli   '@types/postcss-safe-parser@ts3.6',
1 verbose cli   '@types/prelude-ls@ts3.6',
1 verbose cli   '@types/prettier-linter-helpers@ts3.6',
1 verbose cli   '@types/progress@ts3.6',
1 verbose cli   '@types/promise-inflight@ts3.6',
1 verbose cli   '@types/prompts@ts3.6',
1 verbose cli   '@types/prop-types@ts3.6',
1 verbose cli   '@types/proxy-addr@ts3.6',
1 verbose cli   '@types/psl@ts3.6',
1 verbose cli   '@types/pump@ts3.6',
1 verbose cli   '@types/pumpify@ts3.6',
1 verbose cli   '@types/punycode@ts3.6',
1 verbose cli   '@types/q@ts3.6',
1 verbose cli   '@types/qs@ts3.6',
1 verbose cli   '@types/querystringify@ts3.6',
1 verbose cli   '@types/raf@ts3.6',
1 verbose cli   '@types/randombytes@ts3.6',
1 verbose cli   '@types/range-parser@ts3.6',
1 verbose cli   '@types/react-dev-utils@ts3.6',
1 verbose cli   '@types/react-is@ts3.6',
1 verbose cli   '@types/react-refresh@ts3.6',
1 verbose cli   '@types/readable-stream@ts3.6',
1 verbose cli   '@types/recursive-readdir@ts3.6',
1 verbose cli   '@types/regenerate@ts3.6',
1 verbose cli   '@types/regenerator-runtime@ts3.6',
1 verbose cli   '@types/regex-not@ts3.6',
1 verbose cli   '@types/relateurl@ts3.6',
1 verbose cli   '@types/repeat-element@ts3.6',
1 verbose cli   '@types/repeat-string@ts3.6',
1 verbose cli   '@types/request@ts3.6',
1 verbose cli   '@types/request-promise-native@ts3.6',
1 verbose cli   ... 108 more items
1 verbose cli ]
2 info using npm@6.14.6
3 info using node@v12.18.3
4 verbose npm-session fce35fe04eff9009
5 silly install loadCurrentTree
6 silly install readLocalPackageData
7 http fetch GET 304 https://registry.npmjs.org/@types%2flodash.debounce 1518ms (from cache)
8 http fetch GET 304 https://registry.npmjs.org/@types%2fmedia-typer 1516ms (from cache)
9 http fetch GET 304 https://registry.npmjs.org/@types%2flodash.memoize 1546ms (from cache)
10 http fetch GET 304 https://registry.npmjs.org/@types%2flz-string 1550ms (from cache)
11 silly pacote tag manifest for @types/lodash.debounce@ts3.6 fetched in 1641ms
12 silly pacote tag manifest for @types/media-typer@ts3.6 fetched in 1615ms
13 http fetch GET 304 https://registry.npmjs.org/@types%2fmemorystream 1642ms (from cache)
14 http fetch GET 304 https://registry.npmjs.org/@types%2fmerge-descriptors 1656ms (from cache)
15 silly pacote tag manifest for @types/lz-string@ts3.6 fetched in 1664ms
16 silly pacote tag manifest for @types/lodash.memoize@ts3.6 fetched in 1675ms
17 http fetch GET 304 https://registry.npmjs.org/@types%2flodash.uniq 1698ms (from cache)
18 http fetch GET 304 https://registry.npmjs.org/@types%2flodash.template 1703ms (from cache)
19 http fetch GET 304 https://registry.npmjs.org/@types%2fmerge-stream 1688ms (from cache)
20 silly pacote tag manifest for @types/memorystream@ts3.6 fetched in 1757ms
21 silly pacote tag manifest for @types/merge-descriptors@ts3.6 fetched in 1766ms
22 http fetch GET 304 https://registry.npmjs.org/@types%2fmemory-fs 1785ms (from cache)
23 silly pacote tag manifest for @types/lodash.uniq@ts3.6 fetched in 1859ms
24 silly pacote tag manifest for @types/lodash.template@ts3.6 fetched in 1864ms
25 silly pacote tag manifest for @types/merge-stream@ts3.6 fetched in 1880ms
26 silly pacote tag manifest for @types/memory-fs@ts3.6 fetched in 1946ms
27 http fetch GET 304 https://registry.npmjs.org/@types%2fmethods 854ms (from cache)
28 http fetch GET 304 https://registry.npmjs.org/@types%2fmerge2 872ms (from cache)
29 http fetch GET 304 https://registry.npmjs.org/@types%2fmicromatch 826ms (from cache)
30 http fetch GET 304 https://registry.npmjs.org/@types%2fmime 854ms (from cache)
31 silly pacote tag manifest for @types/merge2@ts3.6 fetched in 923ms
32 silly pacote tag manifest for @types/methods@ts3.6 fetched in 922ms
33 silly pacote tag manifest for @types/micromatch@ts3.6 fetched in 907ms
34 silly pacote tag manifest for @types/mime@ts3.6 fetched in 906ms
35 http fetch GET 304 https://registry.npmjs.org/@types%2fmime-types 821ms (from cache)
36 http fetch GET 304 https://registry.npmjs.org/@types%2fmime-db 855ms (from cache)
37 http fetch GET 304 https://registry.npmjs.org/@types%2fmin-indent 810ms (from cache)
38 http fetch GET 304 https://registry.npmjs.org/@types%2fminimist 777ms (from cache)
39 http fetch GET 304 https://registry.npmjs.org/@types%2fminimalistic-assert 820ms (from cache)
40 http fetch GET 304 https://registry.npmjs.org/@types%2fminizlib 712ms (from cache)
41 silly pacote tag manifest for @types/mime-types@ts3.6 fetched in 952ms
42 silly pacote tag manifest for @types/mime-db@ts3.6 fetched in 985ms
43 silly pacote tag manifest for @types/minizlib@ts3.6 fetched in 809ms
44 silly pacote tag manifest for @types/minimist@ts3.6 fetched in 903ms
45 silly pacote tag manifest for @types/min-indent@ts3.6 fetched in 951ms
46 silly pacote tag manifest for @types/minimalistic-assert@ts3.6 fetched in 955ms
47 http fetch GET 304 https://registry.npmjs.org/@types%2fmove-concurrently 752ms (from cache)
48 http fetch GET 304 https://registry.npmjs.org/@types%2fms 793ms (from cache)
49 http fetch GET 200 https://registry.npmjs.org/@types%2fneo-async 585ms
50 silly pacote tag manifest for @types/move-concurrently@ts3.6 fetched in 815ms
51 silly fetchPackageMetaData error for @types/neo-async@ts3.6 No matching version found for @types/neo-async@ts3.6.
52 http fetch GET 304 https://registry.npmjs.org/@types%2fmulticast-dns 815ms (from cache)
53 http fetch GET 304 https://registry.npmjs.org/@types%2fnatural-compare 823ms (from cache)
54 silly pacote tag manifest for @types/ms@ts3.6 fetched in 858ms
55 http fetch GET 304 https://registry.npmjs.org/@types%2fnegotiator 706ms (from cache)
56 silly pacote tag manifest for @types/multicast-dns@ts3.6 fetched in 879ms
57 silly pacote tag manifest for @types/natural-compare@ts3.6 fetched in 871ms
58 http fetch GET 304 https://registry.npmjs.org/@types%2fnice-try 662ms (from cache)
59 silly pacote tag manifest for @types/negotiator@ts3.6 fetched in 762ms
60 http fetch GET 304 https://registry.npmjs.org/@types%2fnext-tick 715ms (from cache)
61 http fetch GET 304 https://registry.npmjs.org/@types%2fnode-forge 703ms (from cache)
62 http fetch GET 304 https://registry.npmjs.org/@types%2fnode-int64 687ms (from cache)
63 silly pacote tag manifest for @types/nice-try@ts3.6 fetched in 747ms
64 silly pacote tag manifest for @types/next-tick@ts3.6 fetched in 796ms
65 silly pacote tag manifest for @types/node-forge@ts3.6 fetched in 769ms
66 silly pacote tag manifest for @types/node-int64@ts3.6 fetched in 766ms
67 http fetch GET 304 https://registry.npmjs.org/@types%2fnode-notifier 404ms (from cache)
68 http fetch GET 304 https://registry.npmjs.org/@types%2fnormalize-package-data 389ms (from cache)
69 http fetch GET 304 https://registry.npmjs.org/@types%2fnormalize-path 376ms (from cache)
70 http fetch GET 304 https://registry.npmjs.org/@types%2fnwsapi 325ms (from cache)
71 http fetch GET 304 https://registry.npmjs.org/@types%2fnum2fraction 332ms (from cache)
72 silly pacote tag manifest for @types/node-notifier@ts3.6 fetched in 424ms
73 silly pacote tag manifest for @types/normalize-package-data@ts3.6 fetched in 408ms
74 silly pacote tag manifest for @types/normalize-path@ts3.6 fetched in 395ms
75 silly pacote tag manifest for @types/nwsapi@ts3.6 fetched in 351ms
76 http fetch GET 304 https://registry.npmjs.org/@types%2fobject-assign 329ms (from cache)
77 silly pacote tag manifest for @types/num2fraction@ts3.6 fetched in 359ms
78 http fetch GET 304 https://registry.npmjs.org/@types%2fobject-inspect 283ms (from cache)
79 http fetch GET 304 https://registry.npmjs.org/@types%2fobject.fromentries 242ms (from cache)
80 http fetch GET 304 https://registry.npmjs.org/@types%2fobject-keys 266ms (from cache)
81 http fetch GET 304 https://registry.npmjs.org/@types%2fobject.getownpropertydescriptors 248ms (from cache)
82 silly pacote tag manifest for @types/object-assign@ts3.6 fetched in 361ms
83 silly pacote tag manifest for @types/object-inspect@ts3.6 fetched in 317ms
84 silly pacote tag manifest for @types/object-keys@ts3.6 fetched in 297ms
85 silly pacote tag manifest for @types/object.fromentries@ts3.6 fetched in 275ms
86 silly pacote tag manifest for @types/object.getownpropertydescriptors@ts3.6 fetched in 292ms
87 http fetch GET 304 https://registry.npmjs.org/@types%2fobject.pick 238ms (from cache)
88 http fetch GET 304 https://registry.npmjs.org/@types%2fon-headers 236ms (from cache)
89 http fetch GET 304 https://registry.npmjs.org/@types%2fon-finished 243ms (from cache)
90 http fetch GET 304 https://registry.npmjs.org/@types%2fonce 233ms (from cache)
91 silly pacote tag manifest for @types/object.pick@ts3.6 fetched in 262ms
92 http fetch GET 304 https://registry.npmjs.org/@types%2foptimize-css-assets-webpack-plugin 241ms (from cache)
93 silly pacote tag manifest for @types/on-headers@ts3.6 fetched in 256ms
94 silly pacote tag manifest for @types/on-finished@ts3.6 fetched in 263ms
95 http fetch GET 304 https://registry.npmjs.org/@types%2fpako 208ms (from cache)
96 http fetch GET 304 https://registry.npmjs.org/@types%2fparallel-transform 209ms (from cache)
97 silly pacote tag manifest for @types/once@ts3.6 fetched in 263ms
98 silly pacote tag manifest for @types/optimize-css-assets-webpack-plugin@ts3.6 fetched in 269ms
99 http fetch GET 304 https://registry.npmjs.org/@types%2fparse-json 222ms (from cache)
100 http fetch GET 304 https://registry.npmjs.org/@types%2foriginal 261ms (from cache)
101 http fetch GET 304 https://registry.npmjs.org/@types%2fparseurl 220ms (from cache)
102 silly pacote tag manifest for @types/pako@ts3.6 fetched in 253ms
103 silly pacote tag manifest for @types/parallel-transform@ts3.6 fetched in 271ms
104 silly pacote tag manifest for @types/parseurl@ts3.6 fetched in 266ms
105 silly pacote tag manifest for @types/parse-json@ts3.6 fetched in 292ms
106 silly pacote tag manifest for @types/original@ts3.6 fetched in 330ms
107 http fetch GET 200 https://registry.npmjs.org/@types%2fpath-browserify 183ms
108 silly fetchPackageMetaData error for @types/path-browserify@ts3.6 No matching version found for @types/path-browserify@ts3.6.
109 http fetch GET 304 https://registry.npmjs.org/@types%2fpascalcase 200ms (from cache)
110 http fetch GET 304 https://registry.npmjs.org/@types%2fpath-is-absolute 203ms (from cache)
111 silly pacote tag manifest for @types/pascalcase@ts3.6 fetched in 212ms
112 silly pacote tag manifest for @types/path-is-absolute@ts3.6 fetched in 212ms
113 http fetch GET 304 https://registry.npmjs.org/@types%2fpath-is-inside 371ms (from cache)
114 http fetch GET 304 https://registry.npmjs.org/@types%2fpicomatch 349ms (from cache)
115 http fetch GET 304 https://registry.npmjs.org/@types%2fpath-parse 396ms (from cache)
116 http fetch GET 304 https://registry.npmjs.org/@types%2fpify 315ms (from cache)
117 http fetch GET 304 https://registry.npmjs.org/@types%2fpostcss-flexbugs-fixes 329ms (from cache)
118 http fetch GET 304 https://registry.npmjs.org/@types%2fpostcss-gap-properties 322ms (from cache)
119 http fetch GET 304 https://registry.npmjs.org/@types%2fpbkdf2 392ms (from cache)
120 http fetch GET 304 https://registry.npmjs.org/@types%2fpostcss-modules-extract-imports 258ms (from cache)
121 http fetch GET 304 https://registry.npmjs.org/@types%2fpostcss-modules-local-by-default 243ms (from cache)
122 http fetch GET 304 https://registry.npmjs.org/@types%2fpostcss-modules-scope 238ms (from cache)
123 silly pacote tag manifest for @types/path-is-inside@ts3.6 fetched in 435ms
124 silly pacote tag manifest for @types/path-parse@ts3.6 fetched in 428ms
125 silly pacote tag manifest for @types/picomatch@ts3.6 fetched in 382ms
126 silly pacote tag manifest for @types/pify@ts3.6 fetched in 356ms
127 silly pacote tag manifest for @types/postcss-gap-properties@ts3.6 fetched in 348ms
128 silly pacote tag manifest for @types/postcss-flexbugs-fixes@ts3.6 fetched in 357ms
129 silly pacote tag manifest for @types/pbkdf2@ts3.6 fetched in 419ms
130 silly pacote tag manifest for @types/postcss-modules-extract-imports@ts3.6 fetched in 286ms
131 silly pacote tag manifest for @types/postcss-modules-local-by-default@ts3.6 fetched in 287ms
132 silly pacote tag manifest for @types/postcss-modules-scope@ts3.6 fetched in 282ms
133 http fetch GET 304 https://registry.npmjs.org/@types%2fpostcss-safe-parser 256ms (from cache)
134 http fetch GET 304 https://registry.npmjs.org/@types%2fpostcss-normalize 261ms (from cache)
135 http fetch GET 304 https://registry.npmjs.org/@types%2fprelude-ls 252ms (from cache)
136 silly pacote tag manifest for @types/postcss-safe-parser@ts3.6 fetched in 273ms
137 http fetch GET 304 https://registry.npmjs.org/@types%2fprettier-linter-helpers 261ms (from cache)
138 http fetch GET 304 https://registry.npmjs.org/@types%2fpromise-inflight 261ms (from cache)
139 http fetch GET 304 https://registry.npmjs.org/@types%2fprogress 262ms (from cache)
140 silly pacote tag manifest for @types/postcss-normalize@ts3.6 fetched in 286ms
141 http fetch GET 304 https://registry.npmjs.org/@types%2fprop-types 255ms (from cache)
142 http fetch GET 304 https://registry.npmjs.org/@types%2fprompts 274ms (from cache)
143 silly pacote tag manifest for @types/prelude-ls@ts3.6 fetched in 278ms
144 http fetch GET 304 https://registry.npmjs.org/@types%2fproxy-addr 274ms (from cache)
145 silly pacote tag manifest for @types/promise-inflight@ts3.6 fetched in 305ms
146 silly pacote tag manifest for @types/prettier-linter-helpers@ts3.6 fetched in 308ms
147 silly pacote tag manifest for @types/progress@ts3.6 fetched in 330ms
148 silly pacote tag manifest for @types/prop-types@ts3.6 fetched in 332ms
149 silly pacote tag manifest for @types/prompts@ts3.6 fetched in 350ms
150 silly pacote tag manifest for @types/proxy-addr@ts3.6 fetched in 383ms
151 http fetch GET 304 https://registry.npmjs.org/@types%2fpumpify 544ms (from cache)
152 http fetch GET 304 https://registry.npmjs.org/@types%2fpsl 573ms (from cache)
153 http fetch GET 304 https://registry.npmjs.org/@types%2fpump 567ms (from cache)
154 silly pacote tag manifest for @types/pumpify@ts3.6 fetched in 589ms
155 silly pacote tag manifest for @types/psl@ts3.6 fetched in 609ms
156 http fetch GET 304 https://registry.npmjs.org/@types%2fpunycode 563ms (from cache)
157 http fetch GET 304 https://registry.npmjs.org/@types%2fq 566ms (from cache)
158 http fetch GET 304 https://registry.npmjs.org/@types%2fraf 491ms (from cache)
159 http fetch GET 304 https://registry.npmjs.org/@types%2fquerystringify 530ms (from cache)
160 silly pacote tag manifest for @types/pump@ts3.6 fetched in 616ms
161 http fetch GET 304 https://registry.npmjs.org/@types%2fqs 542ms (from cache)
162 silly pacote tag manifest for @types/punycode@ts3.6 fetched in 591ms
163 silly pacote tag manifest for @types/raf@ts3.6 fetched in 520ms
164 http fetch GET 304 https://registry.npmjs.org/@types%2frandombytes 510ms (from cache)
165 silly pacote tag manifest for @types/querystringify@ts3.6 fetched in 564ms
166 silly pacote tag manifest for @types/q@ts3.6 fetched in 619ms
167 silly pacote tag manifest for @types/qs@ts3.6 fetched in 584ms
168 silly pacote tag manifest for @types/randombytes@ts3.6 fetched in 690ms
169 http fetch GET 200 https://registry.npmjs.org/@types%2freact-refresh 443ms
170 silly fetchPackageMetaData error for @types/react-refresh@ts3.6 No matching version found for @types/react-refresh@ts3.6.
171 http fetch GET 304 https://registry.npmjs.org/@types%2freact-dev-utils 539ms (from cache)
172 http fetch GET 200 https://registry.npmjs.org/@types%2fregenerate 495ms
173 http fetch GET 304 https://registry.npmjs.org/@types%2freact-is 538ms (from cache)
174 http fetch GET 304 https://registry.npmjs.org/@types%2frange-parser 559ms (from cache)
175 silly fetchPackageMetaData error for @types/regenerate@ts3.6 No matching version found for @types/regenerate@ts3.6.
176 http fetch GET 304 https://registry.npmjs.org/@types%2freadable-stream 561ms (from cache)
177 silly pacote tag manifest for @types/react-dev-utils@ts3.6 fetched in 621ms
178 silly pacote tag manifest for @types/react-is@ts3.6 fetched in 614ms
179 silly pacote tag manifest for @types/range-parser@ts3.6 fetched in 651ms
180 silly pacote tag manifest for @types/readable-stream@ts3.6 fetched in 614ms
181 http fetch GET 200 https://registry.npmjs.org/@types%2fregex-not 444ms
182 http fetch GET 304 https://registry.npmjs.org/@types%2fregenerator-runtime 625ms (from cache)
183 silly fetchPackageMetaData error for @types/regex-not@ts3.6 No matching version found for @types/regex-not@ts3.6.
184 silly pacote tag manifest for @types/regenerator-runtime@ts3.6 fetched in 693ms
185 http fetch GET 304 https://registry.npmjs.org/@types%2frelateurl 587ms (from cache)
186 silly pacote tag manifest for @types/relateurl@ts3.6 fetched in 599ms
187 http fetch GET 304 https://registry.npmjs.org/@types%2frepeat-element 524ms (from cache)
188 http fetch GET 304 https://registry.npmjs.org/@types%2frepeat-string 481ms (from cache)
189 http fetch GET 304 https://registry.npmjs.org/@types%2frequire-from-string 407ms (from cache)
190 http fetch GET 304 https://registry.npmjs.org/@types%2frequire-directory 441ms (from cache)
191 silly pacote tag manifest for @types/repeat-element@ts3.6 fetched in 535ms
192 silly pacote tag manifest for @types/repeat-string@ts3.6 fetched in 498ms
193 http fetch GET 304 https://registry.npmjs.org/@types%2frequest-promise-native 453ms (from cache)
194 http fetch GET 304 https://registry.npmjs.org/@types%2frequest 500ms (from cache)
195 silly pacote tag manifest for @types/require-from-string@ts3.6 fetched in 433ms
196 silly pacote tag manifest for @types/require-directory@ts3.6 fetched in 476ms
197 http fetch GET 304 https://registry.npmjs.org/@types%2frequires-port 370ms (from cache)
198 silly pacote tag manifest for @types/request@ts3.6 fetched in 534ms
199 silly pacote tag manifest for @types/request-promise-native@ts3.6 fetched in 498ms
200 silly pacote tag manifest for @types/requires-port@ts3.6 fetched in 424ms
201 http fetch GET 304 https://registry.npmjs.org/@types%2fresolve 217ms (from cache)
202 http fetch GET 304 https://registry.npmjs.org/@types%2fretry 211ms (from cache)
203 silly pacote tag manifest for @types/resolve@ts3.6 fetched in 233ms
204 http fetch GET 304 https://registry.npmjs.org/@types%2fripemd160 219ms (from cache)
205 http fetch GET 304 https://registry.npmjs.org/@types%2frun-parallel 195ms (from cache)
206 silly pacote tag manifest for @types/retry@ts3.6 fetched in 233ms
207 http fetch GET 304 https://registry.npmjs.org/@types%2fsafe-regex 192ms (from cache)
208 http fetch GET 304 https://registry.npmjs.org/@types%2fsafer-buffer 187ms (from cache)
209 silly pacote tag manifest for @types/ripemd160@ts3.6 fetched in 239ms
210 silly pacote tag manifest for @types/run-parallel@ts3.6 fetched in 215ms
211 silly pacote tag manifest for @types/safe-regex@ts3.6 fetched in 208ms
212 silly pacote tag manifest for @types/safer-buffer@ts3.6 fetched in 203ms
213 http fetch GET 304 https://registry.npmjs.org/@types%2fsane 166ms (from cache)
214 silly pacote tag manifest for @types/sane@ts3.6 fetched in 192ms
215 http fetch GET 200 https://registry.npmjs.org/@types%2fselfsigned 145ms
216 silly fetchPackageMetaData error for @types/selfsigned@ts3.6 No matching version found for @types/selfsigned@ts3.6.
217 http fetch GET 304 https://registry.npmjs.org/@types%2fsass-loader 181ms (from cache)
218 http fetch GET 304 https://registry.npmjs.org/@types%2fscheduler 170ms (from cache)
219 silly pacote tag manifest for @types/sass-loader@ts3.6 fetched in 197ms
220 http fetch GET 304 https://registry.npmjs.org/@types%2fsax 191ms (from cache)
221 http fetch GET 304 https://registry.npmjs.org/@types%2frecursive-readdir 1506ms (from cache)
222 http fetch GET 304 https://registry.npmjs.org/@types%2fsemver-compare 178ms (from cache)
223 silly pacote tag manifest for @types/scheduler@ts3.6 fetched in 198ms
224 http fetch GET 304 https://registry.npmjs.org/@types%2fsemver 189ms (from cache)
225 silly pacote tag manifest for @types/sax@ts3.6 fetched in 223ms
226 silly pacote tag manifest for @types/recursive-readdir@ts3.6 fetched in 1532ms
227 silly pacote tag manifest for @types/semver-compare@ts3.6 fetched in 211ms
228 silly pacote tag manifest for @types/semver@ts3.6 fetched in 220ms
229 http fetch GET 304 https://registry.npmjs.org/@types%2fsend 194ms (from cache)
230 silly pacote tag manifest for @types/send@ts3.6 fetched in 243ms
231 http fetch GET 304 https://registry.npmjs.org/@types%2fpostcss-modules-values 2618ms (from cache)
232 silly pacote tag manifest for @types/postcss-modules-values@ts3.6 fetched in 2629ms
233 http fetch GET 200 https://registry.npmjs.org/@types%2fset-blocking 165ms
234 silly fetchPackageMetaData error for @types/set-blocking@ts3.6 No matching version found for @types/set-blocking@ts3.6.
235 http fetch GET 304 https://registry.npmjs.org/@types%2fserialize-javascript 237ms (from cache)
236 http fetch GET 304 https://registry.npmjs.org/@types%2fserve-index 236ms (from cache)
237 silly pacote tag manifest for @types/serialize-javascript@ts3.6 fetched in 264ms
238 http fetch GET 304 https://registry.npmjs.org/@types%2fserve-static 225ms (from cache)
239 silly pacote tag manifest for @types/serve-index@ts3.6 fetched in 256ms
240 http fetch GET 304 https://registry.npmjs.org/@types%2fset-value 217ms (from cache)
241 http fetch GET 304 https://registry.npmjs.org/@types%2fsetimmediate 219ms (from cache)
242 silly pacote tag manifest for @types/serve-static@ts3.6 fetched in 251ms
243 http fetch GET 304 https://registry.npmjs.org/@types%2fsha.js 230ms (from cache)
244 silly pacote tag manifest for @types/set-value@ts3.6 fetched in 245ms
245 silly pacote tag manifest for @types/setimmediate@ts3.6 fetched in 248ms
246 silly pacote tag manifest for @types/sha.js@ts3.6 fetched in 256ms
247 http fetch GET 304 https://registry.npmjs.org/@types%2fshebang-command 223ms (from cache)
248 silly pacote tag manifest for @types/shebang-command@ts3.6 fetched in 255ms
249 http fetch GET 200 https://registry.npmjs.org/@types%2fsimple-swizzle 149ms
250 silly fetchPackageMetaData error for @types/simple-swizzle@ts3.6 No matching version found for @types/simple-swizzle@ts3.6.
251 http fetch GET 304 https://registry.npmjs.org/@types%2fshell-quote 210ms (from cache)
252 http fetch GET 304 https://registry.npmjs.org/@types%2fsignal-exit 234ms (from cache)
253 silly pacote tag manifest for @types/shell-quote@ts3.6 fetched in 252ms
254 silly pacote tag manifest for @types/signal-exit@ts3.6 fetched in 263ms
255 http fetch GET 304 https://registry.npmjs.org/@types%2fslice-ansi 244ms (from cache)
256 silly pacote tag manifest for @types/slice-ansi@ts3.6 fetched in 277ms
257 http fetch GET 304 https://registry.npmjs.org/@types%2fsockjs 256ms (from cache)
258 http fetch GET 304 https://registry.npmjs.org/@types%2fsockjs-client 248ms (from cache)
259 http fetch GET 304 https://registry.npmjs.org/@types%2fsource-list-map 299ms (from cache)
260 silly pacote tag manifest for @types/sockjs@ts3.6 fetched in 347ms
261 silly pacote tag manifest for @types/sockjs-client@ts3.6 fetched in 338ms
262 http fetch GET 304 https://registry.npmjs.org/@types%2fsource-map-support 367ms (from cache)
263 silly pacote tag manifest for @types/source-list-map@ts3.6 fetched in 399ms
264 silly pacote tag manifest for @types/source-map-support@ts3.6 fetched in 417ms
265 http fetch GET 304 https://registry.npmjs.org/@types%2fspdx-correct 372ms (from cache)
266 http fetch GET 304 https://registry.npmjs.org/@types%2fspdx-expression-parse 343ms (from cache)
267 silly pacote tag manifest for @types/spdx-correct@ts3.6 fetched in 392ms
268 silly pacote tag manifest for @types/spdx-expression-parse@ts3.6 fetched in 359ms
269 http fetch GET 304 https://registry.npmjs.org/@types%2fspdy 356ms (from cache)
270 silly pacote tag manifest for @types/spdy@ts3.6 fetched in 414ms
271 http fetch GET 304 https://registry.npmjs.org/@types%2fsprintf 432ms (from cache)
272 silly pacote tag manifest for @types/sprintf@ts3.6 fetched in 465ms
273 http fetch GET 304 https://registry.npmjs.org/@types%2fsprintf-js 408ms (from cache)
274 http fetch GET 304 https://registry.npmjs.org/@types%2fsshpk 304ms (from cache)
275 silly pacote tag manifest for @types/sprintf-js@ts3.6 fetched in 423ms
276 http fetch GET 304 https://registry.npmjs.org/@types%2fssri 310ms (from cache)
277 silly pacote tag manifest for @types/sshpk@ts3.6 fetched in 329ms
278 http fetch GET 304 https://registry.npmjs.org/@types%2fstack-utils 278ms (from cache)
279 http fetch GET 304 https://registry.npmjs.org/@types%2frsvp 1380ms (from cache)
280 silly pacote tag manifest for @types/ssri@ts3.6 fetched in 336ms
281 silly pacote tag manifest for @types/stack-utils@ts3.6 fetched in 307ms
282 silly pacote tag manifest for @types/rsvp@ts3.6 fetched in 1408ms
283 http fetch GET 304 https://registry.npmjs.org/@types%2fstatuses 268ms (from cache)
284 http fetch GET 304 https://registry.npmjs.org/@types%2fstream-each 234ms (from cache)
285 http fetch GET 304 https://registry.npmjs.org/@types%2fstream-shift 248ms (from cache)
286 silly pacote tag manifest for @types/statuses@ts3.6 fetched in 299ms
287 silly pacote tag manifest for @types/stream-each@ts3.6 fetched in 272ms
288 silly pacote tag manifest for @types/stream-shift@ts3.6 fetched in 277ms
289 http fetch GET 304 https://registry.npmjs.org/@types%2fstrict-uri-encode 268ms (from cache)
290 http fetch GET 304 https://registry.npmjs.org/@types%2fstring-natural-compare 217ms (from cache)
291 silly pacote tag manifest for @types/strict-uri-encode@ts3.6 fetched in 296ms
292 http fetch GET 304 https://registry.npmjs.org/@types%2fstring.prototype.matchall 212ms (from cache)
293 silly pacote tag manifest for @types/string-natural-compare@ts3.6 fetched in 241ms
294 http fetch GET 304 https://registry.npmjs.org/@types%2fstrip-comments 196ms (from cache)
295 http fetch GET 304 https://registry.npmjs.org/@types%2fstringify-object 212ms (from cache)
296 silly pacote tag manifest for @types/string.prototype.matchall@ts3.6 fetched in 239ms
297 silly pacote tag manifest for @types/stringify-object@ts3.6 fetched in 237ms
298 silly pacote tag manifest for @types/strip-comments@ts3.6 fetched in 223ms
299 http fetch GET 304 https://registry.npmjs.org/@types%2fsupports-color 214ms (from cache)
300 http fetch GET 304 https://registry.npmjs.org/@types%2fstrip-final-newline 216ms (from cache)
301 http fetch GET 304 https://registry.npmjs.org/@types%2fsymbol-tree 204ms (from cache)
302 silly pacote tag manifest for @types/supports-color@ts3.6 fetched in 249ms
303 silly pacote tag manifest for @types/strip-final-newline@ts3.6 fetched in 252ms
304 http fetch GET 304 https://registry.npmjs.org/@types%2ftapable 222ms (from cache)
305 http fetch GET 304 https://registry.npmjs.org/@types%2fsvg-parser 247ms (from cache)
306 silly pacote tag manifest for @types/symbol-tree@ts3.6 fetched in 246ms
307 silly pacote tag manifest for @types/tapable@ts3.6 fetched in 260ms
308 silly pacote tag manifest for @types/svg-parser@ts3.6 fetched in 284ms
309 http fetch GET 304 https://registry.npmjs.org/@types%2ftar 234ms (from cache)
310 silly pacote tag manifest for @types/tar@ts3.6 fetched in 245ms
311 http fetch GET 200 https://registry.npmjs.org/@types%2ftmpl 144ms
312 http fetch GET 304 https://registry.npmjs.org/@types%2ftext-table 234ms (from cache)
313 silly fetchPackageMetaData error for @types/tmpl@ts3.6 No matching version found for @types/tmpl@ts3.6.
314 http fetch GET 304 https://registry.npmjs.org/@types%2fthrough 219ms (from cache)
315 silly pacote tag manifest for @types/text-table@ts3.6 fetched in 250ms
316 http fetch GET 200 https://registry.npmjs.org/@types%2fto-regex 141ms
317 http fetch GET 304 https://registry.npmjs.org/@types%2fthunky 216ms (from cache)
318 silly fetchPackageMetaData error for @types/to-regex@ts3.6 No matching version found for @types/to-regex@ts3.6.
319 silly pacote tag manifest for @types/through@ts3.6 fetched in 249ms
320 http fetch GET 200 https://registry.npmjs.org/@types%2ftoidentifier 134ms
321 http fetch GET 304 https://registry.npmjs.org/@types%2fthrough2 241ms (from cache)
322 silly fetchPackageMetaData error for @types/toidentifier@ts3.6 No matching version found for @types/toidentifier@ts3.6.
323 silly pacote tag manifest for @types/thunky@ts3.6 fetched in 256ms
324 silly pacote tag manifest for @types/through2@ts3.6 fetched in 287ms
325 http fetch GET 304 https://registry.npmjs.org/@types%2ftimsort 250ms (from cache)
326 http fetch GET 200 https://registry.npmjs.org/@types%2fto-regex-range 205ms
327 silly fetchPackageMetaData error for @types/to-regex-range@ts3.6 No matching version found for @types/to-regex-range@ts3.6.
328 silly pacote tag manifest for @types/timsort@ts3.6 fetched in 296ms
329 http fetch GET 200 https://registry.npmjs.org/@types%2ftr46 200ms
330 silly fetchPackageMetaData error for @types/tr46@ts3.6 No matching version found for @types/tr46@ts3.6.
331 http fetch GET 200 https://registry.npmjs.org/@types%2ftypedarray-to-buffer 181ms
332 http fetch GET 304 https://registry.npmjs.org/@types%2ftough-cookie 258ms (from cache)
333 silly fetchPackageMetaData error for @types/typedarray-to-buffer@ts3.6 No matching version found for @types/typedarray-to-buffer@ts3.6.
334 http fetch GET 200 https://registry.npmjs.org/@types%2funbox-primitive 171ms
335 http fetch GET 304 https://registry.npmjs.org/@types%2ftryer 246ms (from cache)
336 silly pacote tag manifest for @types/tough-cookie@ts3.6 fetched in 273ms
337 silly fetchPackageMetaData error for @types/unbox-primitive@ts3.6 No matching version found for @types/unbox-primitive@ts3.6.
338 http fetch GET 304 https://registry.npmjs.org/@types%2ftype-check 236ms (from cache)
339 http fetch GET 304 https://registry.npmjs.org/@types%2ftype-detect 242ms (from cache)
340 silly pacote tag manifest for @types/tryer@ts3.6 fetched in 268ms
341 http fetch GET 304 https://registry.npmjs.org/@types%2ftype-is 232ms (from cache)
342 silly pacote tag manifest for @types/type-check@ts3.6 fetched in 276ms
343 silly pacote tag manifest for @types/type-detect@ts3.6 fetched in 275ms
344 http fetch GET 304 https://registry.npmjs.org/@types%2funiq 199ms (from cache)
345 silly pacote tag manifest for @types/type-is@ts3.6 fetched in 267ms
346 http fetch GET 304 https://registry.npmjs.org/@types%2funiversalify 209ms (from cache)
347 silly pacote tag manifest for @types/uniq@ts3.6 fetched in 233ms
348 silly pacote tag manifest for @types/universalify@ts3.6 fetched in 235ms
349 http fetch GET 304 https://registry.npmjs.org/@types%2furix 234ms (from cache)
350 http fetch GET 304 https://registry.npmjs.org/@types%2furl-parse 201ms (from cache)
351 http fetch GET 304 https://registry.npmjs.org/@types%2futil-deprecate 202ms (from cache)
352 silly pacote tag manifest for @types/url-parse@ts3.6 fetched in 212ms
353 http fetch GET 304 https://registry.npmjs.org/@types%2futil.promisify 207ms (from cache)
354 silly pacote tag manifest for @types/urix@ts3.6 fetched in 271ms
355 silly pacote tag manifest for @types/util-deprecate@ts3.6 fetched in 230ms
356 http fetch GET 304 https://registry.npmjs.org/@types%2futils-merge 208ms (from cache)
357 silly pacote tag manifest for @types/util.promisify@ts3.6 fetched in 231ms
358 http fetch GET 304 https://registry.npmjs.org/@types%2fuuid 193ms (from cache)
359 http fetch GET 304 https://registry.npmjs.org/@types%2fvary 192ms (from cache)
360 http fetch GET 304 https://registry.npmjs.org/@types%2fvalidate-npm-package-license 214ms (from cache)
361 silly pacote tag manifest for @types/utils-merge@ts3.6 fetched in 241ms
362 http fetch GET 304 https://registry.npmjs.org/@types%2fverror 178ms (from cache)
363 silly pacote tag manifest for @types/uuid@ts3.6 fetched in 231ms
364 silly pacote tag manifest for @types/vary@ts3.6 fetched in 263ms
365 silly pacote tag manifest for @types/validate-npm-package-license@ts3.6 fetched in 285ms
366 silly pacote tag manifest for @types/verror@ts3.6 fetched in 249ms
367 http fetch GET 304 https://registry.npmjs.org/@types%2fw3c-hr-time 281ms (from cache)
368 silly pacote tag manifest for @types/w3c-hr-time@ts3.6 fetched in 312ms
369 http fetch GET 304 https://registry.npmjs.org/@types%2fw3c-xmlserializer 236ms (from cache)
370 http fetch GET 304 https://registry.npmjs.org/@types%2fwebidl-conversions 229ms (from cache)
371 http fetch GET 304 https://registry.npmjs.org/@types%2fwatchpack 237ms (from cache)
372 silly pacote tag manifest for @types/w3c-xmlserializer@ts3.6 fetched in 269ms
373 http fetch GET 304 https://registry.npmjs.org/@types%2fwebpack 238ms (from cache)
374 silly pacote tag manifest for @types/webidl-conversions@ts3.6 fetched in 263ms
375 silly pacote tag manifest for @types/watchpack@ts3.6 fetched in 265ms
376 http fetch GET 304 https://registry.npmjs.org/@types%2fwebpack-manifest-plugin 243ms (from cache)
377 silly pacote tag manifest for @types/webpack@ts3.6 fetched in 267ms
378 silly pacote tag manifest for @types/webpack-manifest-plugin@ts3.6 fetched in 265ms
379 http fetch GET 304 https://registry.npmjs.org/@types%2fwhatwg-mimetype 199ms (from cache)
380 http fetch GET 304 https://registry.npmjs.org/@types%2fwhatwg-encoding 200ms (from cache)
381 http fetch GET 304 https://registry.npmjs.org/@types%2fwebpack-sources 239ms (from cache)
382 silly pacote tag manifest for @types/whatwg-encoding@ts3.6 fetched in 224ms
383 http fetch GET 304 https://registry.npmjs.org/@types%2fwhatwg-url 205ms (from cache)
384 silly pacote tag manifest for @types/webpack-sources@ts3.6 fetched in 273ms
385 silly pacote tag manifest for @types/whatwg-mimetype@ts3.6 fetched in 240ms
386 silly pacote tag manifest for @types/whatwg-url@ts3.6 fetched in 259ms
387 http fetch GET 200 https://registry.npmjs.org/@types%2fwhich-boxed-primitive 173ms
388 silly fetchPackageMetaData error for @types/which-boxed-primitive@ts3.6 No matching version found for @types/which-boxed-primitive@ts3.6.
389 http fetch GET 304 https://registry.npmjs.org/@types%2fwhich 223ms (from cache)
390 silly pacote tag manifest for @types/which@ts3.6 fetched in 245ms
391 http fetch GET 304 https://registry.npmjs.org/@types%2fwhich-pm-runs 221ms (from cache)
392 http fetch GET 304 https://registry.npmjs.org/@types%2fworkbox-sw 225ms (from cache)
393 http fetch GET 304 https://registry.npmjs.org/@types%2fwrap-ansi 222ms (from cache)
394 silly pacote tag manifest for @types/which-pm-runs@ts3.6 fetched in 242ms
395 silly pacote tag manifest for @types/workbox-sw@ts3.6 fetched in 243ms
396 http fetch GET 200 https://registry.npmjs.org/@types%2fxml-name-validator 166ms
397 http fetch GET 304 https://registry.npmjs.org/@types%2fwrite-file-atomic 208ms (from cache)
398 silly fetchPackageMetaData error for @types/xml-name-validator@ts3.6 No matching version found for @types/xml-name-validator@ts3.6.
399 silly pacote tag manifest for @types/wrap-ansi@ts3.6 fetched in 246ms
400 silly pacote tag manifest for @types/write-file-atomic@ts3.6 fetched in 228ms
401 http fetch GET 304 https://registry.npmjs.org/@types%2fxtend 184ms (from cache)
402 silly pacote tag manifest for @types/xtend@ts3.6 fetched in 199ms
403 http fetch GET 304 https://registry.npmjs.org/@types%2fws 209ms (from cache)
404 http fetch GET 304 https://registry.npmjs.org/@types%2fyallist 157ms (from cache)
405 silly pacote tag manifest for @types/ws@ts3.6 fetched in 219ms
406 silly pacote tag manifest for @types/yallist@ts3.6 fetched in 167ms
407 http fetch GET 304 https://registry.npmjs.org/@types%2fyargs 129ms (from cache)
408 http fetch GET 304 https://registry.npmjs.org/@types%2fyargs-parser 111ms (from cache)
409 silly pacote tag manifest for @types/yargs@ts3.6 fetched in 143ms
410 silly pacote tag manifest for @types/yargs-parser@ts3.6 fetched in 120ms
411 timing stage:rollbackFailedOptional Completed in 1ms
412 timing stage:runTopLevelLifecycles Completed in 9952ms
413 verbose type tag
414 verbose stack @types/neo-async: No matching version found for @types/neo-async@ts3.6.
414 verbose stack     at pickManifest (/usr/local/lib/node_modules/npm/node_modules/npm-pick-manifest/index.js:122:13)
414 verbose stack     at /usr/local/lib/node_modules/npm/node_modules/pacote/lib/fetchers/registry/manifest.js:24:14
414 verbose stack     at tryCatcher (/usr/local/lib/node_modules/npm/node_modules/bluebird/js/release/util.js:16:23)
414 verbose stack     at Promise._settlePromiseFromHandler (/usr/local/lib/node_modules/npm/node_modules/bluebird/js/release/promise.js:517:31)
414 verbose stack     at Promise._settlePromise (/usr/local/lib/node_modules/npm/node_modules/bluebird/js/release/promise.js:574:18)
414 verbose stack     at Promise._settlePromise0 (/usr/local/lib/node_modules/npm/node_modules/bluebird/js/release/promise.js:619:10)
414 verbose stack     at Promise._settlePromises (/usr/local/lib/node_modules/npm/node_modules/bluebird/js/release/promise.js:699:18)
414 verbose stack     at _drainQueueStep (/usr/local/lib/node_modules/npm/node_modules/bluebird/js/release/async.js:138:12)
414 verbose stack     at _drainQueue (/usr/local/lib/node_modules/npm/node_modules/bluebird/js/release/async.js:131:9)
414 verbose stack     at Async._drainQueues (/usr/local/lib/node_modules/npm/node_modules/bluebird/js/release/async.js:147:5)
414 verbose stack     at Immediate.Async.drainQueues [as _onImmediate] (/usr/local/lib/node_modules/npm/node_modules/bluebird/js/release/async.js:17:14)
414 verbose stack     at processImmediate (internal/timers.js:456:21)
415 verbose cwd /home/theia/.cache/typescript/3.6
416 verbose Linux 5.10.16.3-microsoft-standard-WSL2
417 verbose argv "/usr/local/bin/node" "/usr/local/bin/npm" "install" "--ignore-scripts" "@types/lodash.debounce@ts3.6" "@types/lodash.memoize@ts3.6" "@types/lodash.template@ts3.6" "@types/lodash.uniq@ts3.6" "@types/lz-string@ts3.6" "@types/media-typer@ts3.6" "@types/memory-fs@ts3.6" "@types/memorystream@ts3.6" "@types/merge-descriptors@ts3.6" "@types/merge-stream@ts3.6" "@types/merge2@ts3.6" "@types/methods@ts3.6" "@types/micromatch@ts3.6" "@types/mime@ts3.6" "@types/mime-db@ts3.6" "@types/mime-types@ts3.6" "@types/min-indent@ts3.6" "@types/minimalistic-assert@ts3.6" "@types/minimist@ts3.6" "@types/minizlib@ts3.6" "@types/move-concurrently@ts3.6" "@types/ms@ts3.6" "@types/multicast-dns@ts3.6" "@types/natural-compare@ts3.6" "@types/negotiator@ts3.6" "@types/neo-async@ts3.6" "@types/next-tick@ts3.6" "@types/nice-try@ts3.6" "@types/node-forge@ts3.6" "@types/node-int64@ts3.6" "@types/node-notifier@ts3.6" "@types/normalize-package-data@ts3.6" "@types/normalize-path@ts3.6" "@types/num2fraction@ts3.6" "@types/nwsapi@ts3.6" "@types/object-assign@ts3.6" "@types/object-inspect@ts3.6" "@types/object-keys@ts3.6" "@types/object.fromentries@ts3.6" "@types/object.getownpropertydescriptors@ts3.6" "@types/object.pick@ts3.6" "@types/on-finished@ts3.6" "@types/on-headers@ts3.6" "@types/once@ts3.6" "@types/optimize-css-assets-webpack-plugin@ts3.6" "@types/original@ts3.6" "@types/pako@ts3.6" "@types/parallel-transform@ts3.6" "@types/parse-json@ts3.6" "@types/parseurl@ts3.6" "@types/pascalcase@ts3.6" "@types/path-browserify@ts3.6" "@types/path-is-absolute@ts3.6" "@types/path-is-inside@ts3.6" "@types/path-parse@ts3.6" "@types/pbkdf2@ts3.6" "@types/picomatch@ts3.6" "@types/pify@ts3.6" "@types/postcss-flexbugs-fixes@ts3.6" "@types/postcss-gap-properties@ts3.6" "@types/postcss-modules-extract-imports@ts3.6" "@types/postcss-modules-local-by-default@ts3.6" "@types/postcss-modules-scope@ts3.6" "@types/postcss-modules-values@ts3.6" "@types/postcss-normalize@ts3.6" "@types/postcss-safe-parser@ts3.6" "@types/prelude-ls@ts3.6" "@types/prettier-linter-helpers@ts3.6" "@types/progress@ts3.6" "@types/promise-inflight@ts3.6" "@types/prompts@ts3.6" "@types/prop-types@ts3.6" "@types/proxy-addr@ts3.6" "@types/psl@ts3.6" "@types/pump@ts3.6" "@types/pumpify@ts3.6" "@types/punycode@ts3.6" "@types/q@ts3.6" "@types/qs@ts3.6" "@types/querystringify@ts3.6" "@types/raf@ts3.6" "@types/randombytes@ts3.6" "@types/range-parser@ts3.6" "@types/react-dev-utils@ts3.6" "@types/react-is@ts3.6" "@types/react-refresh@ts3.6" "@types/readable-stream@ts3.6" "@types/recursive-readdir@ts3.6" "@types/regenerate@ts3.6" "@types/regenerator-runtime@ts3.6" "@types/regex-not@ts3.6" "@types/relateurl@ts3.6" "@types/repeat-element@ts3.6" "@types/repeat-string@ts3.6" "@types/request@ts3.6" "@types/request-promise-native@ts3.6" "@types/require-directory@ts3.6" "@types/require-from-string@ts3.6" "@types/requires-port@ts3.6" "@types/resolve@ts3.6" "@types/retry@ts3.6" "@types/ripemd160@ts3.6" "@types/rsvp@ts3.6" "@types/run-parallel@ts3.6" "@types/safe-regex@ts3.6" "@types/safer-buffer@ts3.6" "@types/sane@ts3.6" "@types/sass-loader@ts3.6" "@types/sax@ts3.6" "@types/scheduler@ts3.6" "@types/selfsigned@ts3.6" "@types/semver@ts3.6" "@types/semver-compare@ts3.6" "@types/send@ts3.6" "@types/serialize-javascript@ts3.6" "@types/serve-index@ts3.6" "@types/serve-static@ts3.6" "@types/set-blocking@ts3.6" "@types/set-value@ts3.6" "@types/setimmediate@ts3.6" "@types/sha.js@ts3.6" "@types/shebang-command@ts3.6" "@types/shell-quote@ts3.6" "@types/signal-exit@ts3.6" "@types/simple-swizzle@ts3.6" "@types/slice-ansi@ts3.6" "@types/sockjs@ts3.6" "@types/sockjs-client@ts3.6" "@types/source-list-map@ts3.6" "@types/source-map-support@ts3.6" "@types/spdx-correct@ts3.6" "@types/spdx-expression-parse@ts3.6" "@types/spdy@ts3.6" "@types/sprintf@ts3.6" "@types/sprintf-js@ts3.6" "@types/sshpk@ts3.6" "@types/ssri@ts3.6" "@types/stack-utils@ts3.6" "@types/statuses@ts3.6" "@types/stream-each@ts3.6" "@types/stream-shift@ts3.6" "@types/strict-uri-encode@ts3.6" "@types/string-natural-compare@ts3.6" "@types/string.prototype.matchall@ts3.6" "@types/stringify-object@ts3.6" "@types/strip-comments@ts3.6" "@types/strip-final-newline@ts3.6" "@types/supports-color@ts3.6" "@types/svg-parser@ts3.6" "@types/symbol-tree@ts3.6" "@types/tapable@ts3.6" "@types/tar@ts3.6" "@types/text-table@ts3.6" "@types/through@ts3.6" "@types/through2@ts3.6" "@types/thunky@ts3.6" "@types/timsort@ts3.6" "@types/tmpl@ts3.6" "@types/to-regex@ts3.6" "@types/to-regex-range@ts3.6" "@types/toidentifier@ts3.6" "@types/tough-cookie@ts3.6" "@types/tr46@ts3.6" "@types/tryer@ts3.6" "@types/type-check@ts3.6" "@types/type-detect@ts3.6" "@types/type-is@ts3.6" "@types/typedarray-to-buffer@ts3.6" "@types/unbox-primitive@ts3.6" "@types/uniq@ts3.6" "@types/universalify@ts3.6" "@types/urix@ts3.6" "@types/url-parse@ts3.6" "@types/util-deprecate@ts3.6" "@types/util.promisify@ts3.6" "@types/utils-merge@ts3.6" "@types/uuid@ts3.6" "@types/validate-npm-package-license@ts3.6" "@types/vary@ts3.6" "@types/verror@ts3.6" "@types/w3c-hr-time@ts3.6" "@types/w3c-xmlserializer@ts3.6" "@types/watchpack@ts3.6" "@types/webidl-conversions@ts3.6" "@types/webpack@ts3.6" "@types/webpack-manifest-plugin@ts3.6" "@types/webpack-sources@ts3.6" "@types/whatwg-encoding@ts3.6" "@types/whatwg-mimetype@ts3.6" "@types/whatwg-url@ts3.6" "@types/which@ts3.6" "@types/which-boxed-primitive@ts3.6" "@types/which-pm-runs@ts3.6" "@types/workbox-sw@ts3.6" "@types/wrap-ansi@ts3.6" "@types/write-file-atomic@ts3.6" "@types/ws@ts3.6" "@types/xml-name-validator@ts3.6" "@types/xtend@ts3.6" "@types/yallist@ts3.6" "@types/yargs@ts3.6" "@types/yargs-parser@ts3.6" "--save-dev" "--user-agent=typesInstaller/3.6.3"
418 verbose node v12.18.3
419 verbose npm  v6.14.6
420 error code ETARGET
421 error notarget No matching version found for @types/neo-async@ts3.6.
422 error notarget In most cases you or one of your dependencies are requesting
422 error notarget a package version that doesn't exist.
423 verbose exit [ 1, true ]
