0 info it worked if it ends with ok
1 verbose cli [
1 verbose cli   '/usr/local/bin/node',
1 verbose cli   '/usr/local/bin/npm',
1 verbose cli   'install',
1 verbose cli   '--ignore-scripts',
1 verbose cli   '@types/lodash.uniq@ts3.6',
1 verbose cli   '@types/media-typer@ts3.6',
1 verbose cli   '@types/memory-fs@ts3.6',
1 verbose cli   '@types/memorystream@ts3.6',
1 verbose cli   '@types/merge-descriptors@ts3.6',
1 verbose cli   '@types/merge-stream@ts3.6',
1 verbose cli   '@types/merge2@ts3.6',
1 verbose cli   '@types/methods@ts3.6',
1 verbose cli   '@types/micromatch@ts3.6',
1 verbose cli   '@types/mime@ts3.6',
1 verbose cli   '@types/mime-db@ts3.6',
1 verbose cli   '@types/mime-types@ts3.6',
1 verbose cli   '@types/min-indent@ts3.6',
1 verbose cli   '@types/minimalistic-assert@ts3.6',
1 verbose cli   '@types/minimist@ts3.6',
1 verbose cli   '@types/minizlib@ts3.6',
1 verbose cli   '@types/move-concurrently@ts3.6',
1 verbose cli   '@types/ms@ts3.6',
1 verbose cli   '@types/multicast-dns@ts3.6',
1 verbose cli   '@types/natural-compare@ts3.6',
1 verbose cli   '@types/negotiator@ts3.6',
1 verbose cli   '@types/neo-async@ts3.6',
1 verbose cli   '@types/next-tick@ts3.6',
1 verbose cli   '@types/nice-try@ts3.6',
1 verbose cli   '@types/node-forge@ts3.6',
1 verbose cli   '@types/node-int64@ts3.6',
1 verbose cli   '@types/node-notifier@ts3.6',
1 verbose cli   '@types/normalize-package-data@ts3.6',
1 verbose cli   '@types/normalize-path@ts3.6',
1 verbose cli   '@types/num2fraction@ts3.6',
1 verbose cli   '@types/nwsapi@ts3.6',
1 verbose cli   '@types/object-assign@ts3.6',
1 verbose cli   '@types/object-inspect@ts3.6',
1 verbose cli   '@types/object-keys@ts3.6',
1 verbose cli   '@types/object.fromentries@ts3.6',
1 verbose cli   '@types/object.getownpropertydescriptors@ts3.6',
1 verbose cli   '@types/object.pick@ts3.6',
1 verbose cli   '@types/on-finished@ts3.6',
1 verbose cli   '@types/on-headers@ts3.6',
1 verbose cli   '@types/once@ts3.6',
1 verbose cli   '@types/optimize-css-assets-webpack-plugin@ts3.6',
1 verbose cli   '@types/pako@ts3.6',
1 verbose cli   '@types/parallel-transform@ts3.6',
1 verbose cli   '@types/parse-json@ts3.6',
1 verbose cli   '@types/parseurl@ts3.6',
1 verbose cli   '@types/pascalcase@ts3.6',
1 verbose cli   '@types/path-browserify@ts3.6',
1 verbose cli   '@types/path-is-absolute@ts3.6',
1 verbose cli   '@types/path-is-inside@ts3.6',
1 verbose cli   '@types/path-parse@ts3.6',
1 verbose cli   '@types/pbkdf2@ts3.6',
1 verbose cli   '@types/picomatch@ts3.6',
1 verbose cli   '@types/pify@ts3.6',
1 verbose cli   '@types/postcss-flexbugs-fixes@ts3.6',
1 verbose cli   '@types/postcss-gap-properties@ts3.6',
1 verbose cli   '@types/postcss-modules-extract-imports@ts3.6',
1 verbose cli   '@types/postcss-modules-local-by-default@ts3.6',
1 verbose cli   '@types/postcss-modules-scope@ts3.6',
1 verbose cli   '@types/postcss-modules-values@ts3.6',
1 verbose cli   '@types/postcss-normalize@ts3.6',
1 verbose cli   '@types/postcss-safe-parser@ts3.6',
1 verbose cli   '@types/prelude-ls@ts3.6',
1 verbose cli   '@types/prettier-linter-helpers@ts3.6',
1 verbose cli   '@types/progress@ts3.6',
1 verbose cli   '@types/promise-inflight@ts3.6',
1 verbose cli   '@types/prompts@ts3.6',
1 verbose cli   '@types/prop-types@ts3.6',
1 verbose cli   '@types/proxy-addr@ts3.6',
1 verbose cli   '@types/psl@ts3.6',
1 verbose cli   '@types/pump@ts3.6',
1 verbose cli   '@types/pumpify@ts3.6',
1 verbose cli   '@types/punycode@ts3.6',
1 verbose cli   '@types/q@ts3.6',
1 verbose cli   '@types/qs@ts3.6',
1 verbose cli   '@types/querystringify@ts3.6',
1 verbose cli   '@types/raf@ts3.6',
1 verbose cli   '@types/randombytes@ts3.6',
1 verbose cli   '@types/range-parser@ts3.6',
1 verbose cli   '@types/react-dev-utils@ts3.6',
1 verbose cli   '@types/react-is@ts3.6',
1 verbose cli   '@types/react-refresh@ts3.6',
1 verbose cli   '@types/readable-stream@ts3.6',
1 verbose cli   '@types/recursive-readdir@ts3.6',
1 verbose cli   '@types/regenerate@ts3.6',
1 verbose cli   '@types/regenerator-runtime@ts3.6',
1 verbose cli   '@types/regex-not@ts3.6',
1 verbose cli   '@types/relateurl@ts3.6',
1 verbose cli   '@types/repeat-element@ts3.6',
1 verbose cli   '@types/repeat-string@ts3.6',
1 verbose cli   '@types/require-directory@ts3.6',
1 verbose cli   '@types/require-from-string@ts3.6',
1 verbose cli   '@types/requires-port@ts3.6',
1 verbose cli   '@types/resolve@ts3.6',
1 verbose cli   '@types/retry@ts3.6',
1 verbose cli   '@types/ripemd160@ts3.6',
1 verbose cli   '@types/rsvp@ts3.6',
1 verbose cli   ... 100 more items
1 verbose cli ]
2 info using npm@6.14.6
3 info using node@v12.18.3
4 verbose npm-session 9254e95b39578196
5 silly install loadCurrentTree
6 silly install readLocalPackageData
7 http fetch GET 304 https://registry.npmjs.org/@types%2flodash.uniq 1041ms (from cache)
8 http fetch GET 304 https://registry.npmjs.org/@types%2fmemorystream 1020ms (from cache)
9 http fetch GET 304 https://registry.npmjs.org/@types%2fmethods 1028ms (from cache)
10 http fetch GET 304 https://registry.npmjs.org/@types%2fmemory-fs 1154ms (from cache)
11 http fetch GET 304 https://registry.npmjs.org/@types%2fmerge2 1117ms (from cache)
12 http fetch GET 304 https://registry.npmjs.org/@types%2fmime 1113ms (from cache)
13 http fetch GET 304 https://registry.npmjs.org/@types%2fmerge-descriptors 1155ms (from cache)
14 silly pacote tag manifest for @types/memorystream@ts3.6 fetched in 1170ms
15 http fetch GET 304 https://registry.npmjs.org/@types%2fmedia-typer 1199ms (from cache)
16 silly pacote tag manifest for @types/lodash.uniq@ts3.6 fetched in 1228ms
17 silly pacote tag manifest for @types/merge2@ts3.6 fetched in 1162ms
18 silly pacote tag manifest for @types/memory-fs@ts3.6 fetched in 1203ms
19 silly pacote tag manifest for @types/mime@ts3.6 fetched in 1162ms
20 silly pacote tag manifest for @types/methods@ts3.6 fetched in 1168ms
21 silly pacote tag manifest for @types/merge-descriptors@ts3.6 fetched in 1229ms
22 silly pacote tag manifest for @types/media-typer@ts3.6 fetched in 1283ms
23 http fetch GET 304 https://registry.npmjs.org/@types%2fminimist 405ms (from cache)
24 silly pacote tag manifest for @types/minimist@ts3.6 fetched in 444ms
25 http fetch GET 304 https://registry.npmjs.org/@types%2fmime-db 558ms (from cache)
26 http fetch GET 304 https://registry.npmjs.org/@types%2fminizlib 530ms (from cache)
27 http fetch GET 304 https://registry.npmjs.org/@types%2fminimalistic-assert 534ms (from cache)
28 http fetch GET 304 https://registry.npmjs.org/@types%2fmin-indent 538ms (from cache)
29 http fetch GET 304 https://registry.npmjs.org/@types%2fmime-types 548ms (from cache)
30 http fetch GET 304 https://registry.npmjs.org/@types%2fmove-concurrently 515ms (from cache)
31 silly pacote tag manifest for @types/mime-types@ts3.6 fetched in 571ms
32 silly pacote tag manifest for @types/minimalistic-assert@ts3.6 fetched in 574ms
33 silly pacote tag manifest for @types/mime-db@ts3.6 fetched in 607ms
34 silly pacote tag manifest for @types/min-indent@ts3.6 fetched in 583ms
35 silly pacote tag manifest for @types/minizlib@ts3.6 fetched in 579ms
36 silly pacote tag manifest for @types/move-concurrently@ts3.6 fetched in 553ms
37 http fetch GET 304 https://registry.npmjs.org/@types%2fms 651ms (from cache)
38 silly pacote tag manifest for @types/ms@ts3.6 fetched in 920ms
39 http fetch GET 304 https://registry.npmjs.org/@types%2fmulticast-dns 1552ms (from cache)
40 http fetch GET 304 https://registry.npmjs.org/@types%2fnegotiator 1428ms (from cache)
41 silly pacote tag manifest for @types/multicast-dns@ts3.6 fetched in 1589ms
42 http fetch GET 304 https://registry.npmjs.org/@types%2fmerge-stream 3233ms (from cache)
43 http fetch GET 304 https://registry.npmjs.org/@types%2fnatural-compare 1476ms (from cache)
44 http fetch GET 304 https://registry.npmjs.org/@types%2fnext-tick 1475ms (from cache)
45 silly pacote tag manifest for @types/negotiator@ts3.6 fetched in 1494ms
46 http fetch GET 304 https://registry.npmjs.org/@types%2fnode-forge 1483ms (from cache)
47 silly pacote tag manifest for @types/merge-stream@ts3.6 fetched in 3267ms
48 http fetch GET 304 https://registry.npmjs.org/@types%2fnice-try 1497ms (from cache)
49 silly pacote tag manifest for @types/next-tick@ts3.6 fetched in 1503ms
50 silly pacote tag manifest for @types/natural-compare@ts3.6 fetched in 1513ms
51 silly pacote tag manifest for @types/node-forge@ts3.6 fetched in 1506ms
52 silly pacote tag manifest for @types/nice-try@ts3.6 fetched in 1543ms
53 http fetch GET 304 https://registry.npmjs.org/@types%2fmicromatch 3345ms (from cache)
54 silly pacote tag manifest for @types/micromatch@ts3.6 fetched in 3425ms
55 http fetch GET 304 https://registry.npmjs.org/@types%2fnormalize-package-data 408ms (from cache)
56 http fetch GET 304 https://registry.npmjs.org/@types%2fnode-notifier 463ms (from cache)
57 http fetch GET 304 https://registry.npmjs.org/@types%2fnormalize-path 423ms (from cache)
58 silly pacote tag manifest for @types/normalize-package-data@ts3.6 fetched in 465ms
59 http fetch GET 304 https://registry.npmjs.org/@types%2fnwsapi 462ms (from cache)
60 silly pacote tag manifest for @types/node-notifier@ts3.6 fetched in 534ms
61 silly pacote tag manifest for @types/normalize-path@ts3.6 fetched in 504ms
62 http fetch GET 304 https://registry.npmjs.org/@types%2fobject-assign 576ms (from cache)
63 silly pacote tag manifest for @types/nwsapi@ts3.6 fetched in 668ms
64 http fetch GET 304 https://registry.npmjs.org/@types%2fobject-inspect 886ms (from cache)
65 silly pacote tag manifest for @types/object-assign@ts3.6 fetched in 916ms
66 http fetch GET 304 https://registry.npmjs.org/@types%2fobject-keys 794ms (from cache)
67 silly pacote tag manifest for @types/object-inspect@ts3.6 fetched in 931ms
68 silly pacote tag manifest for @types/object-keys@ts3.6 fetched in 822ms
69 http fetch GET 304 https://registry.npmjs.org/@types%2fobject.getownpropertydescriptors 635ms (from cache)
70 silly pacote tag manifest for @types/object.getownpropertydescriptors@ts3.6 fetched in 662ms
71 http fetch GET 304 https://registry.npmjs.org/@types%2fobject.pick 673ms (from cache)
72 http fetch GET 200 https://registry.npmjs.org/@types%2fneo-async 2681ms
73 silly fetchPackageMetaData error for @types/neo-async@ts3.6 No matching version found for @types/neo-async@ts3.6.
74 silly pacote tag manifest for @types/object.pick@ts3.6 fetched in 705ms
75 http fetch GET 304 https://registry.npmjs.org/@types%2fon-finished 436ms (from cache)
76 silly pacote tag manifest for @types/on-finished@ts3.6 fetched in 472ms
77 http fetch GET 304 https://registry.npmjs.org/@types%2foptimize-css-assets-webpack-plugin 256ms (from cache)
78 http fetch GET 304 https://registry.npmjs.org/@types%2fonce 286ms (from cache)
79 silly pacote tag manifest for @types/optimize-css-assets-webpack-plugin@ts3.6 fetched in 269ms
80 silly pacote tag manifest for @types/once@ts3.6 fetched in 298ms
81 http fetch GET 304 https://registry.npmjs.org/@types%2fparse-json 115ms (from cache)
82 silly pacote tag manifest for @types/parse-json@ts3.6 fetched in 122ms
83 http fetch GET 304 https://registry.npmjs.org/@types%2fpako 184ms (from cache)
84 http fetch GET 304 https://registry.npmjs.org/@types%2fparallel-transform 154ms (from cache)
85 silly pacote tag manifest for @types/pako@ts3.6 fetched in 217ms
86 silly pacote tag manifest for @types/parallel-transform@ts3.6 fetched in 218ms
87 http fetch GET 200 https://registry.npmjs.org/@types%2fpath-browserify 181ms
88 silly fetchPackageMetaData error for @types/path-browserify@ts3.6 No matching version found for @types/path-browserify@ts3.6.
89 http fetch GET 304 https://registry.npmjs.org/@types%2fparseurl 236ms (from cache)
90 silly pacote tag manifest for @types/parseurl@ts3.6 fetched in 265ms
91 http fetch GET 304 https://registry.npmjs.org/@types%2fpascalcase 238ms (from cache)
92 http fetch GET 304 https://registry.npmjs.org/@types%2fpath-is-absolute 187ms (from cache)
93 silly pacote tag manifest for @types/pascalcase@ts3.6 fetched in 257ms
94 silly pacote tag manifest for @types/path-is-absolute@ts3.6 fetched in 203ms
95 http fetch GET 304 https://registry.npmjs.org/@types%2fpath-is-inside 192ms (from cache)
96 http fetch GET 304 https://registry.npmjs.org/@types%2fpath-parse 170ms (from cache)
97 silly pacote tag manifest for @types/path-is-inside@ts3.6 fetched in 250ms
98 silly pacote tag manifest for @types/path-parse@ts3.6 fetched in 230ms
99 http fetch GET 304 https://registry.npmjs.org/@types%2fpicomatch 198ms (from cache)
100 silly pacote tag manifest for @types/picomatch@ts3.6 fetched in 204ms
101 http fetch GET 304 https://registry.npmjs.org/@types%2fpostcss-flexbugs-fixes 188ms (from cache)
102 http fetch GET 304 https://registry.npmjs.org/@types%2fpify 195ms (from cache)
103 silly pacote tag manifest for @types/postcss-flexbugs-fixes@ts3.6 fetched in 196ms
104 silly pacote tag manifest for @types/pify@ts3.6 fetched in 201ms
105 http fetch GET 304 https://registry.npmjs.org/@types%2fpostcss-modules-extract-imports 247ms (from cache)
106 http fetch GET 304 https://registry.npmjs.org/@types%2fpostcss-gap-properties 276ms (from cache)
107 silly pacote tag manifest for @types/postcss-modules-extract-imports@ts3.6 fetched in 267ms
108 silly pacote tag manifest for @types/postcss-gap-properties@ts3.6 fetched in 293ms
109 http fetch GET 304 https://registry.npmjs.org/@types%2fpostcss-modules-local-by-default 222ms (from cache)
110 silly pacote tag manifest for @types/postcss-modules-local-by-default@ts3.6 fetched in 246ms
111 http fetch GET 304 https://registry.npmjs.org/@types%2fpostcss-modules-scope 227ms (from cache)
112 silly pacote tag manifest for @types/postcss-modules-scope@ts3.6 fetched in 232ms
113 http fetch GET 304 https://registry.npmjs.org/@types%2fpostcss-modules-values 242ms (from cache)
114 silly pacote tag manifest for @types/postcss-modules-values@ts3.6 fetched in 258ms
115 http fetch GET 304 https://registry.npmjs.org/@types%2fpostcss-normalize 227ms (from cache)
116 http fetch GET 304 https://registry.npmjs.org/@types%2fprelude-ls 206ms (from cache)
117 http fetch GET 304 https://registry.npmjs.org/@types%2fpostcss-safe-parser 252ms (from cache)
118 http fetch GET 304 https://registry.npmjs.org/@types%2fprettier-linter-helpers 209ms (from cache)
119 silly pacote tag manifest for @types/postcss-normalize@ts3.6 fetched in 268ms
120 silly pacote tag manifest for @types/prelude-ls@ts3.6 fetched in 222ms
121 silly pacote tag manifest for @types/postcss-safe-parser@ts3.6 fetched in 270ms
122 silly pacote tag manifest for @types/prettier-linter-helpers@ts3.6 fetched in 228ms
123 http fetch GET 304 https://registry.npmjs.org/@types%2fprogress 222ms (from cache)
124 silly pacote tag manifest for @types/progress@ts3.6 fetched in 251ms
125 http fetch GET 304 https://registry.npmjs.org/@types%2fprop-types 190ms (from cache)
126 http fetch GET 304 https://registry.npmjs.org/@types%2fnode-int64 3342ms (from cache)
127 silly pacote tag manifest for @types/prop-types@ts3.6 fetched in 254ms
128 http fetch GET 304 https://registry.npmjs.org/@types%2fpromise-inflight 260ms (from cache)
129 silly pacote tag manifest for @types/node-int64@ts3.6 fetched in 3368ms
130 silly pacote tag manifest for @types/promise-inflight@ts3.6 fetched in 282ms
131 http fetch GET 304 https://registry.npmjs.org/@types%2fproxy-addr 269ms (from cache)
132 silly pacote tag manifest for @types/proxy-addr@ts3.6 fetched in 296ms
133 http fetch GET 304 https://registry.npmjs.org/@types%2fpsl 252ms (from cache)
134 silly pacote tag manifest for @types/psl@ts3.6 fetched in 263ms
135 http fetch GET 304 https://registry.npmjs.org/@types%2fnum2fraction 2565ms (from cache)
136 silly pacote tag manifest for @types/num2fraction@ts3.6 fetched in 2586ms
137 http fetch GET 304 https://registry.npmjs.org/@types%2fpump 271ms (from cache)
138 http fetch GET 304 https://registry.npmjs.org/@types%2fpumpify 274ms (from cache)
139 http fetch GET 304 https://registry.npmjs.org/@types%2fq 237ms (from cache)
140 http fetch GET 304 https://registry.npmjs.org/@types%2fqs 223ms (from cache)
141 http fetch GET 304 https://registry.npmjs.org/@types%2fpunycode 289ms (from cache)
142 silly pacote tag manifest for @types/pump@ts3.6 fetched in 313ms
143 silly pacote tag manifest for @types/qs@ts3.6 fetched in 264ms
144 silly pacote tag manifest for @types/q@ts3.6 fetched in 286ms
145 silly pacote tag manifest for @types/pumpify@ts3.6 fetched in 343ms
146 silly pacote tag manifest for @types/punycode@ts3.6 fetched in 337ms
147 http fetch GET 304 https://registry.npmjs.org/@types%2fquerystringify 309ms (from cache)
148 silly pacote tag manifest for @types/querystringify@ts3.6 fetched in 349ms
149 http fetch GET 304 https://registry.npmjs.org/@types%2fraf 212ms (from cache)
150 http fetch GET 304 https://registry.npmjs.org/@types%2frange-parser 201ms (from cache)
151 silly pacote tag manifest for @types/raf@ts3.6 fetched in 236ms
152 silly pacote tag manifest for @types/range-parser@ts3.6 fetched in 228ms
153 http fetch GET 304 https://registry.npmjs.org/@types%2freact-is 221ms (from cache)
154 http fetch GET 304 https://registry.npmjs.org/@types%2frandombytes 258ms (from cache)
155 http fetch GET 304 https://registry.npmjs.org/@types%2freact-dev-utils 247ms (from cache)
156 silly pacote tag manifest for @types/react-is@ts3.6 fetched in 242ms
157 silly pacote tag manifest for @types/react-dev-utils@ts3.6 fetched in 257ms
158 silly pacote tag manifest for @types/randombytes@ts3.6 fetched in 271ms
159 http fetch GET 200 https://registry.npmjs.org/@types%2freact-refresh 203ms
160 silly fetchPackageMetaData error for @types/react-refresh@ts3.6 No matching version found for @types/react-refresh@ts3.6.
161 http fetch GET 304 https://registry.npmjs.org/@types%2fobject.fromentries 2733ms (from cache)
162 http fetch GET 304 https://registry.npmjs.org/@types%2freadable-stream 194ms (from cache)
163 silly pacote tag manifest for @types/object.fromentries@ts3.6 fetched in 2750ms
164 silly pacote tag manifest for @types/readable-stream@ts3.6 fetched in 218ms
165 http fetch GET 200 https://registry.npmjs.org/@types%2fregenerate 179ms
166 silly fetchPackageMetaData error for @types/regenerate@ts3.6 No matching version found for @types/regenerate@ts3.6.
167 http fetch GET 200 https://registry.npmjs.org/@types%2fregex-not 239ms
168 silly fetchPackageMetaData error for @types/regex-not@ts3.6 No matching version found for @types/regex-not@ts3.6.
169 http fetch GET 304 https://registry.npmjs.org/@types%2fregenerator-runtime 278ms (from cache)
170 http fetch GET 304 https://registry.npmjs.org/@types%2frelateurl 183ms (from cache)
171 silly pacote tag manifest for @types/regenerator-runtime@ts3.6 fetched in 291ms
172 silly pacote tag manifest for @types/relateurl@ts3.6 fetched in 194ms
173 http fetch GET 304 https://registry.npmjs.org/@types%2frequire-from-string 176ms (from cache)
174 silly pacote tag manifest for @types/require-from-string@ts3.6 fetched in 189ms
175 http fetch GET 304 https://registry.npmjs.org/@types%2fon-headers 2568ms (from cache)
176 silly pacote tag manifest for @types/on-headers@ts3.6 fetched in 2586ms
177 http fetch GET 304 https://registry.npmjs.org/@types%2frequires-port 180ms (from cache)
178 http fetch GET 304 https://registry.npmjs.org/@types%2fresolve 184ms (from cache)
179 silly pacote tag manifest for @types/requires-port@ts3.6 fetched in 194ms
180 silly pacote tag manifest for @types/resolve@ts3.6 fetched in 205ms
181 http fetch GET 304 https://registry.npmjs.org/@types%2fretry 148ms (from cache)
182 silly pacote tag manifest for @types/retry@ts3.6 fetched in 155ms
183 http fetch GET 304 https://registry.npmjs.org/@types%2frsvp 166ms (from cache)
184 http fetch GET 304 https://registry.npmjs.org/@types%2frun-parallel 158ms (from cache)
185 silly pacote tag manifest for @types/rsvp@ts3.6 fetched in 174ms
186 silly pacote tag manifest for @types/run-parallel@ts3.6 fetched in 166ms
187 http fetch GET 304 https://registry.npmjs.org/@types%2fsafe-regex-test 112ms (from cache)
188 silly registry:manifest no matching version for @types/safe-regex-test@ts3.6 in the cache. Forcing revalidation.
189 http fetch GET 304 https://registry.npmjs.org/@types%2fsafer-buffer 130ms (from cache)
190 silly pacote tag manifest for @types/safer-buffer@ts3.6 fetched in 135ms
191 http fetch GET 200 https://registry.npmjs.org/@types%2fsafe-regex-test 95ms
192 silly fetchPackageMetaData error for @types/safe-regex-test@ts3.6 No matching version found for @types/safe-regex-test@ts3.6.
193 http fetch GET 304 https://registry.npmjs.org/@types%2fpbkdf2 2466ms (from cache)
194 silly pacote tag manifest for @types/pbkdf2@ts3.6 fetched in 2478ms
195 http fetch GET 304 https://registry.npmjs.org/@types%2fsass-loader 118ms (from cache)
196 http fetch GET 304 https://registry.npmjs.org/@types%2fsane 196ms (from cache)
197 silly pacote tag manifest for @types/sane@ts3.6 fetched in 208ms
198 silly pacote tag manifest for @types/sass-loader@ts3.6 fetched in 139ms
199 http fetch GET 304 https://registry.npmjs.org/@types%2fscheduler 208ms (from cache)
200 silly pacote tag manifest for @types/scheduler@ts3.6 fetched in 247ms
201 http fetch GET 200 https://registry.npmjs.org/@types%2fselfsigned 337ms
202 silly fetchPackageMetaData error for @types/selfsigned@ts3.6 No matching version found for @types/selfsigned@ts3.6.
203 http fetch GET 304 https://registry.npmjs.org/@types%2fsemver 236ms (from cache)
204 silly pacote tag manifest for @types/semver@ts3.6 fetched in 247ms
205 http fetch GET 304 https://registry.npmjs.org/@types%2fsemver-compare 292ms (from cache)
206 silly pacote tag manifest for @types/semver-compare@ts3.6 fetched in 308ms
207 http fetch GET 304 https://registry.npmjs.org/@types%2fprompts 2614ms (from cache)
208 http fetch GET 304 https://registry.npmjs.org/@types%2fsend 220ms (from cache)
209 silly pacote tag manifest for @types/prompts@ts3.6 fetched in 2626ms
210 silly pacote tag manifest for @types/send@ts3.6 fetched in 231ms
211 http fetch GET 304 https://registry.npmjs.org/@types%2fripemd160 1323ms (from cache)
212 silly pacote tag manifest for @types/ripemd160@ts3.6 fetched in 1326ms
213 http fetch GET 304 https://registry.npmjs.org/@types%2frepeat-element 1713ms (from cache)
214 silly pacote tag manifest for @types/repeat-element@ts3.6 fetched in 1724ms
215 http fetch GET 304 https://registry.npmjs.org/@types%2fserve-static 129ms (from cache)
216 http fetch GET 304 https://registry.npmjs.org/@types%2fserialize-javascript 157ms (from cache)
217 http fetch GET 304 https://registry.npmjs.org/@types%2fsafe-regex 1308ms (from cache)
218 silly pacote tag manifest for @types/serve-static@ts3.6 fetched in 146ms
219 silly pacote tag manifest for @types/serialize-javascript@ts3.6 fetched in 170ms
220 http fetch GET 304 https://registry.npmjs.org/@types%2fserve-index 161ms (from cache)
221 silly pacote tag manifest for @types/safe-regex@ts3.6 fetched in 1325ms
222 silly pacote tag manifest for @types/serve-index@ts3.6 fetched in 171ms
223 http fetch GET 200 https://registry.npmjs.org/@types%2fset-blocking 136ms
224 silly fetchPackageMetaData error for @types/set-blocking@ts3.6 No matching version found for @types/set-blocking@ts3.6.
225 http fetch GET 304 https://registry.npmjs.org/@types%2fset-value 133ms (from cache)
226 silly pacote tag manifest for @types/set-value@ts3.6 fetched in 146ms
227 http fetch GET 304 https://registry.npmjs.org/@types%2fsha.js 126ms (from cache)
228 http fetch GET 304 https://registry.npmjs.org/@types%2fsetimmediate 150ms (from cache)
229 silly pacote tag manifest for @types/sha.js@ts3.6 fetched in 146ms
230 silly pacote tag manifest for @types/setimmediate@ts3.6 fetched in 164ms
231 http fetch GET 304 https://registry.npmjs.org/@types%2fshebang-command 156ms (from cache)
232 silly pacote tag manifest for @types/shebang-command@ts3.6 fetched in 168ms
233 http fetch GET 304 https://registry.npmjs.org/@types%2fsignal-exit 151ms (from cache)
234 http fetch GET 304 https://registry.npmjs.org/@types%2fshell-quote 175ms (from cache)
235 silly pacote tag manifest for @types/signal-exit@ts3.6 fetched in 161ms
236 silly pacote tag manifest for @types/shell-quote@ts3.6 fetched in 180ms
237 http fetch GET 304 https://registry.npmjs.org/@types%2fsource-list-map 80ms (from cache)
238 http fetch GET 200 https://registry.npmjs.org/@types%2fsimple-swizzle 158ms
239 silly fetchPackageMetaData error for @types/simple-swizzle@ts3.6 No matching version found for @types/simple-swizzle@ts3.6.
240 silly pacote tag manifest for @types/source-list-map@ts3.6 fetched in 92ms
241 http fetch GET 304 https://registry.npmjs.org/@types%2fslice-ansi 142ms (from cache)
242 http fetch GET 304 https://registry.npmjs.org/@types%2fsockjs 194ms (from cache)
243 silly pacote tag manifest for @types/slice-ansi@ts3.6 fetched in 202ms
244 http fetch GET 304 https://registry.npmjs.org/@types%2fsockjs-client 184ms (from cache)
245 silly pacote tag manifest for @types/sockjs@ts3.6 fetched in 206ms
246 silly pacote tag manifest for @types/sockjs-client@ts3.6 fetched in 192ms
247 http fetch GET 304 https://registry.npmjs.org/@types%2fsource-map-support 192ms (from cache)
248 silly pacote tag manifest for @types/source-map-support@ts3.6 fetched in 198ms
249 http fetch GET 304 https://registry.npmjs.org/@types%2fspdx-correct 168ms (from cache)
250 silly pacote tag manifest for @types/spdx-correct@ts3.6 fetched in 180ms
251 http fetch GET 304 https://registry.npmjs.org/@types%2fspdx-expression-parse 212ms (from cache)
252 http fetch GET 304 https://registry.npmjs.org/@types%2fspdy 153ms (from cache)
253 silly pacote tag manifest for @types/spdx-expression-parse@ts3.6 fetched in 227ms
254 silly pacote tag manifest for @types/spdy@ts3.6 fetched in 161ms
255 http fetch GET 304 https://registry.npmjs.org/@types%2fsprintf-js 149ms (from cache)
256 http fetch GET 304 https://registry.npmjs.org/@types%2fsprintf 157ms (from cache)
257 silly pacote tag manifest for @types/sprintf-js@ts3.6 fetched in 195ms
258 silly pacote tag manifest for @types/sprintf@ts3.6 fetched in 205ms
259 http fetch GET 304 https://registry.npmjs.org/@types%2frecursive-readdir 2586ms (from cache)
260 silly pacote tag manifest for @types/recursive-readdir@ts3.6 fetched in 2615ms
261 http fetch GET 304 https://registry.npmjs.org/@types%2fstack-utils 204ms (from cache)
262 silly pacote tag manifest for @types/stack-utils@ts3.6 fetched in 220ms
263 http fetch GET 304 https://registry.npmjs.org/@types%2fstream-each 198ms (from cache)
264 silly pacote tag manifest for @types/stream-each@ts3.6 fetched in 257ms
265 http fetch GET 304 https://registry.npmjs.org/@types%2fstream-shift 267ms (from cache)
266 silly pacote tag manifest for @types/stream-shift@ts3.6 fetched in 302ms
267 http fetch GET 304 https://registry.npmjs.org/@types%2fstrict-uri-encode 314ms (from cache)
268 http fetch GET 304 https://registry.npmjs.org/@types%2frequire-directory 2595ms (from cache)
269 silly pacote tag manifest for @types/strict-uri-encode@ts3.6 fetched in 337ms
270 silly pacote tag manifest for @types/require-directory@ts3.6 fetched in 2611ms
271 http fetch GET 304 https://registry.npmjs.org/@types%2fstring-natural-compare 265ms (from cache)
272 http fetch GET 304 https://registry.npmjs.org/@types%2frepeat-string 2689ms (from cache)
273 silly pacote tag manifest for @types/string-natural-compare@ts3.6 fetched in 280ms
274 silly pacote tag manifest for @types/repeat-string@ts3.6 fetched in 2698ms
275 http fetch GET 304 https://registry.npmjs.org/@types%2fstrip-comments 138ms (from cache)
276 silly pacote tag manifest for @types/strip-comments@ts3.6 fetched in 143ms
277 http fetch GET 304 https://registry.npmjs.org/@types%2fstrip-final-newline 142ms (from cache)
278 http fetch GET 304 https://registry.npmjs.org/@types%2fsymbol-tree 110ms (from cache)
279 silly pacote tag manifest for @types/strip-final-newline@ts3.6 fetched in 148ms
280 silly pacote tag manifest for @types/symbol-tree@ts3.6 fetched in 119ms
281 http fetch GET 304 https://registry.npmjs.org/@types%2ftapable 75ms (from cache)
282 silly pacote tag manifest for @types/tapable@ts3.6 fetched in 80ms
283 http fetch GET 304 https://registry.npmjs.org/@types%2fthrough 81ms (from cache)
284 silly pacote tag manifest for @types/through@ts3.6 fetched in 87ms
285 http fetch GET 304 https://registry.npmjs.org/@types%2ftext-table 118ms (from cache)
286 http fetch GET 304 https://registry.npmjs.org/@types%2ftar 132ms (from cache)
287 silly pacote tag manifest for @types/text-table@ts3.6 fetched in 133ms
288 silly pacote tag manifest for @types/tar@ts3.6 fetched in 145ms
289 http fetch GET 304 https://registry.npmjs.org/@types%2fthunky 148ms (from cache)
290 silly pacote tag manifest for @types/thunky@ts3.6 fetched in 177ms
291 http fetch GET 304 https://registry.npmjs.org/@types%2ftimsort 184ms (from cache)
292 silly pacote tag manifest for @types/timsort@ts3.6 fetched in 199ms
293 http fetch GET 304 https://registry.npmjs.org/@types%2fsax 2472ms (from cache)
294 silly pacote tag manifest for @types/sax@ts3.6 fetched in 2477ms
295 http fetch GET 200 https://registry.npmjs.org/@types%2ftmpl 110ms
296 silly fetchPackageMetaData error for @types/tmpl@ts3.6 No matching version found for @types/tmpl@ts3.6.
297 http fetch GET 200 https://registry.npmjs.org/@types%2fto-regex 154ms
298 silly fetchPackageMetaData error for @types/to-regex@ts3.6 No matching version found for @types/to-regex@ts3.6.
299 http fetch GET 304 https://registry.npmjs.org/@types%2ftough-cookie 73ms (from cache)
300 silly pacote tag manifest for @types/tough-cookie@ts3.6 fetched in 77ms
301 http fetch GET 304 https://registry.npmjs.org/@types%2fstatuses 1285ms (from cache)
302 silly pacote tag manifest for @types/statuses@ts3.6 fetched in 1289ms
303 http fetch GET 304 https://registry.npmjs.org/@types%2ftryer 103ms (from cache)
304 silly pacote tag manifest for @types/tryer@ts3.6 fetched in 124ms
305 http fetch GET 304 https://registry.npmjs.org/@types%2ftype-check 137ms (from cache)
306 silly pacote tag manifest for @types/type-check@ts3.6 fetched in 142ms
307 http fetch GET 304 https://registry.npmjs.org/@types%2ftype-detect 106ms (from cache)
308 silly pacote tag manifest for @types/type-detect@ts3.6 fetched in 112ms
309 http fetch GET 304 https://registry.npmjs.org/@types%2fsupports-color 1303ms (from cache)
310 silly pacote tag manifest for @types/supports-color@ts3.6 fetched in 1307ms
311 http fetch GET 200 https://registry.npmjs.org/@types%2ftypedarray-to-buffer 106ms
312 silly fetchPackageMetaData error for @types/typedarray-to-buffer@ts3.6 No matching version found for @types/typedarray-to-buffer@ts3.6.
313 http fetch GET 200 https://registry.npmjs.org/@types%2funbox-primitive 116ms
314 silly fetchPackageMetaData error for @types/unbox-primitive@ts3.6 No matching version found for @types/unbox-primitive@ts3.6.
315 http fetch GET 304 https://registry.npmjs.org/@types%2funiq 219ms (from cache)
316 silly pacote tag manifest for @types/uniq@ts3.6 fetched in 299ms
317 http fetch GET 304 https://registry.npmjs.org/@types%2fssri 2407ms (from cache)
318 silly pacote tag manifest for @types/ssri@ts3.6 fetched in 2416ms
319 http fetch GET 304 https://registry.npmjs.org/@types%2funiversalify 194ms (from cache)
320 silly pacote tag manifest for @types/universalify@ts3.6 fetched in 199ms
321 http fetch GET 304 https://registry.npmjs.org/@types%2fstring.prototype.matchall 2548ms (from cache)
322 silly pacote tag manifest for @types/string.prototype.matchall@ts3.6 fetched in 2556ms
323 http fetch GET 304 https://registry.npmjs.org/@types%2fstringify-object 2606ms (from cache)
324 http fetch GET 304 https://registry.npmjs.org/@types%2futil-deprecate 145ms (from cache)
325 silly pacote tag manifest for @types/util-deprecate@ts3.6 fetched in 152ms
326 silly pacote tag manifest for @types/stringify-object@ts3.6 fetched in 2619ms
327 http fetch GET 304 https://registry.npmjs.org/@types%2fsvg-parser 2520ms (from cache)
328 silly pacote tag manifest for @types/svg-parser@ts3.6 fetched in 2526ms
329 http fetch GET 304 https://registry.npmjs.org/@types%2futil.promisify 136ms (from cache)
330 silly pacote tag manifest for @types/util.promisify@ts3.6 fetched in 141ms
331 http fetch GET 304 https://registry.npmjs.org/@types%2futils-merge 179ms (from cache)
332 silly pacote tag manifest for @types/utils-merge@ts3.6 fetched in 184ms
333 http fetch GET 304 https://registry.npmjs.org/@types%2fvalidate-npm-package-license 125ms (from cache)
334 http fetch GET 304 https://registry.npmjs.org/@types%2fuuid 192ms (from cache)
335 http fetch GET 304 https://registry.npmjs.org/@types%2fvary 92ms (from cache)
336 silly pacote tag manifest for @types/validate-npm-package-license@ts3.6 fetched in 143ms
337 silly pacote tag manifest for @types/uuid@ts3.6 fetched in 209ms
338 silly pacote tag manifest for @types/vary@ts3.6 fetched in 107ms
339 http fetch GET 304 https://registry.npmjs.org/@types%2fthrough2 2537ms (from cache)
340 silly pacote tag manifest for @types/through2@ts3.6 fetched in 2540ms
341 http fetch GET 304 https://registry.npmjs.org/@types%2fw3c-xmlserializer 128ms (from cache)
342 http fetch GET 304 https://registry.npmjs.org/@types%2fwatchpack 129ms (from cache)
343 http fetch GET 304 https://registry.npmjs.org/@types%2fwebidl-conversions 95ms (from cache)
344 silly pacote tag manifest for @types/w3c-xmlserializer@ts3.6 fetched in 142ms
345 http fetch GET 304 https://registry.npmjs.org/@types%2fw3c-hr-time 145ms (from cache)
346 silly pacote tag manifest for @types/watchpack@ts3.6 fetched in 141ms
347 silly pacote tag manifest for @types/webidl-conversions@ts3.6 fetched in 107ms
348 silly pacote tag manifest for @types/w3c-hr-time@ts3.6 fetched in 161ms
349 http fetch GET 304 https://registry.npmjs.org/@types%2fwebpack 106ms (from cache)
350 http fetch GET 304 https://registry.npmjs.org/@types%2fwebpack-sources 116ms (from cache)
351 silly pacote tag manifest for @types/webpack@ts3.6 fetched in 131ms
352 silly pacote tag manifest for @types/webpack-sources@ts3.6 fetched in 136ms
353 http fetch GET 200 https://registry.npmjs.org/@types%2ftoidentifier 2470ms
354 silly fetchPackageMetaData error for @types/toidentifier@ts3.6 No matching version found for @types/toidentifier@ts3.6.
355 http fetch GET 304 https://registry.npmjs.org/@types%2fwebpack-manifest-plugin 149ms (from cache)
356 http fetch GET 200 https://registry.npmjs.org/@types%2fto-regex-range 2527ms
357 silly fetchPackageMetaData error for @types/to-regex-range@ts3.6 No matching version found for @types/to-regex-range@ts3.6.
358 silly pacote tag manifest for @types/webpack-manifest-plugin@ts3.6 fetched in 161ms
359 http fetch GET 304 https://registry.npmjs.org/@types%2fwhatwg-encoding 158ms (from cache)
360 silly pacote tag manifest for @types/whatwg-encoding@ts3.6 fetched in 167ms
361 http fetch GET 304 https://registry.npmjs.org/@types%2fwhatwg-url 114ms (from cache)
362 http fetch GET 304 https://registry.npmjs.org/@types%2fwhatwg-mimetype 147ms (from cache)
363 http fetch GET 200 https://registry.npmjs.org/@types%2ftr46 2463ms
364 silly fetchPackageMetaData error for @types/tr46@ts3.6 No matching version found for @types/tr46@ts3.6.
365 silly pacote tag manifest for @types/whatwg-url@ts3.6 fetched in 143ms
366 silly pacote tag manifest for @types/whatwg-mimetype@ts3.6 fetched in 193ms
367 http fetch GET 304 https://registry.npmjs.org/@types%2fwhich-pm-runs 224ms (from cache)
368 http fetch GET 304 https://registry.npmjs.org/@types%2furix 1407ms (from cache)
369 silly pacote tag manifest for @types/urix@ts3.6 fetched in 1434ms
370 silly pacote tag manifest for @types/which-pm-runs@ts3.6 fetched in 253ms
371 http fetch GET 304 https://registry.npmjs.org/@types%2fws 183ms (from cache)
372 silly pacote tag manifest for @types/ws@ts3.6 fetched in 200ms
373 http fetch GET 304 https://registry.npmjs.org/@types%2fwrap-ansi 260ms (from cache)
374 http fetch GET 304 https://registry.npmjs.org/@types%2fwrite-file-atomic 258ms (from cache)
375 silly pacote tag manifest for @types/wrap-ansi@ts3.6 fetched in 288ms
376 silly pacote tag manifest for @types/write-file-atomic@ts3.6 fetched in 283ms
377 http fetch GET 200 https://registry.npmjs.org/@types%2fxml-name-validator 183ms
378 silly fetchPackageMetaData error for @types/xml-name-validator@ts3.6 No matching version found for @types/xml-name-validator@ts3.6.
379 http fetch GET 304 https://registry.npmjs.org/@types%2fxtend 187ms (from cache)
380 silly pacote tag manifest for @types/xtend@ts3.6 fetched in 196ms
381 http fetch GET 304 https://registry.npmjs.org/@types%2fyargs-parser 89ms (from cache)
382 silly pacote tag manifest for @types/yargs-parser@ts3.6 fetched in 96ms
383 http fetch GET 304 https://registry.npmjs.org/@types%2fyargs 116ms (from cache)
384 silly pacote tag manifest for @types/yargs@ts3.6 fetched in 127ms
385 http fetch GET 304 https://registry.npmjs.org/@types%2ftype-is 2491ms (from cache)
386 silly pacote tag manifest for @types/type-is@ts3.6 fetched in 2494ms
387 http fetch GET 304 https://registry.npmjs.org/@types%2furl-parse 2531ms (from cache)
388 silly pacote tag manifest for @types/url-parse@ts3.6 fetched in 2538ms
389 http fetch GET 304 https://registry.npmjs.org/@types%2fwhich 2439ms (from cache)
390 silly pacote tag manifest for @types/which@ts3.6 fetched in 2452ms
391 http fetch GET 304 https://registry.npmjs.org/@types%2fworkbox-sw 2473ms (from cache)
392 silly pacote tag manifest for @types/workbox-sw@ts3.6 fetched in 2493ms
393 http fetch GET 200 https://registry.npmjs.org/@types%2fwhich-boxed-primitive 2547ms
394 silly fetchPackageMetaData error for @types/which-boxed-primitive@ts3.6 No matching version found for @types/which-boxed-primitive@ts3.6.
395 http fetch GET 304 https://registry.npmjs.org/@types%2fyallist 2477ms (from cache)
396 silly pacote tag manifest for @types/yallist@ts3.6 fetched in 2483ms
397 timing stage:rollbackFailedOptional Completed in 1ms
398 timing stage:runTopLevelLifecycles Completed in 16061ms
399 verbose type tag
400 verbose stack @types/neo-async: No matching version found for @types/neo-async@ts3.6.
400 verbose stack     at pickManifest (/usr/local/lib/node_modules/npm/node_modules/npm-pick-manifest/index.js:122:13)
400 verbose stack     at /usr/local/lib/node_modules/npm/node_modules/pacote/lib/fetchers/registry/manifest.js:24:14
400 verbose stack     at tryCatcher (/usr/local/lib/node_modules/npm/node_modules/bluebird/js/release/util.js:16:23)
400 verbose stack     at Promise._settlePromiseFromHandler (/usr/local/lib/node_modules/npm/node_modules/bluebird/js/release/promise.js:517:31)
400 verbose stack     at Promise._settlePromise (/usr/local/lib/node_modules/npm/node_modules/bluebird/js/release/promise.js:574:18)
400 verbose stack     at Promise._settlePromise0 (/usr/local/lib/node_modules/npm/node_modules/bluebird/js/release/promise.js:619:10)
400 verbose stack     at Promise._settlePromises (/usr/local/lib/node_modules/npm/node_modules/bluebird/js/release/promise.js:699:18)
400 verbose stack     at _drainQueueStep (/usr/local/lib/node_modules/npm/node_modules/bluebird/js/release/async.js:138:12)
400 verbose stack     at _drainQueue (/usr/local/lib/node_modules/npm/node_modules/bluebird/js/release/async.js:131:9)
400 verbose stack     at Async._drainQueues (/usr/local/lib/node_modules/npm/node_modules/bluebird/js/release/async.js:147:5)
400 verbose stack     at Immediate.Async.drainQueues [as _onImmediate] (/usr/local/lib/node_modules/npm/node_modules/bluebird/js/release/async.js:17:14)
400 verbose stack     at processImmediate (internal/timers.js:456:21)
401 verbose cwd /home/theia/.cache/typescript/3.6
402 verbose Linux 5.10.16.3-microsoft-standard-WSL2
403 verbose argv "/usr/local/bin/node" "/usr/local/bin/npm" "install" "--ignore-scripts" "@types/lodash.uniq@ts3.6" "@types/media-typer@ts3.6" "@types/memory-fs@ts3.6" "@types/memorystream@ts3.6" "@types/merge-descriptors@ts3.6" "@types/merge-stream@ts3.6" "@types/merge2@ts3.6" "@types/methods@ts3.6" "@types/micromatch@ts3.6" "@types/mime@ts3.6" "@types/mime-db@ts3.6" "@types/mime-types@ts3.6" "@types/min-indent@ts3.6" "@types/minimalistic-assert@ts3.6" "@types/minimist@ts3.6" "@types/minizlib@ts3.6" "@types/move-concurrently@ts3.6" "@types/ms@ts3.6" "@types/multicast-dns@ts3.6" "@types/natural-compare@ts3.6" "@types/negotiator@ts3.6" "@types/neo-async@ts3.6" "@types/next-tick@ts3.6" "@types/nice-try@ts3.6" "@types/node-forge@ts3.6" "@types/node-int64@ts3.6" "@types/node-notifier@ts3.6" "@types/normalize-package-data@ts3.6" "@types/normalize-path@ts3.6" "@types/num2fraction@ts3.6" "@types/nwsapi@ts3.6" "@types/object-assign@ts3.6" "@types/object-inspect@ts3.6" "@types/object-keys@ts3.6" "@types/object.fromentries@ts3.6" "@types/object.getownpropertydescriptors@ts3.6" "@types/object.pick@ts3.6" "@types/on-finished@ts3.6" "@types/on-headers@ts3.6" "@types/once@ts3.6" "@types/optimize-css-assets-webpack-plugin@ts3.6" "@types/pako@ts3.6" "@types/parallel-transform@ts3.6" "@types/parse-json@ts3.6" "@types/parseurl@ts3.6" "@types/pascalcase@ts3.6" "@types/path-browserify@ts3.6" "@types/path-is-absolute@ts3.6" "@types/path-is-inside@ts3.6" "@types/path-parse@ts3.6" "@types/pbkdf2@ts3.6" "@types/picomatch@ts3.6" "@types/pify@ts3.6" "@types/postcss-flexbugs-fixes@ts3.6" "@types/postcss-gap-properties@ts3.6" "@types/postcss-modules-extract-imports@ts3.6" "@types/postcss-modules-local-by-default@ts3.6" "@types/postcss-modules-scope@ts3.6" "@types/postcss-modules-values@ts3.6" "@types/postcss-normalize@ts3.6" "@types/postcss-safe-parser@ts3.6" "@types/prelude-ls@ts3.6" "@types/prettier-linter-helpers@ts3.6" "@types/progress@ts3.6" "@types/promise-inflight@ts3.6" "@types/prompts@ts3.6" "@types/prop-types@ts3.6" "@types/proxy-addr@ts3.6" "@types/psl@ts3.6" "@types/pump@ts3.6" "@types/pumpify@ts3.6" "@types/punycode@ts3.6" "@types/q@ts3.6" "@types/qs@ts3.6" "@types/querystringify@ts3.6" "@types/raf@ts3.6" "@types/randombytes@ts3.6" "@types/range-parser@ts3.6" "@types/react-dev-utils@ts3.6" "@types/react-is@ts3.6" "@types/react-refresh@ts3.6" "@types/readable-stream@ts3.6" "@types/recursive-readdir@ts3.6" "@types/regenerate@ts3.6" "@types/regenerator-runtime@ts3.6" "@types/regex-not@ts3.6" "@types/relateurl@ts3.6" "@types/repeat-element@ts3.6" "@types/repeat-string@ts3.6" "@types/require-directory@ts3.6" "@types/require-from-string@ts3.6" "@types/requires-port@ts3.6" "@types/resolve@ts3.6" "@types/retry@ts3.6" "@types/ripemd160@ts3.6" "@types/rsvp@ts3.6" "@types/run-parallel@ts3.6" "@types/safe-regex@ts3.6" "@types/safe-regex-test@ts3.6" "@types/safer-buffer@ts3.6" "@types/sane@ts3.6" "@types/sass-loader@ts3.6" "@types/sax@ts3.6" "@types/scheduler@ts3.6" "@types/selfsigned@ts3.6" "@types/semver@ts3.6" "@types/semver-compare@ts3.6" "@types/send@ts3.6" "@types/serialize-javascript@ts3.6" "@types/serve-index@ts3.6" "@types/serve-static@ts3.6" "@types/set-blocking@ts3.6" "@types/set-value@ts3.6" "@types/setimmediate@ts3.6" "@types/sha.js@ts3.6" "@types/shebang-command@ts3.6" "@types/shell-quote@ts3.6" "@types/signal-exit@ts3.6" "@types/simple-swizzle@ts3.6" "@types/slice-ansi@ts3.6" "@types/sockjs@ts3.6" "@types/sockjs-client@ts3.6" "@types/source-list-map@ts3.6" "@types/source-map-support@ts3.6" "@types/spdx-correct@ts3.6" "@types/spdx-expression-parse@ts3.6" "@types/spdy@ts3.6" "@types/sprintf@ts3.6" "@types/sprintf-js@ts3.6" "@types/ssri@ts3.6" "@types/stack-utils@ts3.6" "@types/statuses@ts3.6" "@types/stream-each@ts3.6" "@types/stream-shift@ts3.6" "@types/strict-uri-encode@ts3.6" "@types/string-natural-compare@ts3.6" "@types/string.prototype.matchall@ts3.6" "@types/stringify-object@ts3.6" "@types/strip-comments@ts3.6" "@types/strip-final-newline@ts3.6" "@types/supports-color@ts3.6" "@types/svg-parser@ts3.6" "@types/symbol-tree@ts3.6" "@types/tapable@ts3.6" "@types/tar@ts3.6" "@types/text-table@ts3.6" "@types/through@ts3.6" "@types/through2@ts3.6" "@types/thunky@ts3.6" "@types/timsort@ts3.6" "@types/tmpl@ts3.6" "@types/to-regex@ts3.6" "@types/to-regex-range@ts3.6" "@types/toidentifier@ts3.6" "@types/tough-cookie@ts3.6" "@types/tr46@ts3.6" "@types/tryer@ts3.6" "@types/type-check@ts3.6" "@types/type-detect@ts3.6" "@types/type-is@ts3.6" "@types/typedarray-to-buffer@ts3.6" "@types/unbox-primitive@ts3.6" "@types/uniq@ts3.6" "@types/universalify@ts3.6" "@types/urix@ts3.6" "@types/url-parse@ts3.6" "@types/util-deprecate@ts3.6" "@types/util.promisify@ts3.6" "@types/utils-merge@ts3.6" "@types/uuid@ts3.6" "@types/validate-npm-package-license@ts3.6" "@types/vary@ts3.6" "@types/w3c-hr-time@ts3.6" "@types/w3c-xmlserializer@ts3.6" "@types/watchpack@ts3.6" "@types/webidl-conversions@ts3.6" "@types/webpack@ts3.6" "@types/webpack-manifest-plugin@ts3.6" "@types/webpack-sources@ts3.6" "@types/whatwg-encoding@ts3.6" "@types/whatwg-mimetype@ts3.6" "@types/whatwg-url@ts3.6" "@types/which@ts3.6" "@types/which-boxed-primitive@ts3.6" "@types/which-pm-runs@ts3.6" "@types/workbox-sw@ts3.6" "@types/wrap-ansi@ts3.6" "@types/write-file-atomic@ts3.6" "@types/ws@ts3.6" "@types/xml-name-validator@ts3.6" "@types/xtend@ts3.6" "@types/yallist@ts3.6" "@types/yargs@ts3.6" "@types/yargs-parser@ts3.6" "--save-dev" "--user-agent=typesInstaller/3.6.3"
404 verbose node v12.18.3
405 verbose npm  v6.14.6
406 error code ETARGET
407 error notarget No matching version found for @types/neo-async@ts3.6.
408 error notarget In most cases you or one of your dependencies are requesting
408 error notarget a package version that doesn't exist.
409 verbose exit [ 1, true ]
