0 info it worked if it ends with ok
1 verbose cli [
1 verbose cli   '/usr/local/bin/node',
1 verbose cli   '/usr/local/bin/npm',
1 verbose cli   'install',
1 verbose cli   '--ignore-scripts',
1 verbose cli   '@types/accepts@ts3.6',
1 verbose cli   '@types/argparse@ts3.6',
1 verbose cli   '@types/aria-query@ts3.6',
1 verbose cli   '@types/arr-diff@ts3.6',
1 verbose cli   '@types/arr-union@ts3.6',
1 verbose cli   '@types/array-unique@ts3.6',
1 verbose cli   '@types/array.prototype.flat@ts3.6',
1 verbose cli   '@types/array.prototype.flatmap@ts3.6',
1 verbose cli   '@types/asap@ts3.6',
1 verbose cli   '@types/asn1@ts3.6',
1 verbose cli   '@types/assert@ts3.6',
1 verbose cli   '@types/assert-plus@ts3.6',
1 verbose cli   '@types/async@ts3.6',
1 verbose cli   '@types/atob@ts3.6',
1 verbose cli   '@types/aws4@ts3.6',
1 verbose cli   '@types/babel-plugin-macros@ts3.6',
1 verbose cli   '@types/babylon@ts3.6',
1 verbose cli   '@types/balanced-match@ts3.6',
1 verbose cli   '@types/big.js@ts3.6',
1 verbose cli   '@types/bluebird@ts3.6',
1 verbose cli   '@types/bn.js@ts3.6',
1 verbose cli   '@types/body-parser@ts3.6',
1 verbose cli   '@types/bonjour@ts3.6',
1 verbose cli   '@types/boolbase@ts3.6',
1 verbose cli   '@types/brace-expansion@ts3.6',
1 verbose cli   '@types/braces@ts3.6',
1 verbose cli   '@types/brorand@ts3.6',
1 verbose cli   '@types/bser@ts3.6',
1 verbose cli   '@types/buffer-from@ts3.6',
1 verbose cli   '@types/buffer-xor@ts3.6',
1 verbose cli   '@types/bytes@ts3.6',
1 verbose cli   '@types/cacache@ts3.6',
1 verbose cli   '@types/call-bind@ts3.6',
1 verbose cli   '@types/caniuse-api@ts3.6',
1 verbose cli   '@types/caniuse-lite@ts3.6',
1 verbose cli   '@types/case-sensitive-paths-webpack-plugin@ts3.6',
1 verbose cli   '@types/caseless@ts3.6',
1 verbose cli   '@types/check-types@ts3.6',
1 verbose cli   '@types/chownr@ts3.6',
1 verbose cli   '@types/cipher-base@ts3.6',
1 verbose cli   '@types/clean-css@ts3.6',
1 verbose cli   '@types/co@ts3.6',
1 verbose cli   '@types/color@ts3.6',
1 verbose cli   '@types/color-convert@ts3.6',
1 verbose cli   '@types/color-name@ts3.6',
1 verbose cli   '@types/color-string@ts3.6',
1 verbose cli   '@types/combined-stream@ts3.6',
1 verbose cli   '@types/common-tags@ts3.6',
1 verbose cli   '@types/commondir@ts3.6',
1 verbose cli   '@types/component-emitter@ts3.6',
1 verbose cli   '@types/compose-function@ts3.6',
1 verbose cli   '@types/compressible@ts3.6',
1 verbose cli   '@types/compression@ts3.6',
1 verbose cli   '@types/concat-map@ts3.6',
1 verbose cli   '@types/concat-stream@ts3.6',
1 verbose cli   '@types/confusing-browser-globals@ts3.6',
1 verbose cli   '@types/connect-history-api-fallback@ts3.6',
1 verbose cli   '@types/contains-path@ts3.6',
1 verbose cli   '@types/content-disposition@ts3.6',
1 verbose cli   '@types/content-type@ts3.6',
1 verbose cli   '@types/convert-source-map@ts3.6',
1 verbose cli   '@types/cookie@ts3.6',
1 verbose cli   '@types/cookie-signature@ts3.6',
1 verbose cli   '@types/core-js@ts3.6',
1 verbose cli   '@types/create-hash@ts3.6',
1 verbose cli   '@types/create-hmac@ts3.6',
1 verbose cli   '@types/cross-spawn@ts3.6',
1 verbose cli   '@types/css@ts3.6',
1 verbose cli   '@types/css-declaration-sorter@ts3.6',
1 verbose cli   '@types/css-tree@ts3.6',
1 verbose cli   '@types/css.escape@ts3.6',
1 verbose cli   '@types/cssesc@ts3.6',
1 verbose cli   '@types/csso@ts3.6',
1 verbose cli   '@types/cssom@ts3.6',
1 verbose cli   '@types/cssstyle@ts3.6',
1 verbose cli   '@types/damerau-levenshtein@ts3.6',
1 verbose cli   '@types/dashdash@ts3.6',
1 verbose cli   '@types/data-urls@ts3.6',
1 verbose cli   '@types/debug@ts3.6',
1 verbose cli   '@types/decode-uri-component@ts3.6',
1 verbose cli   '@types/dedent@ts3.6',
1 verbose cli   '@types/deep-equal@ts3.6',
1 verbose cli   '@types/default-gateway@ts3.6',
1 verbose cli   '@types/define-properties@ts3.6',
1 verbose cli   '@types/depd@ts3.6',
1 verbose cli   '@types/destroy@ts3.6',
1 verbose cli   '@types/detect-node@ts3.6',
1 verbose cli   '@types/diffie-hellman@ts3.6',
1 verbose cli   '@types/dir-glob@ts3.6',
1 verbose cli   '@types/dns-packet@ts3.6',
1 verbose cli   '@types/dns-txt@ts3.6',
1 verbose cli   '@types/doctrine@ts3.6',
1 verbose cli   '@types/domexception@ts3.6',
1 verbose cli   '@types/domhandler@ts3.6',
1 verbose cli   '@types/domutils@ts3.6',
1 verbose cli   '@types/duplexify@ts3.6',
1 verbose cli   ... 109 more items
1 verbose cli ]
2 info using npm@6.14.6
3 info using node@v12.18.3
4 verbose npm-session eb59d0678f0c3c0b
5 silly install loadCurrentTree
6 silly install readLocalPackageData
7 http fetch GET 304 https://registry.npmjs.org/@types%2faccepts 1121ms (from cache)
8 http fetch GET 304 https://registry.npmjs.org/@types%2farr-diff 1109ms (from cache)
9 silly pacote tag manifest for @types/accepts@ts3.6 fetched in 1184ms
10 silly pacote tag manifest for @types/arr-diff@ts3.6 fetched in 1133ms
11 http fetch GET 304 https://registry.npmjs.org/@types%2farr-union 1160ms (from cache)
12 http fetch GET 304 https://registry.npmjs.org/@types%2farray.prototype.flatmap 1132ms (from cache)
13 http fetch GET 304 https://registry.npmjs.org/@types%2faria-query 1211ms (from cache)
14 silly pacote tag manifest for @types/arr-union@ts3.6 fetched in 1221ms
15 silly pacote tag manifest for @types/array.prototype.flatmap@ts3.6 fetched in 1193ms
16 http fetch GET 304 https://registry.npmjs.org/@types%2fasn1 1192ms (from cache)
17 http fetch GET 304 https://registry.npmjs.org/@types%2farray.prototype.flat 1214ms (from cache)
18 silly pacote tag manifest for @types/aria-query@ts3.6 fetched in 1273ms
19 silly pacote tag manifest for @types/asn1@ts3.6 fetched in 1228ms
20 silly pacote tag manifest for @types/array.prototype.flat@ts3.6 fetched in 1253ms
21 http fetch GET 304 https://registry.npmjs.org/@types%2fasap 1241ms (from cache)
22 http fetch GET 304 https://registry.npmjs.org/@types%2fargparse 1304ms (from cache)
23 silly pacote tag manifest for @types/asap@ts3.6 fetched in 1268ms
24 silly pacote tag manifest for @types/argparse@ts3.6 fetched in 1334ms
25 http fetch GET 304 https://registry.npmjs.org/@types%2fassert 255ms (from cache)
26 http fetch GET 304 https://registry.npmjs.org/@types%2fassert-plus 238ms (from cache)
27 http fetch GET 304 https://registry.npmjs.org/@types%2faws4 130ms (from cache)
28 silly pacote tag manifest for @types/assert-plus@ts3.6 fetched in 287ms
29 silly pacote tag manifest for @types/assert@ts3.6 fetched in 300ms
30 silly pacote tag manifest for @types/aws4@ts3.6 fetched in 177ms
31 http fetch GET 304 https://registry.npmjs.org/@types%2fbabel-plugin-macros 240ms (from cache)
32 http fetch GET 304 https://registry.npmjs.org/@types%2fatob 276ms (from cache)
33 http fetch GET 304 https://registry.npmjs.org/@types%2fbalanced-match 201ms (from cache)
34 http fetch GET 304 https://registry.npmjs.org/@types%2fasync 288ms (from cache)
35 http fetch GET 304 https://registry.npmjs.org/@types%2fbabylon 236ms (from cache)
36 http fetch GET 304 https://registry.npmjs.org/@types%2fbig.js 207ms (from cache)
37 silly pacote tag manifest for @types/babel-plugin-macros@ts3.6 fetched in 255ms
38 silly pacote tag manifest for @types/atob@ts3.6 fetched in 291ms
39 silly pacote tag manifest for @types/balanced-match@ts3.6 fetched in 215ms
40 silly pacote tag manifest for @types/async@ts3.6 fetched in 303ms
41 silly pacote tag manifest for @types/babylon@ts3.6 fetched in 251ms
42 silly pacote tag manifest for @types/big.js@ts3.6 fetched in 224ms
43 http fetch GET 304 https://registry.npmjs.org/@types%2fbluebird 192ms (from cache)
44 http fetch GET 304 https://registry.npmjs.org/@types%2fbody-parser 175ms (from cache)
45 silly pacote tag manifest for @types/bluebird@ts3.6 fetched in 199ms
46 silly pacote tag manifest for @types/body-parser@ts3.6 fetched in 180ms
47 http fetch GET 304 https://registry.npmjs.org/@types%2fbonjour 149ms (from cache)
48 silly pacote tag manifest for @types/bonjour@ts3.6 fetched in 154ms
49 http fetch GET 304 https://registry.npmjs.org/@types%2fbrace-expansion 301ms (from cache)
50 http fetch GET 304 https://registry.npmjs.org/@types%2fbraces 300ms (from cache)
51 http fetch GET 304 https://registry.npmjs.org/@types%2fboolbase 306ms (from cache)
52 http fetch GET 304 https://registry.npmjs.org/@types%2fbrorand 308ms (from cache)
53 http fetch GET 304 https://registry.npmjs.org/@types%2fbser 308ms (from cache)
54 silly pacote tag manifest for @types/brace-expansion@ts3.6 fetched in 320ms
55 silly pacote tag manifest for @types/braces@ts3.6 fetched in 320ms
56 silly pacote tag manifest for @types/boolbase@ts3.6 fetched in 331ms
57 silly pacote tag manifest for @types/brorand@ts3.6 fetched in 335ms
58 http fetch GET 304 https://registry.npmjs.org/@types%2fbuffer-xor 265ms (from cache)
59 http fetch GET 304 https://registry.npmjs.org/@types%2fbuffer-from 267ms (from cache)
60 silly pacote tag manifest for @types/bser@ts3.6 fetched in 350ms
61 http fetch GET 304 https://registry.npmjs.org/@types%2fbytes 239ms (from cache)
62 silly pacote tag manifest for @types/buffer-from@ts3.6 fetched in 303ms
63 silly pacote tag manifest for @types/buffer-xor@ts3.6 fetched in 306ms
64 silly pacote tag manifest for @types/bytes@ts3.6 fetched in 261ms
65 http fetch GET 304 https://registry.npmjs.org/@types%2fcacache 147ms (from cache)
66 silly pacote tag manifest for @types/cacache@ts3.6 fetched in 176ms
67 http fetch GET 304 https://registry.npmjs.org/@types%2fcaseless 130ms (from cache)
68 http fetch GET 304 https://registry.npmjs.org/@types%2fcaniuse-api 200ms (from cache)
69 http fetch GET 304 https://registry.npmjs.org/@types%2fchownr 129ms (from cache)
70 http fetch GET 304 https://registry.npmjs.org/@types%2fcall-bind 219ms (from cache)
71 http fetch GET 304 https://registry.npmjs.org/@types%2fcase-sensitive-paths-webpack-plugin 173ms (from cache)
72 silly registry:manifest no matching version for @types/call-bind@ts3.6 in the cache. Forcing revalidation.
73 silly pacote tag manifest for @types/caseless@ts3.6 fetched in 151ms
74 silly pacote tag manifest for @types/caniuse-api@ts3.6 fetched in 237ms
75 silly pacote tag manifest for @types/chownr@ts3.6 fetched in 163ms
76 http fetch GET 304 https://registry.npmjs.org/@types%2fcheck-types 175ms (from cache)
77 silly pacote tag manifest for @types/case-sensitive-paths-webpack-plugin@ts3.6 fetched in 209ms
78 silly pacote tag manifest for @types/check-types@ts3.6 fetched in 199ms
79 http fetch GET 200 https://registry.npmjs.org/@types%2fcall-bind 215ms
80 silly fetchPackageMetaData error for @types/call-bind@ts3.6 No matching version found for @types/call-bind@ts3.6.
81 http fetch GET 304 https://registry.npmjs.org/@types%2fcipher-base 279ms (from cache)
82 http fetch GET 304 https://registry.npmjs.org/@types%2fclean-css 244ms (from cache)
83 silly pacote tag manifest for @types/cipher-base@ts3.6 fetched in 327ms
84 http fetch GET 304 https://registry.npmjs.org/@types%2fcolor-convert 266ms (from cache)
85 http fetch GET 304 https://registry.npmjs.org/@types%2farray-unique 2370ms (from cache)
86 silly pacote tag manifest for @types/clean-css@ts3.6 fetched in 313ms
87 http fetch GET 304 https://registry.npmjs.org/@types%2fcolor-name 293ms (from cache)
88 silly pacote tag manifest for @types/array-unique@ts3.6 fetched in 2419ms
89 http fetch GET 304 https://registry.npmjs.org/@types%2fco 342ms (from cache)
90 silly pacote tag manifest for @types/color-convert@ts3.6 fetched in 351ms
91 http fetch GET 304 https://registry.npmjs.org/@types%2fcolor 366ms (from cache)
92 silly pacote tag manifest for @types/color-name@ts3.6 fetched in 348ms
93 silly pacote tag manifest for @types/co@ts3.6 fetched in 406ms
94 silly pacote tag manifest for @types/color@ts3.6 fetched in 430ms
95 http fetch GET 304 https://registry.npmjs.org/@types%2fcombined-stream 438ms (from cache)
96 http fetch GET 304 https://registry.npmjs.org/@types%2fcolor-string 495ms (from cache)
97 http fetch GET 304 https://registry.npmjs.org/@types%2fcomponent-emitter 337ms (from cache)
98 http fetch GET 304 https://registry.npmjs.org/@types%2fcommon-tags 404ms (from cache)
99 silly pacote tag manifest for @types/combined-stream@ts3.6 fetched in 450ms
100 http fetch GET 304 https://registry.npmjs.org/@types%2fcommondir 373ms (from cache)
101 silly pacote tag manifest for @types/color-string@ts3.6 fetched in 509ms
102 http fetch GET 304 https://registry.npmjs.org/@types%2fcompression 269ms (from cache)
103 silly pacote tag manifest for @types/common-tags@ts3.6 fetched in 428ms
104 silly pacote tag manifest for @types/component-emitter@ts3.6 fetched in 353ms
105 silly pacote tag manifest for @types/commondir@ts3.6 fetched in 390ms
106 http fetch GET 304 https://registry.npmjs.org/@types%2fcompose-function 340ms (from cache)
107 http fetch GET 304 https://registry.npmjs.org/@types%2fcompressible 315ms (from cache)
108 http fetch GET 304 https://registry.npmjs.org/@types%2fbn.js 1415ms (from cache)
109 silly pacote tag manifest for @types/compression@ts3.6 fetched in 292ms
110 silly pacote tag manifest for @types/compose-function@ts3.6 fetched in 370ms
111 silly pacote tag manifest for @types/compressible@ts3.6 fetched in 363ms
112 silly pacote tag manifest for @types/bn.js@ts3.6 fetched in 1461ms
113 http fetch GET 304 https://registry.npmjs.org/@types%2fconcat-map 373ms (from cache)
114 http fetch GET 304 https://registry.npmjs.org/@types%2fconnect-history-api-fallback 372ms (from cache)
115 http fetch GET 304 https://registry.npmjs.org/@types%2fconcat-stream 381ms (from cache)
116 silly pacote tag manifest for @types/concat-map@ts3.6 fetched in 389ms
117 http fetch GET 304 https://registry.npmjs.org/@types%2fcontent-disposition 365ms (from cache)
118 http fetch GET 304 https://registry.npmjs.org/@types%2fcontains-path 375ms (from cache)
119 silly pacote tag manifest for @types/connect-history-api-fallback@ts3.6 fetched in 385ms
120 http fetch GET 304 https://registry.npmjs.org/@types%2fcontent-type 347ms (from cache)
121 http fetch GET 304 https://registry.npmjs.org/@types%2fconfusing-browser-globals 389ms (from cache)
122 silly pacote tag manifest for @types/content-disposition@ts3.6 fetched in 375ms
123 silly pacote tag manifest for @types/concat-stream@ts3.6 fetched in 402ms
124 silly pacote tag manifest for @types/contains-path@ts3.6 fetched in 391ms
125 silly pacote tag manifest for @types/content-type@ts3.6 fetched in 365ms
126 http fetch GET 304 https://registry.npmjs.org/@types%2fcookie 347ms (from cache)
127 silly pacote tag manifest for @types/confusing-browser-globals@ts3.6 fetched in 407ms
128 http fetch GET 304 https://registry.npmjs.org/@types%2fconvert-source-map 374ms (from cache)
129 silly pacote tag manifest for @types/cookie@ts3.6 fetched in 393ms
130 http fetch GET 304 https://registry.npmjs.org/@types%2fcaniuse-lite 1419ms (from cache)
131 silly pacote tag manifest for @types/convert-source-map@ts3.6 fetched in 407ms
132 silly pacote tag manifest for @types/caniuse-lite@ts3.6 fetched in 1436ms
133 http fetch GET 304 https://registry.npmjs.org/@types%2fcore-js 121ms (from cache)
134 http fetch GET 304 https://registry.npmjs.org/@types%2fcookie-signature 133ms (from cache)
135 silly pacote tag manifest for @types/core-js@ts3.6 fetched in 128ms
136 silly pacote tag manifest for @types/cookie-signature@ts3.6 fetched in 145ms
137 http fetch GET 304 https://registry.npmjs.org/@types%2fcross-spawn 182ms (from cache)
138 silly pacote tag manifest for @types/cross-spawn@ts3.6 fetched in 208ms
139 http fetch GET 304 https://registry.npmjs.org/@types%2fcss 222ms (from cache)
140 http fetch GET 304 https://registry.npmjs.org/@types%2fcreate-hmac 255ms (from cache)
141 silly pacote tag manifest for @types/css@ts3.6 fetched in 283ms
142 http fetch GET 304 https://registry.npmjs.org/@types%2fcss-tree 243ms (from cache)
143 silly pacote tag manifest for @types/create-hmac@ts3.6 fetched in 325ms
144 http fetch GET 304 https://registry.npmjs.org/@types%2fcss.escape 252ms (from cache)
145 silly registry:manifest no matching version for @types/css.escape@ts3.6 in the cache. Forcing revalidation.
146 silly pacote tag manifest for @types/css-tree@ts3.6 fetched in 277ms
147 http fetch GET 304 https://registry.npmjs.org/@types%2fcssesc 269ms (from cache)
148 http fetch GET 304 https://registry.npmjs.org/@types%2fcssom 254ms (from cache)
149 http fetch GET 304 https://registry.npmjs.org/@types%2fcreate-hash 383ms (from cache)
150 http fetch GET 304 https://registry.npmjs.org/@types%2fcsso 261ms (from cache)
151 silly pacote tag manifest for @types/cssesc@ts3.6 fetched in 310ms
152 silly pacote tag manifest for @types/cssom@ts3.6 fetched in 279ms
153 silly pacote tag manifest for @types/create-hash@ts3.6 fetched in 408ms
154 silly pacote tag manifest for @types/csso@ts3.6 fetched in 286ms
155 http fetch GET 304 https://registry.npmjs.org/@types%2fcss-declaration-sorter 402ms (from cache)
156 silly pacote tag manifest for @types/css-declaration-sorter@ts3.6 fetched in 472ms
157 http fetch GET 304 https://registry.npmjs.org/@types%2fcssstyle 347ms (from cache)
158 http fetch GET 200 https://registry.npmjs.org/@types%2fcss.escape 263ms
159 silly pacote tag manifest for @types/cssstyle@ts3.6 fetched in 379ms
160 silly fetchPackageMetaData error for @types/css.escape@ts3.6 No matching version found for @types/css.escape@ts3.6.
161 http fetch GET 304 https://registry.npmjs.org/@types%2fdashdash 321ms (from cache)
162 http fetch GET 304 https://registry.npmjs.org/@types%2fdamerau-levenshtein 352ms (from cache)
163 http fetch GET 304 https://registry.npmjs.org/@types%2fdata-urls 316ms (from cache)
164 http fetch GET 304 https://registry.npmjs.org/@types%2fdebug 266ms (from cache)
165 silly pacote tag manifest for @types/damerau-levenshtein@ts3.6 fetched in 371ms
166 silly pacote tag manifest for @types/dashdash@ts3.6 fetched in 354ms
167 http fetch GET 304 https://registry.npmjs.org/@types%2fdecode-uri-component 274ms (from cache)
168 silly pacote tag manifest for @types/data-urls@ts3.6 fetched in 346ms
169 http fetch GET 304 https://registry.npmjs.org/@types%2fdedent 283ms (from cache)
170 http fetch GET 304 https://registry.npmjs.org/@types%2fdeep-equal 282ms (from cache)
171 silly pacote tag manifest for @types/debug@ts3.6 fetched in 296ms
172 silly pacote tag manifest for @types/decode-uri-component@ts3.6 fetched in 299ms
173 silly pacote tag manifest for @types/dedent@ts3.6 fetched in 307ms
174 silly pacote tag manifest for @types/deep-equal@ts3.6 fetched in 306ms
175 http fetch GET 304 https://registry.npmjs.org/@types%2fdefault-gateway 279ms (from cache)
176 http fetch GET 304 https://registry.npmjs.org/@types%2fdepd 172ms (from cache)
177 http fetch GET 304 https://registry.npmjs.org/@types%2fdefine-properties 202ms (from cache)
178 http fetch GET 304 https://registry.npmjs.org/@types%2fdestroy 138ms (from cache)
179 silly pacote tag manifest for @types/default-gateway@ts3.6 fetched in 421ms
180 silly pacote tag manifest for @types/depd@ts3.6 fetched in 373ms
181 silly pacote tag manifest for @types/define-properties@ts3.6 fetched in 423ms
182 silly pacote tag manifest for @types/destroy@ts3.6 fetched in 346ms
183 http fetch GET 304 https://registry.npmjs.org/@types%2fdetect-node 483ms (from cache)
184 http fetch GET 304 https://registry.npmjs.org/@types%2fdns-txt 444ms (from cache)
185 http fetch GET 304 https://registry.npmjs.org/@types%2fdiffie-hellman 476ms (from cache)
186 http fetch GET 304 https://registry.npmjs.org/@types%2fdns-packet 471ms (from cache)
187 silly registry:manifest no matching version for @types/dns-txt@ts3.6 in the cache. Forcing revalidation.
188 http fetch GET 304 https://registry.npmjs.org/@types%2fdoctrine 460ms (from cache)
189 http fetch GET 304 https://registry.npmjs.org/@types%2fdir-glob 501ms (from cache)
190 silly pacote tag manifest for @types/detect-node@ts3.6 fetched in 533ms
191 silly pacote tag manifest for @types/dns-packet@ts3.6 fetched in 520ms
192 silly pacote tag manifest for @types/diffie-hellman@ts3.6 fetched in 540ms
193 silly pacote tag manifest for @types/dir-glob@ts3.6 fetched in 580ms
194 silly pacote tag manifest for @types/doctrine@ts3.6 fetched in 554ms
195 http fetch GET 304 https://registry.npmjs.org/@types%2fdomexception 560ms (from cache)
196 http fetch GET 304 https://registry.npmjs.org/@types%2fdomhandler 549ms (from cache)
197 http fetch GET 200 https://registry.npmjs.org/@types%2fdns-txt 353ms
198 http fetch GET 304 https://registry.npmjs.org/@types%2fdomutils 511ms (from cache)
199 silly fetchPackageMetaData error for @types/dns-txt@ts3.6 No matching version found for @types/dns-txt@ts3.6.
200 silly pacote tag manifest for @types/domexception@ts3.6 fetched in 642ms
201 http fetch GET 304 https://registry.npmjs.org/@types%2fduplexify 526ms (from cache)
202 silly pacote tag manifest for @types/domhandler@ts3.6 fetched in 601ms
203 silly pacote tag manifest for @types/domutils@ts3.6 fetched in 572ms
204 silly pacote tag manifest for @types/duplexify@ts3.6 fetched in 572ms
205 http fetch GET 304 https://registry.npmjs.org/@types%2fee-first 432ms (from cache)
206 http fetch GET 304 https://registry.npmjs.org/@types%2felliptic 413ms (from cache)
207 silly pacote tag manifest for @types/elliptic@ts3.6 fetched in 458ms
208 http fetch GET 304 https://registry.npmjs.org/@types%2fencodeurl 414ms (from cache)
209 http fetch GET 304 https://registry.npmjs.org/@types%2fend-of-stream 414ms (from cache)
210 silly pacote tag manifest for @types/ee-first@ts3.6 fetched in 493ms
211 silly pacote tag manifest for @types/encodeurl@ts3.6 fetched in 468ms
212 silly pacote tag manifest for @types/end-of-stream@ts3.6 fetched in 496ms
213 http fetch GET 304 https://registry.npmjs.org/@types%2fes-to-primitive 356ms (from cache)
214 http fetch GET 304 https://registry.npmjs.org/@types%2fes-abstract 417ms (from cache)
215 silly pacote tag manifest for @types/es-to-primitive@ts3.6 fetched in 422ms
216 http fetch GET 304 https://registry.npmjs.org/@types%2fescape-html 448ms (from cache)
217 silly pacote tag manifest for @types/es-abstract@ts3.6 fetched in 587ms
218 http fetch GET 304 https://registry.npmjs.org/@types%2feslint 546ms (from cache)
219 http fetch GET 304 https://registry.npmjs.org/@types%2fescodegen 561ms (from cache)
220 silly pacote tag manifest for @types/escape-html@ts3.6 fetched in 615ms
221 http fetch GET 304 https://registry.npmjs.org/@types%2feslint-scope 514ms (from cache)
222 http fetch GET 304 https://registry.npmjs.org/@types%2feslint-utils 500ms (from cache)
223 silly pacote tag manifest for @types/eslint@ts3.6 fetched in 681ms
224 http fetch GET 304 https://registry.npmjs.org/@types%2fesprima 554ms (from cache)
225 silly pacote tag manifest for @types/escodegen@ts3.6 fetched in 704ms
226 http fetch GET 304 https://registry.npmjs.org/@types%2fesquery 544ms (from cache)
227 silly pacote tag manifest for @types/eslint-scope@ts3.6 fetched in 631ms
228 silly pacote tag manifest for @types/eslint-utils@ts3.6 fetched in 642ms
229 silly pacote tag manifest for @types/esprima@ts3.6 fetched in 679ms
230 silly pacote tag manifest for @types/esquery@ts3.6 fetched in 683ms
231 http fetch GET 304 https://registry.npmjs.org/@types%2fesutils 505ms (from cache)
232 http fetch GET 304 https://registry.npmjs.org/@types%2fetag 451ms (from cache)
233 http fetch GET 304 https://registry.npmjs.org/@types%2festraverse 674ms (from cache)
234 http fetch GET 304 https://registry.npmjs.org/@types%2fevents 374ms (from cache)
235 silly pacote tag manifest for @types/esutils@ts3.6 fetched in 541ms
236 silly pacote tag manifest for @types/etag@ts3.6 fetched in 487ms
237 silly pacote tag manifest for @types/estraverse@ts3.6 fetched in 711ms
238 silly pacote tag manifest for @types/events@ts3.6 fetched in 409ms
239 http fetch GET 304 https://registry.npmjs.org/@types%2fextend 414ms (from cache)
240 silly pacote tag manifest for @types/extend@ts3.6 fetched in 428ms
241 http fetch GET 304 https://registry.npmjs.org/@types%2ffast-levenshtein 633ms (from cache)
242 http fetch GET 304 https://registry.npmjs.org/@types%2feventsource 781ms (from cache)
243 http fetch GET 304 https://registry.npmjs.org/@types%2fexit 767ms (from cache)
244 http fetch GET 304 https://registry.npmjs.org/@types%2fextsprintf 687ms (from cache)
245 http fetch GET 304 https://registry.npmjs.org/@types%2ffill-range 435ms (from cache)
246 silly registry:manifest no matching version for @types/fill-range@ts3.6 in the cache. Forcing revalidation.
247 http fetch GET 304 https://registry.npmjs.org/@types%2ffinalhandler 365ms (from cache)
248 silly pacote tag manifest for @types/fast-levenshtein@ts3.6 fetched in 684ms
249 silly pacote tag manifest for @types/exit@ts3.6 fetched in 814ms
250 silly pacote tag manifest for @types/eventsource@ts3.6 fetched in 840ms
251 http fetch GET 304 https://registry.npmjs.org/@types%2ffile-loader 489ms (from cache)
252 http fetch GET 304 https://registry.npmjs.org/@types%2ffile-entry-cache 503ms (from cache)
253 http fetch GET 304 https://registry.npmjs.org/@types%2ffb-watchman 509ms (from cache)
254 silly pacote tag manifest for @types/extsprintf@ts3.6 fetched in 764ms
255 silly pacote tag manifest for @types/finalhandler@ts3.6 fetched in 445ms
256 silly pacote tag manifest for @types/file-entry-cache@ts3.6 fetched in 569ms
257 silly pacote tag manifest for @types/file-loader@ts3.6 fetched in 585ms
258 silly pacote tag manifest for @types/fb-watchman@ts3.6 fetched in 650ms
259 http fetch GET 200 https://registry.npmjs.org/@types%2ffill-range 434ms
260 silly fetchPackageMetaData error for @types/fill-range@ts3.6 No matching version found for @types/fill-range@ts3.6.
261 http fetch GET 304 https://registry.npmjs.org/@types%2ffind-cache-dir 514ms (from cache)
262 http fetch GET 304 https://registry.npmjs.org/@types%2fflush-write-stream 531ms (from cache)
263 http fetch GET 304 https://registry.npmjs.org/@types%2fflat-cache 547ms (from cache)
264 http fetch GET 304 https://registry.npmjs.org/@types%2fforever-agent 481ms (from cache)
265 http fetch GET 304 https://registry.npmjs.org/@types%2ffollow-redirects 517ms (from cache)
266 http fetch GET 304 https://registry.npmjs.org/@types%2fforwarded 468ms (from cache)
267 silly pacote tag manifest for @types/find-cache-dir@ts3.6 fetched in 578ms
268 http fetch GET 304 https://registry.npmjs.org/@types%2ffresh 466ms (from cache)
269 silly pacote tag manifest for @types/flush-write-stream@ts3.6 fetched in 580ms
270 silly pacote tag manifest for @types/flat-cache@ts3.6 fetched in 614ms
271 silly pacote tag manifest for @types/follow-redirects@ts3.6 fetched in 593ms
272 silly pacote tag manifest for @types/forever-agent@ts3.6 fetched in 560ms
273 silly pacote tag manifest for @types/forwarded@ts3.6 fetched in 547ms
274 silly pacote tag manifest for @types/fresh@ts3.6 fetched in 544ms
275 http fetch GET 304 https://registry.npmjs.org/@types%2ffrom2 536ms (from cache)
276 silly pacote tag manifest for @types/from2@ts3.6 fetched in 646ms
277 http fetch GET 304 https://registry.npmjs.org/@types%2ffs-minipass 518ms (from cache)
278 silly registry:manifest no matching version for @types/fs-minipass@ts3.6 in the cache. Forcing revalidation.
279 http fetch GET 304 https://registry.npmjs.org/@types%2fejs 2914ms (from cache)
280 silly pacote tag manifest for @types/ejs@ts3.6 fetched in 2966ms
281 http fetch GET 304 https://registry.npmjs.org/@types%2ffunction-bind 519ms (from cache)
282 http fetch GET 304 https://registry.npmjs.org/@types%2ffunctional-red-black-tree 534ms (from cache)
283 http fetch GET 304 https://registry.npmjs.org/@types%2fgetpass 485ms (from cache)
284 silly pacote tag manifest for @types/function-bind@ts3.6 fetched in 557ms
285 http fetch GET 304 https://registry.npmjs.org/@types%2fgensync 522ms (from cache)
286 http fetch GET 304 https://registry.npmjs.org/@types%2fget-value 520ms (from cache)
287 http fetch GET 304 https://registry.npmjs.org/@types%2fglob 488ms (from cache)
288 silly registry:manifest no matching version for @types/gensync@ts3.6 in the cache. Forcing revalidation.
289 silly pacote tag manifest for @types/functional-red-black-tree@ts3.6 fetched in 584ms
290 silly pacote tag manifest for @types/getpass@ts3.6 fetched in 525ms
291 http fetch GET 304 https://registry.npmjs.org/@types%2fglob-parent 368ms (from cache)
292 silly pacote tag manifest for @types/glob@ts3.6 fetched in 536ms
293 silly pacote tag manifest for @types/get-value@ts3.6 fetched in 595ms
294 silly pacote tag manifest for @types/glob-parent@ts3.6 fetched in 415ms
295 http fetch GET 200 https://registry.npmjs.org/@types%2ffs-minipass 329ms
296 silly fetchPackageMetaData error for @types/fs-minipass@ts3.6 No matching version found for @types/fs-minipass@ts3.6.
297 http fetch GET 304 https://registry.npmjs.org/@types%2fglobal-modules 313ms (from cache)
298 http fetch GET 200 https://registry.npmjs.org/@types%2fgensync 218ms
299 silly fetchPackageMetaData error for @types/gensync@ts3.6 No matching version found for @types/gensync@ts3.6.
300 silly pacote tag manifest for @types/global-modules@ts3.6 fetched in 354ms
301 http fetch GET 304 https://registry.npmjs.org/@types%2fgraceful-fs 267ms (from cache)
302 silly pacote tag manifest for @types/graceful-fs@ts3.6 fetched in 315ms
303 http fetch GET 304 https://registry.npmjs.org/@types%2fglobal-prefix 341ms (from cache)
304 http fetch GET 304 https://registry.npmjs.org/@types%2fhas 341ms (from cache)
305 silly pacote tag manifest for @types/global-prefix@ts3.6 fetched in 400ms
306 silly pacote tag manifest for @types/has@ts3.6 fetched in 363ms
307 http fetch GET 304 https://registry.npmjs.org/@types%2fhas-bigints 346ms (from cache)
308 silly registry:manifest no matching version for @types/has-bigints@ts3.6 in the cache. Forcing revalidation.
309 http fetch GET 304 https://registry.npmjs.org/@types%2fhe 259ms (from cache)
310 http fetch GET 304 https://registry.npmjs.org/@types%2fhas-values 316ms (from cache)
311 silly registry:manifest no matching version for @types/has-values@ts3.6 in the cache. Forcing revalidation.
312 http fetch GET 304 https://registry.npmjs.org/@types%2fhas-symbols 353ms (from cache)
313 silly pacote tag manifest for @types/he@ts3.6 fetched in 336ms
314 silly pacote tag manifest for @types/has-symbols@ts3.6 fetched in 454ms
315 http fetch GET 304 https://registry.npmjs.org/@types%2fhex-color-regex 360ms (from cache)
316 silly pacote tag manifest for @types/hex-color-regex@ts3.6 fetched in 401ms
317 http fetch GET 304 https://registry.npmjs.org/@types%2fhosted-git-info 400ms (from cache)
318 http fetch GET 200 https://registry.npmjs.org/@types%2fhas-bigints 254ms
319 silly fetchPackageMetaData error for @types/has-bigints@ts3.6 No matching version found for @types/has-bigints@ts3.6.
320 http fetch GET 304 https://registry.npmjs.org/@types%2fhtml-encoding-sniffer 337ms (from cache)
321 silly pacote tag manifest for @types/hosted-git-info@ts3.6 fetched in 433ms
322 http fetch GET 200 https://registry.npmjs.org/@types%2fhas-values 283ms
323 silly pacote tag manifest for @types/html-encoding-sniffer@ts3.6 fetched in 362ms
324 silly fetchPackageMetaData error for @types/has-values@ts3.6 No matching version found for @types/has-values@ts3.6.
325 http fetch GET 304 https://registry.npmjs.org/@types%2fhtml-escaper 347ms (from cache)
326 http fetch GET 304 https://registry.npmjs.org/@types%2fhtml-minifier-terser 346ms (from cache)
327 silly pacote tag manifest for @types/html-escaper@ts3.6 fetched in 364ms
328 silly pacote tag manifest for @types/html-minifier-terser@ts3.6 fetched in 364ms
329 http fetch GET 304 https://registry.npmjs.org/@types%2fhtmlparser2 280ms (from cache)
330 http fetch GET 304 https://registry.npmjs.org/@types%2fhttp-errors 253ms (from cache)
331 silly pacote tag manifest for @types/htmlparser2@ts3.6 fetched in 298ms
332 http fetch GET 304 https://registry.npmjs.org/@types%2fhttp-proxy 169ms (from cache)
333 silly pacote tag manifest for @types/http-errors@ts3.6 fetched in 271ms
334 silly pacote tag manifest for @types/http-proxy@ts3.6 fetched in 178ms
335 http fetch GET 304 https://registry.npmjs.org/@types%2fimurmurhash 144ms (from cache)
336 silly pacote tag manifest for @types/imurmurhash@ts3.6 fetched in 148ms
337 http fetch GET 304 https://registry.npmjs.org/@types%2ficss-utils 246ms (from cache)
338 http fetch GET 304 https://registry.npmjs.org/@types%2finherits 176ms (from cache)
339 silly pacote tag manifest for @types/icss-utils@ts3.6 fetched in 264ms
340 http fetch GET 304 https://registry.npmjs.org/@types%2fiferr 245ms (from cache)
341 silly pacote tag manifest for @types/inherits@ts3.6 fetched in 195ms
342 http fetch GET 304 https://registry.npmjs.org/@types%2fimport-local 251ms (from cache)
343 silly registry:manifest no matching version for @types/import-local@ts3.6 in the cache. Forcing revalidation.
344 http fetch GET 304 https://registry.npmjs.org/@types%2fget-intrinsic 1476ms (from cache)
345 http fetch GET 304 https://registry.npmjs.org/@types%2fini 200ms (from cache)
346 silly registry:manifest no matching version for @types/get-intrinsic@ts3.6 in the cache. Forcing revalidation.
347 silly pacote tag manifest for @types/iferr@ts3.6 fetched in 271ms
348 silly pacote tag manifest for @types/ini@ts3.6 fetched in 234ms
349 http fetch GET 304 https://registry.npmjs.org/@types%2fis-arguments 198ms (from cache)
350 http fetch GET 304 https://registry.npmjs.org/@types%2finternal-slot 212ms (from cache)
351 http fetch GET 304 https://registry.npmjs.org/@types%2fip 208ms (from cache)
352 silly pacote tag manifest for @types/is-arguments@ts3.6 fetched in 205ms
353 silly pacote tag manifest for @types/internal-slot@ts3.6 fetched in 218ms
354 silly pacote tag manifest for @types/ip@ts3.6 fetched in 217ms
355 http fetch GET 304 https://registry.npmjs.org/@types%2fis-bigint 287ms (from cache)
356 silly registry:manifest no matching version for @types/is-bigint@ts3.6 in the cache. Forcing revalidation.
357 http fetch GET 304 https://registry.npmjs.org/@types%2fis-ci 180ms (from cache)
358 silly pacote tag manifest for @types/is-ci@ts3.6 fetched in 184ms
359 http fetch GET 200 https://registry.npmjs.org/@types%2fimport-local 278ms
360 silly fetchPackageMetaData error for @types/import-local@ts3.6 No matching version found for @types/import-local@ts3.6.
361 http fetch GET 304 https://registry.npmjs.org/@types%2fis-callable 273ms (from cache)
362 http fetch GET 304 https://registry.npmjs.org/@types%2fis-data-descriptor 217ms (from cache)
363 http fetch GET 304 https://registry.npmjs.org/@types%2fis-date-object 214ms (from cache)
364 silly registry:manifest no matching version for @types/is-data-descriptor@ts3.6 in the cache. Forcing revalidation.
365 http fetch GET 304 https://registry.npmjs.org/@types%2fis-boolean-object 311ms (from cache)
366 silly registry:manifest no matching version for @types/is-boolean-object@ts3.6 in the cache. Forcing revalidation.
367 silly pacote tag manifest for @types/is-date-object@ts3.6 fetched in 246ms
368 silly pacote tag manifest for @types/is-callable@ts3.6 fetched in 307ms
369 http fetch GET 200 https://registry.npmjs.org/@types%2fget-intrinsic 356ms
370 silly fetchPackageMetaData error for @types/get-intrinsic@ts3.6 No matching version found for @types/get-intrinsic@ts3.6.
371 http fetch GET 200 https://registry.npmjs.org/@types%2fis-bigint 197ms
372 silly fetchPackageMetaData error for @types/is-bigint@ts3.6 No matching version found for @types/is-bigint@ts3.6.
373 http fetch GET 304 https://registry.npmjs.org/@types%2fis-core-module 323ms (from cache)
374 http fetch GET 304 https://registry.npmjs.org/@types%2fis-buffer 394ms (from cache)
375 http fetch GET 304 https://registry.npmjs.org/@types%2fis-glob 175ms (from cache)
376 http fetch GET 304 https://registry.npmjs.org/@types%2fis-number 118ms (from cache)
377 silly pacote tag manifest for @types/is-core-module@ts3.6 fetched in 333ms
378 silly pacote tag manifest for @types/is-buffer@ts3.6 fetched in 405ms
379 silly pacote tag manifest for @types/is-glob@ts3.6 fetched in 188ms
380 silly pacote tag manifest for @types/is-number@ts3.6 fetched in 130ms
381 http fetch GET 200 https://registry.npmjs.org/@types%2fis-data-descriptor 213ms
382 silly fetchPackageMetaData error for @types/is-data-descriptor@ts3.6 No matching version found for @types/is-data-descriptor@ts3.6.
383 http fetch GET 304 https://registry.npmjs.org/@types%2fisstream 641ms (from cache)
384 http fetch GET 304 https://registry.npmjs.org/@types%2fisexe 648ms (from cache)
385 http fetch GET 304 https://registry.npmjs.org/@types%2fis-typedarray 684ms (from cache)
386 http fetch GET 304 https://registry.npmjs.org/@types%2fistanbul-lib-coverage 579ms (from cache)
387 http fetch GET 304 https://registry.npmjs.org/@types%2fisarray 686ms (from cache)
388 http fetch GET 304 https://registry.npmjs.org/@types%2fis-symbol 738ms (from cache)
389 http fetch GET 304 https://registry.npmjs.org/@types%2fis-string 780ms (from cache)
390 silly registry:manifest no matching version for @types/is-symbol@ts3.6 in the cache. Forcing revalidation.
391 silly registry:manifest no matching version for @types/is-string@ts3.6 in the cache. Forcing revalidation.
392 http fetch GET 200 https://registry.npmjs.org/@types%2fis-boolean-object 832ms
393 silly pacote tag manifest for @types/isstream@ts3.6 fetched in 722ms
394 silly pacote tag manifest for @types/istanbul-lib-coverage@ts3.6 fetched in 627ms
395 silly fetchPackageMetaData error for @types/is-boolean-object@ts3.6 No matching version found for @types/is-boolean-object@ts3.6.
396 silly pacote tag manifest for @types/is-typedarray@ts3.6 fetched in 811ms
397 silly pacote tag manifest for @types/isexe@ts3.6 fetched in 792ms
398 silly pacote tag manifest for @types/isarray@ts3.6 fetched in 798ms
399 http fetch GET 304 https://registry.npmjs.org/@types%2fis-windows 866ms (from cache)
400 http fetch GET 304 https://registry.npmjs.org/@types%2fis-regex 1011ms (from cache)
401 silly pacote tag manifest for @types/is-windows@ts3.6 fetched in 935ms
402 silly pacote tag manifest for @types/is-regex@ts3.6 fetched in 1062ms
403 http fetch GET 200 https://registry.npmjs.org/@types%2fis-symbol 417ms
404 silly fetchPackageMetaData error for @types/is-symbol@ts3.6 No matching version found for @types/is-symbol@ts3.6.
405 http fetch GET 200 https://registry.npmjs.org/@types%2fis-string 438ms
406 silly fetchPackageMetaData error for @types/is-string@ts3.6 No matching version found for @types/is-string@ts3.6.
407 http fetch GET 304 https://registry.npmjs.org/@types%2fistanbul-lib-report 465ms (from cache)
408 http fetch GET 304 https://registry.npmjs.org/@types%2fistanbul-lib-source-maps 440ms (from cache)
409 http fetch GET 304 https://registry.npmjs.org/@types%2fjsbn 447ms (from cache)
410 silly pacote tag manifest for @types/istanbul-lib-report@ts3.6 fetched in 512ms
411 silly pacote tag manifest for @types/istanbul-lib-source-maps@ts3.6 fetched in 487ms
412 http fetch GET 304 https://registry.npmjs.org/@types%2fistanbul-reports 500ms (from cache)
413 silly pacote tag manifest for @types/jsbn@ts3.6 fetched in 500ms
414 http fetch GET 304 https://registry.npmjs.org/@types%2fjs-yaml 512ms (from cache)
415 silly pacote tag manifest for @types/istanbul-reports@ts3.6 fetched in 537ms
416 silly pacote tag manifest for @types/js-yaml@ts3.6 fetched in 551ms
417 http fetch GET 304 https://registry.npmjs.org/@types%2fjsdom 473ms (from cache)
418 silly pacote tag manifest for @types/jsdom@ts3.6 fetched in 481ms
419 http fetch GET 304 https://registry.npmjs.org/@types%2fjson-parse-better-errors 356ms (from cache)
420 http fetch GET 304 https://registry.npmjs.org/@types%2fjson-schema 329ms (from cache)
421 silly pacote tag manifest for @types/json-parse-better-errors@ts3.6 fetched in 370ms
422 silly pacote tag manifest for @types/json-schema@ts3.6 fetched in 341ms
423 http fetch GET 304 https://registry.npmjs.org/@types%2fjson-stringify-safe 279ms (from cache)
424 silly pacote tag manifest for @types/json-stringify-safe@ts3.6 fetched in 283ms
425 http fetch GET 304 https://registry.npmjs.org/@types%2fkind-of 290ms (from cache)
426 http fetch GET 304 https://registry.npmjs.org/@types%2fjson-stable-stringify-without-jsonify 364ms (from cache)
427 silly registry:manifest no matching version for @types/json-stable-stringify-without-jsonify@ts3.6 in the cache. Forcing revalidation.
428 http fetch GET 304 https://registry.npmjs.org/@types%2fjson3 336ms (from cache)
429 http fetch GET 304 https://registry.npmjs.org/@types%2fjsonfile 302ms (from cache)
430 http fetch GET 304 https://registry.npmjs.org/@types%2flanguage-tags 223ms (from cache)
431 silly registry:manifest no matching version for @types/language-tags@ts3.6 in the cache. Forcing revalidation.
432 silly pacote tag manifest for @types/kind-of@ts3.6 fetched in 306ms
433 silly pacote tag manifest for @types/json3@ts3.6 fetched in 367ms
434 silly pacote tag manifest for @types/jsonfile@ts3.6 fetched in 333ms
435 http fetch GET 304 https://registry.npmjs.org/@types%2floader-runner 179ms (from cache)
436 http fetch GET 304 https://registry.npmjs.org/@types%2floader-utils 178ms (from cache)
437 silly pacote tag manifest for @types/loader-runner@ts3.6 fetched in 185ms
438 silly pacote tag manifest for @types/loader-utils@ts3.6 fetched in 183ms
439 http fetch GET 200 https://registry.npmjs.org/@types%2fjson-stable-stringify-without-jsonify 126ms
440 silly fetchPackageMetaData error for @types/json-stable-stringify-without-jsonify@ts3.6 No matching version found for @types/json-stable-stringify-without-jsonify@ts3.6.
441 http fetch GET 200 https://registry.npmjs.org/@types%2flanguage-tags 130ms
442 silly fetchPackageMetaData error for @types/language-tags@ts3.6 No matching version found for @types/language-tags@ts3.6.
443 http fetch GET 304 https://registry.npmjs.org/@types%2fistanbul-lib-instrument 2588ms (from cache)
444 silly pacote tag manifest for @types/istanbul-lib-instrument@ts3.6 fetched in 2592ms
445 http fetch GET 304 https://registry.npmjs.org/@types%2fjsesc 2551ms (from cache)
446 silly pacote tag manifest for @types/jsesc@ts3.6 fetched in 2557ms
447 timing stage:rollbackFailedOptional Completed in 1ms
448 timing stage:runTopLevelLifecycles Completed in 13093ms
449 verbose type tag
450 verbose stack @types/call-bind: No matching version found for @types/call-bind@ts3.6.
450 verbose stack     at pickManifest (/usr/local/lib/node_modules/npm/node_modules/npm-pick-manifest/index.js:122:13)
450 verbose stack     at /usr/local/lib/node_modules/npm/node_modules/pacote/lib/fetchers/registry/manifest.js:43:18
450 verbose stack     at tryCatcher (/usr/local/lib/node_modules/npm/node_modules/bluebird/js/release/util.js:16:23)
450 verbose stack     at Promise._settlePromiseFromHandler (/usr/local/lib/node_modules/npm/node_modules/bluebird/js/release/promise.js:517:31)
450 verbose stack     at Promise._settlePromise (/usr/local/lib/node_modules/npm/node_modules/bluebird/js/release/promise.js:574:18)
450 verbose stack     at Promise._settlePromise0 (/usr/local/lib/node_modules/npm/node_modules/bluebird/js/release/promise.js:619:10)
450 verbose stack     at Promise._settlePromises (/usr/local/lib/node_modules/npm/node_modules/bluebird/js/release/promise.js:699:18)
450 verbose stack     at _drainQueueStep (/usr/local/lib/node_modules/npm/node_modules/bluebird/js/release/async.js:138:12)
450 verbose stack     at _drainQueue (/usr/local/lib/node_modules/npm/node_modules/bluebird/js/release/async.js:131:9)
450 verbose stack     at Async._drainQueues (/usr/local/lib/node_modules/npm/node_modules/bluebird/js/release/async.js:147:5)
450 verbose stack     at Immediate.Async.drainQueues [as _onImmediate] (/usr/local/lib/node_modules/npm/node_modules/bluebird/js/release/async.js:17:14)
450 verbose stack     at processImmediate (internal/timers.js:456:21)
451 verbose cwd /home/theia/.cache/typescript/3.6
452 verbose Linux 5.10.16.3-microsoft-standard-WSL2
453 verbose argv "/usr/local/bin/node" "/usr/local/bin/npm" "install" "--ignore-scripts" "@types/accepts@ts3.6" "@types/argparse@ts3.6" "@types/aria-query@ts3.6" "@types/arr-diff@ts3.6" "@types/arr-union@ts3.6" "@types/array-unique@ts3.6" "@types/array.prototype.flat@ts3.6" "@types/array.prototype.flatmap@ts3.6" "@types/asap@ts3.6" "@types/asn1@ts3.6" "@types/assert@ts3.6" "@types/assert-plus@ts3.6" "@types/async@ts3.6" "@types/atob@ts3.6" "@types/aws4@ts3.6" "@types/babel-plugin-macros@ts3.6" "@types/babylon@ts3.6" "@types/balanced-match@ts3.6" "@types/big.js@ts3.6" "@types/bluebird@ts3.6" "@types/bn.js@ts3.6" "@types/body-parser@ts3.6" "@types/bonjour@ts3.6" "@types/boolbase@ts3.6" "@types/brace-expansion@ts3.6" "@types/braces@ts3.6" "@types/brorand@ts3.6" "@types/bser@ts3.6" "@types/buffer-from@ts3.6" "@types/buffer-xor@ts3.6" "@types/bytes@ts3.6" "@types/cacache@ts3.6" "@types/call-bind@ts3.6" "@types/caniuse-api@ts3.6" "@types/caniuse-lite@ts3.6" "@types/case-sensitive-paths-webpack-plugin@ts3.6" "@types/caseless@ts3.6" "@types/check-types@ts3.6" "@types/chownr@ts3.6" "@types/cipher-base@ts3.6" "@types/clean-css@ts3.6" "@types/co@ts3.6" "@types/color@ts3.6" "@types/color-convert@ts3.6" "@types/color-name@ts3.6" "@types/color-string@ts3.6" "@types/combined-stream@ts3.6" "@types/common-tags@ts3.6" "@types/commondir@ts3.6" "@types/component-emitter@ts3.6" "@types/compose-function@ts3.6" "@types/compressible@ts3.6" "@types/compression@ts3.6" "@types/concat-map@ts3.6" "@types/concat-stream@ts3.6" "@types/confusing-browser-globals@ts3.6" "@types/connect-history-api-fallback@ts3.6" "@types/contains-path@ts3.6" "@types/content-disposition@ts3.6" "@types/content-type@ts3.6" "@types/convert-source-map@ts3.6" "@types/cookie@ts3.6" "@types/cookie-signature@ts3.6" "@types/core-js@ts3.6" "@types/create-hash@ts3.6" "@types/create-hmac@ts3.6" "@types/cross-spawn@ts3.6" "@types/css@ts3.6" "@types/css-declaration-sorter@ts3.6" "@types/css-tree@ts3.6" "@types/css.escape@ts3.6" "@types/cssesc@ts3.6" "@types/csso@ts3.6" "@types/cssom@ts3.6" "@types/cssstyle@ts3.6" "@types/damerau-levenshtein@ts3.6" "@types/dashdash@ts3.6" "@types/data-urls@ts3.6" "@types/debug@ts3.6" "@types/decode-uri-component@ts3.6" "@types/dedent@ts3.6" "@types/deep-equal@ts3.6" "@types/default-gateway@ts3.6" "@types/define-properties@ts3.6" "@types/depd@ts3.6" "@types/destroy@ts3.6" "@types/detect-node@ts3.6" "@types/diffie-hellman@ts3.6" "@types/dir-glob@ts3.6" "@types/dns-packet@ts3.6" "@types/dns-txt@ts3.6" "@types/doctrine@ts3.6" "@types/domexception@ts3.6" "@types/domhandler@ts3.6" "@types/domutils@ts3.6" "@types/duplexify@ts3.6" "@types/ee-first@ts3.6" "@types/ejs@ts3.6" "@types/elliptic@ts3.6" "@types/encodeurl@ts3.6" "@types/end-of-stream@ts3.6" "@types/es-abstract@ts3.6" "@types/es-to-primitive@ts3.6" "@types/escape-html@ts3.6" "@types/escodegen@ts3.6" "@types/eslint@ts3.6" "@types/eslint-scope@ts3.6" "@types/eslint-utils@ts3.6" "@types/esprima@ts3.6" "@types/esquery@ts3.6" "@types/estraverse@ts3.6" "@types/esutils@ts3.6" "@types/etag@ts3.6" "@types/events@ts3.6" "@types/eventsource@ts3.6" "@types/exit@ts3.6" "@types/extend@ts3.6" "@types/extsprintf@ts3.6" "@types/fast-levenshtein@ts3.6" "@types/fb-watchman@ts3.6" "@types/file-entry-cache@ts3.6" "@types/file-loader@ts3.6" "@types/fill-range@ts3.6" "@types/finalhandler@ts3.6" "@types/find-cache-dir@ts3.6" "@types/flat-cache@ts3.6" "@types/flush-write-stream@ts3.6" "@types/follow-redirects@ts3.6" "@types/forever-agent@ts3.6" "@types/forwarded@ts3.6" "@types/fresh@ts3.6" "@types/from2@ts3.6" "@types/fs-minipass@ts3.6" "@types/function-bind@ts3.6" "@types/functional-red-black-tree@ts3.6" "@types/gensync@ts3.6" "@types/get-intrinsic@ts3.6" "@types/get-value@ts3.6" "@types/getpass@ts3.6" "@types/glob@ts3.6" "@types/glob-parent@ts3.6" "@types/global-modules@ts3.6" "@types/global-prefix@ts3.6" "@types/graceful-fs@ts3.6" "@types/has@ts3.6" "@types/has-bigints@ts3.6" "@types/has-symbols@ts3.6" "@types/has-values@ts3.6" "@types/he@ts3.6" "@types/hex-color-regex@ts3.6" "@types/hosted-git-info@ts3.6" "@types/html-encoding-sniffer@ts3.6" "@types/html-escaper@ts3.6" "@types/html-minifier-terser@ts3.6" "@types/htmlparser2@ts3.6" "@types/http-errors@ts3.6" "@types/http-proxy@ts3.6" "@types/icss-utils@ts3.6" "@types/iferr@ts3.6" "@types/import-local@ts3.6" "@types/imurmurhash@ts3.6" "@types/inherits@ts3.6" "@types/ini@ts3.6" "@types/internal-slot@ts3.6" "@types/ip@ts3.6" "@types/is-arguments@ts3.6" "@types/is-bigint@ts3.6" "@types/is-boolean-object@ts3.6" "@types/is-buffer@ts3.6" "@types/is-callable@ts3.6" "@types/is-ci@ts3.6" "@types/is-core-module@ts3.6" "@types/is-data-descriptor@ts3.6" "@types/is-date-object@ts3.6" "@types/is-glob@ts3.6" "@types/is-number@ts3.6" "@types/is-regex@ts3.6" "@types/is-string@ts3.6" "@types/is-symbol@ts3.6" "@types/is-typedarray@ts3.6" "@types/is-windows@ts3.6" "@types/isarray@ts3.6" "@types/isexe@ts3.6" "@types/isstream@ts3.6" "@types/istanbul-lib-coverage@ts3.6" "@types/istanbul-lib-instrument@ts3.6" "@types/istanbul-lib-report@ts3.6" "@types/istanbul-lib-source-maps@ts3.6" "@types/istanbul-reports@ts3.6" "@types/js-yaml@ts3.6" "@types/jsbn@ts3.6" "@types/jsdom@ts3.6" "@types/jsesc@ts3.6" "@types/json-parse-better-errors@ts3.6" "@types/json-schema@ts3.6" "@types/json-stable-stringify-without-jsonify@ts3.6" "@types/json-stringify-safe@ts3.6" "@types/json3@ts3.6" "@types/jsonfile@ts3.6" "@types/kind-of@ts3.6" "@types/language-tags@ts3.6" "@types/loader-runner@ts3.6" "@types/loader-utils@ts3.6" "--save-dev" "--user-agent=typesInstaller/3.6.3"
454 verbose node v12.18.3
455 verbose npm  v6.14.6
456 error code ETARGET
457 error notarget No matching version found for @types/call-bind@ts3.6.
458 error notarget In most cases you or one of your dependencies are requesting
458 error notarget a package version that doesn't exist.
459 verbose exit [ 1, true ]
