0 info it worked if it ends with ok
1 verbose cli [
1 verbose cli   '/usr/local/bin/node',
1 verbose cli   '/usr/local/bin/npm',
1 verbose cli   'install',
1 verbose cli   '--ignore-scripts',
1 verbose cli   '@types/accepts@ts3.6',
1 verbose cli   '@types/argparse@ts3.6',
1 verbose cli   '@types/aria-query@ts3.6',
1 verbose cli   '@types/arr-diff@ts3.6',
1 verbose cli   '@types/arr-union@ts3.6',
1 verbose cli   '@types/array-unique@ts3.6',
1 verbose cli   '@types/array.prototype.flat@ts3.6',
1 verbose cli   '@types/array.prototype.flatmap@ts3.6',
1 verbose cli   '@types/asap@ts3.6',
1 verbose cli   '@types/assert@ts3.6',
1 verbose cli   '@types/async@ts3.6',
1 verbose cli   '@types/atob@ts3.6',
1 verbose cli   '@types/babel-plugin-macros@ts3.6',
1 verbose cli   '@types/babylon@ts3.6',
1 verbose cli   '@types/balanced-match@ts3.6',
1 verbose cli   '@types/big.js@ts3.6',
1 verbose cli   '@types/bluebird@ts3.6',
1 verbose cli   '@types/bn.js@ts3.6',
1 verbose cli   '@types/body-parser@ts3.6',
1 verbose cli   '@types/bonjour@ts3.6',
1 verbose cli   '@types/boolbase@ts3.6',
1 verbose cli   '@types/brace-expansion@ts3.6',
1 verbose cli   '@types/braces@ts3.6',
1 verbose cli   '@types/brorand@ts3.6',
1 verbose cli   '@types/bser@ts3.6',
1 verbose cli   '@types/buffer-from@ts3.6',
1 verbose cli   '@types/buffer-xor@ts3.6',
1 verbose cli   '@types/bytes@ts3.6',
1 verbose cli   '@types/cacache@ts3.6',
1 verbose cli   '@types/call-bind@ts3.6',
1 verbose cli   '@types/caniuse-api@ts3.6',
1 verbose cli   '@types/caniuse-lite@ts3.6',
1 verbose cli   '@types/case-sensitive-paths-webpack-plugin@ts3.6',
1 verbose cli   '@types/check-types@ts3.6',
1 verbose cli   '@types/chownr@ts3.6',
1 verbose cli   '@types/cipher-base@ts3.6',
1 verbose cli   '@types/clean-css@ts3.6',
1 verbose cli   '@types/co@ts3.6',
1 verbose cli   '@types/color@ts3.6',
1 verbose cli   '@types/color-convert@ts3.6',
1 verbose cli   '@types/color-name@ts3.6',
1 verbose cli   '@types/color-string@ts3.6',
1 verbose cli   '@types/combined-stream@ts3.6',
1 verbose cli   '@types/common-tags@ts3.6',
1 verbose cli   '@types/commondir@ts3.6',
1 verbose cli   '@types/component-emitter@ts3.6',
1 verbose cli   '@types/compose-function@ts3.6',
1 verbose cli   '@types/compressible@ts3.6',
1 verbose cli   '@types/compression@ts3.6',
1 verbose cli   '@types/concat-map@ts3.6',
1 verbose cli   '@types/concat-stream@ts3.6',
1 verbose cli   '@types/confusing-browser-globals@ts3.6',
1 verbose cli   '@types/connect-history-api-fallback@ts3.6',
1 verbose cli   '@types/content-disposition@ts3.6',
1 verbose cli   '@types/content-type@ts3.6',
1 verbose cli   '@types/convert-source-map@ts3.6',
1 verbose cli   '@types/cookie@ts3.6',
1 verbose cli   '@types/cookie-signature@ts3.6',
1 verbose cli   '@types/core-js@ts3.6',
1 verbose cli   '@types/create-hash@ts3.6',
1 verbose cli   '@types/create-hmac@ts3.6',
1 verbose cli   '@types/cross-spawn@ts3.6',
1 verbose cli   '@types/css@ts3.6',
1 verbose cli   '@types/css-declaration-sorter@ts3.6',
1 verbose cli   '@types/css-tree@ts3.6',
1 verbose cli   '@types/css.escape@ts3.6',
1 verbose cli   '@types/cssesc@ts3.6',
1 verbose cli   '@types/csso@ts3.6',
1 verbose cli   '@types/cssom@ts3.6',
1 verbose cli   '@types/cssstyle@ts3.6',
1 verbose cli   '@types/damerau-levenshtein@ts3.6',
1 verbose cli   '@types/data-urls@ts3.6',
1 verbose cli   '@types/debug@ts3.6',
1 verbose cli   '@types/decode-uri-component@ts3.6',
1 verbose cli   '@types/dedent@ts3.6',
1 verbose cli   '@types/deep-equal@ts3.6',
1 verbose cli   '@types/default-gateway@ts3.6',
1 verbose cli   '@types/define-properties@ts3.6',
1 verbose cli   '@types/depd@ts3.6',
1 verbose cli   '@types/destroy@ts3.6',
1 verbose cli   '@types/detect-node@ts3.6',
1 verbose cli   '@types/diffie-hellman@ts3.6',
1 verbose cli   '@types/dir-glob@ts3.6',
1 verbose cli   '@types/dns-packet@ts3.6',
1 verbose cli   '@types/dns-txt@ts3.6',
1 verbose cli   '@types/doctrine@ts3.6',
1 verbose cli   '@types/domexception@ts3.6',
1 verbose cli   '@types/domutils@ts3.6',
1 verbose cli   '@types/duplexify@ts3.6',
1 verbose cli   '@types/ee-first@ts3.6',
1 verbose cli   '@types/ejs@ts3.6',
1 verbose cli   '@types/elliptic@ts3.6',
1 verbose cli   '@types/encodeurl@ts3.6',
1 verbose cli   '@types/end-of-stream@ts3.6',
1 verbose cli   '@types/es-abstract@ts3.6',
1 verbose cli   '@types/es-get-iterator@ts3.6',
1 verbose cli   ... 101 more items
1 verbose cli ]
2 info using npm@6.14.6
3 info using node@v12.18.3
4 verbose npm-session 3b9bc1776d8241a7
5 silly install loadCurrentTree
6 silly install readLocalPackageData
7 http fetch GET 200 https://registry.npmjs.org/@types%2faccepts 188ms (from cache)
8 http fetch GET 200 https://registry.npmjs.org/@types%2farr-union 181ms (from cache)
9 http fetch GET 200 https://registry.npmjs.org/@types%2fargparse 188ms (from cache)
10 http fetch GET 200 https://registry.npmjs.org/@types%2farray-unique 183ms (from cache)
11 http fetch GET 200 https://registry.npmjs.org/@types%2farr-diff 198ms (from cache)
12 http fetch GET 200 https://registry.npmjs.org/@types%2farray.prototype.flatmap 187ms (from cache)
13 http fetch GET 200 https://registry.npmjs.org/@types%2fassert 186ms (from cache)
14 http fetch GET 200 https://registry.npmjs.org/@types%2farray.prototype.flat 195ms (from cache)
15 http fetch GET 200 https://registry.npmjs.org/@types%2fasap 193ms (from cache)
16 silly pacote tag manifest for @types/arr-union@ts3.6 fetched in 213ms
17 silly pacote tag manifest for @types/array-unique@ts3.6 fetched in 211ms
18 silly pacote tag manifest for @types/argparse@ts3.6 fetched in 220ms
19 silly pacote tag manifest for @types/accepts@ts3.6 fetched in 237ms
20 silly pacote tag manifest for @types/arr-diff@ts3.6 fetched in 239ms
21 silly pacote tag manifest for @types/assert@ts3.6 fetched in 241ms
22 silly pacote tag manifest for @types/array.prototype.flatmap@ts3.6 fetched in 247ms
23 silly pacote tag manifest for @types/array.prototype.flat@ts3.6 fetched in 259ms
24 silly pacote tag manifest for @types/asap@ts3.6 fetched in 274ms
25 http fetch GET 200 https://registry.npmjs.org/@types%2fatob 164ms (from cache)
26 http fetch GET 200 https://registry.npmjs.org/@types%2fbabel-plugin-macros 164ms (from cache)
27 http fetch GET 200 https://registry.npmjs.org/@types%2fbabylon 163ms (from cache)
28 http fetch GET 200 https://registry.npmjs.org/@types%2fasync 173ms (from cache)
29 http fetch GET 200 https://registry.npmjs.org/@types%2fbalanced-match 158ms (from cache)
30 http fetch GET 200 https://registry.npmjs.org/@types%2fbig.js 151ms (from cache)
31 http fetch GET 200 https://registry.npmjs.org/@types%2fbn.js 137ms (from cache)
32 http fetch GET 200 https://registry.npmjs.org/@types%2fbluebird 140ms (from cache)
33 http fetch GET 200 https://registry.npmjs.org/@types%2fbody-parser 131ms (from cache)
34 silly pacote tag manifest for @types/atob@ts3.6 fetched in 204ms
35 silly pacote tag manifest for @types/babel-plugin-macros@ts3.6 fetched in 203ms
36 silly pacote tag manifest for @types/babylon@ts3.6 fetched in 202ms
37 silly pacote tag manifest for @types/async@ts3.6 fetched in 226ms
38 silly pacote tag manifest for @types/balanced-match@ts3.6 fetched in 199ms
39 silly pacote tag manifest for @types/big.js@ts3.6 fetched in 192ms
40 silly pacote tag manifest for @types/bn.js@ts3.6 fetched in 177ms
41 silly pacote tag manifest for @types/bluebird@ts3.6 fetched in 179ms
42 silly pacote tag manifest for @types/body-parser@ts3.6 fetched in 193ms
43 http fetch GET 200 https://registry.npmjs.org/@types%2fbrace-expansion 129ms (from cache)
44 http fetch GET 200 https://registry.npmjs.org/@types%2fboolbase 131ms (from cache)
45 http fetch GET 200 https://registry.npmjs.org/@types%2fbonjour 132ms (from cache)
46 http fetch GET 200 https://registry.npmjs.org/@types%2fbrorand 116ms (from cache)
47 http fetch GET 200 https://registry.npmjs.org/@types%2fbraces 120ms (from cache)
48 http fetch GET 200 https://registry.npmjs.org/@types%2fbuffer-from 106ms (from cache)
49 http fetch GET 200 https://registry.npmjs.org/@types%2fbuffer-xor 106ms (from cache)
50 http fetch GET 200 https://registry.npmjs.org/@types%2fbser 109ms (from cache)
51 silly pacote tag manifest for @types/brace-expansion@ts3.6 fetched in 154ms
52 silly pacote tag manifest for @types/boolbase@ts3.6 fetched in 156ms
53 silly pacote tag manifest for @types/bonjour@ts3.6 fetched in 163ms
54 silly pacote tag manifest for @types/brorand@ts3.6 fetched in 145ms
55 http fetch GET 200 https://registry.npmjs.org/@types%2fbytes 101ms (from cache)
56 silly pacote tag manifest for @types/braces@ts3.6 fetched in 176ms
57 silly pacote tag manifest for @types/buffer-from@ts3.6 fetched in 169ms
58 silly pacote tag manifest for @types/buffer-xor@ts3.6 fetched in 170ms
59 silly pacote tag manifest for @types/bser@ts3.6 fetched in 186ms
60 silly pacote tag manifest for @types/bytes@ts3.6 fetched in 183ms
61 http fetch GET 304 https://registry.npmjs.org/@types%2faria-query 766ms (from cache)
62 http fetch GET 200 https://registry.npmjs.org/@types%2fcaniuse-lite 252ms (from cache)
63 http fetch GET 200 https://registry.npmjs.org/@types%2fcaniuse-api 255ms (from cache)
64 http fetch GET 200 https://registry.npmjs.org/@types%2fcacache 275ms (from cache)
65 silly pacote tag manifest for @types/aria-query@ts3.6 fetched in 880ms
66 http fetch GET 200 https://registry.npmjs.org/@types%2fchownr 254ms (from cache)
67 http fetch GET 200 https://registry.npmjs.org/@types%2fcheck-types 256ms (from cache)
68 http fetch GET 200 https://registry.npmjs.org/@types%2fcase-sensitive-paths-webpack-plugin 262ms (from cache)
69 silly pacote tag manifest for @types/caniuse-lite@ts3.6 fetched in 317ms
70 silly pacote tag manifest for @types/caniuse-api@ts3.6 fetched in 320ms
71 silly pacote tag manifest for @types/cacache@ts3.6 fetched in 340ms
72 http fetch GET 200 https://registry.npmjs.org/@types%2fcipher-base 272ms (from cache)
73 silly pacote tag manifest for @types/chownr@ts3.6 fetched in 318ms
74 silly pacote tag manifest for @types/check-types@ts3.6 fetched in 320ms
75 silly pacote tag manifest for @types/case-sensitive-paths-webpack-plugin@ts3.6 fetched in 351ms
76 silly pacote tag manifest for @types/cipher-base@ts3.6 fetched in 370ms
77 http fetch GET 200 https://registry.npmjs.org/@types%2fco 156ms (from cache)
78 http fetch GET 200 https://registry.npmjs.org/@types%2fcolor-convert 136ms (from cache)
79 http fetch GET 200 https://registry.npmjs.org/@types%2fcolor 147ms (from cache)
80 http fetch GET 200 https://registry.npmjs.org/@types%2fcolor-name 136ms (from cache)
81 http fetch GET 200 https://registry.npmjs.org/@types%2fcall-bind 506ms
82 silly fetchPackageMetaData error for @types/call-bind@ts3.6 No matching version found for @types/call-bind@ts3.6.
83 silly pacote tag manifest for @types/co@ts3.6 fetched in 208ms
84 http fetch GET 200 https://registry.npmjs.org/@types%2fcombined-stream 130ms (from cache)
85 http fetch GET 200 https://registry.npmjs.org/@types%2fcommon-tags 115ms (from cache)
86 silly pacote tag manifest for @types/color-convert@ts3.6 fetched in 181ms
87 silly pacote tag manifest for @types/color@ts3.6 fetched in 183ms
88 silly pacote tag manifest for @types/color-name@ts3.6 fetched in 171ms
89 http fetch GET 200 https://registry.npmjs.org/@types%2fcolor-string 155ms (from cache)
90 http fetch GET 200 https://registry.npmjs.org/@types%2fcommondir 89ms (from cache)
91 silly pacote tag manifest for @types/combined-stream@ts3.6 fetched in 153ms
92 silly pacote tag manifest for @types/common-tags@ts3.6 fetched in 138ms
93 silly pacote tag manifest for @types/color-string@ts3.6 fetched in 190ms
94 silly pacote tag manifest for @types/commondir@ts3.6 fetched in 122ms
95 http fetch GET 200 https://registry.npmjs.org/@types%2fcompose-function 57ms (from cache)
96 http fetch GET 200 https://registry.npmjs.org/@types%2fcomponent-emitter 62ms (from cache)
97 http fetch GET 200 https://registry.npmjs.org/@types%2fconcat-map 55ms (from cache)
98 http fetch GET 200 https://registry.npmjs.org/@types%2fcompression 56ms (from cache)
99 http fetch GET 200 https://registry.npmjs.org/@types%2fcompressible 58ms (from cache)
100 silly pacote tag manifest for @types/compose-function@ts3.6 fetched in 76ms
101 http fetch GET 200 https://registry.npmjs.org/@types%2fconfusing-browser-globals 53ms (from cache)
102 silly pacote tag manifest for @types/component-emitter@ts3.6 fetched in 81ms
103 silly pacote tag manifest for @types/concat-map@ts3.6 fetched in 71ms
104 silly pacote tag manifest for @types/compression@ts3.6 fetched in 72ms
105 silly pacote tag manifest for @types/compressible@ts3.6 fetched in 77ms
106 http fetch GET 200 https://registry.npmjs.org/@types%2fconnect-history-api-fallback 39ms (from cache)
107 http fetch GET 200 https://registry.npmjs.org/@types%2fcontent-disposition 39ms (from cache)
108 silly pacote tag manifest for @types/confusing-browser-globals@ts3.6 fetched in 67ms
109 http fetch GET 304 https://registry.npmjs.org/@types%2fclean-css 491ms (from cache)
110 silly pacote tag manifest for @types/connect-history-api-fallback@ts3.6 fetched in 72ms
111 silly pacote tag manifest for @types/content-disposition@ts3.6 fetched in 72ms
112 http fetch GET 200 https://registry.npmjs.org/@types%2fcontent-type 51ms (from cache)
113 http fetch GET 200 https://registry.npmjs.org/@types%2fcookie-signature 57ms (from cache)
114 http fetch GET 200 https://registry.npmjs.org/@types%2fconvert-source-map 59ms (from cache)
115 silly pacote tag manifest for @types/clean-css@ts3.6 fetched in 528ms
116 http fetch GET 200 https://registry.npmjs.org/@types%2fcore-js 62ms (from cache)
117 silly pacote tag manifest for @types/content-type@ts3.6 fetched in 77ms
118 silly pacote tag manifest for @types/cookie-signature@ts3.6 fetched in 83ms
119 http fetch GET 200 https://registry.npmjs.org/@types%2fcreate-hash 72ms (from cache)
120 silly pacote tag manifest for @types/convert-source-map@ts3.6 fetched in 91ms
121 http fetch GET 200 https://registry.npmjs.org/@types%2fcreate-hmac 55ms (from cache)
122 http fetch GET 200 https://registry.npmjs.org/@types%2fcross-spawn 55ms (from cache)
123 silly pacote tag manifest for @types/core-js@ts3.6 fetched in 99ms
124 silly pacote tag manifest for @types/create-hash@ts3.6 fetched in 102ms
125 silly pacote tag manifest for @types/create-hmac@ts3.6 fetched in 86ms
126 silly pacote tag manifest for @types/cross-spawn@ts3.6 fetched in 88ms
127 http fetch GET 200 https://registry.npmjs.org/@types%2fcss 74ms (from cache)
128 http fetch GET 200 https://registry.npmjs.org/@types%2fcss-declaration-sorter 65ms (from cache)
129 http fetch GET 200 https://registry.npmjs.org/@types%2fcss-tree 63ms (from cache)
130 silly pacote tag manifest for @types/css@ts3.6 fetched in 112ms
131 silly pacote tag manifest for @types/css-declaration-sorter@ts3.6 fetched in 118ms
132 http fetch GET 200 https://registry.npmjs.org/@types%2fcssesc 87ms (from cache)
133 silly pacote tag manifest for @types/css-tree@ts3.6 fetched in 120ms
134 http fetch GET 200 https://registry.npmjs.org/@types%2fcsso 91ms (from cache)
135 http fetch GET 200 https://registry.npmjs.org/@types%2fcssom 88ms (from cache)
136 http fetch GET 200 https://registry.npmjs.org/@types%2fcssstyle 88ms (from cache)
137 silly pacote tag manifest for @types/cssesc@ts3.6 fetched in 126ms
138 silly pacote tag manifest for @types/csso@ts3.6 fetched in 139ms
139 silly pacote tag manifest for @types/cssom@ts3.6 fetched in 143ms
140 silly pacote tag manifest for @types/cssstyle@ts3.6 fetched in 153ms
141 http fetch GET 200 https://registry.npmjs.org/@types%2fdamerau-levenshtein 109ms (from cache)
142 http fetch GET 304 https://registry.npmjs.org/@types%2fconcat-stream 353ms (from cache)
143 http fetch GET 200 https://registry.npmjs.org/@types%2fdata-urls 116ms (from cache)
144 http fetch GET 200 https://registry.npmjs.org/@types%2fdebug 106ms (from cache)
145 silly pacote tag manifest for @types/damerau-levenshtein@ts3.6 fetched in 150ms
146 silly pacote tag manifest for @types/concat-stream@ts3.6 fetched in 407ms
147 http fetch GET 200 https://registry.npmjs.org/@types%2fdecode-uri-component 123ms (from cache)
148 http fetch GET 200 https://registry.npmjs.org/@types%2fcss.escape 282ms
149 silly pacote tag manifest for @types/data-urls@ts3.6 fetched in 178ms
150 silly fetchPackageMetaData error for @types/css.escape@ts3.6 No matching version found for @types/css.escape@ts3.6.
151 silly pacote tag manifest for @types/debug@ts3.6 fetched in 178ms
152 http fetch GET 200 https://registry.npmjs.org/@types%2fdedent 130ms (from cache)
153 silly pacote tag manifest for @types/decode-uri-component@ts3.6 fetched in 169ms
154 http fetch GET 200 https://registry.npmjs.org/@types%2fdefault-gateway 124ms (from cache)
155 http fetch GET 200 https://registry.npmjs.org/@types%2fdeep-equal 144ms (from cache)
156 http fetch GET 304 https://registry.npmjs.org/@types%2fcookie 428ms (from cache)
157 silly pacote tag manifest for @types/dedent@ts3.6 fetched in 187ms
158 http fetch GET 200 https://registry.npmjs.org/@types%2fdefine-properties 125ms (from cache)
159 silly pacote tag manifest for @types/default-gateway@ts3.6 fetched in 174ms
160 silly pacote tag manifest for @types/deep-equal@ts3.6 fetched in 193ms
161 http fetch GET 200 https://registry.npmjs.org/@types%2fdepd 100ms (from cache)
162 http fetch GET 200 https://registry.npmjs.org/@types%2fdestroy 109ms (from cache)
163 silly pacote tag manifest for @types/cookie@ts3.6 fetched in 487ms
164 http fetch GET 200 https://registry.npmjs.org/@types%2fdetect-node 99ms (from cache)
165 http fetch GET 200 https://registry.npmjs.org/@types%2fdiffie-hellman 99ms (from cache)
166 silly pacote tag manifest for @types/define-properties@ts3.6 fetched in 168ms
167 silly pacote tag manifest for @types/depd@ts3.6 fetched in 154ms
168 http fetch GET 200 https://registry.npmjs.org/@types%2fdir-glob 116ms (from cache)
169 silly pacote tag manifest for @types/destroy@ts3.6 fetched in 152ms
170 silly pacote tag manifest for @types/diffie-hellman@ts3.6 fetched in 143ms
171 silly pacote tag manifest for @types/detect-node@ts3.6 fetched in 148ms
172 http fetch GET 200 https://registry.npmjs.org/@types%2fdns-packet 95ms (from cache)
173 silly pacote tag manifest for @types/dir-glob@ts3.6 fetched in 149ms
174 http fetch GET 200 https://registry.npmjs.org/@types%2fdomexception 107ms (from cache)
175 silly pacote tag manifest for @types/dns-packet@ts3.6 fetched in 149ms
176 http fetch GET 200 https://registry.npmjs.org/@types%2fdomutils 90ms (from cache)
177 http fetch GET 200 https://registry.npmjs.org/@types%2fee-first 87ms (from cache)
178 http fetch GET 200 https://registry.npmjs.org/@types%2fejs 85ms (from cache)
179 http fetch GET 200 https://registry.npmjs.org/@types%2felliptic 85ms (from cache)
180 silly pacote tag manifest for @types/domexception@ts3.6 fetched in 151ms
181 http fetch GET 200 https://registry.npmjs.org/@types%2fduplexify 117ms (from cache)
182 silly pacote tag manifest for @types/domutils@ts3.6 fetched in 157ms
183 http fetch GET 200 https://registry.npmjs.org/@types%2fencodeurl 122ms (from cache)
184 silly pacote tag manifest for @types/ee-first@ts3.6 fetched in 164ms
185 silly pacote tag manifest for @types/duplexify@ts3.6 fetched in 181ms
186 silly pacote tag manifest for @types/elliptic@ts3.6 fetched in 164ms
187 silly pacote tag manifest for @types/ejs@ts3.6 fetched in 195ms
188 http fetch GET 200 https://registry.npmjs.org/@types%2fend-of-stream 133ms (from cache)
189 silly pacote tag manifest for @types/encodeurl@ts3.6 fetched in 221ms
190 silly pacote tag manifest for @types/end-of-stream@ts3.6 fetched in 219ms
191 http fetch GET 200 https://registry.npmjs.org/@types%2fdns-txt 395ms
192 http fetch GET 200 https://registry.npmjs.org/@types%2fes-abstract 219ms (from cache)
193 silly fetchPackageMetaData error for @types/dns-txt@ts3.6 No matching version found for @types/dns-txt@ts3.6.
194 http fetch GET 200 https://registry.npmjs.org/@types%2fes-get-iterator 251ms (from cache)
195 http fetch GET 200 https://registry.npmjs.org/@types%2fes-to-primitive 249ms (from cache)
196 http fetch GET 200 https://registry.npmjs.org/@types%2fescape-html 276ms (from cache)
197 http fetch GET 200 https://registry.npmjs.org/@types%2fescodegen 295ms (from cache)
198 silly pacote tag manifest for @types/es-abstract@ts3.6 fetched in 388ms
199 silly pacote tag manifest for @types/es-to-primitive@ts3.6 fetched in 357ms
200 silly pacote tag manifest for @types/es-get-iterator@ts3.6 fetched in 375ms
201 silly pacote tag manifest for @types/escape-html@ts3.6 fetched in 376ms
202 http fetch GET 200 https://registry.npmjs.org/@types%2feslint-utils 266ms (from cache)
203 silly pacote tag manifest for @types/escodegen@ts3.6 fetched in 390ms
204 http fetch GET 200 https://registry.npmjs.org/@types%2fesprima 188ms (from cache)
205 silly pacote tag manifest for @types/eslint-utils@ts3.6 fetched in 347ms
206 http fetch GET 200 https://registry.npmjs.org/@types%2fesquery 147ms (from cache)
207 silly pacote tag manifest for @types/esprima@ts3.6 fetched in 252ms
208 http fetch GET 200 https://registry.npmjs.org/@types%2festraverse 147ms (from cache)
209 http fetch GET 200 https://registry.npmjs.org/@types%2fesutils 148ms (from cache)
210 http fetch GET 200 https://registry.npmjs.org/@types%2fetag 105ms (from cache)
211 silly pacote tag manifest for @types/esquery@ts3.6 fetched in 173ms
212 http fetch GET 200 https://registry.npmjs.org/@types%2fevents 97ms (from cache)
213 silly pacote tag manifest for @types/estraverse@ts3.6 fetched in 164ms
214 silly pacote tag manifest for @types/esutils@ts3.6 fetched in 170ms
215 silly pacote tag manifest for @types/etag@ts3.6 fetched in 132ms
216 http fetch GET 200 https://registry.npmjs.org/@types%2feventsource 49ms (from cache)
217 silly pacote tag manifest for @types/events@ts3.6 fetched in 121ms
218 http fetch GET 200 https://registry.npmjs.org/@types%2fexit 51ms (from cache)
219 silly pacote tag manifest for @types/eventsource@ts3.6 fetched in 68ms
220 http fetch GET 200 https://registry.npmjs.org/@types%2ffast-levenshtein 50ms (from cache)
221 http fetch GET 200 https://registry.npmjs.org/@types%2ffb-watchman 52ms (from cache)
222 http fetch GET 200 https://registry.npmjs.org/@types%2ffile-entry-cache 47ms (from cache)
223 silly pacote tag manifest for @types/exit@ts3.6 fetched in 81ms
224 http fetch GET 200 https://registry.npmjs.org/@types%2ffile-loader 56ms (from cache)
225 silly pacote tag manifest for @types/fast-levenshtein@ts3.6 fetched in 82ms
226 http fetch GET 304 https://registry.npmjs.org/@types%2feslint 547ms (from cache)
227 silly pacote tag manifest for @types/file-entry-cache@ts3.6 fetched in 93ms
228 silly pacote tag manifest for @types/fb-watchman@ts3.6 fetched in 98ms
229 silly pacote tag manifest for @types/file-loader@ts3.6 fetched in 96ms
230 http fetch GET 200 https://registry.npmjs.org/@types%2ffinalhandler 77ms (from cache)
231 silly pacote tag manifest for @types/eslint@ts3.6 fetched in 582ms
232 http fetch GET 304 https://registry.npmjs.org/@types%2feslint-scope 565ms (from cache)
233 http fetch GET 200 https://registry.npmjs.org/@types%2ffind-cache-dir 79ms (from cache)
234 silly pacote tag manifest for @types/finalhandler@ts3.6 fetched in 107ms
235 http fetch GET 200 https://registry.npmjs.org/@types%2fflat-cache 71ms (from cache)
236 http fetch GET 200 https://registry.npmjs.org/@types%2fflush-write-stream 58ms (from cache)
237 http fetch GET 200 https://registry.npmjs.org/@types%2ffollow-redirects 60ms (from cache)
238 silly pacote tag manifest for @types/eslint-scope@ts3.6 fetched in 590ms
239 silly pacote tag manifest for @types/find-cache-dir@ts3.6 fetched in 104ms
240 silly pacote tag manifest for @types/flat-cache@ts3.6 fetched in 99ms
241 http fetch GET 200 https://registry.npmjs.org/@types%2fforwarded 59ms (from cache)
242 http fetch GET 200 https://registry.npmjs.org/@types%2ffresh 55ms (from cache)
243 silly pacote tag manifest for @types/flush-write-stream@ts3.6 fetched in 81ms
244 http fetch GET 200 https://registry.npmjs.org/@types%2ffill-range 169ms
245 silly pacote tag manifest for @types/follow-redirects@ts3.6 fetched in 94ms
246 silly fetchPackageMetaData error for @types/fill-range@ts3.6 No matching version found for @types/fill-range@ts3.6.
247 http fetch GET 200 https://registry.npmjs.org/@types%2ffrom2 55ms (from cache)
248 silly pacote tag manifest for @types/forwarded@ts3.6 fetched in 97ms
249 silly pacote tag manifest for @types/fresh@ts3.6 fetched in 106ms
250 silly pacote tag manifest for @types/from2@ts3.6 fetched in 122ms
251 http fetch GET 200 https://registry.npmjs.org/@types%2ffunction-bind 113ms (from cache)
252 http fetch GET 200 https://registry.npmjs.org/@types%2ffunctional-red-black-tree 110ms (from cache)
253 silly pacote tag manifest for @types/functional-red-black-tree@ts3.6 fetched in 152ms
254 silly pacote tag manifest for @types/function-bind@ts3.6 fetched in 158ms
255 http fetch GET 200 https://registry.npmjs.org/@types%2fget-value 121ms (from cache)
256 http fetch GET 200 https://registry.npmjs.org/@types%2fglob-parent 105ms (from cache)
257 http fetch GET 200 https://registry.npmjs.org/@types%2fglobal-modules 67ms (from cache)
258 silly pacote tag manifest for @types/get-value@ts3.6 fetched in 140ms
259 silly pacote tag manifest for @types/glob-parent@ts3.6 fetched in 122ms
260 http fetch GET 200 https://registry.npmjs.org/@types%2ffs-minipass 190ms
261 silly pacote tag manifest for @types/global-modules@ts3.6 fetched in 82ms
262 silly fetchPackageMetaData error for @types/fs-minipass@ts3.6 No matching version found for @types/fs-minipass@ts3.6.
263 http fetch GET 200 https://registry.npmjs.org/@types%2fglobal-prefix 40ms (from cache)
264 http fetch GET 200 https://registry.npmjs.org/@types%2fglobalthis 43ms (from cache)
265 silly pacote tag manifest for @types/global-prefix@ts3.6 fetched in 67ms
266 silly pacote tag manifest for @types/globalthis@ts3.6 fetched in 68ms
267 http fetch GET 200 https://registry.npmjs.org/@types%2fgopd 84ms (from cache)
268 silly registry:manifest no matching version for @types/gopd@ts3.6 in the cache. Forcing revalidation.
269 http fetch GET 200 https://registry.npmjs.org/@types%2fhas 84ms (from cache)
270 silly pacote tag manifest for @types/has@ts3.6 fetched in 151ms
271 http fetch GET 200 https://registry.npmjs.org/@types%2fgensync 350ms
272 silly fetchPackageMetaData error for @types/gensync@ts3.6 No matching version found for @types/gensync@ts3.6.
273 http fetch GET 200 https://registry.npmjs.org/@types%2fhas-symbols 163ms (from cache)
274 http fetch GET 304 https://registry.npmjs.org/@types%2fglob 365ms (from cache)
275 silly pacote tag manifest for @types/has-symbols@ts3.6 fetched in 200ms
276 http fetch GET 200 https://registry.npmjs.org/@types%2fhe 97ms (from cache)
277 silly pacote tag manifest for @types/glob@ts3.6 fetched in 416ms
278 http fetch GET 200 https://registry.npmjs.org/@types%2fhex-color-regex 99ms (from cache)
279 http fetch GET 200 https://registry.npmjs.org/@types%2fget-intrinsic 453ms
280 silly fetchPackageMetaData error for @types/get-intrinsic@ts3.6 No matching version found for @types/get-intrinsic@ts3.6.
281 silly pacote tag manifest for @types/he@ts3.6 fetched in 151ms
282 silly pacote tag manifest for @types/hex-color-regex@ts3.6 fetched in 143ms
283 http fetch GET 200 https://registry.npmjs.org/@types%2fhas-bigints 308ms
284 silly fetchPackageMetaData error for @types/has-bigints@ts3.6 No matching version found for @types/has-bigints@ts3.6.
285 http fetch GET 200 https://registry.npmjs.org/@types%2fhosted-git-info 88ms (from cache)
286 http fetch GET 200 https://registry.npmjs.org/@types%2fhas-values 300ms
287 http fetch GET 304 https://registry.npmjs.org/@types%2fgraceful-fs 390ms (from cache)
288 silly fetchPackageMetaData error for @types/has-values@ts3.6 No matching version found for @types/has-values@ts3.6.
289 http fetch GET 200 https://registry.npmjs.org/@types%2fhtml-encoding-sniffer 160ms (from cache)
290 silly pacote tag manifest for @types/hosted-git-info@ts3.6 fetched in 187ms
291 silly pacote tag manifest for @types/graceful-fs@ts3.6 fetched in 445ms
292 http fetch GET 200 https://registry.npmjs.org/@types%2fhtml-escaper 150ms (from cache)
293 http fetch GET 200 https://registry.npmjs.org/@types%2fhttp-errors 137ms (from cache)
294 silly pacote tag manifest for @types/html-encoding-sniffer@ts3.6 fetched in 183ms
295 http fetch GET 200 https://registry.npmjs.org/@types%2fhttp-proxy 136ms (from cache)
296 silly pacote tag manifest for @types/html-escaper@ts3.6 fetched in 201ms
297 silly pacote tag manifest for @types/http-errors@ts3.6 fetched in 198ms
298 silly pacote tag manifest for @types/http-proxy@ts3.6 fetched in 189ms
299 http fetch GET 200 https://registry.npmjs.org/@types%2fiferr 102ms (from cache)
300 http fetch GET 200 https://registry.npmjs.org/@types%2ficss-utils 112ms (from cache)
301 silly pacote tag manifest for @types/iferr@ts3.6 fetched in 127ms
302 http fetch GET 200 https://registry.npmjs.org/@types%2fimurmurhash 94ms (from cache)
303 silly pacote tag manifest for @types/icss-utils@ts3.6 fetched in 138ms
304 http fetch GET 200 https://registry.npmjs.org/@types%2fini 151ms (from cache)
305 silly pacote tag manifest for @types/imurmurhash@ts3.6 fetched in 238ms
306 http fetch GET 200 https://registry.npmjs.org/@types%2finternal-slot 186ms (from cache)
307 http fetch GET 200 https://registry.npmjs.org/@types%2finherits 219ms (from cache)
308 silly pacote tag manifest for @types/ini@ts3.6 fetched in 224ms
309 http fetch GET 200 https://registry.npmjs.org/@types%2fip 189ms (from cache)
310 silly pacote tag manifest for @types/internal-slot@ts3.6 fetched in 246ms
311 http fetch GET 200 https://registry.npmjs.org/@types%2fis-arguments 197ms (from cache)
312 silly pacote tag manifest for @types/inherits@ts3.6 fetched in 282ms
313 silly pacote tag manifest for @types/ip@ts3.6 fetched in 259ms
314 silly pacote tag manifest for @types/is-arguments@ts3.6 fetched in 263ms
315 http fetch GET 200 https://registry.npmjs.org/@types%2fimport-local 445ms
316 silly fetchPackageMetaData error for @types/import-local@ts3.6 No matching version found for @types/import-local@ts3.6.
317 http fetch GET 304 https://registry.npmjs.org/@types%2fhtml-minifier-terser 614ms (from cache)
318 http fetch GET 200 https://registry.npmjs.org/@types%2fis-buffer 151ms (from cache)
319 http fetch GET 200 https://registry.npmjs.org/@types%2fis-callable 135ms (from cache)
320 silly pacote tag manifest for @types/is-buffer@ts3.6 fetched in 203ms
321 silly pacote tag manifest for @types/html-minifier-terser@ts3.6 fetched in 696ms
322 silly pacote tag manifest for @types/is-callable@ts3.6 fetched in 229ms
323 http fetch GET 200 https://registry.npmjs.org/@types%2fis-core-module 185ms (from cache)
324 http fetch GET 200 https://registry.npmjs.org/@types%2fis-ci 228ms (from cache)
325 http fetch GET 200 https://registry.npmjs.org/@types%2fis-bigint 362ms
326 silly fetchPackageMetaData error for @types/is-bigint@ts3.6 No matching version found for @types/is-bigint@ts3.6.
327 silly pacote tag manifest for @types/is-core-module@ts3.6 fetched in 258ms
328 silly pacote tag manifest for @types/is-ci@ts3.6 fetched in 295ms
329 http fetch GET 200 https://registry.npmjs.org/@types%2fis-map 115ms (from cache)
330 http fetch GET 200 https://registry.npmjs.org/@types%2fis-glob 120ms (from cache)
331 http fetch GET 200 https://registry.npmjs.org/@types%2fis-date-object 151ms (from cache)
332 silly registry:manifest no matching version for @types/is-map@ts3.6 in the cache. Forcing revalidation.
333 http fetch GET 200 https://registry.npmjs.org/@types%2fis-boolean-object 423ms
334 silly fetchPackageMetaData error for @types/is-boolean-object@ts3.6 No matching version found for @types/is-boolean-object@ts3.6.
335 silly pacote tag manifest for @types/is-glob@ts3.6 fetched in 221ms
336 silly pacote tag manifest for @types/is-date-object@ts3.6 fetched in 242ms
337 http fetch GET 200 https://registry.npmjs.org/@types%2fis-number 157ms (from cache)
338 http fetch GET 200 https://registry.npmjs.org/@types%2fis-regex 158ms (from cache)
339 silly pacote tag manifest for @types/is-number@ts3.6 fetched in 223ms
340 http fetch GET 200 https://registry.npmjs.org/@types%2fis-data-descriptor 448ms
341 silly fetchPackageMetaData error for @types/is-data-descriptor@ts3.6 No matching version found for @types/is-data-descriptor@ts3.6.
342 silly pacote tag manifest for @types/is-regex@ts3.6 fetched in 263ms
343 http fetch GET 200 https://registry.npmjs.org/@types%2fis-typedarray 248ms (from cache)
344 http fetch GET 200 https://registry.npmjs.org/@types%2fis-windows 246ms (from cache)
345 silly pacote tag manifest for @types/is-typedarray@ts3.6 fetched in 307ms
346 silly pacote tag manifest for @types/is-windows@ts3.6 fetched in 304ms
347 http fetch GET 200 https://registry.npmjs.org/@types%2fisarray 235ms (from cache)
348 http fetch GET 200 https://registry.npmjs.org/@types%2fisexe 196ms (from cache)
349 silly pacote tag manifest for @types/isarray@ts3.6 fetched in 268ms
350 silly pacote tag manifest for @types/isexe@ts3.6 fetched in 231ms
351 http fetch GET 200 https://registry.npmjs.org/@types%2fis-string 495ms
352 silly fetchPackageMetaData error for @types/is-string@ts3.6 No matching version found for @types/is-string@ts3.6.
353 http fetch GET 200 https://registry.npmjs.org/@types%2fistanbul-lib-instrument 231ms (from cache)
354 http fetch GET 200 https://registry.npmjs.org/@types%2fis-map 665ms
355 silly fetchPackageMetaData error for @types/is-map@ts3.6 No matching version found for @types/is-map@ts3.6.
356 http fetch GET 200 https://registry.npmjs.org/@types%2fis-symbol 651ms
357 silly fetchPackageMetaData error for @types/is-symbol@ts3.6 No matching version found for @types/is-symbol@ts3.6.
358 silly pacote tag manifest for @types/istanbul-lib-instrument@ts3.6 fetched in 358ms
359 http fetch GET 200 https://registry.npmjs.org/@types%2fistanbul-lib-source-maps 290ms (from cache)
360 silly pacote tag manifest for @types/istanbul-lib-source-maps@ts3.6 fetched in 367ms
361 http fetch GET 304 https://registry.npmjs.org/@types%2fdoctrine 3117ms (from cache)
362 http fetch GET 200 https://registry.npmjs.org/@types%2fjsdom 180ms (from cache)
363 http fetch GET 200 https://registry.npmjs.org/@types%2fjson-parse-better-errors 130ms (from cache)
364 http fetch GET 200 https://registry.npmjs.org/@types%2fjsesc 151ms (from cache)
365 silly pacote tag manifest for @types/doctrine@ts3.6 fetched in 3184ms
366 silly pacote tag manifest for @types/jsdom@ts3.6 fetched in 242ms
367 silly pacote tag manifest for @types/json-parse-better-errors@ts3.6 fetched in 178ms
368 silly pacote tag manifest for @types/jsesc@ts3.6 fetched in 209ms
369 http fetch GET 200 https://registry.npmjs.org/@types%2fjsonfile 118ms (from cache)
370 http fetch GET 200 https://registry.npmjs.org/@types%2fkind-of 95ms (from cache)
371 http fetch GET 304 https://registry.npmjs.org/@types%2fistanbul-lib-coverage 736ms (from cache)
372 http fetch GET 304 https://registry.npmjs.org/@types%2fistanbul-lib-report 665ms (from cache)
373 http fetch GET 304 https://registry.npmjs.org/@types%2fistanbul-reports 594ms (from cache)
374 silly pacote tag manifest for @types/jsonfile@ts3.6 fetched in 140ms
375 silly pacote tag manifest for @types/kind-of@ts3.6 fetched in 118ms
376 silly pacote tag manifest for @types/istanbul-lib-coverage@ts3.6 fetched in 764ms
377 http fetch GET 200 https://registry.npmjs.org/@types%2floader-runner 93ms (from cache)
378 silly pacote tag manifest for @types/istanbul-reports@ts3.6 fetched in 623ms
379 silly pacote tag manifest for @types/istanbul-lib-report@ts3.6 fetched in 698ms
380 http fetch GET 200 https://registry.npmjs.org/@types%2fjson-stable-stringify-without-jsonify 274ms
381 silly fetchPackageMetaData error for @types/json-stable-stringify-without-jsonify@ts3.6 No matching version found for @types/json-stable-stringify-without-jsonify@ts3.6.
382 silly pacote tag manifest for @types/loader-runner@ts3.6 fetched in 167ms
383 http fetch GET 200 https://registry.npmjs.org/@types%2floader-utils 96ms (from cache)
384 http fetch GET 200 https://registry.npmjs.org/@types%2flodash.debounce 87ms (from cache)
385 http fetch GET 200 https://registry.npmjs.org/@types%2flodash.memoize 89ms (from cache)
386 http fetch GET 200 https://registry.npmjs.org/@types%2flodash.merge 86ms (from cache)
387 silly pacote tag manifest for @types/loader-utils@ts3.6 fetched in 107ms
388 http fetch GET 200 https://registry.npmjs.org/@types%2flodash.template 87ms (from cache)
389 silly pacote tag manifest for @types/lodash.debounce@ts3.6 fetched in 97ms
390 http fetch GET 200 https://registry.npmjs.org/@types%2flodash.truncate 23ms (from cache)
391 http fetch GET 200 https://registry.npmjs.org/@types%2flanguage-tags 224ms
392 silly pacote tag manifest for @types/lodash.memoize@ts3.6 fetched in 98ms
393 silly fetchPackageMetaData error for @types/language-tags@ts3.6 No matching version found for @types/language-tags@ts3.6.
394 silly pacote tag manifest for @types/lodash.merge@ts3.6 fetched in 96ms
395 silly pacote tag manifest for @types/lodash.template@ts3.6 fetched in 93ms
396 silly pacote tag manifest for @types/lodash.truncate@ts3.6 fetched in 26ms
397 http fetch GET 200 https://registry.npmjs.org/@types%2fgopd 2477ms
398 silly fetchPackageMetaData error for @types/gopd@ts3.6 No matching version found for @types/gopd@ts3.6.
399 http fetch GET 304 https://registry.npmjs.org/@types%2fjs-yaml 2750ms (from cache)
400 silly pacote tag manifest for @types/js-yaml@ts3.6 fetched in 2764ms
401 timing stage:rollbackFailedOptional Completed in 2ms
402 timing stage:runTopLevelLifecycles Completed in 7797ms
403 verbose type tag
404 verbose stack @types/call-bind: No matching version found for @types/call-bind@ts3.6.
404 verbose stack     at pickManifest (/usr/local/lib/node_modules/npm/node_modules/npm-pick-manifest/index.js:122:13)
404 verbose stack     at /usr/local/lib/node_modules/npm/node_modules/pacote/lib/fetchers/registry/manifest.js:24:14
404 verbose stack     at tryCatcher (/usr/local/lib/node_modules/npm/node_modules/bluebird/js/release/util.js:16:23)
404 verbose stack     at Promise._settlePromiseFromHandler (/usr/local/lib/node_modules/npm/node_modules/bluebird/js/release/promise.js:517:31)
404 verbose stack     at Promise._settlePromise (/usr/local/lib/node_modules/npm/node_modules/bluebird/js/release/promise.js:574:18)
404 verbose stack     at Promise._settlePromise0 (/usr/local/lib/node_modules/npm/node_modules/bluebird/js/release/promise.js:619:10)
404 verbose stack     at Promise._settlePromises (/usr/local/lib/node_modules/npm/node_modules/bluebird/js/release/promise.js:699:18)
404 verbose stack     at _drainQueueStep (/usr/local/lib/node_modules/npm/node_modules/bluebird/js/release/async.js:138:12)
404 verbose stack     at _drainQueue (/usr/local/lib/node_modules/npm/node_modules/bluebird/js/release/async.js:131:9)
404 verbose stack     at Async._drainQueues (/usr/local/lib/node_modules/npm/node_modules/bluebird/js/release/async.js:147:5)
404 verbose stack     at Immediate.Async.drainQueues [as _onImmediate] (/usr/local/lib/node_modules/npm/node_modules/bluebird/js/release/async.js:17:14)
404 verbose stack     at processImmediate (internal/timers.js:456:21)
405 verbose cwd /home/theia/.cache/typescript/3.6
406 verbose Linux 5.10.16.3-microsoft-standard-WSL2
407 verbose argv "/usr/local/bin/node" "/usr/local/bin/npm" "install" "--ignore-scripts" "@types/accepts@ts3.6" "@types/argparse@ts3.6" "@types/aria-query@ts3.6" "@types/arr-diff@ts3.6" "@types/arr-union@ts3.6" "@types/array-unique@ts3.6" "@types/array.prototype.flat@ts3.6" "@types/array.prototype.flatmap@ts3.6" "@types/asap@ts3.6" "@types/assert@ts3.6" "@types/async@ts3.6" "@types/atob@ts3.6" "@types/babel-plugin-macros@ts3.6" "@types/babylon@ts3.6" "@types/balanced-match@ts3.6" "@types/big.js@ts3.6" "@types/bluebird@ts3.6" "@types/bn.js@ts3.6" "@types/body-parser@ts3.6" "@types/bonjour@ts3.6" "@types/boolbase@ts3.6" "@types/brace-expansion@ts3.6" "@types/braces@ts3.6" "@types/brorand@ts3.6" "@types/bser@ts3.6" "@types/buffer-from@ts3.6" "@types/buffer-xor@ts3.6" "@types/bytes@ts3.6" "@types/cacache@ts3.6" "@types/call-bind@ts3.6" "@types/caniuse-api@ts3.6" "@types/caniuse-lite@ts3.6" "@types/case-sensitive-paths-webpack-plugin@ts3.6" "@types/check-types@ts3.6" "@types/chownr@ts3.6" "@types/cipher-base@ts3.6" "@types/clean-css@ts3.6" "@types/co@ts3.6" "@types/color@ts3.6" "@types/color-convert@ts3.6" "@types/color-name@ts3.6" "@types/color-string@ts3.6" "@types/combined-stream@ts3.6" "@types/common-tags@ts3.6" "@types/commondir@ts3.6" "@types/component-emitter@ts3.6" "@types/compose-function@ts3.6" "@types/compressible@ts3.6" "@types/compression@ts3.6" "@types/concat-map@ts3.6" "@types/concat-stream@ts3.6" "@types/confusing-browser-globals@ts3.6" "@types/connect-history-api-fallback@ts3.6" "@types/content-disposition@ts3.6" "@types/content-type@ts3.6" "@types/convert-source-map@ts3.6" "@types/cookie@ts3.6" "@types/cookie-signature@ts3.6" "@types/core-js@ts3.6" "@types/create-hash@ts3.6" "@types/create-hmac@ts3.6" "@types/cross-spawn@ts3.6" "@types/css@ts3.6" "@types/css-declaration-sorter@ts3.6" "@types/css-tree@ts3.6" "@types/css.escape@ts3.6" "@types/cssesc@ts3.6" "@types/csso@ts3.6" "@types/cssom@ts3.6" "@types/cssstyle@ts3.6" "@types/damerau-levenshtein@ts3.6" "@types/data-urls@ts3.6" "@types/debug@ts3.6" "@types/decode-uri-component@ts3.6" "@types/dedent@ts3.6" "@types/deep-equal@ts3.6" "@types/default-gateway@ts3.6" "@types/define-properties@ts3.6" "@types/depd@ts3.6" "@types/destroy@ts3.6" "@types/detect-node@ts3.6" "@types/diffie-hellman@ts3.6" "@types/dir-glob@ts3.6" "@types/dns-packet@ts3.6" "@types/dns-txt@ts3.6" "@types/doctrine@ts3.6" "@types/domexception@ts3.6" "@types/domutils@ts3.6" "@types/duplexify@ts3.6" "@types/ee-first@ts3.6" "@types/ejs@ts3.6" "@types/elliptic@ts3.6" "@types/encodeurl@ts3.6" "@types/end-of-stream@ts3.6" "@types/es-abstract@ts3.6" "@types/es-get-iterator@ts3.6" "@types/es-to-primitive@ts3.6" "@types/escape-html@ts3.6" "@types/escodegen@ts3.6" "@types/eslint@ts3.6" "@types/eslint-scope@ts3.6" "@types/eslint-utils@ts3.6" "@types/esprima@ts3.6" "@types/esquery@ts3.6" "@types/estraverse@ts3.6" "@types/esutils@ts3.6" "@types/etag@ts3.6" "@types/events@ts3.6" "@types/eventsource@ts3.6" "@types/exit@ts3.6" "@types/fast-levenshtein@ts3.6" "@types/fb-watchman@ts3.6" "@types/file-entry-cache@ts3.6" "@types/file-loader@ts3.6" "@types/fill-range@ts3.6" "@types/finalhandler@ts3.6" "@types/find-cache-dir@ts3.6" "@types/flat-cache@ts3.6" "@types/flush-write-stream@ts3.6" "@types/follow-redirects@ts3.6" "@types/forwarded@ts3.6" "@types/fresh@ts3.6" "@types/from2@ts3.6" "@types/fs-minipass@ts3.6" "@types/function-bind@ts3.6" "@types/functional-red-black-tree@ts3.6" "@types/gensync@ts3.6" "@types/get-intrinsic@ts3.6" "@types/get-value@ts3.6" "@types/glob@ts3.6" "@types/glob-parent@ts3.6" "@types/global-modules@ts3.6" "@types/global-prefix@ts3.6" "@types/globalthis@ts3.6" "@types/gopd@ts3.6" "@types/graceful-fs@ts3.6" "@types/has@ts3.6" "@types/has-bigints@ts3.6" "@types/has-symbols@ts3.6" "@types/has-values@ts3.6" "@types/he@ts3.6" "@types/hex-color-regex@ts3.6" "@types/hosted-git-info@ts3.6" "@types/html-encoding-sniffer@ts3.6" "@types/html-escaper@ts3.6" "@types/html-minifier-terser@ts3.6" "@types/http-errors@ts3.6" "@types/http-proxy@ts3.6" "@types/icss-utils@ts3.6" "@types/iferr@ts3.6" "@types/import-local@ts3.6" "@types/imurmurhash@ts3.6" "@types/inherits@ts3.6" "@types/ini@ts3.6" "@types/internal-slot@ts3.6" "@types/ip@ts3.6" "@types/is-arguments@ts3.6" "@types/is-bigint@ts3.6" "@types/is-boolean-object@ts3.6" "@types/is-buffer@ts3.6" "@types/is-callable@ts3.6" "@types/is-ci@ts3.6" "@types/is-core-module@ts3.6" "@types/is-data-descriptor@ts3.6" "@types/is-date-object@ts3.6" "@types/is-glob@ts3.6" "@types/is-map@ts3.6" "@types/is-number@ts3.6" "@types/is-regex@ts3.6" "@types/is-string@ts3.6" "@types/is-symbol@ts3.6" "@types/is-typedarray@ts3.6" "@types/is-windows@ts3.6" "@types/isarray@ts3.6" "@types/isexe@ts3.6" "@types/istanbul-lib-coverage@ts3.6" "@types/istanbul-lib-instrument@ts3.6" "@types/istanbul-lib-report@ts3.6" "@types/istanbul-lib-source-maps@ts3.6" "@types/istanbul-reports@ts3.6" "@types/js-yaml@ts3.6" "@types/jsdom@ts3.6" "@types/jsesc@ts3.6" "@types/json-parse-better-errors@ts3.6" "@types/json-stable-stringify-without-jsonify@ts3.6" "@types/jsonfile@ts3.6" "@types/kind-of@ts3.6" "@types/language-tags@ts3.6" "@types/loader-runner@ts3.6" "@types/loader-utils@ts3.6" "@types/lodash.debounce@ts3.6" "@types/lodash.memoize@ts3.6" "@types/lodash.merge@ts3.6" "@types/lodash.template@ts3.6" "@types/lodash.truncate@ts3.6" "--save-dev" "--user-agent=typesInstaller/3.6.3"
408 verbose node v12.18.3
409 verbose npm  v6.14.6
410 error code ETARGET
411 error notarget No matching version found for @types/call-bind@ts3.6.
412 error notarget In most cases you or one of your dependencies are requesting
412 error notarget a package version that doesn't exist.
413 verbose exit [ 1, true ]
